Files already downloaded and verified
Files already downloaded and verified
Epoch: 0 	Training Loss: 1.518975 	Validation Loss: 0.339719
Validation loss decreased (inf --> 0.339719).  Saving model ...
Epoch: 1 	Training Loss: 1.304169 	Validation Loss: 0.296595
Validation loss decreased (0.339719 --> 0.296595).  Saving model ...
Epoch: 2 	Training Loss: 1.201294 	Validation Loss: 0.265333
Validation loss decreased (0.296595 --> 0.265333).  Saving model ...
Epoch: 3 	Training Loss: 1.115460 	Validation Loss: 0.240536
Validation loss decreased (0.265333 --> 0.240536).  Saving model ...
Epoch: 4 	Training Loss: 1.036558 	Validation Loss: 0.225454
Validation loss decreased (0.240536 --> 0.225454).  Saving model ...
Epoch: 5 	Training Loss: 0.976702 	Validation Loss: 0.205507
Validation loss decreased (0.225454 --> 0.205507).  Saving model ...
Epoch: 6 	Training Loss: 0.927854 	Validation Loss: 0.192705
Validation loss decreased (0.205507 --> 0.192705).  Saving model ...
Epoch: 7 	Training Loss: 0.885621 	Validation Loss: 0.193111
Epoch: 8 	Training Loss: 0.854594 	Validation Loss: 0.183059
Validation loss decreased (0.192705 --> 0.183059).  Saving model ...
Epoch: 9 	Training Loss: 0.826494 	Validation Loss: 0.169541
Validation loss decreased (0.183059 --> 0.169541).  Saving model ...
Epoch: 10 	Training Loss: 0.800860 	Validation Loss: 0.165468
Validation loss decreased (0.169541 --> 0.165468).  Saving model ...
Epoch: 11 	Training Loss: 0.774029 	Validation Loss: 0.163422
Validation loss decreased (0.165468 --> 0.163422).  Saving model ...
Epoch: 12 	Training Loss: 0.751140 	Validation Loss: 0.156113
Validation loss decreased (0.163422 --> 0.156113).  Saving model ...
Epoch: 13 	Training Loss: 0.732976 	Validation Loss: 0.147072
Validation loss decreased (0.156113 --> 0.147072).  Saving model ...
Epoch: 14 	Training Loss: 0.716680 	Validation Loss: 0.143051
Validation loss decreased (0.147072 --> 0.143051).  Saving model ...
Epoch: 15 	Training Loss: 0.700811 	Validation Loss: 0.148151
Epoch: 16 	Training Loss: 0.678755 	Validation Loss: 0.140875
Validation loss decreased (0.143051 --> 0.140875).  Saving model ...
Epoch: 17 	Training Loss: 0.670732 	Validation Loss: 0.131772
Validation loss decreased (0.140875 --> 0.131772).  Saving model ...
Epoch: 18 	Training Loss: 0.653046 	Validation Loss: 0.144729
Epoch: 19 	Training Loss: 0.642147 	Validation Loss: 0.125743
Validation loss decreased (0.131772 --> 0.125743).  Saving model ...
Test Loss: 0.631525

Test Accuracy of airplane: 82% (194/234)
Test Accuracy of automobile: 94% (232/246)
Test Accuracy of  bird: 62% (176/281)
Test Accuracy of   cat: 56% (142/253)
Test Accuracy of  deer: 76% (174/227)
Test Accuracy of   dog: 61% (153/250)
Test Accuracy of  frog: 86% (215/248)
Test Accuracy of horse: 84% (211/250)
Test Accuracy of  ship: 89% (230/258)
Test Accuracy of truck: 83% (220/265)

Test Accuracy (Overall): 77% (1947/2512)
Epoch: 0 	Training Loss: 1.568389 	Validation Loss: 0.325305
Validation loss decreased (inf --> 0.325305).  Saving model ...
Epoch: 1 	Training Loss: 1.331751 	Validation Loss: 0.315221
Validation loss decreased (0.325305 --> 0.315221).  Saving model ...
Epoch: 2 	Training Loss: 1.220008 	Validation Loss: 0.261666
Validation loss decreased (0.315221 --> 0.261666).  Saving model ...
Epoch: 3 	Training Loss: 1.123026 	Validation Loss: 0.251760
Validation loss decreased (0.261666 --> 0.251760).  Saving model ...
Epoch: 4 	Training Loss: 1.052916 	Validation Loss: 0.215105
Validation loss decreased (0.251760 --> 0.215105).  Saving model ...
Epoch: 5 	Training Loss: 0.989243 	Validation Loss: 0.206821
Validation loss decreased (0.215105 --> 0.206821).  Saving model ...
Epoch: 6 	Training Loss: 0.945008 	Validation Loss: 0.200246
Validation loss decreased (0.206821 --> 0.200246).  Saving model ...
Epoch: 7 	Training Loss: 0.896614 	Validation Loss: 0.190209
Validation loss decreased (0.200246 --> 0.190209).  Saving model ...
Epoch: 8 	Training Loss: 0.864111 	Validation Loss: 0.178810
Validation loss decreased (0.190209 --> 0.178810).  Saving model ...
Epoch: 9 	Training Loss: 0.838243 	Validation Loss: 0.169414
Validation loss decreased (0.178810 --> 0.169414).  Saving model ...
Epoch: 10 	Training Loss: 0.809569 	Validation Loss: 0.168456
Validation loss decreased (0.169414 --> 0.168456).  Saving model ...
Epoch: 11 	Training Loss: 0.787723 	Validation Loss: 0.160140
Validation loss decreased (0.168456 --> 0.160140).  Saving model ...
Epoch: 12 	Training Loss: 0.763021 	Validation Loss: 0.155368
Validation loss decreased (0.160140 --> 0.155368).  Saving model ...
Epoch: 13 	Training Loss: 0.744459 	Validation Loss: 0.147720
Validation loss decreased (0.155368 --> 0.147720).  Saving model ...
Epoch: 14 	Training Loss: 0.725729 	Validation Loss: 0.141068
Validation loss decreased (0.147720 --> 0.141068).  Saving model ...
Epoch: 15 	Training Loss: 0.704724 	Validation Loss: 0.173357
Epoch: 16 	Training Loss: 0.688066 	Validation Loss: 0.150338
Epoch: 17 	Training Loss: 0.677771 	Validation Loss: 0.145757
Epoch: 18 	Training Loss: 0.653109 	Validation Loss: 0.131807
Validation loss decreased (0.141068 --> 0.131807).  Saving model ...
Epoch: 19 	Training Loss: 0.650099 	Validation Loss: 0.124330
Validation loss decreased (0.131807 --> 0.124330).  Saving model ...
Test Loss: 0.629763

Test Accuracy of airplane: 82% (193/234)
Test Accuracy of automobile: 91% (226/246)
Test Accuracy of  bird: 66% (188/281)
Test Accuracy of   cat: 54% (138/253)
Test Accuracy of  deer: 73% (166/227)
Test Accuracy of   dog: 67% (169/250)
Test Accuracy of  frog: 85% (213/248)
Test Accuracy of horse: 82% (206/250)
Test Accuracy of  ship: 88% (228/258)
Test Accuracy of truck: 86% (228/265)

Test Accuracy (Overall): 77% (1955/2512)
Epoch: 0 	Training Loss: 1.540226 	Validation Loss: 0.318825
Validation loss decreased (inf --> 0.318825).  Saving model ...
Epoch: 1 	Training Loss: 1.320519 	Validation Loss: 0.288904
Validation loss decreased (0.318825 --> 0.288904).  Saving model ...
Epoch: 2 	Training Loss: 1.213078 	Validation Loss: 0.281877
Validation loss decreased (0.288904 --> 0.281877).  Saving model ...
Epoch: 3 	Training Loss: 1.126613 	Validation Loss: 0.229045
Validation loss decreased (0.281877 --> 0.229045).  Saving model ...
Epoch: 4 	Training Loss: 1.044952 	Validation Loss: 0.230207
Epoch: 5 	Training Loss: 0.993202 	Validation Loss: 0.209218
Validation loss decreased (0.229045 --> 0.209218).  Saving model ...
Epoch: 6 	Training Loss: 0.940337 	Validation Loss: 0.189797
Validation loss decreased (0.209218 --> 0.189797).  Saving model ...
Epoch: 7 	Training Loss: 0.899214 	Validation Loss: 0.182484
Validation loss decreased (0.189797 --> 0.182484).  Saving model ...
Epoch: 8 	Training Loss: 0.870783 	Validation Loss: 0.169815
Validation loss decreased (0.182484 --> 0.169815).  Saving model ...
Epoch: 9 	Training Loss: 0.832295 	Validation Loss: 0.166316
Validation loss decreased (0.169815 --> 0.166316).  Saving model ...
Epoch: 10 	Training Loss: 0.805100 	Validation Loss: 0.151854
Validation loss decreased (0.166316 --> 0.151854).  Saving model ...
Epoch: 11 	Training Loss: 0.783574 	Validation Loss: 0.159814
Epoch: 12 	Training Loss: 0.762935 	Validation Loss: 0.149777
Validation loss decreased (0.151854 --> 0.149777).  Saving model ...
Epoch: 13 	Training Loss: 0.745041 	Validation Loss: 0.141914
Validation loss decreased (0.149777 --> 0.141914).  Saving model ...
Epoch: 14 	Training Loss: 0.718159 	Validation Loss: 0.138155
Validation loss decreased (0.141914 --> 0.138155).  Saving model ...
Epoch: 15 	Training Loss: 0.699921 	Validation Loss: 0.147241
Epoch: 16 	Training Loss: 0.689207 	Validation Loss: 0.131144
Validation loss decreased (0.138155 --> 0.131144).  Saving model ...
Epoch: 17 	Training Loss: 0.681275 	Validation Loss: 0.131245
Epoch: 18 	Training Loss: 0.664086 	Validation Loss: 0.129942
Validation loss decreased (0.131144 --> 0.129942).  Saving model ...
Epoch: 19 	Training Loss: 0.652220 	Validation Loss: 0.125638
Validation loss decreased (0.129942 --> 0.125638).  Saving model ...
Test Loss: 0.641675

Test Accuracy of airplane: 76% (178/234)
Test Accuracy of automobile: 91% (226/246)
Test Accuracy of  bird: 65% (185/281)
Test Accuracy of   cat: 62% (157/253)
Test Accuracy of  deer: 76% (173/227)
Test Accuracy of   dog: 63% (158/250)
Test Accuracy of  frog: 86% (215/248)
Test Accuracy of horse: 82% (206/250)
Test Accuracy of  ship: 91% (236/258)
Test Accuracy of truck: 76% (202/265)

Test Accuracy (Overall): 77% (1936/2512)
Epoch: 0 	Training Loss: 1.459851 	Validation Loss: 0.306966
Validation loss decreased (inf --> 0.306966).  Saving model ...
Epoch: 1 	Training Loss: 1.199236 	Validation Loss: 0.262293
Validation loss decreased (0.306966 --> 0.262293).  Saving model ...
Epoch: 2 	Training Loss: 1.070159 	Validation Loss: 0.239656
Validation loss decreased (0.262293 --> 0.239656).  Saving model ...
Epoch: 3 	Training Loss: 0.976560 	Validation Loss: 0.218598
Validation loss decreased (0.239656 --> 0.218598).  Saving model ...
Epoch: 4 	Training Loss: 0.905374 	Validation Loss: 0.189675
Validation loss decreased (0.218598 --> 0.189675).  Saving model ...
Epoch: 5 	Training Loss: 0.855031 	Validation Loss: 0.180351
Validation loss decreased (0.189675 --> 0.180351).  Saving model ...
Epoch: 6 	Training Loss: 0.812791 	Validation Loss: 0.167844
Validation loss decreased (0.180351 --> 0.167844).  Saving model ...
Epoch: 7 	Training Loss: 0.774555 	Validation Loss: 0.178330
Epoch: 8 	Training Loss: 0.750544 	Validation Loss: 0.171423
Epoch: 9 	Training Loss: 0.716320 	Validation Loss: 0.149769
Validation loss decreased (0.167844 --> 0.149769).  Saving model ...
Epoch: 10 	Training Loss: 0.690850 	Validation Loss: 0.138569
Validation loss decreased (0.149769 --> 0.138569).  Saving model ...
Epoch: 11 	Training Loss: 0.670094 	Validation Loss: 0.136818
Validation loss decreased (0.138569 --> 0.136818).  Saving model ...
Epoch: 12 	Training Loss: 0.650249 	Validation Loss: 0.142462
Epoch: 13 	Training Loss: 0.630924 	Validation Loss: 0.129579
Validation loss decreased (0.136818 --> 0.129579).  Saving model ...
Epoch: 14 	Training Loss: 0.611277 	Validation Loss: 0.128237
Validation loss decreased (0.129579 --> 0.128237).  Saving model ...
Epoch: 15 	Training Loss: 0.596413 	Validation Loss: 0.127775
Validation loss decreased (0.128237 --> 0.127775).  Saving model ...
Epoch: 16 	Training Loss: 0.579195 	Validation Loss: 0.123570
Validation loss decreased (0.127775 --> 0.123570).  Saving model ...
Epoch: 17 	Training Loss: 0.564192 	Validation Loss: 0.114993
Validation loss decreased (0.123570 --> 0.114993).  Saving model ...
Epoch: 18 	Training Loss: 0.548584 	Validation Loss: 0.111108
Validation loss decreased (0.114993 --> 0.111108).  Saving model ...
Epoch: 19 	Training Loss: 0.541218 	Validation Loss: 0.109088
Validation loss decreased (0.111108 --> 0.109088).  Saving model ...
Test Loss: 0.554043

Test Accuracy of airplane: 90% (212/234)
Test Accuracy of automobile: 96% (237/246)
Test Accuracy of  bird: 69% (196/281)
Test Accuracy of   cat: 64% (164/253)
Test Accuracy of  deer: 79% (180/227)
Test Accuracy of   dog: 67% (169/250)
Test Accuracy of  frog: 86% (214/248)
Test Accuracy of horse: 90% (226/250)
Test Accuracy of  ship: 89% (230/258)
Test Accuracy of truck: 81% (216/265)

Test Accuracy (Overall): 81% (2044/2512)
Epoch: 0 	Training Loss: 1.482516 	Validation Loss: 0.310755
Validation loss decreased (inf --> 0.310755).  Saving model ...
Epoch: 1 	Training Loss: 1.243182 	Validation Loss: 0.295018
Validation loss decreased (0.310755 --> 0.295018).  Saving model ...
Epoch: 2 	Training Loss: 1.112224 	Validation Loss: 0.230746
Validation loss decreased (0.295018 --> 0.230746).  Saving model ...
Epoch: 3 	Training Loss: 1.021371 	Validation Loss: 0.230665
Validation loss decreased (0.230746 --> 0.230665).  Saving model ...
Epoch: 4 	Training Loss: 0.951409 	Validation Loss: 0.207416
Validation loss decreased (0.230665 --> 0.207416).  Saving model ...
Epoch: 5 	Training Loss: 0.898208 	Validation Loss: 0.193066
Validation loss decreased (0.207416 --> 0.193066).  Saving model ...
Epoch: 6 	Training Loss: 0.854202 	Validation Loss: 0.175043
Validation loss decreased (0.193066 --> 0.175043).  Saving model ...
Epoch: 7 	Training Loss: 0.818398 	Validation Loss: 0.170448
Validation loss decreased (0.175043 --> 0.170448).  Saving model ...
Epoch: 8 	Training Loss: 0.790235 	Validation Loss: 0.166966
Validation loss decreased (0.170448 --> 0.166966).  Saving model ...
Epoch: 9 	Training Loss: 0.766059 	Validation Loss: 0.159079
Validation loss decreased (0.166966 --> 0.159079).  Saving model ...
Epoch: 10 	Training Loss: 0.736169 	Validation Loss: 0.153186
Validation loss decreased (0.159079 --> 0.153186).  Saving model ...
Epoch: 11 	Training Loss: 0.717366 	Validation Loss: 0.149897
Validation loss decreased (0.153186 --> 0.149897).  Saving model ...
Epoch: 12 	Training Loss: 0.692487 	Validation Loss: 0.152616
Epoch: 13 	Training Loss: 0.679847 	Validation Loss: 0.135412
Validation loss decreased (0.149897 --> 0.135412).  Saving model ...
Epoch: 14 	Training Loss: 0.659978 	Validation Loss: 0.132266
Validation loss decreased (0.135412 --> 0.132266).  Saving model ...
Epoch: 15 	Training Loss: 0.649613 	Validation Loss: 0.135107
Epoch: 16 	Training Loss: 0.628085 	Validation Loss: 0.131626
Validation loss decreased (0.132266 --> 0.131626).  Saving model ...
Epoch: 17 	Training Loss: 0.617525 	Validation Loss: 0.127599
Validation loss decreased (0.131626 --> 0.127599).  Saving model ...
Epoch: 18 	Training Loss: 0.604230 	Validation Loss: 0.123879
Validation loss decreased (0.127599 --> 0.123879).  Saving model ...
Epoch: 19 	Training Loss: 0.585827 	Validation Loss: 0.126468
Test Loss: 0.643877

Test Accuracy of airplane: 80% (189/234)
Test Accuracy of automobile: 91% (225/246)
Test Accuracy of  bird: 53% (149/281)
Test Accuracy of   cat: 47% (121/253)
Test Accuracy of  deer: 73% (167/227)
Test Accuracy of   dog: 77% (194/250)
Test Accuracy of  frog: 88% (220/248)
Test Accuracy of horse: 86% (216/250)
Test Accuracy of  ship: 83% (215/258)
Test Accuracy of truck: 86% (230/265)

Test Accuracy (Overall): 76% (1926/2512)
Epoch: 0 	Training Loss: 1.547968 	Validation Loss: 0.317037
Validation loss decreased (inf --> 0.317037).  Saving model ...
Epoch: 1 	Training Loss: 1.303634 	Validation Loss: 0.296758
Validation loss decreased (0.317037 --> 0.296758).  Saving model ...
Epoch: 2 	Training Loss: 1.184836 	Validation Loss: 0.264223
Validation loss decreased (0.296758 --> 0.264223).  Saving model ...
Epoch: 3 	Training Loss: 1.091896 	Validation Loss: 0.234493
Validation loss decreased (0.264223 --> 0.234493).  Saving model ...
Epoch: 4 	Training Loss: 1.004157 	Validation Loss: 0.205944
Validation loss decreased (0.234493 --> 0.205944).  Saving model ...
Epoch: 5 	Training Loss: 0.943887 	Validation Loss: 0.201709
Validation loss decreased (0.205944 --> 0.201709).  Saving model ...
Epoch: 6 	Training Loss: 0.895844 	Validation Loss: 0.190467
Validation loss decreased (0.201709 --> 0.190467).  Saving model ...
Epoch: 7 	Training Loss: 0.845027 	Validation Loss: 0.176140
Validation loss decreased (0.190467 --> 0.176140).  Saving model ...
Epoch: 8 	Training Loss: 0.813220 	Validation Loss: 0.163516
Validation loss decreased (0.176140 --> 0.163516).  Saving model ...
Epoch: 9 	Training Loss: 0.782436 	Validation Loss: 0.165735
Epoch: 10 	Training Loss: 0.751539 	Validation Loss: 0.163969
Epoch: 11 	Training Loss: 0.730365 	Validation Loss: 0.149231
Validation loss decreased (0.163516 --> 0.149231).  Saving model ...
Epoch: 12 	Training Loss: 0.705518 	Validation Loss: 0.147078
Validation loss decreased (0.149231 --> 0.147078).  Saving model ...
Epoch: 13 	Training Loss: 0.682023 	Validation Loss: 0.141242
Validation loss decreased (0.147078 --> 0.141242).  Saving model ...
Epoch: 14 	Training Loss: 0.668443 	Validation Loss: 0.131198
Validation loss decreased (0.141242 --> 0.131198).  Saving model ...
Epoch: 15 	Training Loss: 0.647592 	Validation Loss: 0.131535
Epoch: 16 	Training Loss: 0.630405 	Validation Loss: 0.130660
Validation loss decreased (0.131198 --> 0.130660).  Saving model ...
Epoch: 17 	Training Loss: 0.614006 	Validation Loss: 0.123116
Validation loss decreased (0.130660 --> 0.123116).  Saving model ...
Epoch: 18 	Training Loss: 0.596262 	Validation Loss: 0.120568
Validation loss decreased (0.123116 --> 0.120568).  Saving model ...
Epoch: 19 	Training Loss: 0.584487 	Validation Loss: 0.120895
Test Loss: 0.598369

Test Accuracy of airplane: 85% (201/234)
Test Accuracy of automobile: 91% (225/246)
Test Accuracy of  bird: 73% (206/281)
Test Accuracy of   cat: 54% (137/253)
Test Accuracy of  deer: 84% (192/227)
Test Accuracy of   dog: 70% (176/250)
Test Accuracy of  frog: 85% (211/248)
Test Accuracy of horse: 79% (198/250)
Test Accuracy of  ship: 91% (236/258)
Test Accuracy of truck: 79% (210/265)

Test Accuracy (Overall): 79% (1992/2512)
Epoch: 0 	Training Loss: 1.483366 	Validation Loss: 0.309256
Validation loss decreased (inf --> 0.309256).  Saving model ...
Epoch: 1 	Training Loss: 1.251717 	Validation Loss: 0.299175
Validation loss decreased (0.309256 --> 0.299175).  Saving model ...
Epoch: 2 	Training Loss: 1.121576 	Validation Loss: 0.260357
Validation loss decreased (0.299175 --> 0.260357).  Saving model ...
Epoch: 3 	Training Loss: 1.021511 	Validation Loss: 0.218063
Validation loss decreased (0.260357 --> 0.218063).  Saving model ...
Epoch: 4 	Training Loss: 0.939221 	Validation Loss: 0.203416
Validation loss decreased (0.218063 --> 0.203416).  Saving model ...
Epoch: 5 	Training Loss: 0.882807 	Validation Loss: 0.189986
Validation loss decreased (0.203416 --> 0.189986).  Saving model ...
Epoch: 6 	Training Loss: 0.835798 	Validation Loss: 0.181848
Validation loss decreased (0.189986 --> 0.181848).  Saving model ...
Epoch: 7 	Training Loss: 0.800556 	Validation Loss: 0.191089
Epoch: 8 	Training Loss: 0.767534 	Validation Loss: 0.188482
Epoch: 9 	Training Loss: 0.732404 	Validation Loss: 0.159087
Validation loss decreased (0.181848 --> 0.159087).  Saving model ...
Epoch: 10 	Training Loss: 0.704277 	Validation Loss: 0.149936
Validation loss decreased (0.159087 --> 0.149936).  Saving model ...
Epoch: 11 	Training Loss: 0.678365 	Validation Loss: 0.170015
Epoch: 12 	Training Loss: 0.658450 	Validation Loss: 0.144864
Validation loss decreased (0.149936 --> 0.144864).  Saving model ...
Epoch: 13 	Training Loss: 0.633318 	Validation Loss: 0.135495
Validation loss decreased (0.144864 --> 0.135495).  Saving model ...
Epoch: 14 	Training Loss: 0.606322 	Validation Loss: 0.127350
Validation loss decreased (0.135495 --> 0.127350).  Saving model ...
Epoch: 15 	Training Loss: 0.590631 	Validation Loss: 0.125717
Validation loss decreased (0.127350 --> 0.125717).  Saving model ...
Epoch: 16 	Training Loss: 0.577762 	Validation Loss: 0.120641
Validation loss decreased (0.125717 --> 0.120641).  Saving model ...
Epoch: 17 	Training Loss: 0.557471 	Validation Loss: 0.113864
Validation loss decreased (0.120641 --> 0.113864).  Saving model ...
Epoch: 18 	Training Loss: 0.537634 	Validation Loss: 0.113355
Validation loss decreased (0.113864 --> 0.113355).  Saving model ...
Epoch: 19 	Training Loss: 0.528859 	Validation Loss: 0.115756
Test Loss: 0.591560

Test Accuracy of airplane: 76% (179/234)
Test Accuracy of automobile: 87% (216/246)
Test Accuracy of  bird: 67% (189/281)
Test Accuracy of   cat: 54% (139/253)
Test Accuracy of  deer: 88% (201/227)
Test Accuracy of   dog: 72% (180/250)
Test Accuracy of  frog: 82% (205/248)
Test Accuracy of horse: 85% (213/250)
Test Accuracy of  ship: 91% (237/258)
Test Accuracy of truck: 88% (234/265)

Test Accuracy (Overall): 79% (1993/2512)
Epoch: 0 	Training Loss: 1.453186 	Validation Loss: 0.293606
Validation loss decreased (inf --> 0.293606).  Saving model ...
Epoch: 1 	Training Loss: 1.221740 	Validation Loss: 0.277021
Validation loss decreased (0.293606 --> 0.277021).  Saving model ...
Epoch: 2 	Training Loss: 1.103381 	Validation Loss: 0.231277
Validation loss decreased (0.277021 --> 0.231277).  Saving model ...
Epoch: 3 	Training Loss: 1.009623 	Validation Loss: 0.224327
Validation loss decreased (0.231277 --> 0.224327).  Saving model ...
Epoch: 4 	Training Loss: 0.928930 	Validation Loss: 0.200168
Validation loss decreased (0.224327 --> 0.200168).  Saving model ...
Epoch: 5 	Training Loss: 0.866879 	Validation Loss: 0.210121
Epoch: 6 	Training Loss: 0.814235 	Validation Loss: 0.169051
Validation loss decreased (0.200168 --> 0.169051).  Saving model ...
Epoch: 7 	Training Loss: 0.770576 	Validation Loss: 0.165417
Validation loss decreased (0.169051 --> 0.165417).  Saving model ...
Epoch: 8 	Training Loss: 0.731853 	Validation Loss: 0.161562
Validation loss decreased (0.165417 --> 0.161562).  Saving model ...
Epoch: 9 	Training Loss: 0.695682 	Validation Loss: 0.145331
Validation loss decreased (0.161562 --> 0.145331).  Saving model ...
Epoch: 10 	Training Loss: 0.669852 	Validation Loss: 0.138008
Validation loss decreased (0.145331 --> 0.138008).  Saving model ...
Epoch: 11 	Training Loss: 0.645315 	Validation Loss: 0.136224
Validation loss decreased (0.138008 --> 0.136224).  Saving model ...
Epoch: 12 	Training Loss: 0.621686 	Validation Loss: 0.135994
Validation loss decreased (0.136224 --> 0.135994).  Saving model ...
Epoch: 13 	Training Loss: 0.606032 	Validation Loss: 0.148380
Epoch: 14 	Training Loss: 0.585153 	Validation Loss: 0.123533
Validation loss decreased (0.135994 --> 0.123533).  Saving model ...
Epoch: 15 	Training Loss: 0.572047 	Validation Loss: 0.123578
Epoch: 16 	Training Loss: 0.555754 	Validation Loss: 0.119348
Validation loss decreased (0.123533 --> 0.119348).  Saving model ...
Epoch: 17 	Training Loss: 0.541221 	Validation Loss: 0.115850
Validation loss decreased (0.119348 --> 0.115850).  Saving model ...
Epoch: 18 	Training Loss: 0.525157 	Validation Loss: 0.113713
Validation loss decreased (0.115850 --> 0.113713).  Saving model ...
Epoch: 19 	Training Loss: 0.517146 	Validation Loss: 0.116851
Test Loss: 0.589966

Test Accuracy of airplane: 82% (194/234)
Test Accuracy of automobile: 94% (232/246)
Test Accuracy of  bird: 74% (209/281)
Test Accuracy of   cat: 50% (128/253)
Test Accuracy of  deer: 89% (204/227)
Test Accuracy of   dog: 60% (150/250)
Test Accuracy of  frog: 84% (209/248)
Test Accuracy of horse: 88% (222/250)
Test Accuracy of  ship: 88% (228/258)
Test Accuracy of truck: 84% (225/265)

Test Accuracy (Overall): 79% (2001/2512)
Epoch: 0 	Training Loss: 1.623822 	Validation Loss: 0.357052
Validation loss decreased (inf --> 0.357052).  Saving model ...
Epoch: 1 	Training Loss: 1.414729 	Validation Loss: 0.312062
Validation loss decreased (0.357052 --> 0.312062).  Saving model ...
Epoch: 2 	Training Loss: 1.305133 	Validation Loss: 0.288064
Validation loss decreased (0.312062 --> 0.288064).  Saving model ...
Epoch: 3 	Training Loss: 1.224829 	Validation Loss: 0.261116
Validation loss decreased (0.288064 --> 0.261116).  Saving model ...
Epoch: 4 	Training Loss: 1.145845 	Validation Loss: 0.246911
Validation loss decreased (0.261116 --> 0.246911).  Saving model ...
Epoch: 5 	Training Loss: 1.080146 	Validation Loss: 0.226172
Validation loss decreased (0.246911 --> 0.226172).  Saving model ...
Epoch: 6 	Training Loss: 1.016079 	Validation Loss: 0.202653
Validation loss decreased (0.226172 --> 0.202653).  Saving model ...
Epoch: 7 	Training Loss: 0.968413 	Validation Loss: 0.207068
Epoch: 8 	Training Loss: 0.930985 	Validation Loss: 0.193295
Validation loss decreased (0.202653 --> 0.193295).  Saving model ...
Epoch: 9 	Training Loss: 0.901412 	Validation Loss: 0.186587
Validation loss decreased (0.193295 --> 0.186587).  Saving model ...
Epoch: 10 	Training Loss: 0.863428 	Validation Loss: 0.181362
Validation loss decreased (0.186587 --> 0.181362).  Saving model ...
Epoch: 11 	Training Loss: 0.840267 	Validation Loss: 0.195961
Epoch: 12 	Training Loss: 0.819062 	Validation Loss: 0.174211
Validation loss decreased (0.181362 --> 0.174211).  Saving model ...
Epoch: 13 	Training Loss: 0.796119 	Validation Loss: 0.171355
Validation loss decreased (0.174211 --> 0.171355).  Saving model ...
Epoch: 14 	Training Loss: 0.772866 	Validation Loss: 0.155777
Validation loss decreased (0.171355 --> 0.155777).  Saving model ...
Epoch: 15 	Training Loss: 0.755458 	Validation Loss: 0.148957
Validation loss decreased (0.155777 --> 0.148957).  Saving model ...
Epoch: 16 	Training Loss: 0.737122 	Validation Loss: 0.148521
Validation loss decreased (0.148957 --> 0.148521).  Saving model ...
Epoch: 17 	Training Loss: 0.729297 	Validation Loss: 0.149603
Epoch: 18 	Training Loss: 0.706781 	Validation Loss: 0.136970
Validation loss decreased (0.148521 --> 0.136970).  Saving model ...
Epoch: 19 	Training Loss: 0.692930 	Validation Loss: 0.132030
Validation loss decreased (0.136970 --> 0.132030).  Saving model ...
Test Loss: 0.663857

Test Accuracy of airplane: 76% (179/234)
Test Accuracy of automobile: 88% (218/246)
Test Accuracy of  bird: 70% (198/281)
Test Accuracy of   cat: 58% (148/253)
Test Accuracy of  deer: 74% (168/227)
Test Accuracy of   dog: 63% (158/250)
Test Accuracy of  frog: 79% (198/248)
Test Accuracy of horse: 84% (212/250)
Test Accuracy of  ship: 88% (228/258)
Test Accuracy of truck: 85% (226/265)

Test Accuracy (Overall): 76% (1933/2512)
Epoch: 0 	Training Loss: 1.509089 	Validation Loss: 0.315013
Validation loss decreased (inf --> 0.315013).  Saving model ...
Epoch: 1 	Training Loss: 1.282816 	Validation Loss: 0.295525
Validation loss decreased (0.315013 --> 0.295525).  Saving model ...
Epoch: 2 	Training Loss: 1.170529 	Validation Loss: 0.253113
Validation loss decreased (0.295525 --> 0.253113).  Saving model ...
Epoch: 3 	Training Loss: 1.073276 	Validation Loss: 0.228623
Validation loss decreased (0.253113 --> 0.228623).  Saving model ...
Epoch: 4 	Training Loss: 1.005865 	Validation Loss: 0.207885
Validation loss decreased (0.228623 --> 0.207885).  Saving model ...
Epoch: 5 	Training Loss: 0.954001 	Validation Loss: 0.196290
Validation loss decreased (0.207885 --> 0.196290).  Saving model ...
Epoch: 6 	Training Loss: 0.901541 	Validation Loss: 0.201599
Epoch: 7 	Training Loss: 0.872996 	Validation Loss: 0.187518
Validation loss decreased (0.196290 --> 0.187518).  Saving model ...
Epoch: 8 	Training Loss: 0.836225 	Validation Loss: 0.199698
Epoch: 9 	Training Loss: 0.812997 	Validation Loss: 0.169191
Validation loss decreased (0.187518 --> 0.169191).  Saving model ...
Epoch: 10 	Training Loss: 0.784933 	Validation Loss: 0.170487
Epoch: 11 	Training Loss: 0.766399 	Validation Loss: 0.160858
Validation loss decreased (0.169191 --> 0.160858).  Saving model ...
Epoch: 12 	Training Loss: 0.744895 	Validation Loss: 0.156306
Validation loss decreased (0.160858 --> 0.156306).  Saving model ...
Epoch: 13 	Training Loss: 0.728346 	Validation Loss: 0.152905
Validation loss decreased (0.156306 --> 0.152905).  Saving model ...
Epoch: 14 	Training Loss: 0.708116 	Validation Loss: 0.151505
Validation loss decreased (0.152905 --> 0.151505).  Saving model ...
Epoch: 15 	Training Loss: 0.688944 	Validation Loss: 0.145646
Validation loss decreased (0.151505 --> 0.145646).  Saving model ...
Epoch: 16 	Training Loss: 0.673304 	Validation Loss: 0.141035
Validation loss decreased (0.145646 --> 0.141035).  Saving model ...
Epoch: 17 	Training Loss: 0.658250 	Validation Loss: 0.142619
Epoch: 18 	Training Loss: 0.643980 	Validation Loss: 0.129259
Validation loss decreased (0.141035 --> 0.129259).  Saving model ...
Epoch: 19 	Training Loss: 0.631082 	Validation Loss: 0.128785
Validation loss decreased (0.129259 --> 0.128785).  Saving model ...
Test Loss: 0.651473

Test Accuracy of airplane: 79% (185/234)
Test Accuracy of automobile: 88% (218/246)
Test Accuracy of  bird: 60% (169/281)
Test Accuracy of   cat: 54% (139/253)
Test Accuracy of  deer: 83% (189/227)
Test Accuracy of   dog: 64% (160/250)
Test Accuracy of  frog: 83% (208/248)
Test Accuracy of horse: 76% (192/250)
Test Accuracy of  ship: 91% (235/258)
Test Accuracy of truck: 89% (238/265)

Test Accuracy (Overall): 76% (1933/2512)
Epoch: 0 	Training Loss: 1.494448 	Validation Loss: 0.314420
Validation loss decreased (inf --> 0.314420).  Saving model ...
Epoch: 1 	Training Loss: 1.241984 	Validation Loss: 0.265460
Validation loss decreased (0.314420 --> 0.265460).  Saving model ...
Epoch: 2 	Training Loss: 1.123106 	Validation Loss: 0.252567
Validation loss decreased (0.265460 --> 0.252567).  Saving model ...
Epoch: 3 	Training Loss: 1.026608 	Validation Loss: 0.229137
Validation loss decreased (0.252567 --> 0.229137).  Saving model ...
Epoch: 4 	Training Loss: 0.953308 	Validation Loss: 0.200554
Validation loss decreased (0.229137 --> 0.200554).  Saving model ...
Epoch: 5 	Training Loss: 0.886585 	Validation Loss: 0.198145
Validation loss decreased (0.200554 --> 0.198145).  Saving model ...
Epoch: 6 	Training Loss: 0.829200 	Validation Loss: 0.174039
Validation loss decreased (0.198145 --> 0.174039).  Saving model ...
Epoch: 7 	Training Loss: 0.784483 	Validation Loss: 0.175316
Epoch: 8 	Training Loss: 0.751307 	Validation Loss: 0.161513
Validation loss decreased (0.174039 --> 0.161513).  Saving model ...
Epoch: 9 	Training Loss: 0.719523 	Validation Loss: 0.156036
Validation loss decreased (0.161513 --> 0.156036).  Saving model ...
Epoch: 10 	Training Loss: 0.697633 	Validation Loss: 0.149583
Validation loss decreased (0.156036 --> 0.149583).  Saving model ...
Epoch: 11 	Training Loss: 0.667899 	Validation Loss: 0.141552
Validation loss decreased (0.149583 --> 0.141552).  Saving model ...
Epoch: 12 	Training Loss: 0.645446 	Validation Loss: 0.137142
Validation loss decreased (0.141552 --> 0.137142).  Saving model ...
Epoch: 13 	Training Loss: 0.622816 	Validation Loss: 0.135063
Validation loss decreased (0.137142 --> 0.135063).  Saving model ...
Epoch: 14 	Training Loss: 0.602968 	Validation Loss: 0.130414
Validation loss decreased (0.135063 --> 0.130414).  Saving model ...
Epoch: 15 	Training Loss: 0.587547 	Validation Loss: 0.127919
Validation loss decreased (0.130414 --> 0.127919).  Saving model ...
Epoch: 16 	Training Loss: 0.567812 	Validation Loss: 0.118387
Validation loss decreased (0.127919 --> 0.118387).  Saving model ...
Epoch: 17 	Training Loss: 0.557449 	Validation Loss: 0.120227
Epoch: 18 	Training Loss: 0.537939 	Validation Loss: 0.118619
Epoch: 19 	Training Loss: 0.523435 	Validation Loss: 0.117783
Validation loss decreased (0.118387 --> 0.117783).  Saving model ...
Test Loss: 0.599764

Test Accuracy of airplane: 77% (182/234)
Test Accuracy of automobile: 84% (207/246)
Test Accuracy of  bird: 62% (177/281)
Test Accuracy of   cat: 60% (152/253)
Test Accuracy of  deer: 79% (180/227)
Test Accuracy of   dog: 72% (182/250)
Test Accuracy of  frog: 85% (213/248)
Test Accuracy of horse: 87% (219/250)
Test Accuracy of  ship: 92% (239/258)
Test Accuracy of truck: 93% (249/265)

Test Accuracy (Overall): 79% (2000/2512)
Epoch: 0 	Training Loss: 1.525556 	Validation Loss: 0.310738
Validation loss decreased (inf --> 0.310738).  Saving model ...
Epoch: 1 	Training Loss: 1.281347 	Validation Loss: 0.279930
Validation loss decreased (0.310738 --> 0.279930).  Saving model ...
Epoch: 2 	Training Loss: 1.166439 	Validation Loss: 0.257791
Validation loss decreased (0.279930 --> 0.257791).  Saving model ...
Epoch: 3 	Training Loss: 1.077661 	Validation Loss: 0.225721
Validation loss decreased (0.257791 --> 0.225721).  Saving model ...
Epoch: 4 	Training Loss: 1.010310 	Validation Loss: 0.206876
Validation loss decreased (0.225721 --> 0.206876).  Saving model ...
Epoch: 5 	Training Loss: 0.945426 	Validation Loss: 0.198414
Validation loss decreased (0.206876 --> 0.198414).  Saving model ...
Epoch: 6 	Training Loss: 0.895554 	Validation Loss: 0.192057
Validation loss decreased (0.198414 --> 0.192057).  Saving model ...
Epoch: 7 	Training Loss: 0.848755 	Validation Loss: 0.175418
Validation loss decreased (0.192057 --> 0.175418).  Saving model ...
Epoch: 8 	Training Loss: 0.807568 	Validation Loss: 0.161006
Validation loss decreased (0.175418 --> 0.161006).  Saving model ...
Epoch: 9 	Training Loss: 0.774025 	Validation Loss: 0.150168
Validation loss decreased (0.161006 --> 0.150168).  Saving model ...
Epoch: 10 	Training Loss: 0.741870 	Validation Loss: 0.150343
Epoch: 11 	Training Loss: 0.718654 	Validation Loss: 0.137563
Validation loss decreased (0.150168 --> 0.137563).  Saving model ...
Epoch: 12 	Training Loss: 0.691208 	Validation Loss: 0.139382
Epoch: 13 	Training Loss: 0.669926 	Validation Loss: 0.130863
Validation loss decreased (0.137563 --> 0.130863).  Saving model ...
Epoch: 14 	Training Loss: 0.656390 	Validation Loss: 0.132422
Epoch: 15 	Training Loss: 0.633663 	Validation Loss: 0.128667
Validation loss decreased (0.130863 --> 0.128667).  Saving model ...
Epoch: 16 	Training Loss: 0.617665 	Validation Loss: 0.116496
Validation loss decreased (0.128667 --> 0.116496).  Saving model ...
Epoch: 17 	Training Loss: 0.605982 	Validation Loss: 0.123727
Epoch: 18 	Training Loss: 0.596154 	Validation Loss: 0.111480
Validation loss decreased (0.116496 --> 0.111480).  Saving model ...
Epoch: 19 	Training Loss: 0.585579 	Validation Loss: 0.116793
Test Loss: 0.597336

Test Accuracy of airplane: 88% (208/234)
Test Accuracy of automobile: 88% (217/246)
Test Accuracy of  bird: 75% (213/281)
Test Accuracy of   cat: 38% (98/253)
Test Accuracy of  deer: 84% (192/227)
Test Accuracy of   dog: 74% (186/250)
Test Accuracy of  frog: 85% (212/248)
Test Accuracy of horse: 84% (211/250)
Test Accuracy of  ship: 90% (233/258)
Test Accuracy of truck: 89% (237/265)

Test Accuracy (Overall): 79% (2007/2512)
Epoch: 0 	Training Loss: 1.525076 	Validation Loss: 0.348212
Validation loss decreased (inf --> 0.348212).  Saving model ...
Epoch: 1 	Training Loss: 1.309319 	Validation Loss: 0.305189
Validation loss decreased (0.348212 --> 0.305189).  Saving model ...
Epoch: 2 	Training Loss: 1.218549 	Validation Loss: 0.264075
Validation loss decreased (0.305189 --> 0.264075).  Saving model ...
Epoch: 3 	Training Loss: 1.139082 	Validation Loss: 0.244147
Validation loss decreased (0.264075 --> 0.244147).  Saving model ...
Epoch: 4 	Training Loss: 1.066770 	Validation Loss: 0.246426
Epoch: 5 	Training Loss: 1.001664 	Validation Loss: 0.220218
Validation loss decreased (0.244147 --> 0.220218).  Saving model ...
Epoch: 6 	Training Loss: 0.952329 	Validation Loss: 0.207425
Validation loss decreased (0.220218 --> 0.207425).  Saving model ...
Epoch: 7 	Training Loss: 0.909129 	Validation Loss: 0.187153
Validation loss decreased (0.207425 --> 0.187153).  Saving model ...
Epoch: 8 	Training Loss: 0.871794 	Validation Loss: 0.178207
Validation loss decreased (0.187153 --> 0.178207).  Saving model ...
Epoch: 9 	Training Loss: 0.835738 	Validation Loss: 0.178170
Validation loss decreased (0.178207 --> 0.178170).  Saving model ...
Epoch: 10 	Training Loss: 0.804709 	Validation Loss: 0.168598
Validation loss decreased (0.178170 --> 0.168598).  Saving model ...
Epoch: 11 	Training Loss: 0.779155 	Validation Loss: 0.170908
Epoch: 12 	Training Loss: 0.754393 	Validation Loss: 0.154963
Validation loss decreased (0.168598 --> 0.154963).  Saving model ...
Epoch: 13 	Training Loss: 0.734948 	Validation Loss: 0.149297
Validation loss decreased (0.154963 --> 0.149297).  Saving model ...
Epoch: 14 	Training Loss: 0.709404 	Validation Loss: 0.153067
Epoch: 15 	Training Loss: 0.694740 	Validation Loss: 0.148814
Validation loss decreased (0.149297 --> 0.148814).  Saving model ...
Epoch: 16 	Training Loss: 0.673134 	Validation Loss: 0.144678
Validation loss decreased (0.148814 --> 0.144678).  Saving model ...
Epoch: 17 	Training Loss: 0.659231 	Validation Loss: 0.133821
Validation loss decreased (0.144678 --> 0.133821).  Saving model ...
Epoch: 18 	Training Loss: 0.642274 	Validation Loss: 0.129095
Validation loss decreased (0.133821 --> 0.129095).  Saving model ...
Epoch: 19 	Training Loss: 0.627396 	Validation Loss: 0.128988
Validation loss decreased (0.129095 --> 0.128988).  Saving model ...
Test Loss: 0.653244

Test Accuracy of airplane: 81% (190/234)
Test Accuracy of automobile: 92% (227/246)
Test Accuracy of  bird: 67% (191/281)
Test Accuracy of   cat: 42% (107/253)
Test Accuracy of  deer: 80% (182/227)
Test Accuracy of   dog: 62% (156/250)
Test Accuracy of  frog: 89% (221/248)
Test Accuracy of horse: 81% (204/250)
Test Accuracy of  ship: 89% (230/258)
Test Accuracy of truck: 80% (212/265)

Test Accuracy (Overall): 76% (1920/2512)
Epoch: 0 	Training Loss: 1.492118 	Validation Loss: 0.324083
Validation loss decreased (inf --> 0.324083).  Saving model ...
Epoch: 1 	Training Loss: 1.258460 	Validation Loss: 0.275177
Validation loss decreased (0.324083 --> 0.275177).  Saving model ...
Epoch: 2 	Training Loss: 1.140135 	Validation Loss: 0.238931
Validation loss decreased (0.275177 --> 0.238931).  Saving model ...
Epoch: 3 	Training Loss: 1.039276 	Validation Loss: 0.223847
Validation loss decreased (0.238931 --> 0.223847).  Saving model ...
Epoch: 4 	Training Loss: 0.966562 	Validation Loss: 0.222040
Validation loss decreased (0.223847 --> 0.222040).  Saving model ...
Epoch: 5 	Training Loss: 0.903076 	Validation Loss: 0.195163
Validation loss decreased (0.222040 --> 0.195163).  Saving model ...
Epoch: 6 	Training Loss: 0.857143 	Validation Loss: 0.186883
Validation loss decreased (0.195163 --> 0.186883).  Saving model ...
Epoch: 7 	Training Loss: 0.807937 	Validation Loss: 0.177560
Validation loss decreased (0.186883 --> 0.177560).  Saving model ...
Epoch: 8 	Training Loss: 0.776249 	Validation Loss: 0.163536
Validation loss decreased (0.177560 --> 0.163536).  Saving model ...
Epoch: 9 	Training Loss: 0.745843 	Validation Loss: 0.162454
Validation loss decreased (0.163536 --> 0.162454).  Saving model ...
Epoch: 10 	Training Loss: 0.714836 	Validation Loss: 0.148537
Validation loss decreased (0.162454 --> 0.148537).  Saving model ...
Epoch: 11 	Training Loss: 0.691619 	Validation Loss: 0.162510
Epoch: 12 	Training Loss: 0.665626 	Validation Loss: 0.144805
Validation loss decreased (0.148537 --> 0.144805).  Saving model ...
Epoch: 13 	Training Loss: 0.643567 	Validation Loss: 0.140281
Validation loss decreased (0.144805 --> 0.140281).  Saving model ...
Epoch: 14 	Training Loss: 0.627552 	Validation Loss: 0.136514
Validation loss decreased (0.140281 --> 0.136514).  Saving model ...
Epoch: 15 	Training Loss: 0.614374 	Validation Loss: 0.136809
Epoch: 16 	Training Loss: 0.598013 	Validation Loss: 0.129749
Validation loss decreased (0.136514 --> 0.129749).  Saving model ...
Epoch: 17 	Training Loss: 0.578804 	Validation Loss: 0.133062
Epoch: 18 	Training Loss: 0.556787 	Validation Loss: 0.128037
Validation loss decreased (0.129749 --> 0.128037).  Saving model ...
Epoch: 19 	Training Loss: 0.555750 	Validation Loss: 0.119753
Validation loss decreased (0.128037 --> 0.119753).  Saving model ...
Test Loss: 0.602693

Test Accuracy of airplane: 83% (196/234)
Test Accuracy of automobile: 96% (238/246)
Test Accuracy of  bird: 70% (197/281)
Test Accuracy of   cat: 59% (150/253)
Test Accuracy of  deer: 76% (173/227)
Test Accuracy of   dog: 71% (179/250)
Test Accuracy of  frog: 83% (206/248)
Test Accuracy of horse: 83% (209/250)
Test Accuracy of  ship: 89% (232/258)
Test Accuracy of truck: 80% (213/265)

Test Accuracy (Overall): 79% (1993/2512)
Epoch: 0 	Training Loss: 1.562839 	Validation Loss: 0.387701
Validation loss decreased (inf --> 0.387701).  Saving model ...
Epoch: 1 	Training Loss: 1.342107 	Validation Loss: 0.302873
Validation loss decreased (0.387701 --> 0.302873).  Saving model ...
Epoch: 2 	Training Loss: 1.217945 	Validation Loss: 0.260623
Validation loss decreased (0.302873 --> 0.260623).  Saving model ...
Epoch: 3 	Training Loss: 1.118734 	Validation Loss: 0.244180
Validation loss decreased (0.260623 --> 0.244180).  Saving model ...
Epoch: 4 	Training Loss: 1.039036 	Validation Loss: 0.229839
Validation loss decreased (0.244180 --> 0.229839).  Saving model ...
Epoch: 5 	Training Loss: 0.972131 	Validation Loss: 0.200952
Validation loss decreased (0.229839 --> 0.200952).  Saving model ...
Epoch: 6 	Training Loss: 0.922013 	Validation Loss: 0.203881
Epoch: 7 	Training Loss: 0.887358 	Validation Loss: 0.184849
Validation loss decreased (0.200952 --> 0.184849).  Saving model ...
Epoch: 8 	Training Loss: 0.849215 	Validation Loss: 0.184106
Validation loss decreased (0.184849 --> 0.184106).  Saving model ...
Epoch: 9 	Training Loss: 0.820754 	Validation Loss: 0.175371
Validation loss decreased (0.184106 --> 0.175371).  Saving model ...
Epoch: 10 	Training Loss: 0.788922 	Validation Loss: 0.157039
Validation loss decreased (0.175371 --> 0.157039).  Saving model ...
Epoch: 11 	Training Loss: 0.758536 	Validation Loss: 0.150475
Validation loss decreased (0.157039 --> 0.150475).  Saving model ...
Epoch: 12 	Training Loss: 0.733308 	Validation Loss: 0.161316
Epoch: 13 	Training Loss: 0.710370 	Validation Loss: 0.144625
Validation loss decreased (0.150475 --> 0.144625).  Saving model ...
Epoch: 14 	Training Loss: 0.693851 	Validation Loss: 0.141874
Validation loss decreased (0.144625 --> 0.141874).  Saving model ...
Epoch: 15 	Training Loss: 0.670681 	Validation Loss: 0.131870
Validation loss decreased (0.141874 --> 0.131870).  Saving model ...
Epoch: 16 	Training Loss: 0.654107 	Validation Loss: 0.138749
Epoch: 17 	Training Loss: 0.640517 	Validation Loss: 0.125392
Validation loss decreased (0.131870 --> 0.125392).  Saving model ...
Epoch: 18 	Training Loss: 0.628801 	Validation Loss: 0.122209
Validation loss decreased (0.125392 --> 0.122209).  Saving model ...
Epoch: 19 	Training Loss: 0.611166 	Validation Loss: 0.129938
Test Loss: 0.660682

Test Accuracy of airplane: 80% (189/234)
Test Accuracy of automobile: 85% (210/246)
Test Accuracy of  bird: 77% (219/281)
Test Accuracy of   cat: 56% (144/253)
Test Accuracy of  deer: 83% (189/227)
Test Accuracy of   dog: 57% (143/250)
Test Accuracy of  frog: 88% (220/248)
Test Accuracy of horse: 78% (196/250)
Test Accuracy of  ship: 94% (243/258)
Test Accuracy of truck: 76% (203/265)

Test Accuracy (Overall): 77% (1956/2512)
Epoch: 0 	Training Loss: 1.512034 	Validation Loss: 0.316895
Validation loss decreased (inf --> 0.316895).  Saving model ...
Epoch: 1 	Training Loss: 1.277085 	Validation Loss: 0.277657
Validation loss decreased (0.316895 --> 0.277657).  Saving model ...
Epoch: 2 	Training Loss: 1.157819 	Validation Loss: 0.254133
Validation loss decreased (0.277657 --> 0.254133).  Saving model ...
Epoch: 3 	Training Loss: 1.067962 	Validation Loss: 0.222700
Validation loss decreased (0.254133 --> 0.222700).  Saving model ...
Epoch: 4 	Training Loss: 0.967767 	Validation Loss: 0.228487
Epoch: 5 	Training Loss: 0.902641 	Validation Loss: 0.202092
Validation loss decreased (0.222700 --> 0.202092).  Saving model ...
Epoch: 6 	Training Loss: 0.852469 	Validation Loss: 0.198319
Validation loss decreased (0.202092 --> 0.198319).  Saving model ...
Epoch: 7 	Training Loss: 0.810015 	Validation Loss: 0.180353
Validation loss decreased (0.198319 --> 0.180353).  Saving model ...
Epoch: 8 	Training Loss: 0.767547 	Validation Loss: 0.180628
Epoch: 9 	Training Loss: 0.739737 	Validation Loss: 0.161742
Validation loss decreased (0.180353 --> 0.161742).  Saving model ...
Epoch: 10 	Training Loss: 0.710181 	Validation Loss: 0.148440
Validation loss decreased (0.161742 --> 0.148440).  Saving model ...
Epoch: 11 	Training Loss: 0.680205 	Validation Loss: 0.141029
Validation loss decreased (0.148440 --> 0.141029).  Saving model ...
Epoch: 12 	Training Loss: 0.659510 	Validation Loss: 0.142966
Epoch: 13 	Training Loss: 0.641117 	Validation Loss: 0.139729
Validation loss decreased (0.141029 --> 0.139729).  Saving model ...
Epoch: 14 	Training Loss: 0.619751 	Validation Loss: 0.138511
Validation loss decreased (0.139729 --> 0.138511).  Saving model ...
Epoch: 15 	Training Loss: 0.595599 	Validation Loss: 0.133845
Validation loss decreased (0.138511 --> 0.133845).  Saving model ...
Epoch: 16 	Training Loss: 0.579703 	Validation Loss: 0.128461
Validation loss decreased (0.133845 --> 0.128461).  Saving model ...
Epoch: 17 	Training Loss: 0.571161 	Validation Loss: 0.126621
Validation loss decreased (0.128461 --> 0.126621).  Saving model ...
Epoch: 18 	Training Loss: 0.556335 	Validation Loss: 0.119933
Validation loss decreased (0.126621 --> 0.119933).  Saving model ...
Epoch: 19 	Training Loss: 0.541742 	Validation Loss: 0.120311
Test Loss: 0.604503

Test Accuracy of airplane: 79% (186/234)
Test Accuracy of automobile: 95% (235/246)
Test Accuracy of  bird: 65% (183/281)
Test Accuracy of   cat: 60% (152/253)
Test Accuracy of  deer: 78% (179/227)
Test Accuracy of   dog: 68% (170/250)
Test Accuracy of  frog: 89% (222/248)
Test Accuracy of horse: 83% (209/250)
Test Accuracy of  ship: 84% (219/258)
Test Accuracy of truck: 84% (223/265)

Test Accuracy (Overall): 78% (1978/2512)
Epoch: 0 	Training Loss: 1.589572 	Validation Loss: 0.332984
Validation loss decreased (inf --> 0.332984).  Saving model ...
Epoch: 1 	Training Loss: 1.341810 	Validation Loss: 0.315116
Validation loss decreased (0.332984 --> 0.315116).  Saving model ...
Epoch: 2 	Training Loss: 1.247262 	Validation Loss: 0.286729
Validation loss decreased (0.315116 --> 0.286729).  Saving model ...
Epoch: 3 	Training Loss: 1.168895 	Validation Loss: 0.244213
Validation loss decreased (0.286729 --> 0.244213).  Saving model ...
Epoch: 4 	Training Loss: 1.097262 	Validation Loss: 0.244320
Epoch: 5 	Training Loss: 1.034347 	Validation Loss: 0.218856
Validation loss decreased (0.244213 --> 0.218856).  Saving model ...
Epoch: 6 	Training Loss: 0.976545 	Validation Loss: 0.203860
Validation loss decreased (0.218856 --> 0.203860).  Saving model ...
Epoch: 7 	Training Loss: 0.940086 	Validation Loss: 0.199790
Validation loss decreased (0.203860 --> 0.199790).  Saving model ...
Epoch: 8 	Training Loss: 0.906216 	Validation Loss: 0.188399
Validation loss decreased (0.199790 --> 0.188399).  Saving model ...
Epoch: 9 	Training Loss: 0.871453 	Validation Loss: 0.179954
Validation loss decreased (0.188399 --> 0.179954).  Saving model ...
Epoch: 10 	Training Loss: 0.840436 	Validation Loss: 0.216426
Epoch: 11 	Training Loss: 0.816285 	Validation Loss: 0.163870
Validation loss decreased (0.179954 --> 0.163870).  Saving model ...
Epoch: 12 	Training Loss: 0.795543 	Validation Loss: 0.157561
Validation loss decreased (0.163870 --> 0.157561).  Saving model ...
Epoch: 13 	Training Loss: 0.766053 	Validation Loss: 0.149991
Validation loss decreased (0.157561 --> 0.149991).  Saving model ...
Epoch: 14 	Training Loss: 0.750918 	Validation Loss: 0.151129
Epoch: 15 	Training Loss: 0.733094 	Validation Loss: 0.147371
Validation loss decreased (0.149991 --> 0.147371).  Saving model ...
Epoch: 16 	Training Loss: 0.716890 	Validation Loss: 0.142008
Validation loss decreased (0.147371 --> 0.142008).  Saving model ...
Epoch: 17 	Training Loss: 0.698514 	Validation Loss: 0.136997
Validation loss decreased (0.142008 --> 0.136997).  Saving model ...
Epoch: 18 	Training Loss: 0.684109 	Validation Loss: 0.136990
Validation loss decreased (0.136997 --> 0.136990).  Saving model ...
Epoch: 19 	Training Loss: 0.663300 	Validation Loss: 0.129836
Validation loss decreased (0.136990 --> 0.129836).  Saving model ...
Test Loss: 0.662417

Test Accuracy of airplane: 85% (201/234)
Test Accuracy of automobile: 94% (232/246)
Test Accuracy of  bird: 74% (209/281)
Test Accuracy of   cat: 60% (152/253)
Test Accuracy of  deer: 73% (167/227)
Test Accuracy of   dog: 52% (130/250)
Test Accuracy of  frog: 83% (208/248)
Test Accuracy of horse: 82% (207/250)
Test Accuracy of  ship: 84% (219/258)
Test Accuracy of truck: 85% (227/265)

Test Accuracy (Overall): 77% (1952/2512)
Epoch: 0 	Training Loss: 1.462040 	Validation Loss: 0.301084
Validation loss decreased (inf --> 0.301084).  Saving model ...
Epoch: 1 	Training Loss: 1.214757 	Validation Loss: 0.269532
Validation loss decreased (0.301084 --> 0.269532).  Saving model ...
Epoch: 2 	Training Loss: 1.096710 	Validation Loss: 0.239082
Validation loss decreased (0.269532 --> 0.239082).  Saving model ...
Epoch: 3 	Training Loss: 1.003735 	Validation Loss: 0.215123
Validation loss decreased (0.239082 --> 0.215123).  Saving model ...
Epoch: 4 	Training Loss: 0.934246 	Validation Loss: 0.204472
Validation loss decreased (0.215123 --> 0.204472).  Saving model ...
Epoch: 5 	Training Loss: 0.877978 	Validation Loss: 0.194095
Validation loss decreased (0.204472 --> 0.194095).  Saving model ...
Epoch: 6 	Training Loss: 0.834222 	Validation Loss: 0.183754
Validation loss decreased (0.194095 --> 0.183754).  Saving model ...
Epoch: 7 	Training Loss: 0.791389 	Validation Loss: 0.166934
Validation loss decreased (0.183754 --> 0.166934).  Saving model ...
Epoch: 8 	Training Loss: 0.759308 	Validation Loss: 0.157283
Validation loss decreased (0.166934 --> 0.157283).  Saving model ...
Epoch: 9 	Training Loss: 0.724488 	Validation Loss: 0.154778
Validation loss decreased (0.157283 --> 0.154778).  Saving model ...
Epoch: 10 	Training Loss: 0.703455 	Validation Loss: 0.151138
Validation loss decreased (0.154778 --> 0.151138).  Saving model ...
Epoch: 11 	Training Loss: 0.678045 	Validation Loss: 0.141165
Validation loss decreased (0.151138 --> 0.141165).  Saving model ...
Epoch: 12 	Training Loss: 0.652162 	Validation Loss: 0.144076
Epoch: 13 	Training Loss: 0.629043 	Validation Loss: 0.132272
Validation loss decreased (0.141165 --> 0.132272).  Saving model ...
Epoch: 14 	Training Loss: 0.610904 	Validation Loss: 0.131971
Validation loss decreased (0.132272 --> 0.131971).  Saving model ...
Epoch: 15 	Training Loss: 0.596564 	Validation Loss: 0.128819
Validation loss decreased (0.131971 --> 0.128819).  Saving model ...
Epoch: 16 	Training Loss: 0.578335 	Validation Loss: 0.128377
Validation loss decreased (0.128819 --> 0.128377).  Saving model ...
Epoch: 17 	Training Loss: 0.564814 	Validation Loss: 0.124932
Validation loss decreased (0.128377 --> 0.124932).  Saving model ...
Epoch: 18 	Training Loss: 0.552426 	Validation Loss: 0.126566
Epoch: 19 	Training Loss: 0.532422 	Validation Loss: 0.117983
Validation loss decreased (0.124932 --> 0.117983).  Saving model ...
Test Loss: 0.604575

Test Accuracy of airplane: 89% (209/234)
Test Accuracy of automobile: 84% (209/246)
Test Accuracy of  bird: 75% (212/281)
Test Accuracy of   cat: 54% (137/253)
Test Accuracy of  deer: 77% (176/227)
Test Accuracy of   dog: 59% (148/250)
Test Accuracy of  frog: 87% (216/248)
Test Accuracy of horse: 86% (215/250)
Test Accuracy of  ship: 91% (235/258)
Test Accuracy of truck: 86% (228/265)

Test Accuracy (Overall): 79% (1985/2512)
Epoch: 0 	Training Loss: 1.473007 	Validation Loss: 0.309081
Validation loss decreased (inf --> 0.309081).  Saving model ...
Epoch: 1 	Training Loss: 1.256532 	Validation Loss: 0.273932
Validation loss decreased (0.309081 --> 0.273932).  Saving model ...
Epoch: 2 	Training Loss: 1.138037 	Validation Loss: 0.251225
Validation loss decreased (0.273932 --> 0.251225).  Saving model ...
Epoch: 3 	Training Loss: 1.037943 	Validation Loss: 0.230437
Validation loss decreased (0.251225 --> 0.230437).  Saving model ...
Epoch: 4 	Training Loss: 0.968206 	Validation Loss: 0.207108
Validation loss decreased (0.230437 --> 0.207108).  Saving model ...
Epoch: 5 	Training Loss: 0.912105 	Validation Loss: 0.184294
Validation loss decreased (0.207108 --> 0.184294).  Saving model ...
Epoch: 6 	Training Loss: 0.863863 	Validation Loss: 0.177099
Validation loss decreased (0.184294 --> 0.177099).  Saving model ...
Epoch: 7 	Training Loss: 0.828016 	Validation Loss: 0.167423
Validation loss decreased (0.177099 --> 0.167423).  Saving model ...
Epoch: 8 	Training Loss: 0.798032 	Validation Loss: 0.161653
Validation loss decreased (0.167423 --> 0.161653).  Saving model ...
Epoch: 9 	Training Loss: 0.767778 	Validation Loss: 0.164137
Epoch: 10 	Training Loss: 0.740658 	Validation Loss: 0.147404
Validation loss decreased (0.161653 --> 0.147404).  Saving model ...
Epoch: 11 	Training Loss: 0.720478 	Validation Loss: 0.144929
Validation loss decreased (0.147404 --> 0.144929).  Saving model ...
Epoch: 12 	Training Loss: 0.699381 	Validation Loss: 0.143486
Validation loss decreased (0.144929 --> 0.143486).  Saving model ...
Epoch: 13 	Training Loss: 0.684814 	Validation Loss: 0.138815
Validation loss decreased (0.143486 --> 0.138815).  Saving model ...
Epoch: 14 	Training Loss: 0.664745 	Validation Loss: 0.138963
Epoch: 15 	Training Loss: 0.644581 	Validation Loss: 0.131148
Validation loss decreased (0.138815 --> 0.131148).  Saving model ...
Epoch: 16 	Training Loss: 0.634991 	Validation Loss: 0.127947
Validation loss decreased (0.131148 --> 0.127947).  Saving model ...
Epoch: 17 	Training Loss: 0.616960 	Validation Loss: 0.124404
Validation loss decreased (0.127947 --> 0.124404).  Saving model ...
Epoch: 18 	Training Loss: 0.606363 	Validation Loss: 0.128161
Epoch: 19 	Training Loss: 0.594062 	Validation Loss: 0.118227
Validation loss decreased (0.124404 --> 0.118227).  Saving model ...
Test Loss: 0.592391

Test Accuracy of airplane: 80% (189/234)
Test Accuracy of automobile: 89% (220/246)
Test Accuracy of  bird: 69% (195/281)
Test Accuracy of   cat: 64% (162/253)
Test Accuracy of  deer: 80% (182/227)
Test Accuracy of   dog: 67% (169/250)
Test Accuracy of  frog: 80% (200/248)
Test Accuracy of horse: 85% (214/250)
Test Accuracy of  ship: 90% (234/258)
Test Accuracy of truck: 85% (226/265)

Test Accuracy (Overall): 79% (1991/2512)
Epoch: 0 	Training Loss: 1.447198 	Validation Loss: 0.306353
Validation loss decreased (inf --> 0.306353).  Saving model ...
Epoch: 1 	Training Loss: 1.223129 	Validation Loss: 0.261146
Validation loss decreased (0.306353 --> 0.261146).  Saving model ...
Epoch: 2 	Training Loss: 1.102283 	Validation Loss: 0.230382
Validation loss decreased (0.261146 --> 0.230382).  Saving model ...
Epoch: 3 	Training Loss: 1.007844 	Validation Loss: 0.223961
Validation loss decreased (0.230382 --> 0.223961).  Saving model ...
Epoch: 4 	Training Loss: 0.933081 	Validation Loss: 0.207005
Validation loss decreased (0.223961 --> 0.207005).  Saving model ...
Epoch: 5 	Training Loss: 0.882882 	Validation Loss: 0.183432
Validation loss decreased (0.207005 --> 0.183432).  Saving model ...
Epoch: 6 	Training Loss: 0.837410 	Validation Loss: 0.181661
Validation loss decreased (0.183432 --> 0.181661).  Saving model ...
Epoch: 7 	Training Loss: 0.802641 	Validation Loss: 0.165914
Validation loss decreased (0.181661 --> 0.165914).  Saving model ...
Epoch: 8 	Training Loss: 0.769296 	Validation Loss: 0.186916
Epoch: 9 	Training Loss: 0.741465 	Validation Loss: 0.161316
Validation loss decreased (0.165914 --> 0.161316).  Saving model ...
Epoch: 10 	Training Loss: 0.720704 	Validation Loss: 0.158367
Validation loss decreased (0.161316 --> 0.158367).  Saving model ...
Epoch: 11 	Training Loss: 0.702420 	Validation Loss: 0.153172
Validation loss decreased (0.158367 --> 0.153172).  Saving model ...
Epoch: 12 	Training Loss: 0.680825 	Validation Loss: 0.139387
Validation loss decreased (0.153172 --> 0.139387).  Saving model ...
Epoch: 13 	Training Loss: 0.658609 	Validation Loss: 0.134982
Validation loss decreased (0.139387 --> 0.134982).  Saving model ...
Epoch: 14 	Training Loss: 0.637546 	Validation Loss: 0.130385
Validation loss decreased (0.134982 --> 0.130385).  Saving model ...
Epoch: 15 	Training Loss: 0.617513 	Validation Loss: 0.143652
Epoch: 16 	Training Loss: 0.602334 	Validation Loss: 0.130015
Validation loss decreased (0.130385 --> 0.130015).  Saving model ...
Epoch: 17 	Training Loss: 0.588380 	Validation Loss: 0.134426
Epoch: 18 	Training Loss: 0.570085 	Validation Loss: 0.120419
Validation loss decreased (0.130015 --> 0.120419).  Saving model ...
Epoch: 19 	Training Loss: 0.560966 	Validation Loss: 0.118137
Validation loss decreased (0.120419 --> 0.118137).  Saving model ...
Test Loss: 0.595741

Test Accuracy of airplane: 92% (216/234)
Test Accuracy of automobile: 93% (231/246)
Test Accuracy of  bird: 67% (190/281)
Test Accuracy of   cat: 51% (131/253)
Test Accuracy of  deer: 77% (177/227)
Test Accuracy of   dog: 74% (187/250)
Test Accuracy of  frog: 81% (203/248)
Test Accuracy of horse: 88% (220/250)
Test Accuracy of  ship: 82% (213/258)
Test Accuracy of truck: 77% (205/265)

Test Accuracy (Overall): 78% (1973/2512)
Epoch: 0 	Training Loss: 1.498621 	Validation Loss: 0.332547
Validation loss decreased (inf --> 0.332547).  Saving model ...
Epoch: 1 	Training Loss: 1.288041 	Validation Loss: 0.295106
Validation loss decreased (0.332547 --> 0.295106).  Saving model ...
Epoch: 2 	Training Loss: 1.179018 	Validation Loss: 0.252966
Validation loss decreased (0.295106 --> 0.252966).  Saving model ...
Epoch: 3 	Training Loss: 1.087371 	Validation Loss: 0.219562
Validation loss decreased (0.252966 --> 0.219562).  Saving model ...
Epoch: 4 	Training Loss: 1.002494 	Validation Loss: 0.220056
Epoch: 5 	Training Loss: 0.942888 	Validation Loss: 0.207780
Validation loss decreased (0.219562 --> 0.207780).  Saving model ...
Epoch: 6 	Training Loss: 0.892219 	Validation Loss: 0.190707
Validation loss decreased (0.207780 --> 0.190707).  Saving model ...
Epoch: 7 	Training Loss: 0.852557 	Validation Loss: 0.182758
Validation loss decreased (0.190707 --> 0.182758).  Saving model ...
Epoch: 8 	Training Loss: 0.819139 	Validation Loss: 0.172324
Validation loss decreased (0.182758 --> 0.172324).  Saving model ...
Epoch: 9 	Training Loss: 0.790149 	Validation Loss: 0.157212
Validation loss decreased (0.172324 --> 0.157212).  Saving model ...
Epoch: 10 	Training Loss: 0.761084 	Validation Loss: 0.156387
Validation loss decreased (0.157212 --> 0.156387).  Saving model ...
Epoch: 11 	Training Loss: 0.735566 	Validation Loss: 0.154220
Validation loss decreased (0.156387 --> 0.154220).  Saving model ...
Epoch: 12 	Training Loss: 0.713571 	Validation Loss: 0.142779
Validation loss decreased (0.154220 --> 0.142779).  Saving model ...
Epoch: 13 	Training Loss: 0.696855 	Validation Loss: 0.139613
Validation loss decreased (0.142779 --> 0.139613).  Saving model ...
Epoch: 14 	Training Loss: 0.673508 	Validation Loss: 0.131922
Validation loss decreased (0.139613 --> 0.131922).  Saving model ...
Epoch: 15 	Training Loss: 0.656502 	Validation Loss: 0.127582
Validation loss decreased (0.131922 --> 0.127582).  Saving model ...
Epoch: 16 	Training Loss: 0.638217 	Validation Loss: 0.125063
Validation loss decreased (0.127582 --> 0.125063).  Saving model ...
Epoch: 17 	Training Loss: 0.626400 	Validation Loss: 0.126904
Epoch: 18 	Training Loss: 0.617681 	Validation Loss: 0.123143
Validation loss decreased (0.125063 --> 0.123143).  Saving model ...
Epoch: 19 	Training Loss: 0.599967 	Validation Loss: 0.120565
Validation loss decreased (0.123143 --> 0.120565).  Saving model ...
Test Loss: 0.605929

Test Accuracy of airplane: 76% (179/234)
Test Accuracy of automobile: 92% (227/246)
Test Accuracy of  bird: 74% (210/281)
Test Accuracy of   cat: 61% (155/253)
Test Accuracy of  deer: 81% (185/227)
Test Accuracy of   dog: 63% (159/250)
Test Accuracy of  frog: 84% (209/248)
Test Accuracy of horse: 81% (203/250)
Test Accuracy of  ship: 90% (234/258)
Test Accuracy of truck: 85% (226/265)

Test Accuracy (Overall): 79% (1987/2512)
Epoch: 0 	Training Loss: 1.545827 	Validation Loss: 0.324556
Validation loss decreased (inf --> 0.324556).  Saving model ...
Epoch: 1 	Training Loss: 1.318939 	Validation Loss: 0.299315
Validation loss decreased (0.324556 --> 0.299315).  Saving model ...
Epoch: 2 	Training Loss: 1.205153 	Validation Loss: 0.261051
Validation loss decreased (0.299315 --> 0.261051).  Saving model ...
Epoch: 3 	Training Loss: 1.119750 	Validation Loss: 0.238045
Validation loss decreased (0.261051 --> 0.238045).  Saving model ...
Epoch: 4 	Training Loss: 1.039478 	Validation Loss: 0.237485
Validation loss decreased (0.238045 --> 0.237485).  Saving model ...
Epoch: 5 	Training Loss: 0.969261 	Validation Loss: 0.197948
Validation loss decreased (0.237485 --> 0.197948).  Saving model ...
Epoch: 6 	Training Loss: 0.903451 	Validation Loss: 0.188853
Validation loss decreased (0.197948 --> 0.188853).  Saving model ...
Epoch: 7 	Training Loss: 0.856823 	Validation Loss: 0.182957
Validation loss decreased (0.188853 --> 0.182957).  Saving model ...
Epoch: 8 	Training Loss: 0.816386 	Validation Loss: 0.183089
Epoch: 9 	Training Loss: 0.777765 	Validation Loss: 0.163906
Validation loss decreased (0.182957 --> 0.163906).  Saving model ...
Epoch: 10 	Training Loss: 0.747268 	Validation Loss: 0.154132
Validation loss decreased (0.163906 --> 0.154132).  Saving model ...
Epoch: 11 	Training Loss: 0.716120 	Validation Loss: 0.151524
Validation loss decreased (0.154132 --> 0.151524).  Saving model ...
Epoch: 12 	Training Loss: 0.695578 	Validation Loss: 0.162652
Epoch: 13 	Training Loss: 0.671582 	Validation Loss: 0.145185
Validation loss decreased (0.151524 --> 0.145185).  Saving model ...
Epoch: 14 	Training Loss: 0.645612 	Validation Loss: 0.133319
Validation loss decreased (0.145185 --> 0.133319).  Saving model ...
Epoch: 15 	Training Loss: 0.628501 	Validation Loss: 0.131046
Validation loss decreased (0.133319 --> 0.131046).  Saving model ...
Epoch: 16 	Training Loss: 0.606063 	Validation Loss: 0.133226
Epoch: 17 	Training Loss: 0.590530 	Validation Loss: 0.133103
Epoch: 18 	Training Loss: 0.571736 	Validation Loss: 0.119546
Validation loss decreased (0.131046 --> 0.119546).  Saving model ...
Epoch: 19 	Training Loss: 0.553838 	Validation Loss: 0.117579
Validation loss decreased (0.119546 --> 0.117579).  Saving model ...
Test Loss: 0.596354

Test Accuracy of airplane: 78% (184/234)
Test Accuracy of automobile: 91% (225/246)
Test Accuracy of  bird: 64% (182/281)
Test Accuracy of   cat: 60% (154/253)
Test Accuracy of  deer: 89% (203/227)
Test Accuracy of   dog: 63% (159/250)
Test Accuracy of  frog: 88% (220/248)
Test Accuracy of horse: 82% (207/250)
Test Accuracy of  ship: 91% (235/258)
Test Accuracy of truck: 83% (220/265)

Test Accuracy (Overall): 79% (1989/2512)
Epoch: 0 	Training Loss: 1.506918 	Validation Loss: 0.322851
Validation loss decreased (inf --> 0.322851).  Saving model ...
Epoch: 1 	Training Loss: 1.271724 	Validation Loss: 0.297316
Validation loss decreased (0.322851 --> 0.297316).  Saving model ...
Epoch: 2 	Training Loss: 1.144532 	Validation Loss: 0.264805
Validation loss decreased (0.297316 --> 0.264805).  Saving model ...
Epoch: 3 	Training Loss: 1.047792 	Validation Loss: 0.226288
Validation loss decreased (0.264805 --> 0.226288).  Saving model ...
Epoch: 4 	Training Loss: 0.961470 	Validation Loss: 0.207019
Validation loss decreased (0.226288 --> 0.207019).  Saving model ...
Epoch: 5 	Training Loss: 0.893631 	Validation Loss: 0.190745
Validation loss decreased (0.207019 --> 0.190745).  Saving model ...
Epoch: 6 	Training Loss: 0.842223 	Validation Loss: 0.188942
Validation loss decreased (0.190745 --> 0.188942).  Saving model ...
Epoch: 7 	Training Loss: 0.803238 	Validation Loss: 0.175467
Validation loss decreased (0.188942 --> 0.175467).  Saving model ...
Epoch: 8 	Training Loss: 0.764713 	Validation Loss: 0.170361
Validation loss decreased (0.175467 --> 0.170361).  Saving model ...
Epoch: 9 	Training Loss: 0.731069 	Validation Loss: 0.156024
Validation loss decreased (0.170361 --> 0.156024).  Saving model ...
Epoch: 10 	Training Loss: 0.702173 	Validation Loss: 0.160321
Epoch: 11 	Training Loss: 0.675008 	Validation Loss: 0.148993
Validation loss decreased (0.156024 --> 0.148993).  Saving model ...
Epoch: 12 	Training Loss: 0.652730 	Validation Loss: 0.143387
Validation loss decreased (0.148993 --> 0.143387).  Saving model ...
Epoch: 13 	Training Loss: 0.627304 	Validation Loss: 0.132817
Validation loss decreased (0.143387 --> 0.132817).  Saving model ...
Epoch: 14 	Training Loss: 0.603119 	Validation Loss: 0.132366
Validation loss decreased (0.132817 --> 0.132366).  Saving model ...
Epoch: 15 	Training Loss: 0.583384 	Validation Loss: 0.123650
Validation loss decreased (0.132366 --> 0.123650).  Saving model ...
Epoch: 16 	Training Loss: 0.571378 	Validation Loss: 0.122493
Validation loss decreased (0.123650 --> 0.122493).  Saving model ...
Epoch: 17 	Training Loss: 0.552921 	Validation Loss: 0.126495
Epoch: 18 	Training Loss: 0.536270 	Validation Loss: 0.121395
Validation loss decreased (0.122493 --> 0.121395).  Saving model ...
Epoch: 19 	Training Loss: 0.519695 	Validation Loss: 0.114113
Validation loss decreased (0.121395 --> 0.114113).  Saving model ...
Test Loss: 0.577902

Test Accuracy of airplane: 82% (194/234)
Test Accuracy of automobile: 95% (235/246)
Test Accuracy of  bird: 71% (200/281)
Test Accuracy of   cat: 61% (155/253)
Test Accuracy of  deer: 82% (188/227)
Test Accuracy of   dog: 63% (158/250)
Test Accuracy of  frog: 88% (219/248)
Test Accuracy of horse: 86% (215/250)
Test Accuracy of  ship: 89% (232/258)
Test Accuracy of truck: 84% (225/265)

Test Accuracy (Overall): 80% (2021/2512)
Epoch: 0 	Training Loss: 1.506339 	Validation Loss: 0.322594
Validation loss decreased (inf --> 0.322594).  Saving model ...
Epoch: 1 	Training Loss: 1.271109 	Validation Loss: 0.281271
Validation loss decreased (0.322594 --> 0.281271).  Saving model ...
Epoch: 2 	Training Loss: 1.162535 	Validation Loss: 0.252916
Validation loss decreased (0.281271 --> 0.252916).  Saving model ...
Epoch: 3 	Training Loss: 1.060230 	Validation Loss: 0.222136
Validation loss decreased (0.252916 --> 0.222136).  Saving model ...
Epoch: 4 	Training Loss: 0.979081 	Validation Loss: 0.203168
Validation loss decreased (0.222136 --> 0.203168).  Saving model ...
Epoch: 5 	Training Loss: 0.924816 	Validation Loss: 0.201569
Validation loss decreased (0.203168 --> 0.201569).  Saving model ...
Epoch: 6 	Training Loss: 0.877131 	Validation Loss: 0.185393
Validation loss decreased (0.201569 --> 0.185393).  Saving model ...
Epoch: 7 	Training Loss: 0.844678 	Validation Loss: 0.181270
Validation loss decreased (0.185393 --> 0.181270).  Saving model ...
Epoch: 8 	Training Loss: 0.808890 	Validation Loss: 0.172212
Validation loss decreased (0.181270 --> 0.172212).  Saving model ...
Epoch: 9 	Training Loss: 0.781799 	Validation Loss: 0.169126
Validation loss decreased (0.172212 --> 0.169126).  Saving model ...
Epoch: 10 	Training Loss: 0.761850 	Validation Loss: 0.164071
Validation loss decreased (0.169126 --> 0.164071).  Saving model ...
Epoch: 11 	Training Loss: 0.732340 	Validation Loss: 0.160268
Validation loss decreased (0.164071 --> 0.160268).  Saving model ...
Epoch: 12 	Training Loss: 0.718503 	Validation Loss: 0.156926
Validation loss decreased (0.160268 --> 0.156926).  Saving model ...
Epoch: 13 	Training Loss: 0.701659 	Validation Loss: 0.146349
Validation loss decreased (0.156926 --> 0.146349).  Saving model ...
Epoch: 14 	Training Loss: 0.680721 	Validation Loss: 0.144155
Validation loss decreased (0.146349 --> 0.144155).  Saving model ...
Epoch: 15 	Training Loss: 0.665350 	Validation Loss: 0.150646
Epoch: 16 	Training Loss: 0.648725 	Validation Loss: 0.143320
Validation loss decreased (0.144155 --> 0.143320).  Saving model ...
Epoch: 17 	Training Loss: 0.637394 	Validation Loss: 0.134391
Validation loss decreased (0.143320 --> 0.134391).  Saving model ...
Epoch: 18 	Training Loss: 0.620993 	Validation Loss: 0.136015
Epoch: 19 	Training Loss: 0.609619 	Validation Loss: 0.125336
Validation loss decreased (0.134391 --> 0.125336).  Saving model ...
Test Loss: 0.626831

Test Accuracy of airplane: 80% (189/234)
Test Accuracy of automobile: 96% (237/246)
Test Accuracy of  bird: 70% (199/281)
Test Accuracy of   cat: 51% (131/253)
Test Accuracy of  deer: 84% (191/227)
Test Accuracy of   dog: 64% (162/250)
Test Accuracy of  frog: 81% (203/248)
Test Accuracy of horse: 85% (214/250)
Test Accuracy of  ship: 87% (226/258)
Test Accuracy of truck: 80% (213/265)

Test Accuracy (Overall): 78% (1965/2512)
Epoch: 0 	Training Loss: 1.478686 	Validation Loss: 0.304893
Validation loss decreased (inf --> 0.304893).  Saving model ...
Epoch: 1 	Training Loss: 1.224160 	Validation Loss: 0.255759
Validation loss decreased (0.304893 --> 0.255759).  Saving model ...
Epoch: 2 	Training Loss: 1.094571 	Validation Loss: 0.227092
Validation loss decreased (0.255759 --> 0.227092).  Saving model ...
Epoch: 3 	Training Loss: 0.994381 	Validation Loss: 0.209113
Validation loss decreased (0.227092 --> 0.209113).  Saving model ...
Epoch: 4 	Training Loss: 0.921877 	Validation Loss: 0.196628
Validation loss decreased (0.209113 --> 0.196628).  Saving model ...
Epoch: 5 	Training Loss: 0.875194 	Validation Loss: 0.176141
Validation loss decreased (0.196628 --> 0.176141).  Saving model ...
Epoch: 6 	Training Loss: 0.830961 	Validation Loss: 0.171770
Validation loss decreased (0.176141 --> 0.171770).  Saving model ...
Epoch: 7 	Training Loss: 0.794746 	Validation Loss: 0.174388
Epoch: 8 	Training Loss: 0.761044 	Validation Loss: 0.158562
Validation loss decreased (0.171770 --> 0.158562).  Saving model ...
Epoch: 9 	Training Loss: 0.727828 	Validation Loss: 0.158493
Validation loss decreased (0.158562 --> 0.158493).  Saving model ...
Epoch: 10 	Training Loss: 0.706475 	Validation Loss: 0.144878
Validation loss decreased (0.158493 --> 0.144878).  Saving model ...
Epoch: 11 	Training Loss: 0.677006 	Validation Loss: 0.142591
Validation loss decreased (0.144878 --> 0.142591).  Saving model ...
Epoch: 12 	Training Loss: 0.656581 	Validation Loss: 0.143334
Epoch: 13 	Training Loss: 0.635600 	Validation Loss: 0.132888
Validation loss decreased (0.142591 --> 0.132888).  Saving model ...
Epoch: 14 	Training Loss: 0.618832 	Validation Loss: 0.132235
Validation loss decreased (0.132888 --> 0.132235).  Saving model ...
Epoch: 15 	Training Loss: 0.602849 	Validation Loss: 0.129039
Validation loss decreased (0.132235 --> 0.129039).  Saving model ...
Epoch: 16 	Training Loss: 0.585082 	Validation Loss: 0.116001
Validation loss decreased (0.129039 --> 0.116001).  Saving model ...
Epoch: 17 	Training Loss: 0.571983 	Validation Loss: 0.116239
Epoch: 18 	Training Loss: 0.557235 	Validation Loss: 0.116663
Epoch: 19 	Training Loss: 0.547992 	Validation Loss: 0.117779
Test Loss: 0.588622

Test Accuracy of airplane: 89% (209/234)
Test Accuracy of automobile: 95% (234/246)
Test Accuracy of  bird: 66% (188/281)
Test Accuracy of   cat: 52% (133/253)
Test Accuracy of  deer: 87% (198/227)
Test Accuracy of   dog: 74% (185/250)
Test Accuracy of  frog: 87% (217/248)
Test Accuracy of horse: 75% (188/250)
Test Accuracy of  ship: 91% (236/258)
Test Accuracy of truck: 77% (206/265)

Test Accuracy (Overall): 79% (1994/2512)
Epoch: 0 	Training Loss: 1.638674 	Validation Loss: 0.346903
Validation loss decreased (inf --> 0.346903).  Saving model ...
Epoch: 1 	Training Loss: 1.386276 	Validation Loss: 0.319035
Validation loss decreased (0.346903 --> 0.319035).  Saving model ...
Epoch: 2 	Training Loss: 1.291775 	Validation Loss: 0.294072
Validation loss decreased (0.319035 --> 0.294072).  Saving model ...
Epoch: 3 	Training Loss: 1.219656 	Validation Loss: 0.275298
Validation loss decreased (0.294072 --> 0.275298).  Saving model ...
Epoch: 4 	Training Loss: 1.151340 	Validation Loss: 0.254856
Validation loss decreased (0.275298 --> 0.254856).  Saving model ...
Epoch: 5 	Training Loss: 1.083668 	Validation Loss: 0.236264
Validation loss decreased (0.254856 --> 0.236264).  Saving model ...
Epoch: 6 	Training Loss: 1.026601 	Validation Loss: 0.217669
Validation loss decreased (0.236264 --> 0.217669).  Saving model ...
Epoch: 7 	Training Loss: 0.977417 	Validation Loss: 0.212392
Validation loss decreased (0.217669 --> 0.212392).  Saving model ...
Epoch: 8 	Training Loss: 0.939113 	Validation Loss: 0.191173
Validation loss decreased (0.212392 --> 0.191173).  Saving model ...
Epoch: 9 	Training Loss: 0.900294 	Validation Loss: 0.176900
Validation loss decreased (0.191173 --> 0.176900).  Saving model ...
Epoch: 10 	Training Loss: 0.869596 	Validation Loss: 0.175999
Validation loss decreased (0.176900 --> 0.175999).  Saving model ...
Epoch: 11 	Training Loss: 0.835655 	Validation Loss: 0.169811
Validation loss decreased (0.175999 --> 0.169811).  Saving model ...
Epoch: 12 	Training Loss: 0.807614 	Validation Loss: 0.160125
Validation loss decreased (0.169811 --> 0.160125).  Saving model ...
Epoch: 13 	Training Loss: 0.784750 	Validation Loss: 0.159967
Validation loss decreased (0.160125 --> 0.159967).  Saving model ...
Epoch: 14 	Training Loss: 0.758949 	Validation Loss: 0.148887
Validation loss decreased (0.159967 --> 0.148887).  Saving model ...
Epoch: 15 	Training Loss: 0.735311 	Validation Loss: 0.152157
Epoch: 16 	Training Loss: 0.722779 	Validation Loss: 0.142495
Validation loss decreased (0.148887 --> 0.142495).  Saving model ...
Epoch: 17 	Training Loss: 0.706096 	Validation Loss: 0.136539
Validation loss decreased (0.142495 --> 0.136539).  Saving model ...
Epoch: 18 	Training Loss: 0.688480 	Validation Loss: 0.132393
Validation loss decreased (0.136539 --> 0.132393).  Saving model ...
Epoch: 19 	Training Loss: 0.673839 	Validation Loss: 0.136379
Test Loss: 0.691351

Test Accuracy of airplane: 76% (178/234)
Test Accuracy of automobile: 94% (233/246)
Test Accuracy of  bird: 73% (206/281)
Test Accuracy of   cat: 55% (140/253)
Test Accuracy of  deer: 70% (160/227)
Test Accuracy of   dog: 56% (142/250)
Test Accuracy of  frog: 88% (220/248)
Test Accuracy of horse: 78% (197/250)
Test Accuracy of  ship: 90% (234/258)
Test Accuracy of truck: 72% (193/265)

Test Accuracy (Overall): 75% (1903/2512)
Epoch: 0 	Training Loss: 1.471789 	Validation Loss: 0.291968
Validation loss decreased (inf --> 0.291968).  Saving model ...
Epoch: 1 	Training Loss: 1.237325 	Validation Loss: 0.273213
Validation loss decreased (0.291968 --> 0.273213).  Saving model ...
Epoch: 2 	Training Loss: 1.108988 	Validation Loss: 0.235809
Validation loss decreased (0.273213 --> 0.235809).  Saving model ...
Epoch: 3 	Training Loss: 1.011561 	Validation Loss: 0.215113
Validation loss decreased (0.235809 --> 0.215113).  Saving model ...
Epoch: 4 	Training Loss: 0.942289 	Validation Loss: 0.203092
Validation loss decreased (0.215113 --> 0.203092).  Saving model ...
Epoch: 5 	Training Loss: 0.885152 	Validation Loss: 0.190554
Validation loss decreased (0.203092 --> 0.190554).  Saving model ...
Epoch: 6 	Training Loss: 0.842373 	Validation Loss: 0.177756
Validation loss decreased (0.190554 --> 0.177756).  Saving model ...
Epoch: 7 	Training Loss: 0.809903 	Validation Loss: 0.164651
Validation loss decreased (0.177756 --> 0.164651).  Saving model ...
Epoch: 8 	Training Loss: 0.770880 	Validation Loss: 0.166399
Epoch: 9 	Training Loss: 0.742289 	Validation Loss: 0.164827
Epoch: 10 	Training Loss: 0.719278 	Validation Loss: 0.149424
Validation loss decreased (0.164651 --> 0.149424).  Saving model ...
Epoch: 11 	Training Loss: 0.697695 	Validation Loss: 0.151088
Epoch: 12 	Training Loss: 0.669379 	Validation Loss: 0.149677
Epoch: 13 	Training Loss: 0.649658 	Validation Loss: 0.135169
Validation loss decreased (0.149424 --> 0.135169).  Saving model ...
Epoch: 14 	Training Loss: 0.619952 	Validation Loss: 0.143052
Epoch: 15 	Training Loss: 0.608308 	Validation Loss: 0.137144
Epoch: 16 	Training Loss: 0.589146 	Validation Loss: 0.131186
Validation loss decreased (0.135169 --> 0.131186).  Saving model ...
Epoch: 17 	Training Loss: 0.582829 	Validation Loss: 0.126702
Validation loss decreased (0.131186 --> 0.126702).  Saving model ...
Epoch: 18 	Training Loss: 0.559046 	Validation Loss: 0.125881
Validation loss decreased (0.126702 --> 0.125881).  Saving model ...
Epoch: 19 	Training Loss: 0.550094 	Validation Loss: 0.130747
Test Loss: 0.663929

Test Accuracy of airplane: 80% (188/234)
Test Accuracy of automobile: 89% (220/246)
Test Accuracy of  bird: 65% (183/281)
Test Accuracy of   cat: 54% (139/253)
Test Accuracy of  deer: 87% (199/227)
Test Accuracy of   dog: 62% (157/250)
Test Accuracy of  frog: 93% (232/248)
Test Accuracy of horse: 86% (217/250)
Test Accuracy of  ship: 85% (220/258)
Test Accuracy of truck: 83% (222/265)

Test Accuracy (Overall): 78% (1977/2512)
Epoch: 0 	Training Loss: 1.569046 	Validation Loss: 0.339232
Validation loss decreased (inf --> 0.339232).  Saving model ...
Epoch: 1 	Training Loss: 1.315729 	Validation Loss: 0.305098
Validation loss decreased (0.339232 --> 0.305098).  Saving model ...
Epoch: 2 	Training Loss: 1.202205 	Validation Loss: 0.259653
Validation loss decreased (0.305098 --> 0.259653).  Saving model ...
Epoch: 3 	Training Loss: 1.113732 	Validation Loss: 0.241090
Validation loss decreased (0.259653 --> 0.241090).  Saving model ...
Epoch: 4 	Training Loss: 1.039611 	Validation Loss: 0.221539
Validation loss decreased (0.241090 --> 0.221539).  Saving model ...
Epoch: 5 	Training Loss: 0.981235 	Validation Loss: 0.211793
Validation loss decreased (0.221539 --> 0.211793).  Saving model ...
Epoch: 6 	Training Loss: 0.927550 	Validation Loss: 0.198848
Validation loss decreased (0.211793 --> 0.198848).  Saving model ...
Epoch: 7 	Training Loss: 0.884365 	Validation Loss: 0.190811
Validation loss decreased (0.198848 --> 0.190811).  Saving model ...
Epoch: 8 	Training Loss: 0.850932 	Validation Loss: 0.175024
Validation loss decreased (0.190811 --> 0.175024).  Saving model ...
Epoch: 9 	Training Loss: 0.823484 	Validation Loss: 0.169307
Validation loss decreased (0.175024 --> 0.169307).  Saving model ...
Epoch: 10 	Training Loss: 0.789876 	Validation Loss: 0.169874
Epoch: 11 	Training Loss: 0.768088 	Validation Loss: 0.167975
Validation loss decreased (0.169307 --> 0.167975).  Saving model ...
Epoch: 12 	Training Loss: 0.746788 	Validation Loss: 0.145725
Validation loss decreased (0.167975 --> 0.145725).  Saving model ...
Epoch: 13 	Training Loss: 0.725558 	Validation Loss: 0.142985
Validation loss decreased (0.145725 --> 0.142985).  Saving model ...
Epoch: 14 	Training Loss: 0.700347 	Validation Loss: 0.144918
Epoch: 15 	Training Loss: 0.681707 	Validation Loss: 0.136903
Validation loss decreased (0.142985 --> 0.136903).  Saving model ...
Epoch: 16 	Training Loss: 0.662933 	Validation Loss: 0.128908
Validation loss decreased (0.136903 --> 0.128908).  Saving model ...
Epoch: 17 	Training Loss: 0.646865 	Validation Loss: 0.129078
Epoch: 18 	Training Loss: 0.630581 	Validation Loss: 0.121404
Validation loss decreased (0.128908 --> 0.121404).  Saving model ...
Epoch: 19 	Training Loss: 0.615689 	Validation Loss: 0.124522
Test Loss: 0.626419

Test Accuracy of airplane: 85% (201/234)
Test Accuracy of automobile: 90% (223/246)
Test Accuracy of  bird: 74% (208/281)
Test Accuracy of   cat: 50% (128/253)
Test Accuracy of  deer: 80% (183/227)
Test Accuracy of   dog: 57% (144/250)
Test Accuracy of  frog: 88% (220/248)
Test Accuracy of horse: 82% (207/250)
Test Accuracy of  ship: 90% (233/258)
Test Accuracy of truck: 79% (211/265)

Test Accuracy (Overall): 77% (1958/2512)
Epoch: 0 	Training Loss: 1.510448 	Validation Loss: 0.319844
Validation loss decreased (inf --> 0.319844).  Saving model ...
Epoch: 1 	Training Loss: 1.267974 	Validation Loss: 0.276390
Validation loss decreased (0.319844 --> 0.276390).  Saving model ...
Epoch: 2 	Training Loss: 1.155367 	Validation Loss: 0.245121
Validation loss decreased (0.276390 --> 0.245121).  Saving model ...
Epoch: 3 	Training Loss: 1.072061 	Validation Loss: 0.250258
Epoch: 4 	Training Loss: 1.007792 	Validation Loss: 0.231170
Validation loss decreased (0.245121 --> 0.231170).  Saving model ...
Epoch: 5 	Training Loss: 0.953431 	Validation Loss: 0.222387
Validation loss decreased (0.231170 --> 0.222387).  Saving model ...
Epoch: 6 	Training Loss: 0.908064 	Validation Loss: 0.191867
Validation loss decreased (0.222387 --> 0.191867).  Saving model ...
Epoch: 7 	Training Loss: 0.878532 	Validation Loss: 0.185684
Validation loss decreased (0.191867 --> 0.185684).  Saving model ...
Epoch: 8 	Training Loss: 0.844186 	Validation Loss: 0.184972
Validation loss decreased (0.185684 --> 0.184972).  Saving model ...
Epoch: 9 	Training Loss: 0.820173 	Validation Loss: 0.161521
Validation loss decreased (0.184972 --> 0.161521).  Saving model ...
Epoch: 10 	Training Loss: 0.796178 	Validation Loss: 0.165590
Epoch: 11 	Training Loss: 0.776830 	Validation Loss: 0.166798
Epoch: 12 	Training Loss: 0.749185 	Validation Loss: 0.152030
Validation loss decreased (0.161521 --> 0.152030).  Saving model ...
Epoch: 13 	Training Loss: 0.730069 	Validation Loss: 0.147974
Validation loss decreased (0.152030 --> 0.147974).  Saving model ...
Epoch: 14 	Training Loss: 0.716756 	Validation Loss: 0.150203
Epoch: 15 	Training Loss: 0.699226 	Validation Loss: 0.148738
Epoch: 16 	Training Loss: 0.688172 	Validation Loss: 0.139619
Validation loss decreased (0.147974 --> 0.139619).  Saving model ...
Epoch: 17 	Training Loss: 0.672786 	Validation Loss: 0.135768
Validation loss decreased (0.139619 --> 0.135768).  Saving model ...
Epoch: 18 	Training Loss: 0.658136 	Validation Loss: 0.138919
Epoch: 19 	Training Loss: 0.648018 	Validation Loss: 0.128301
Validation loss decreased (0.135768 --> 0.128301).  Saving model ...
Test Loss: 0.634156

Test Accuracy of airplane: 74% (175/234)
Test Accuracy of automobile: 89% (219/246)
Test Accuracy of  bird: 64% (181/281)
Test Accuracy of   cat: 47% (121/253)
Test Accuracy of  deer: 78% (179/227)
Test Accuracy of   dog: 68% (170/250)
Test Accuracy of  frog: 83% (207/248)
Test Accuracy of horse: 86% (217/250)
Test Accuracy of  ship: 91% (236/258)
Test Accuracy of truck: 84% (225/265)

Test Accuracy (Overall): 76% (1930/2512)
Epoch: 0 	Training Loss: 1.443324 	Validation Loss: 0.305219
Validation loss decreased (inf --> 0.305219).  Saving model ...
Epoch: 1 	Training Loss: 1.230197 	Validation Loss: 0.268714
Validation loss decreased (0.305219 --> 0.268714).  Saving model ...
Epoch: 2 	Training Loss: 1.107986 	Validation Loss: 0.233644
Validation loss decreased (0.268714 --> 0.233644).  Saving model ...
Epoch: 3 	Training Loss: 1.004638 	Validation Loss: 0.219401
Validation loss decreased (0.233644 --> 0.219401).  Saving model ...
Epoch: 4 	Training Loss: 0.928070 	Validation Loss: 0.198651
Validation loss decreased (0.219401 --> 0.198651).  Saving model ...
Epoch: 5 	Training Loss: 0.878128 	Validation Loss: 0.192714
Validation loss decreased (0.198651 --> 0.192714).  Saving model ...
Epoch: 6 	Training Loss: 0.822701 	Validation Loss: 0.179133
Validation loss decreased (0.192714 --> 0.179133).  Saving model ...
Epoch: 7 	Training Loss: 0.788599 	Validation Loss: 0.175595
Validation loss decreased (0.179133 --> 0.175595).  Saving model ...
Epoch: 8 	Training Loss: 0.759500 	Validation Loss: 0.165758
Validation loss decreased (0.175595 --> 0.165758).  Saving model ...
Epoch: 9 	Training Loss: 0.727284 	Validation Loss: 0.159346
Validation loss decreased (0.165758 --> 0.159346).  Saving model ...
Epoch: 10 	Training Loss: 0.703195 	Validation Loss: 0.151270
Validation loss decreased (0.159346 --> 0.151270).  Saving model ...
Epoch: 11 	Training Loss: 0.675236 	Validation Loss: 0.142342
Validation loss decreased (0.151270 --> 0.142342).  Saving model ...
Epoch: 12 	Training Loss: 0.653405 	Validation Loss: 0.140365
Validation loss decreased (0.142342 --> 0.140365).  Saving model ...
Epoch: 13 	Training Loss: 0.638510 	Validation Loss: 0.145869
Epoch: 14 	Training Loss: 0.614181 	Validation Loss: 0.136972
Validation loss decreased (0.140365 --> 0.136972).  Saving model ...
Epoch: 15 	Training Loss: 0.598594 	Validation Loss: 0.124624
Validation loss decreased (0.136972 --> 0.124624).  Saving model ...
Epoch: 16 	Training Loss: 0.585136 	Validation Loss: 0.124581
Validation loss decreased (0.124624 --> 0.124581).  Saving model ...
Epoch: 17 	Training Loss: 0.565739 	Validation Loss: 0.120838
Validation loss decreased (0.124581 --> 0.120838).  Saving model ...
Epoch: 18 	Training Loss: 0.552519 	Validation Loss: 0.127859
Epoch: 19 	Training Loss: 0.541316 	Validation Loss: 0.116180
Validation loss decreased (0.120838 --> 0.116180).  Saving model ...
Test Loss: 0.583737

Test Accuracy of airplane: 82% (194/234)
Test Accuracy of automobile: 88% (218/246)
Test Accuracy of  bird: 61% (174/281)
Test Accuracy of   cat: 60% (152/253)
Test Accuracy of  deer: 84% (191/227)
Test Accuracy of   dog: 64% (162/250)
Test Accuracy of  frog: 80% (200/248)
Test Accuracy of horse: 93% (234/250)
Test Accuracy of  ship: 93% (240/258)
Test Accuracy of truck: 86% (230/265)

Test Accuracy (Overall): 79% (1995/2512)
Generation Number # 0


Epoch: 0 	Training Loss: 1.507689 	Validation Loss: 0.315907
Validation loss decreased (inf --> 0.315907).  Saving model ...
Epoch: 1 	Training Loss: 1.276085 	Validation Loss: 0.277716
Validation loss decreased (0.315907 --> 0.277716).  Saving model ...
Epoch: 2 	Training Loss: 1.161442 	Validation Loss: 0.249928
Validation loss decreased (0.277716 --> 0.249928).  Saving model ...
Epoch: 3 	Training Loss: 1.065109 	Validation Loss: 0.218786
Validation loss decreased (0.249928 --> 0.218786).  Saving model ...
Epoch: 4 	Training Loss: 0.977207 	Validation Loss: 0.203467
Validation loss decreased (0.218786 --> 0.203467).  Saving model ...
Epoch: 5 	Training Loss: 0.908626 	Validation Loss: 0.195384
Validation loss decreased (0.203467 --> 0.195384).  Saving model ...
Epoch: 6 	Training Loss: 0.860268 	Validation Loss: 0.175109
Validation loss decreased (0.195384 --> 0.175109).  Saving model ...
Epoch: 7 	Training Loss: 0.816586 	Validation Loss: 0.178984
Epoch: 8 	Training Loss: 0.782732 	Validation Loss: 0.160834
Validation loss decreased (0.175109 --> 0.160834).  Saving model ...
Epoch: 9 	Training Loss: 0.750579 	Validation Loss: 0.149876
Validation loss decreased (0.160834 --> 0.149876).  Saving model ...
Epoch: 10 	Training Loss: 0.719266 	Validation Loss: 0.147142
Validation loss decreased (0.149876 --> 0.147142).  Saving model ...
Epoch: 11 	Training Loss: 0.695524 	Validation Loss: 0.138563
Validation loss decreased (0.147142 --> 0.138563).  Saving model ...
Epoch: 12 	Training Loss: 0.664873 	Validation Loss: 0.131030
Validation loss decreased (0.138563 --> 0.131030).  Saving model ...
Epoch: 13 	Training Loss: 0.644191 	Validation Loss: 0.139222
Epoch: 14 	Training Loss: 0.630325 	Validation Loss: 0.129338
Validation loss decreased (0.131030 --> 0.129338).  Saving model ...
Epoch: 15 	Training Loss: 0.605562 	Validation Loss: 0.126822
Validation loss decreased (0.129338 --> 0.126822).  Saving model ...
Epoch: 16 	Training Loss: 0.593689 	Validation Loss: 0.123203
Validation loss decreased (0.126822 --> 0.123203).  Saving model ...
Epoch: 17 	Training Loss: 0.573960 	Validation Loss: 0.123141
Validation loss decreased (0.123203 --> 0.123141).  Saving model ...
Epoch: 18 	Training Loss: 0.561873 	Validation Loss: 0.112726
Validation loss decreased (0.123141 --> 0.112726).  Saving model ...
Epoch: 19 	Training Loss: 0.546359 	Validation Loss: 0.113140
Test Loss: 0.570705

Test Accuracy of airplane: 86% (203/234)
Test Accuracy of automobile: 94% (233/246)
Test Accuracy of  bird: 60% (169/281)
Test Accuracy of   cat: 70% (178/253)
Test Accuracy of  deer: 85% (193/227)
Test Accuracy of   dog: 61% (154/250)
Test Accuracy of  frog: 79% (198/248)
Test Accuracy of horse: 84% (212/250)
Test Accuracy of  ship: 91% (236/258)
Test Accuracy of truck: 84% (225/265)

Test Accuracy (Overall): 79% (2001/2512)
Epoch: 0 	Training Loss: 1.496445 	Validation Loss: 0.299947
Validation loss decreased (inf --> 0.299947).  Saving model ...
Epoch: 1 	Training Loss: 1.272904 	Validation Loss: 0.273787
Validation loss decreased (0.299947 --> 0.273787).  Saving model ...
Epoch: 2 	Training Loss: 1.156022 	Validation Loss: 0.258220
Validation loss decreased (0.273787 --> 0.258220).  Saving model ...
Epoch: 3 	Training Loss: 1.071037 	Validation Loss: 0.225056
Validation loss decreased (0.258220 --> 0.225056).  Saving model ...
Epoch: 4 	Training Loss: 0.997093 	Validation Loss: 0.217497
Validation loss decreased (0.225056 --> 0.217497).  Saving model ...
Epoch: 5 	Training Loss: 0.939511 	Validation Loss: 0.201417
Validation loss decreased (0.217497 --> 0.201417).  Saving model ...
Epoch: 6 	Training Loss: 0.891093 	Validation Loss: 0.178307
Validation loss decreased (0.201417 --> 0.178307).  Saving model ...
Epoch: 7 	Training Loss: 0.847015 	Validation Loss: 0.171950
Validation loss decreased (0.178307 --> 0.171950).  Saving model ...
Epoch: 8 	Training Loss: 0.816030 	Validation Loss: 0.163176
Validation loss decreased (0.171950 --> 0.163176).  Saving model ...
Epoch: 9 	Training Loss: 0.787530 	Validation Loss: 0.158247
Validation loss decreased (0.163176 --> 0.158247).  Saving model ...
Epoch: 10 	Training Loss: 0.765584 	Validation Loss: 0.150445
Validation loss decreased (0.158247 --> 0.150445).  Saving model ...
Epoch: 11 	Training Loss: 0.741296 	Validation Loss: 0.156192
Epoch: 12 	Training Loss: 0.719017 	Validation Loss: 0.151711
Epoch: 13 	Training Loss: 0.699800 	Validation Loss: 0.143748
Validation loss decreased (0.150445 --> 0.143748).  Saving model ...
Epoch: 14 	Training Loss: 0.674303 	Validation Loss: 0.134317
Validation loss decreased (0.143748 --> 0.134317).  Saving model ...
Epoch: 15 	Training Loss: 0.666183 	Validation Loss: 0.133319
Validation loss decreased (0.134317 --> 0.133319).  Saving model ...
Epoch: 16 	Training Loss: 0.651759 	Validation Loss: 0.131238
Validation loss decreased (0.133319 --> 0.131238).  Saving model ...
Epoch: 17 	Training Loss: 0.633658 	Validation Loss: 0.132081
Epoch: 18 	Training Loss: 0.620289 	Validation Loss: 0.135046
Epoch: 19 	Training Loss: 0.616255 	Validation Loss: 0.126982
Validation loss decreased (0.131238 --> 0.126982).  Saving model ...
Test Loss: 0.636543

Test Accuracy of airplane: 78% (184/234)
Test Accuracy of automobile: 88% (218/246)
Test Accuracy of  bird: 61% (174/281)
Test Accuracy of   cat: 49% (126/253)
Test Accuracy of  deer: 77% (176/227)
Test Accuracy of   dog: 64% (161/250)
Test Accuracy of  frog: 91% (227/248)
Test Accuracy of horse: 79% (199/250)
Test Accuracy of  ship: 91% (236/258)
Test Accuracy of truck: 87% (233/265)

Test Accuracy (Overall): 76% (1934/2512)
Traceback (most recent call last):
  File "main.py", line 18, in <module>
    ga.evolve()
  File "/home2020/home/uha/mjali/NAS-FRAMEWORK/GA/ga.py", line 83, in evolve
    fitn_off = self.offsprings_fitness[min_list_par]
IndexError: list index out of range
