Files already downloaded and verified
Files already downloaded and verified
Epoch: 0 	Training Loss: 1.702929 	Validation Loss: 0.374836
Validation loss decreased (inf --> 0.374836).  Saving model ...
Epoch: 1 	Training Loss: 1.535351 	Validation Loss: 0.351521
Validation loss decreased (0.374836 --> 0.351521).  Saving model ...
Epoch: 2 	Training Loss: 1.453220 	Validation Loss: 0.326392
Validation loss decreased (0.351521 --> 0.326392).  Saving model ...
Epoch: 3 	Training Loss: 1.368528 	Validation Loss: 0.295514
Validation loss decreased (0.326392 --> 0.295514).  Saving model ...
Epoch: 4 	Training Loss: 1.291206 	Validation Loss: 0.276948
Validation loss decreased (0.295514 --> 0.276948).  Saving model ...
Epoch: 5 	Training Loss: 1.229143 	Validation Loss: 0.262696
Validation loss decreased (0.276948 --> 0.262696).  Saving model ...
Epoch: 6 	Training Loss: 1.168600 	Validation Loss: 0.252939
Validation loss decreased (0.262696 --> 0.252939).  Saving model ...
Epoch: 7 	Training Loss: 1.120347 	Validation Loss: 0.239912
Validation loss decreased (0.252939 --> 0.239912).  Saving model ...
Epoch: 8 	Training Loss: 1.087777 	Validation Loss: 0.233140
Validation loss decreased (0.239912 --> 0.233140).  Saving model ...
Epoch: 9 	Training Loss: 1.059295 	Validation Loss: 0.225472
Validation loss decreased (0.233140 --> 0.225472).  Saving model ...
Epoch: 10 	Training Loss: 1.031152 	Validation Loss: 0.213251
Validation loss decreased (0.225472 --> 0.213251).  Saving model ...
Epoch: 11 	Training Loss: 0.994307 	Validation Loss: 0.222498
Epoch: 12 	Training Loss: 0.973558 	Validation Loss: 0.203558
Validation loss decreased (0.213251 --> 0.203558).  Saving model ...
Epoch: 13 	Training Loss: 0.959057 	Validation Loss: 0.207149
Epoch: 14 	Training Loss: 0.930895 	Validation Loss: 0.196594
Validation loss decreased (0.203558 --> 0.196594).  Saving model ...
Epoch: 15 	Training Loss: 0.911589 	Validation Loss: 0.188212
Validation loss decreased (0.196594 --> 0.188212).  Saving model ...
Epoch: 16 	Training Loss: 0.896752 	Validation Loss: 0.190578
Epoch: 17 	Training Loss: 0.875438 	Validation Loss: 0.175088
Validation loss decreased (0.188212 --> 0.175088).  Saving model ...
Epoch: 18 	Training Loss: 0.854805 	Validation Loss: 0.166885
Validation loss decreased (0.175088 --> 0.166885).  Saving model ...
Epoch: 19 	Training Loss: 0.841767 	Validation Loss: 0.169312
Test Loss: 0.664069

Test Accuracy of airplane: 79% (186/234)
Test Accuracy of automobile: 93% (231/246)
Test Accuracy of  bird: 62% (176/281)
Test Accuracy of   cat: 63% (160/253)
Test Accuracy of  deer: 83% (189/227)
Test Accuracy of   dog: 61% (153/250)
Test Accuracy of  frog: 84% (210/248)
Test Accuracy of horse: 74% (186/250)
Test Accuracy of  ship: 90% (233/258)
Test Accuracy of truck: 80% (213/265)

Test Accuracy (Overall): 77% (1937/2512)
Epoch: 0 	Training Loss: 1.708278 	Validation Loss: 0.377834
Validation loss decreased (inf --> 0.377834).  Saving model ...
Epoch: 1 	Training Loss: 1.536453 	Validation Loss: 0.352673
Validation loss decreased (0.377834 --> 0.352673).  Saving model ...
Epoch: 2 	Training Loss: 1.443680 	Validation Loss: 0.332762
Validation loss decreased (0.352673 --> 0.332762).  Saving model ...
Epoch: 3 	Training Loss: 1.351102 	Validation Loss: 0.303105
Validation loss decreased (0.332762 --> 0.303105).  Saving model ...
Epoch: 4 	Training Loss: 1.276721 	Validation Loss: 0.271534
Validation loss decreased (0.303105 --> 0.271534).  Saving model ...
Epoch: 5 	Training Loss: 1.216390 	Validation Loss: 0.262324
Validation loss decreased (0.271534 --> 0.262324).  Saving model ...
Epoch: 6 	Training Loss: 1.165979 	Validation Loss: 0.245196
Validation loss decreased (0.262324 --> 0.245196).  Saving model ...
Epoch: 7 	Training Loss: 1.120264 	Validation Loss: 0.243799
Validation loss decreased (0.245196 --> 0.243799).  Saving model ...
Epoch: 8 	Training Loss: 1.087456 	Validation Loss: 0.235411
Validation loss decreased (0.243799 --> 0.235411).  Saving model ...
Epoch: 9 	Training Loss: 1.063863 	Validation Loss: 0.240147
Epoch: 10 	Training Loss: 1.036425 	Validation Loss: 0.232960
Validation loss decreased (0.235411 --> 0.232960).  Saving model ...
Epoch: 11 	Training Loss: 1.026164 	Validation Loss: 0.221157
Validation loss decreased (0.232960 --> 0.221157).  Saving model ...
Epoch: 12 	Training Loss: 0.997664 	Validation Loss: 0.213185
Validation loss decreased (0.221157 --> 0.213185).  Saving model ...
Epoch: 13 	Training Loss: 0.981406 	Validation Loss: 0.201063
Validation loss decreased (0.213185 --> 0.201063).  Saving model ...
Epoch: 14 	Training Loss: 0.966161 	Validation Loss: 0.203884
Epoch: 15 	Training Loss: 0.949440 	Validation Loss: 0.201605
Epoch: 16 	Training Loss: 0.938044 	Validation Loss: 0.190738
Validation loss decreased (0.201063 --> 0.190738).  Saving model ...
Epoch: 17 	Training Loss: 0.916986 	Validation Loss: 0.195906
Epoch: 18 	Training Loss: 0.906480 	Validation Loss: 0.197467
Epoch: 19 	Training Loss: 0.886926 	Validation Loss: 0.183468
Validation loss decreased (0.190738 --> 0.183468).  Saving model ...
Test Loss: 0.734701

Test Accuracy of airplane: 76% (179/234)
Test Accuracy of automobile: 93% (230/246)
Test Accuracy of  bird: 54% (154/281)
Test Accuracy of   cat: 52% (133/253)
Test Accuracy of  deer: 76% (173/227)
Test Accuracy of   dog: 56% (140/250)
Test Accuracy of  frog: 78% (195/248)
Test Accuracy of horse: 83% (209/250)
Test Accuracy of  ship: 87% (225/258)
Test Accuracy of truck: 87% (232/265)

Test Accuracy (Overall): 74% (1870/2512)
Epoch: 0 	Training Loss: 1.677100 	Validation Loss: 0.375253
Validation loss decreased (inf --> 0.375253).  Saving model ...
Epoch: 1 	Training Loss: 1.526157 	Validation Loss: 0.354343
Validation loss decreased (0.375253 --> 0.354343).  Saving model ...
Epoch: 2 	Training Loss: 1.433382 	Validation Loss: 0.352293
Validation loss decreased (0.354343 --> 0.352293).  Saving model ...
Epoch: 3 	Training Loss: 1.361817 	Validation Loss: 0.305597
Validation loss decreased (0.352293 --> 0.305597).  Saving model ...
Epoch: 4 	Training Loss: 1.293306 	Validation Loss: 0.288647
Validation loss decreased (0.305597 --> 0.288647).  Saving model ...
Epoch: 5 	Training Loss: 1.246303 	Validation Loss: 0.273284
Validation loss decreased (0.288647 --> 0.273284).  Saving model ...
Epoch: 6 	Training Loss: 1.195565 	Validation Loss: 0.270353
Validation loss decreased (0.273284 --> 0.270353).  Saving model ...
Epoch: 7 	Training Loss: 1.159875 	Validation Loss: 0.252640
Validation loss decreased (0.270353 --> 0.252640).  Saving model ...
Epoch: 8 	Training Loss: 1.126889 	Validation Loss: 0.244703
Validation loss decreased (0.252640 --> 0.244703).  Saving model ...
Epoch: 9 	Training Loss: 1.101821 	Validation Loss: 0.246381
Epoch: 10 	Training Loss: 1.073790 	Validation Loss: 0.233923
Validation loss decreased (0.244703 --> 0.233923).  Saving model ...
Epoch: 11 	Training Loss: 1.059496 	Validation Loss: 0.242009
Epoch: 12 	Training Loss: 1.027558 	Validation Loss: 0.238254
Epoch: 13 	Training Loss: 1.019078 	Validation Loss: 0.243014
Epoch: 14 	Training Loss: 0.988611 	Validation Loss: 0.211288
Validation loss decreased (0.233923 --> 0.211288).  Saving model ...
Epoch: 15 	Training Loss: 0.981626 	Validation Loss: 0.212018
Epoch: 16 	Training Loss: 0.962333 	Validation Loss: 0.230593
Epoch: 17 	Training Loss: 0.949732 	Validation Loss: 0.205919
Validation loss decreased (0.211288 --> 0.205919).  Saving model ...
Epoch: 18 	Training Loss: 0.937284 	Validation Loss: 0.203572
Validation loss decreased (0.205919 --> 0.203572).  Saving model ...
Epoch: 19 	Training Loss: 0.925423 	Validation Loss: 0.210216
Test Loss: 0.831648

Test Accuracy of airplane: 82% (193/234)
Test Accuracy of automobile: 78% (194/246)
Test Accuracy of  bird: 73% (206/281)
Test Accuracy of   cat: 37% (96/253)
Test Accuracy of  deer: 60% (137/227)
Test Accuracy of   dog: 49% (124/250)
Test Accuracy of  frog: 72% (181/248)
Test Accuracy of horse: 75% (189/250)
Test Accuracy of  ship: 90% (234/258)
Test Accuracy of truck: 80% (212/265)

Test Accuracy (Overall): 70% (1766/2512)
Epoch: 0 	Training Loss: 1.708579 	Validation Loss: 0.385483
Validation loss decreased (inf --> 0.385483).  Saving model ...
Epoch: 1 	Training Loss: 1.550905 	Validation Loss: 0.357681
Validation loss decreased (0.385483 --> 0.357681).  Saving model ...
Epoch: 2 	Training Loss: 1.468180 	Validation Loss: 0.337414
Validation loss decreased (0.357681 --> 0.337414).  Saving model ...
Epoch: 3 	Training Loss: 1.393338 	Validation Loss: 0.309264
Validation loss decreased (0.337414 --> 0.309264).  Saving model ...
Epoch: 4 	Training Loss: 1.314558 	Validation Loss: 0.289948
Validation loss decreased (0.309264 --> 0.289948).  Saving model ...
Epoch: 5 	Training Loss: 1.246515 	Validation Loss: 0.274628
Validation loss decreased (0.289948 --> 0.274628).  Saving model ...
Epoch: 6 	Training Loss: 1.194011 	Validation Loss: 0.256090
Validation loss decreased (0.274628 --> 0.256090).  Saving model ...
Epoch: 7 	Training Loss: 1.150866 	Validation Loss: 0.256512
Epoch: 8 	Training Loss: 1.121383 	Validation Loss: 0.250562
Validation loss decreased (0.256090 --> 0.250562).  Saving model ...
Epoch: 9 	Training Loss: 1.094727 	Validation Loss: 0.232365
Validation loss decreased (0.250562 --> 0.232365).  Saving model ...
Epoch: 10 	Training Loss: 1.064954 	Validation Loss: 0.243085
Epoch: 11 	Training Loss: 1.041517 	Validation Loss: 0.227279
Validation loss decreased (0.232365 --> 0.227279).  Saving model ...
Epoch: 12 	Training Loss: 1.011848 	Validation Loss: 0.239154
Epoch: 13 	Training Loss: 0.990038 	Validation Loss: 0.216391
Validation loss decreased (0.227279 --> 0.216391).  Saving model ...
Epoch: 14 	Training Loss: 0.980042 	Validation Loss: 0.205512
Validation loss decreased (0.216391 --> 0.205512).  Saving model ...
Epoch: 15 	Training Loss: 0.953538 	Validation Loss: 0.217529
Epoch: 16 	Training Loss: 0.943810 	Validation Loss: 0.205310
Validation loss decreased (0.205512 --> 0.205310).  Saving model ...
Epoch: 17 	Training Loss: 0.918147 	Validation Loss: 0.237664
Epoch: 18 	Training Loss: 0.903345 	Validation Loss: 0.189483
Validation loss decreased (0.205310 --> 0.189483).  Saving model ...
Epoch: 19 	Training Loss: 0.889437 	Validation Loss: 0.181211
Validation loss decreased (0.189483 --> 0.181211).  Saving model ...
Test Loss: 0.717877

Test Accuracy of airplane: 68% (161/234)
Test Accuracy of automobile: 91% (226/246)
Test Accuracy of  bird: 56% (158/281)
Test Accuracy of   cat: 51% (131/253)
Test Accuracy of  deer: 74% (168/227)
Test Accuracy of   dog: 58% (145/250)
Test Accuracy of  frog: 79% (196/248)
Test Accuracy of horse: 82% (206/250)
Test Accuracy of  ship: 93% (241/258)
Test Accuracy of truck: 84% (225/265)

Test Accuracy (Overall): 73% (1857/2512)
Epoch: 0 	Training Loss: 1.769133 	Validation Loss: 0.397448
Validation loss decreased (inf --> 0.397448).  Saving model ...
Epoch: 1 	Training Loss: 1.620043 	Validation Loss: 0.379561
Validation loss decreased (0.397448 --> 0.379561).  Saving model ...
Epoch: 2 	Training Loss: 1.540305 	Validation Loss: 0.360013
Validation loss decreased (0.379561 --> 0.360013).  Saving model ...
Epoch: 3 	Training Loss: 1.484052 	Validation Loss: 0.335893
Validation loss decreased (0.360013 --> 0.335893).  Saving model ...
Epoch: 4 	Training Loss: 1.418949 	Validation Loss: 0.313128
Validation loss decreased (0.335893 --> 0.313128).  Saving model ...
Epoch: 5 	Training Loss: 1.355343 	Validation Loss: 0.291967
Validation loss decreased (0.313128 --> 0.291967).  Saving model ...
Epoch: 6 	Training Loss: 1.296706 	Validation Loss: 0.306778
Epoch: 7 	Training Loss: 1.246184 	Validation Loss: 0.288228
Validation loss decreased (0.291967 --> 0.288228).  Saving model ...
Epoch: 8 	Training Loss: 1.204647 	Validation Loss: 0.270503
Validation loss decreased (0.288228 --> 0.270503).  Saving model ...
Epoch: 9 	Training Loss: 1.166124 	Validation Loss: 0.262815
Validation loss decreased (0.270503 --> 0.262815).  Saving model ...
Epoch: 10 	Training Loss: 1.135804 	Validation Loss: 0.244456
Validation loss decreased (0.262815 --> 0.244456).  Saving model ...
Epoch: 11 	Training Loss: 1.111748 	Validation Loss: 0.246054
Epoch: 12 	Training Loss: 1.093066 	Validation Loss: 0.231417
Validation loss decreased (0.244456 --> 0.231417).  Saving model ...
Epoch: 13 	Training Loss: 1.077563 	Validation Loss: 0.227085
Validation loss decreased (0.231417 --> 0.227085).  Saving model ...
Epoch: 14 	Training Loss: 1.053569 	Validation Loss: 0.235412
Epoch: 15 	Training Loss: 1.037674 	Validation Loss: 0.217616
Validation loss decreased (0.227085 --> 0.217616).  Saving model ...
Epoch: 16 	Training Loss: 1.022691 	Validation Loss: 0.212448
Validation loss decreased (0.217616 --> 0.212448).  Saving model ...
Epoch: 17 	Training Loss: 1.015922 	Validation Loss: 0.210295
Validation loss decreased (0.212448 --> 0.210295).  Saving model ...
Epoch: 18 	Training Loss: 0.992359 	Validation Loss: 0.210626
Epoch: 19 	Training Loss: 0.992319 	Validation Loss: 0.210074
Validation loss decreased (0.210295 --> 0.210074).  Saving model ...
Test Loss: 0.857807

Test Accuracy of airplane: 71% (168/234)
Test Accuracy of automobile: 84% (207/246)
Test Accuracy of  bird: 56% (160/281)
Test Accuracy of   cat: 41% (105/253)
Test Accuracy of  deer: 64% (146/227)
Test Accuracy of   dog: 52% (131/250)
Test Accuracy of  frog: 87% (216/248)
Test Accuracy of horse: 61% (153/250)
Test Accuracy of  ship: 86% (222/258)
Test Accuracy of truck: 87% (232/265)

Test Accuracy (Overall): 69% (1740/2512)
Epoch: 0 	Training Loss: 1.684543 	Validation Loss: 0.381196
Validation loss decreased (inf --> 0.381196).  Saving model ...
Epoch: 1 	Training Loss: 1.545122 	Validation Loss: 0.355844
Validation loss decreased (0.381196 --> 0.355844).  Saving model ...
Epoch: 2 	Training Loss: 1.454767 	Validation Loss: 0.331833
Validation loss decreased (0.355844 --> 0.331833).  Saving model ...
Epoch: 3 	Training Loss: 1.358120 	Validation Loss: 0.320295
Validation loss decreased (0.331833 --> 0.320295).  Saving model ...
Epoch: 4 	Training Loss: 1.282001 	Validation Loss: 0.287774
Validation loss decreased (0.320295 --> 0.287774).  Saving model ...
Epoch: 5 	Training Loss: 1.234013 	Validation Loss: 0.276932
Validation loss decreased (0.287774 --> 0.276932).  Saving model ...
Epoch: 6 	Training Loss: 1.177361 	Validation Loss: 0.259849
Validation loss decreased (0.276932 --> 0.259849).  Saving model ...
Epoch: 7 	Training Loss: 1.144176 	Validation Loss: 0.248457
Validation loss decreased (0.259849 --> 0.248457).  Saving model ...
Epoch: 8 	Training Loss: 1.110055 	Validation Loss: 0.252341
Epoch: 9 	Training Loss: 1.075627 	Validation Loss: 0.245749
Validation loss decreased (0.248457 --> 0.245749).  Saving model ...
Epoch: 10 	Training Loss: 1.048903 	Validation Loss: 0.230516
Validation loss decreased (0.245749 --> 0.230516).  Saving model ...
Epoch: 11 	Training Loss: 1.017760 	Validation Loss: 0.234934
Epoch: 12 	Training Loss: 1.000165 	Validation Loss: 0.211845
Validation loss decreased (0.230516 --> 0.211845).  Saving model ...
Epoch: 13 	Training Loss: 0.968590 	Validation Loss: 0.200680
Validation loss decreased (0.211845 --> 0.200680).  Saving model ...
Epoch: 14 	Training Loss: 0.954782 	Validation Loss: 0.197243
Validation loss decreased (0.200680 --> 0.197243).  Saving model ...
Epoch: 15 	Training Loss: 0.929626 	Validation Loss: 0.196893
Validation loss decreased (0.197243 --> 0.196893).  Saving model ...
Epoch: 16 	Training Loss: 0.904370 	Validation Loss: 0.199243
Epoch: 17 	Training Loss: 0.891793 	Validation Loss: 0.181720
Validation loss decreased (0.196893 --> 0.181720).  Saving model ...
Epoch: 18 	Training Loss: 0.876983 	Validation Loss: 0.178990
Validation loss decreased (0.181720 --> 0.178990).  Saving model ...
Epoch: 19 	Training Loss: 0.864708 	Validation Loss: 0.180848
Test Loss: 0.701660

Test Accuracy of airplane: 78% (183/234)
Test Accuracy of automobile: 93% (230/246)
Test Accuracy of  bird: 57% (161/281)
Test Accuracy of   cat: 35% (89/253)
Test Accuracy of  deer: 64% (147/227)
Test Accuracy of   dog: 69% (174/250)
Test Accuracy of  frog: 91% (228/248)
Test Accuracy of horse: 86% (215/250)
Test Accuracy of  ship: 83% (215/258)
Test Accuracy of truck: 86% (229/265)

Test Accuracy (Overall): 74% (1871/2512)
Epoch: 0 	Training Loss: 1.690289 	Validation Loss: 0.377810
Validation loss decreased (inf --> 0.377810).  Saving model ...
Epoch: 1 	Training Loss: 1.513625 	Validation Loss: 0.375110
Validation loss decreased (0.377810 --> 0.375110).  Saving model ...
Epoch: 2 	Training Loss: 1.398018 	Validation Loss: 0.315291
Validation loss decreased (0.375110 --> 0.315291).  Saving model ...
Epoch: 3 	Training Loss: 1.299155 	Validation Loss: 0.303893
Validation loss decreased (0.315291 --> 0.303893).  Saving model ...
Epoch: 4 	Training Loss: 1.212282 	Validation Loss: 0.268700
Validation loss decreased (0.303893 --> 0.268700).  Saving model ...
Epoch: 5 	Training Loss: 1.135915 	Validation Loss: 0.274165
Epoch: 6 	Training Loss: 1.082257 	Validation Loss: 0.245114
Validation loss decreased (0.268700 --> 0.245114).  Saving model ...
Epoch: 7 	Training Loss: 1.040280 	Validation Loss: 0.235067
Validation loss decreased (0.245114 --> 0.235067).  Saving model ...
Epoch: 8 	Training Loss: 1.006921 	Validation Loss: 0.229457
Validation loss decreased (0.235067 --> 0.229457).  Saving model ...
Epoch: 9 	Training Loss: 0.972095 	Validation Loss: 0.220108
Validation loss decreased (0.229457 --> 0.220108).  Saving model ...
Epoch: 10 	Training Loss: 0.952958 	Validation Loss: 0.206931
Validation loss decreased (0.220108 --> 0.206931).  Saving model ...
Epoch: 11 	Training Loss: 0.926573 	Validation Loss: 0.211054
Epoch: 12 	Training Loss: 0.903600 	Validation Loss: 0.209115
Epoch: 13 	Training Loss: 0.883951 	Validation Loss: 0.201567
Validation loss decreased (0.206931 --> 0.201567).  Saving model ...
Epoch: 14 	Training Loss: 0.860744 	Validation Loss: 0.184577
Validation loss decreased (0.201567 --> 0.184577).  Saving model ...
Epoch: 15 	Training Loss: 0.848098 	Validation Loss: 0.175959
Validation loss decreased (0.184577 --> 0.175959).  Saving model ...
Epoch: 16 	Training Loss: 0.830206 	Validation Loss: 0.178369
Epoch: 17 	Training Loss: 0.814155 	Validation Loss: 0.174095
Validation loss decreased (0.175959 --> 0.174095).  Saving model ...
Epoch: 18 	Training Loss: 0.793078 	Validation Loss: 0.168437
Validation loss decreased (0.174095 --> 0.168437).  Saving model ...
Epoch: 19 	Training Loss: 0.779405 	Validation Loss: 0.164168
Validation loss decreased (0.168437 --> 0.164168).  Saving model ...
Test Loss: 0.646086

Test Accuracy of airplane: 71% (167/234)
Test Accuracy of automobile: 92% (227/246)
Test Accuracy of  bird: 66% (187/281)
Test Accuracy of   cat: 50% (129/253)
Test Accuracy of  deer: 77% (176/227)
Test Accuracy of   dog: 68% (172/250)
Test Accuracy of  frog: 83% (207/248)
Test Accuracy of horse: 82% (206/250)
Test Accuracy of  ship: 89% (231/258)
Test Accuracy of truck: 87% (233/265)

Test Accuracy (Overall): 77% (1935/2512)
Epoch: 0 	Training Loss: 1.720021 	Validation Loss: 0.398421
Validation loss decreased (inf --> 0.398421).  Saving model ...
Epoch: 1 	Training Loss: 1.577271 	Validation Loss: 0.382828
Validation loss decreased (0.398421 --> 0.382828).  Saving model ...
Epoch: 2 	Training Loss: 1.494867 	Validation Loss: 0.334663
Validation loss decreased (0.382828 --> 0.334663).  Saving model ...
Epoch: 3 	Training Loss: 1.411109 	Validation Loss: 0.332033
Validation loss decreased (0.334663 --> 0.332033).  Saving model ...
Epoch: 4 	Training Loss: 1.337378 	Validation Loss: 0.281907
Validation loss decreased (0.332033 --> 0.281907).  Saving model ...
Epoch: 5 	Training Loss: 1.276938 	Validation Loss: 0.289994
Epoch: 6 	Training Loss: 1.228366 	Validation Loss: 0.270858
Validation loss decreased (0.281907 --> 0.270858).  Saving model ...
Epoch: 7 	Training Loss: 1.181512 	Validation Loss: 0.253761
Validation loss decreased (0.270858 --> 0.253761).  Saving model ...
Epoch: 8 	Training Loss: 1.150436 	Validation Loss: 0.239168
Validation loss decreased (0.253761 --> 0.239168).  Saving model ...
Epoch: 9 	Training Loss: 1.118442 	Validation Loss: 0.235045
Validation loss decreased (0.239168 --> 0.235045).  Saving model ...
Epoch: 10 	Training Loss: 1.091503 	Validation Loss: 0.245350
Epoch: 11 	Training Loss: 1.073576 	Validation Loss: 0.225932
Validation loss decreased (0.235045 --> 0.225932).  Saving model ...
Epoch: 12 	Training Loss: 1.048355 	Validation Loss: 0.229126
Epoch: 13 	Training Loss: 1.031048 	Validation Loss: 0.225946
Epoch: 14 	Training Loss: 1.015080 	Validation Loss: 0.210882
Validation loss decreased (0.225932 --> 0.210882).  Saving model ...
Epoch: 15 	Training Loss: 1.000141 	Validation Loss: 0.218032
Epoch: 16 	Training Loss: 0.979432 	Validation Loss: 0.215301
Epoch: 17 	Training Loss: 0.974048 	Validation Loss: 0.200425
Validation loss decreased (0.210882 --> 0.200425).  Saving model ...
Epoch: 18 	Training Loss: 0.957411 	Validation Loss: 0.212758
Epoch: 19 	Training Loss: 0.950410 	Validation Loss: 0.197314
Validation loss decreased (0.200425 --> 0.197314).  Saving model ...
Test Loss: 0.803549

Test Accuracy of airplane: 73% (173/234)
Test Accuracy of automobile: 94% (232/246)
Test Accuracy of  bird: 53% (149/281)
Test Accuracy of   cat: 53% (136/253)
Test Accuracy of  deer: 56% (128/227)
Test Accuracy of   dog: 55% (139/250)
Test Accuracy of  frog: 85% (212/248)
Test Accuracy of horse: 71% (178/250)
Test Accuracy of  ship: 85% (221/258)
Test Accuracy of truck: 80% (214/265)

Test Accuracy (Overall): 70% (1782/2512)
Epoch: 0 	Training Loss: 1.768429 	Validation Loss: 0.408070
Validation loss decreased (inf --> 0.408070).  Saving model ...
Epoch: 1 	Training Loss: 1.609877 	Validation Loss: 0.370664
Validation loss decreased (0.408070 --> 0.370664).  Saving model ...
Epoch: 2 	Training Loss: 1.535752 	Validation Loss: 0.364546
Validation loss decreased (0.370664 --> 0.364546).  Saving model ...
Epoch: 3 	Training Loss: 1.477286 	Validation Loss: 0.345443
Validation loss decreased (0.364546 --> 0.345443).  Saving model ...
Epoch: 4 	Training Loss: 1.409948 	Validation Loss: 0.328583
Validation loss decreased (0.345443 --> 0.328583).  Saving model ...
Epoch: 5 	Training Loss: 1.348026 	Validation Loss: 0.291979
Validation loss decreased (0.328583 --> 0.291979).  Saving model ...
Epoch: 6 	Training Loss: 1.304490 	Validation Loss: 0.282071
Validation loss decreased (0.291979 --> 0.282071).  Saving model ...
Epoch: 7 	Training Loss: 1.254746 	Validation Loss: 0.278002
Validation loss decreased (0.282071 --> 0.278002).  Saving model ...
Epoch: 8 	Training Loss: 1.211304 	Validation Loss: 0.262175
Validation loss decreased (0.278002 --> 0.262175).  Saving model ...
Epoch: 9 	Training Loss: 1.185423 	Validation Loss: 0.272673
Epoch: 10 	Training Loss: 1.156472 	Validation Loss: 0.256471
Validation loss decreased (0.262175 --> 0.256471).  Saving model ...
Epoch: 11 	Training Loss: 1.122326 	Validation Loss: 0.244843
Validation loss decreased (0.256471 --> 0.244843).  Saving model ...
Epoch: 12 	Training Loss: 1.104697 	Validation Loss: 0.242235
Validation loss decreased (0.244843 --> 0.242235).  Saving model ...
Epoch: 13 	Training Loss: 1.083139 	Validation Loss: 0.229759
Validation loss decreased (0.242235 --> 0.229759).  Saving model ...
Epoch: 14 	Training Loss: 1.068980 	Validation Loss: 0.231374
Epoch: 15 	Training Loss: 1.042719 	Validation Loss: 0.223903
Validation loss decreased (0.229759 --> 0.223903).  Saving model ...
Epoch: 16 	Training Loss: 1.028574 	Validation Loss: 0.263798
Epoch: 17 	Training Loss: 1.012832 	Validation Loss: 0.210289
Validation loss decreased (0.223903 --> 0.210289).  Saving model ...
Epoch: 18 	Training Loss: 0.988866 	Validation Loss: 0.213165
Epoch: 19 	Training Loss: 0.981923 	Validation Loss: 0.206485
Validation loss decreased (0.210289 --> 0.206485).  Saving model ...
Test Loss: 0.822016

Test Accuracy of airplane: 71% (168/234)
Test Accuracy of automobile: 96% (237/246)
Test Accuracy of  bird: 45% (128/281)
Test Accuracy of   cat: 29% (75/253)
Test Accuracy of  deer: 68% (156/227)
Test Accuracy of   dog: 74% (185/250)
Test Accuracy of  frog: 79% (196/248)
Test Accuracy of horse: 80% (200/250)
Test Accuracy of  ship: 79% (206/258)
Test Accuracy of truck: 72% (193/265)

Test Accuracy (Overall): 69% (1744/2512)
Epoch: 0 	Training Loss: 1.780034 	Validation Loss: 0.404978
Validation loss decreased (inf --> 0.404978).  Saving model ...
Epoch: 1 	Training Loss: 1.631988 	Validation Loss: 0.369883
Validation loss decreased (0.404978 --> 0.369883).  Saving model ...
Epoch: 2 	Training Loss: 1.563917 	Validation Loss: 0.358375
Validation loss decreased (0.369883 --> 0.358375).  Saving model ...
Epoch: 3 	Training Loss: 1.518489 	Validation Loss: 0.363946
Epoch: 4 	Training Loss: 1.467196 	Validation Loss: 0.349960
Validation loss decreased (0.358375 --> 0.349960).  Saving model ...
Epoch: 5 	Training Loss: 1.426931 	Validation Loss: 0.315774
Validation loss decreased (0.349960 --> 0.315774).  Saving model ...
Epoch: 6 	Training Loss: 1.373316 	Validation Loss: 0.297163
Validation loss decreased (0.315774 --> 0.297163).  Saving model ...
Epoch: 7 	Training Loss: 1.324575 	Validation Loss: 0.291670
Validation loss decreased (0.297163 --> 0.291670).  Saving model ...
Epoch: 8 	Training Loss: 1.287039 	Validation Loss: 0.296863
Epoch: 9 	Training Loss: 1.245781 	Validation Loss: 0.272041
Validation loss decreased (0.291670 --> 0.272041).  Saving model ...
Epoch: 10 	Training Loss: 1.215341 	Validation Loss: 0.255501
Validation loss decreased (0.272041 --> 0.255501).  Saving model ...
Epoch: 11 	Training Loss: 1.187712 	Validation Loss: 0.254192
Validation loss decreased (0.255501 --> 0.254192).  Saving model ...
Epoch: 12 	Training Loss: 1.157072 	Validation Loss: 0.248876
Validation loss decreased (0.254192 --> 0.248876).  Saving model ...
Epoch: 13 	Training Loss: 1.142831 	Validation Loss: 0.245100
Validation loss decreased (0.248876 --> 0.245100).  Saving model ...
Epoch: 14 	Training Loss: 1.119373 	Validation Loss: 0.235974
Validation loss decreased (0.245100 --> 0.235974).  Saving model ...
Epoch: 15 	Training Loss: 1.105417 	Validation Loss: 0.225739
Validation loss decreased (0.235974 --> 0.225739).  Saving model ...
Epoch: 16 	Training Loss: 1.081218 	Validation Loss: 0.237736
Epoch: 17 	Training Loss: 1.068278 	Validation Loss: 0.220236
Validation loss decreased (0.225739 --> 0.220236).  Saving model ...
Epoch: 18 	Training Loss: 1.054313 	Validation Loss: 0.220046
Validation loss decreased (0.220236 --> 0.220046).  Saving model ...
Epoch: 19 	Training Loss: 1.042993 	Validation Loss: 0.229115
Test Loss: 0.969640

Test Accuracy of airplane: 59% (139/234)
Test Accuracy of automobile: 82% (203/246)
Test Accuracy of  bird: 47% (133/281)
Test Accuracy of   cat: 13% (34/253)
Test Accuracy of  deer: 40% (92/227)
Test Accuracy of   dog: 79% (199/250)
Test Accuracy of  frog: 84% (210/248)
Test Accuracy of horse: 64% (160/250)
Test Accuracy of  ship: 76% (197/258)
Test Accuracy of truck: 87% (232/265)

Test Accuracy (Overall): 63% (1599/2512)
Epoch: 0 	Training Loss: 1.799848 	Validation Loss: 0.397429
Validation loss decreased (inf --> 0.397429).  Saving model ...
Epoch: 1 	Training Loss: 1.635595 	Validation Loss: 0.372991
Validation loss decreased (0.397429 --> 0.372991).  Saving model ...
Epoch: 2 	Training Loss: 1.560681 	Validation Loss: 0.343374
Validation loss decreased (0.372991 --> 0.343374).  Saving model ...
Epoch: 3 	Training Loss: 1.502212 	Validation Loss: 0.337593
Validation loss decreased (0.343374 --> 0.337593).  Saving model ...
Epoch: 4 	Training Loss: 1.455457 	Validation Loss: 0.318642
Validation loss decreased (0.337593 --> 0.318642).  Saving model ...
Epoch: 5 	Training Loss: 1.406475 	Validation Loss: 0.317883
Validation loss decreased (0.318642 --> 0.317883).  Saving model ...
Epoch: 6 	Training Loss: 1.360223 	Validation Loss: 0.290862
Validation loss decreased (0.317883 --> 0.290862).  Saving model ...
Epoch: 7 	Training Loss: 1.327304 	Validation Loss: 0.292242
Epoch: 8 	Training Loss: 1.290494 	Validation Loss: 0.282293
Validation loss decreased (0.290862 --> 0.282293).  Saving model ...
Epoch: 9 	Training Loss: 1.256043 	Validation Loss: 0.258840
Validation loss decreased (0.282293 --> 0.258840).  Saving model ...
Epoch: 10 	Training Loss: 1.218143 	Validation Loss: 0.254382
Validation loss decreased (0.258840 --> 0.254382).  Saving model ...
Epoch: 11 	Training Loss: 1.199619 	Validation Loss: 0.246638
Validation loss decreased (0.254382 --> 0.246638).  Saving model ...
Epoch: 12 	Training Loss: 1.175873 	Validation Loss: 0.237798
Validation loss decreased (0.246638 --> 0.237798).  Saving model ...
Epoch: 13 	Training Loss: 1.157214 	Validation Loss: 0.238895
Epoch: 14 	Training Loss: 1.135328 	Validation Loss: 0.234530
Validation loss decreased (0.237798 --> 0.234530).  Saving model ...
Epoch: 15 	Training Loss: 1.112065 	Validation Loss: 0.220137
Validation loss decreased (0.234530 --> 0.220137).  Saving model ...
Epoch: 16 	Training Loss: 1.108963 	Validation Loss: 0.236142
Epoch: 17 	Training Loss: 1.091864 	Validation Loss: 0.220676
Epoch: 18 	Training Loss: 1.070115 	Validation Loss: 0.225438
Epoch: 19 	Training Loss: 1.058066 	Validation Loss: 0.210049
Validation loss decreased (0.220137 --> 0.210049).  Saving model ...
Test Loss: 0.835283

Test Accuracy of airplane: 61% (145/234)
Test Accuracy of automobile: 85% (210/246)
Test Accuracy of  bird: 51% (146/281)
Test Accuracy of   cat: 52% (132/253)
Test Accuracy of  deer: 67% (154/227)
Test Accuracy of   dog: 58% (147/250)
Test Accuracy of  frog: 68% (171/248)
Test Accuracy of horse: 65% (163/250)
Test Accuracy of  ship: 87% (227/258)
Test Accuracy of truck: 88% (234/265)

Test Accuracy (Overall): 68% (1729/2512)
Epoch: 0 	Training Loss: 1.824285 	Validation Loss: 0.404259
Validation loss decreased (inf --> 0.404259).  Saving model ...
Epoch: 1 	Training Loss: 1.659389 	Validation Loss: 0.393758
Validation loss decreased (0.404259 --> 0.393758).  Saving model ...
Epoch: 2 	Training Loss: 1.600081 	Validation Loss: 0.374365
Validation loss decreased (0.393758 --> 0.374365).  Saving model ...
Epoch: 3 	Training Loss: 1.558110 	Validation Loss: 0.360081
Validation loss decreased (0.374365 --> 0.360081).  Saving model ...
Epoch: 4 	Training Loss: 1.516857 	Validation Loss: 0.337986
Validation loss decreased (0.360081 --> 0.337986).  Saving model ...
Epoch: 5 	Training Loss: 1.463338 	Validation Loss: 0.329984
Validation loss decreased (0.337986 --> 0.329984).  Saving model ...
Epoch: 6 	Training Loss: 1.430628 	Validation Loss: 0.336009
Epoch: 7 	Training Loss: 1.395344 	Validation Loss: 0.305559
Validation loss decreased (0.329984 --> 0.305559).  Saving model ...
Epoch: 8 	Training Loss: 1.360622 	Validation Loss: 0.302483
Validation loss decreased (0.305559 --> 0.302483).  Saving model ...
Epoch: 9 	Training Loss: 1.329070 	Validation Loss: 0.288292
Validation loss decreased (0.302483 --> 0.288292).  Saving model ...
Epoch: 10 	Training Loss: 1.294264 	Validation Loss: 0.270709
Validation loss decreased (0.288292 --> 0.270709).  Saving model ...
Epoch: 11 	Training Loss: 1.267224 	Validation Loss: 0.271995
Epoch: 12 	Training Loss: 1.248194 	Validation Loss: 0.279211
Epoch: 13 	Training Loss: 1.219903 	Validation Loss: 0.263049
Validation loss decreased (0.270709 --> 0.263049).  Saving model ...
Epoch: 14 	Training Loss: 1.208040 	Validation Loss: 0.260206
Validation loss decreased (0.263049 --> 0.260206).  Saving model ...
Epoch: 15 	Training Loss: 1.186349 	Validation Loss: 0.253689
Validation loss decreased (0.260206 --> 0.253689).  Saving model ...
Epoch: 16 	Training Loss: 1.159959 	Validation Loss: 0.248883
Validation loss decreased (0.253689 --> 0.248883).  Saving model ...
Epoch: 17 	Training Loss: 1.149720 	Validation Loss: 0.245318
Validation loss decreased (0.248883 --> 0.245318).  Saving model ...
Epoch: 18 	Training Loss: 1.134912 	Validation Loss: 0.233281
Validation loss decreased (0.245318 --> 0.233281).  Saving model ...
Epoch: 19 	Training Loss: 1.119941 	Validation Loss: 0.235413
Test Loss: 0.976977

Test Accuracy of airplane: 60% (142/234)
Test Accuracy of automobile: 78% (194/246)
Test Accuracy of  bird: 44% (125/281)
Test Accuracy of   cat:  7% (18/253)
Test Accuracy of  deer: 51% (118/227)
Test Accuracy of   dog: 82% (207/250)
Test Accuracy of  frog: 77% (193/248)
Test Accuracy of horse: 70% (176/250)
Test Accuracy of  ship: 81% (209/258)
Test Accuracy of truck: 84% (225/265)

Test Accuracy (Overall): 63% (1607/2512)
Epoch: 0 	Training Loss: 1.741999 	Validation Loss: 0.397619
Validation loss decreased (inf --> 0.397619).  Saving model ...
Epoch: 1 	Training Loss: 1.603468 	Validation Loss: 0.377892
Validation loss decreased (0.397619 --> 0.377892).  Saving model ...
Epoch: 2 	Training Loss: 1.527535 	Validation Loss: 0.350895
Validation loss decreased (0.377892 --> 0.350895).  Saving model ...
Epoch: 3 	Training Loss: 1.458944 	Validation Loss: 0.329183
Validation loss decreased (0.350895 --> 0.329183).  Saving model ...
Epoch: 4 	Training Loss: 1.392810 	Validation Loss: 0.312359
Validation loss decreased (0.329183 --> 0.312359).  Saving model ...
Epoch: 5 	Training Loss: 1.330886 	Validation Loss: 0.284360
Validation loss decreased (0.312359 --> 0.284360).  Saving model ...
Epoch: 6 	Training Loss: 1.270424 	Validation Loss: 0.285814
Epoch: 7 	Training Loss: 1.220726 	Validation Loss: 0.275210
Validation loss decreased (0.284360 --> 0.275210).  Saving model ...
Epoch: 8 	Training Loss: 1.184212 	Validation Loss: 0.255811
Validation loss decreased (0.275210 --> 0.255811).  Saving model ...
Epoch: 9 	Training Loss: 1.146799 	Validation Loss: 0.257421
Epoch: 10 	Training Loss: 1.116358 	Validation Loss: 0.236848
Validation loss decreased (0.255811 --> 0.236848).  Saving model ...
Epoch: 11 	Training Loss: 1.090876 	Validation Loss: 0.225165
Validation loss decreased (0.236848 --> 0.225165).  Saving model ...
Epoch: 12 	Training Loss: 1.067437 	Validation Loss: 0.235243
Epoch: 13 	Training Loss: 1.029845 	Validation Loss: 0.212357
Validation loss decreased (0.225165 --> 0.212357).  Saving model ...
Epoch: 14 	Training Loss: 1.013549 	Validation Loss: 0.208042
Validation loss decreased (0.212357 --> 0.208042).  Saving model ...
Epoch: 15 	Training Loss: 0.987604 	Validation Loss: 0.200459
Validation loss decreased (0.208042 --> 0.200459).  Saving model ...
Epoch: 16 	Training Loss: 0.974425 	Validation Loss: 0.190150
Validation loss decreased (0.200459 --> 0.190150).  Saving model ...
Epoch: 17 	Training Loss: 0.952735 	Validation Loss: 0.197536
Epoch: 18 	Training Loss: 0.936858 	Validation Loss: 0.187679
Validation loss decreased (0.190150 --> 0.187679).  Saving model ...
Epoch: 19 	Training Loss: 0.916984 	Validation Loss: 0.194637
Test Loss: 0.789913

Test Accuracy of airplane: 79% (186/234)
Test Accuracy of automobile: 87% (216/246)
Test Accuracy of  bird: 43% (123/281)
Test Accuracy of   cat: 44% (113/253)
Test Accuracy of  deer: 60% (138/227)
Test Accuracy of   dog: 68% (172/250)
Test Accuracy of  frog: 76% (189/248)
Test Accuracy of horse: 85% (214/250)
Test Accuracy of  ship: 73% (189/258)
Test Accuracy of truck: 90% (241/265)

Test Accuracy (Overall): 70% (1781/2512)
Epoch: 0 	Training Loss: 1.714618 	Validation Loss: 0.405706
Validation loss decreased (inf --> 0.405706).  Saving model ...
Epoch: 1 	Training Loss: 1.565278 	Validation Loss: 0.362972
Validation loss decreased (0.405706 --> 0.362972).  Saving model ...
Epoch: 2 	Training Loss: 1.494023 	Validation Loss: 0.350910
Validation loss decreased (0.362972 --> 0.350910).  Saving model ...
Epoch: 3 	Training Loss: 1.429132 	Validation Loss: 0.327162
Validation loss decreased (0.350910 --> 0.327162).  Saving model ...
Epoch: 4 	Training Loss: 1.361014 	Validation Loss: 0.328004
Epoch: 5 	Training Loss: 1.303467 	Validation Loss: 0.296542
Validation loss decreased (0.327162 --> 0.296542).  Saving model ...
Epoch: 6 	Training Loss: 1.243806 	Validation Loss: 0.298571
Epoch: 7 	Training Loss: 1.197281 	Validation Loss: 0.259633
Validation loss decreased (0.296542 --> 0.259633).  Saving model ...
Epoch: 8 	Training Loss: 1.150009 	Validation Loss: 0.249398
Validation loss decreased (0.259633 --> 0.249398).  Saving model ...
Epoch: 9 	Training Loss: 1.116857 	Validation Loss: 0.242024
Validation loss decreased (0.249398 --> 0.242024).  Saving model ...
Epoch: 10 	Training Loss: 1.074608 	Validation Loss: 0.230551
Validation loss decreased (0.242024 --> 0.230551).  Saving model ...
Epoch: 11 	Training Loss: 1.058132 	Validation Loss: 0.234946
Epoch: 12 	Training Loss: 1.032771 	Validation Loss: 0.222248
Validation loss decreased (0.230551 --> 0.222248).  Saving model ...
Epoch: 13 	Training Loss: 1.018595 	Validation Loss: 0.222978
Epoch: 14 	Training Loss: 0.997807 	Validation Loss: 0.213043
Validation loss decreased (0.222248 --> 0.213043).  Saving model ...
Epoch: 15 	Training Loss: 0.983013 	Validation Loss: 0.211988
Validation loss decreased (0.213043 --> 0.211988).  Saving model ...
Epoch: 16 	Training Loss: 0.964409 	Validation Loss: 0.202755
Validation loss decreased (0.211988 --> 0.202755).  Saving model ...
Epoch: 17 	Training Loss: 0.948309 	Validation Loss: 0.201554
Validation loss decreased (0.202755 --> 0.201554).  Saving model ...
Epoch: 18 	Training Loss: 0.930712 	Validation Loss: 0.203943
Epoch: 19 	Training Loss: 0.918612 	Validation Loss: 0.195281
Validation loss decreased (0.201554 --> 0.195281).  Saving model ...
Test Loss: 0.798282

Test Accuracy of airplane: 65% (154/234)
Test Accuracy of automobile: 89% (221/246)
Test Accuracy of  bird: 51% (146/281)
Test Accuracy of   cat: 32% (81/253)
Test Accuracy of  deer: 67% (154/227)
Test Accuracy of   dog: 82% (205/250)
Test Accuracy of  frog: 68% (170/248)
Test Accuracy of horse: 74% (187/250)
Test Accuracy of  ship: 91% (237/258)
Test Accuracy of truck: 87% (232/265)

Test Accuracy (Overall): 71% (1787/2512)
Epoch: 0 	Training Loss: 1.737495 	Validation Loss: 0.391844
Validation loss decreased (inf --> 0.391844).  Saving model ...
Epoch: 1 	Training Loss: 1.593883 	Validation Loss: 0.372669
Validation loss decreased (0.391844 --> 0.372669).  Saving model ...
Epoch: 2 	Training Loss: 1.507490 	Validation Loss: 0.367701
Validation loss decreased (0.372669 --> 0.367701).  Saving model ...
Epoch: 3 	Training Loss: 1.436127 	Validation Loss: 0.321867
Validation loss decreased (0.367701 --> 0.321867).  Saving model ...
Epoch: 4 	Training Loss: 1.352415 	Validation Loss: 0.305004
Validation loss decreased (0.321867 --> 0.305004).  Saving model ...
Epoch: 5 	Training Loss: 1.288492 	Validation Loss: 0.300691
Validation loss decreased (0.305004 --> 0.300691).  Saving model ...
Epoch: 6 	Training Loss: 1.231349 	Validation Loss: 0.280225
Validation loss decreased (0.300691 --> 0.280225).  Saving model ...
Epoch: 7 	Training Loss: 1.196474 	Validation Loss: 0.257772
Validation loss decreased (0.280225 --> 0.257772).  Saving model ...
Epoch: 8 	Training Loss: 1.156013 	Validation Loss: 0.243257
Validation loss decreased (0.257772 --> 0.243257).  Saving model ...
Epoch: 9 	Training Loss: 1.121909 	Validation Loss: 0.245761
Epoch: 10 	Training Loss: 1.097124 	Validation Loss: 0.237664
Validation loss decreased (0.243257 --> 0.237664).  Saving model ...
Epoch: 11 	Training Loss: 1.077384 	Validation Loss: 0.234476
Validation loss decreased (0.237664 --> 0.234476).  Saving model ...
Epoch: 12 	Training Loss: 1.060752 	Validation Loss: 0.226952
Validation loss decreased (0.234476 --> 0.226952).  Saving model ...
Epoch: 13 	Training Loss: 1.033423 	Validation Loss: 0.221961
Validation loss decreased (0.226952 --> 0.221961).  Saving model ...
Epoch: 14 	Training Loss: 1.020927 	Validation Loss: 0.216004
Validation loss decreased (0.221961 --> 0.216004).  Saving model ...
Epoch: 15 	Training Loss: 0.999626 	Validation Loss: 0.221203
Epoch: 16 	Training Loss: 0.982743 	Validation Loss: 0.209178
Validation loss decreased (0.216004 --> 0.209178).  Saving model ...
Epoch: 17 	Training Loss: 0.957797 	Validation Loss: 0.197306
Validation loss decreased (0.209178 --> 0.197306).  Saving model ...
Epoch: 18 	Training Loss: 0.947300 	Validation Loss: 0.193700
Validation loss decreased (0.197306 --> 0.193700).  Saving model ...
Epoch: 19 	Training Loss: 0.928765 	Validation Loss: 0.199981
Test Loss: 0.812693

Test Accuracy of airplane: 68% (160/234)
Test Accuracy of automobile: 91% (226/246)
Test Accuracy of  bird: 52% (147/281)
Test Accuracy of   cat: 41% (106/253)
Test Accuracy of  deer: 64% (147/227)
Test Accuracy of   dog: 53% (133/250)
Test Accuracy of  frog: 88% (219/248)
Test Accuracy of horse: 79% (198/250)
Test Accuracy of  ship: 93% (241/258)
Test Accuracy of truck: 84% (223/265)

Test Accuracy (Overall): 71% (1800/2512)
Epoch: 0 	Training Loss: 1.681389 	Validation Loss: 0.382899
Validation loss decreased (inf --> 0.382899).  Saving model ...
Epoch: 1 	Training Loss: 1.518466 	Validation Loss: 0.343934
Validation loss decreased (0.382899 --> 0.343934).  Saving model ...
Epoch: 2 	Training Loss: 1.427614 	Validation Loss: 0.325568
Validation loss decreased (0.343934 --> 0.325568).  Saving model ...
Epoch: 3 	Training Loss: 1.338839 	Validation Loss: 0.311617
Validation loss decreased (0.325568 --> 0.311617).  Saving model ...
Epoch: 4 	Training Loss: 1.260173 	Validation Loss: 0.275386
Validation loss decreased (0.311617 --> 0.275386).  Saving model ...
Epoch: 5 	Training Loss: 1.194232 	Validation Loss: 0.270457
Validation loss decreased (0.275386 --> 0.270457).  Saving model ...
Epoch: 6 	Training Loss: 1.135655 	Validation Loss: 0.245778
Validation loss decreased (0.270457 --> 0.245778).  Saving model ...
Epoch: 7 	Training Loss: 1.096646 	Validation Loss: 0.233267
Validation loss decreased (0.245778 --> 0.233267).  Saving model ...
Epoch: 8 	Training Loss: 1.053466 	Validation Loss: 0.220897
Validation loss decreased (0.233267 --> 0.220897).  Saving model ...
Epoch: 9 	Training Loss: 1.023971 	Validation Loss: 0.216189
Validation loss decreased (0.220897 --> 0.216189).  Saving model ...
Epoch: 10 	Training Loss: 0.990333 	Validation Loss: 0.208716
Validation loss decreased (0.216189 --> 0.208716).  Saving model ...
Epoch: 11 	Training Loss: 0.963128 	Validation Loss: 0.211820
Epoch: 12 	Training Loss: 0.930644 	Validation Loss: 0.202547
Validation loss decreased (0.208716 --> 0.202547).  Saving model ...
Epoch: 13 	Training Loss: 0.908460 	Validation Loss: 0.181859
Validation loss decreased (0.202547 --> 0.181859).  Saving model ...
Epoch: 14 	Training Loss: 0.888519 	Validation Loss: 0.187576
Epoch: 15 	Training Loss: 0.864842 	Validation Loss: 0.179643
Validation loss decreased (0.181859 --> 0.179643).  Saving model ...
Epoch: 16 	Training Loss: 0.845401 	Validation Loss: 0.176072
Validation loss decreased (0.179643 --> 0.176072).  Saving model ...
Epoch: 17 	Training Loss: 0.829658 	Validation Loss: 0.175591
Validation loss decreased (0.176072 --> 0.175591).  Saving model ...
Epoch: 18 	Training Loss: 0.815491 	Validation Loss: 0.168197
Validation loss decreased (0.175591 --> 0.168197).  Saving model ...
Epoch: 19 	Training Loss: 0.797371 	Validation Loss: 0.162559
Validation loss decreased (0.168197 --> 0.162559).  Saving model ...
Test Loss: 0.623278

Test Accuracy of airplane: 74% (175/234)
Test Accuracy of automobile: 93% (230/246)
Test Accuracy of  bird: 64% (182/281)
Test Accuracy of   cat: 53% (136/253)
Test Accuracy of  deer: 66% (150/227)
Test Accuracy of   dog: 73% (184/250)
Test Accuracy of  frog: 86% (214/248)
Test Accuracy of horse: 87% (218/250)
Test Accuracy of  ship: 86% (223/258)
Test Accuracy of truck: 85% (226/265)

Test Accuracy (Overall): 77% (1938/2512)
Epoch: 0 	Training Loss: 1.717643 	Validation Loss: 0.385896
Validation loss decreased (inf --> 0.385896).  Saving model ...
Epoch: 1 	Training Loss: 1.563644 	Validation Loss: 0.357223
Validation loss decreased (0.385896 --> 0.357223).  Saving model ...
Epoch: 2 	Training Loss: 1.486900 	Validation Loss: 0.336416
Validation loss decreased (0.357223 --> 0.336416).  Saving model ...
Epoch: 3 	Training Loss: 1.418961 	Validation Loss: 0.325278
Validation loss decreased (0.336416 --> 0.325278).  Saving model ...
Epoch: 4 	Training Loss: 1.347688 	Validation Loss: 0.306510
Validation loss decreased (0.325278 --> 0.306510).  Saving model ...
Epoch: 5 	Training Loss: 1.290693 	Validation Loss: 0.287898
Validation loss decreased (0.306510 --> 0.287898).  Saving model ...
Epoch: 6 	Training Loss: 1.236844 	Validation Loss: 0.268853
Validation loss decreased (0.287898 --> 0.268853).  Saving model ...
Epoch: 7 	Training Loss: 1.187425 	Validation Loss: 0.252779
Validation loss decreased (0.268853 --> 0.252779).  Saving model ...
Epoch: 8 	Training Loss: 1.146639 	Validation Loss: 0.256284
Epoch: 9 	Training Loss: 1.105832 	Validation Loss: 0.243948
Validation loss decreased (0.252779 --> 0.243948).  Saving model ...
Epoch: 10 	Training Loss: 1.083826 	Validation Loss: 0.230417
Validation loss decreased (0.243948 --> 0.230417).  Saving model ...
Epoch: 11 	Training Loss: 1.054981 	Validation Loss: 0.224617
Validation loss decreased (0.230417 --> 0.224617).  Saving model ...
Epoch: 12 	Training Loss: 1.033422 	Validation Loss: 0.224889
Epoch: 13 	Training Loss: 1.011423 	Validation Loss: 0.218439
Validation loss decreased (0.224617 --> 0.218439).  Saving model ...
Epoch: 14 	Training Loss: 0.999132 	Validation Loss: 0.203841
Validation loss decreased (0.218439 --> 0.203841).  Saving model ...
Epoch: 15 	Training Loss: 0.975437 	Validation Loss: 0.199689
Validation loss decreased (0.203841 --> 0.199689).  Saving model ...
Epoch: 16 	Training Loss: 0.959563 	Validation Loss: 0.200724
Epoch: 17 	Training Loss: 0.947537 	Validation Loss: 0.203361
Epoch: 18 	Training Loss: 0.928769 	Validation Loss: 0.190699
Validation loss decreased (0.199689 --> 0.190699).  Saving model ...
Epoch: 19 	Training Loss: 0.913136 	Validation Loss: 0.188703
Validation loss decreased (0.190699 --> 0.188703).  Saving model ...
Test Loss: 0.765949

Test Accuracy of airplane: 67% (159/234)
Test Accuracy of automobile: 90% (223/246)
Test Accuracy of  bird: 61% (172/281)
Test Accuracy of   cat: 33% (84/253)
Test Accuracy of  deer: 63% (144/227)
Test Accuracy of   dog: 76% (191/250)
Test Accuracy of  frog: 84% (210/248)
Test Accuracy of horse: 73% (184/250)
Test Accuracy of  ship: 91% (237/258)
Test Accuracy of truck: 77% (205/265)

Test Accuracy (Overall): 72% (1809/2512)
Epoch: 0 	Training Loss: 1.700592 	Validation Loss: 0.385412
Validation loss decreased (inf --> 0.385412).  Saving model ...
Epoch: 1 	Training Loss: 1.541042 	Validation Loss: 0.357959
Validation loss decreased (0.385412 --> 0.357959).  Saving model ...
Epoch: 2 	Training Loss: 1.453957 	Validation Loss: 0.332447
Validation loss decreased (0.357959 --> 0.332447).  Saving model ...
Epoch: 3 	Training Loss: 1.375451 	Validation Loss: 0.306248
Validation loss decreased (0.332447 --> 0.306248).  Saving model ...
Epoch: 4 	Training Loss: 1.292315 	Validation Loss: 0.298615
Validation loss decreased (0.306248 --> 0.298615).  Saving model ...
Epoch: 5 	Training Loss: 1.227745 	Validation Loss: 0.267875
Validation loss decreased (0.298615 --> 0.267875).  Saving model ...
Epoch: 6 	Training Loss: 1.170816 	Validation Loss: 0.257840
Validation loss decreased (0.267875 --> 0.257840).  Saving model ...
Epoch: 7 	Training Loss: 1.122003 	Validation Loss: 0.252974
Validation loss decreased (0.257840 --> 0.252974).  Saving model ...
Epoch: 8 	Training Loss: 1.082476 	Validation Loss: 0.242970
Validation loss decreased (0.252974 --> 0.242970).  Saving model ...
Epoch: 9 	Training Loss: 1.056606 	Validation Loss: 0.236502
Validation loss decreased (0.242970 --> 0.236502).  Saving model ...
Epoch: 10 	Training Loss: 1.034578 	Validation Loss: 0.228947
Validation loss decreased (0.236502 --> 0.228947).  Saving model ...
Epoch: 11 	Training Loss: 1.009662 	Validation Loss: 0.216928
Validation loss decreased (0.228947 --> 0.216928).  Saving model ...
Epoch: 12 	Training Loss: 0.984114 	Validation Loss: 0.211604
Validation loss decreased (0.216928 --> 0.211604).  Saving model ...
Epoch: 13 	Training Loss: 0.969249 	Validation Loss: 0.205743
Validation loss decreased (0.211604 --> 0.205743).  Saving model ...
Epoch: 14 	Training Loss: 0.948463 	Validation Loss: 0.202768
Validation loss decreased (0.205743 --> 0.202768).  Saving model ...
Epoch: 15 	Training Loss: 0.929311 	Validation Loss: 0.200401
Validation loss decreased (0.202768 --> 0.200401).  Saving model ...
Epoch: 16 	Training Loss: 0.913271 	Validation Loss: 0.191784
Validation loss decreased (0.200401 --> 0.191784).  Saving model ...
Epoch: 17 	Training Loss: 0.892670 	Validation Loss: 0.204594
Epoch: 18 	Training Loss: 0.882208 	Validation Loss: 0.194112
Epoch: 19 	Training Loss: 0.862291 	Validation Loss: 0.182265
Validation loss decreased (0.191784 --> 0.182265).  Saving model ...
Test Loss: 0.700032

Test Accuracy of airplane: 77% (181/234)
Test Accuracy of automobile: 92% (228/246)
Test Accuracy of  bird: 64% (181/281)
Test Accuracy of   cat: 60% (152/253)
Test Accuracy of  deer: 61% (139/227)
Test Accuracy of   dog: 65% (164/250)
Test Accuracy of  frog: 82% (204/248)
Test Accuracy of horse: 76% (191/250)
Test Accuracy of  ship: 87% (227/258)
Test Accuracy of truck: 85% (226/265)

Test Accuracy (Overall): 75% (1893/2512)
Epoch: 0 	Training Loss: 1.736989 	Validation Loss: 0.404605
Validation loss decreased (inf --> 0.404605).  Saving model ...
Epoch: 1 	Training Loss: 1.600960 	Validation Loss: 0.384197
Validation loss decreased (0.404605 --> 0.384197).  Saving model ...
Epoch: 2 	Training Loss: 1.525599 	Validation Loss: 0.356614
Validation loss decreased (0.384197 --> 0.356614).  Saving model ...
Epoch: 3 	Training Loss: 1.475098 	Validation Loss: 0.331128
Validation loss decreased (0.356614 --> 0.331128).  Saving model ...
Epoch: 4 	Training Loss: 1.431790 	Validation Loss: 0.334770
Epoch: 5 	Training Loss: 1.386525 	Validation Loss: 0.317869
Validation loss decreased (0.331128 --> 0.317869).  Saving model ...
Epoch: 6 	Training Loss: 1.344128 	Validation Loss: 0.318224
Epoch: 7 	Training Loss: 1.310219 	Validation Loss: 0.305837
Validation loss decreased (0.317869 --> 0.305837).  Saving model ...
Epoch: 8 	Training Loss: 1.266538 	Validation Loss: 0.274302
Validation loss decreased (0.305837 --> 0.274302).  Saving model ...
Epoch: 9 	Training Loss: 1.224854 	Validation Loss: 0.261382
Validation loss decreased (0.274302 --> 0.261382).  Saving model ...
Epoch: 10 	Training Loss: 1.194345 	Validation Loss: 0.265219
Epoch: 11 	Training Loss: 1.169586 	Validation Loss: 0.275592
Epoch: 12 	Training Loss: 1.146947 	Validation Loss: 0.256295
Validation loss decreased (0.261382 --> 0.256295).  Saving model ...
Epoch: 13 	Training Loss: 1.126827 	Validation Loss: 0.260822
Epoch: 14 	Training Loss: 1.102110 	Validation Loss: 0.246826
Validation loss decreased (0.256295 --> 0.246826).  Saving model ...
Epoch: 15 	Training Loss: 1.085597 	Validation Loss: 0.240472
Validation loss decreased (0.246826 --> 0.240472).  Saving model ...
Epoch: 16 	Training Loss: 1.081496 	Validation Loss: 0.227221
Validation loss decreased (0.240472 --> 0.227221).  Saving model ...
Epoch: 17 	Training Loss: 1.055584 	Validation Loss: 0.231326
Epoch: 18 	Training Loss: 1.030763 	Validation Loss: 0.220244
Validation loss decreased (0.227221 --> 0.220244).  Saving model ...
Epoch: 19 	Training Loss: 1.030418 	Validation Loss: 0.233913
Test Loss: 0.953377

Test Accuracy of airplane: 73% (171/234)
Test Accuracy of automobile: 91% (224/246)
Test Accuracy of  bird: 78% (221/281)
Test Accuracy of   cat: 31% (79/253)
Test Accuracy of  deer: 45% (104/227)
Test Accuracy of   dog: 52% (131/250)
Test Accuracy of  frog: 75% (188/248)
Test Accuracy of horse: 58% (147/250)
Test Accuracy of  ship: 83% (216/258)
Test Accuracy of truck: 72% (191/265)

Test Accuracy (Overall): 66% (1672/2512)
Epoch: 0 	Training Loss: 1.827692 	Validation Loss: 0.424219
Validation loss decreased (inf --> 0.424219).  Saving model ...
Epoch: 1 	Training Loss: 1.681272 	Validation Loss: 0.399378
Validation loss decreased (0.424219 --> 0.399378).  Saving model ...
Epoch: 2 	Training Loss: 1.613351 	Validation Loss: 0.396969
Validation loss decreased (0.399378 --> 0.396969).  Saving model ...
Epoch: 3 	Training Loss: 1.566025 	Validation Loss: 0.372635
Validation loss decreased (0.396969 --> 0.372635).  Saving model ...
Epoch: 4 	Training Loss: 1.523327 	Validation Loss: 0.352585
Validation loss decreased (0.372635 --> 0.352585).  Saving model ...
Epoch: 5 	Training Loss: 1.481395 	Validation Loss: 0.354334
Epoch: 6 	Training Loss: 1.439569 	Validation Loss: 0.322797
Validation loss decreased (0.352585 --> 0.322797).  Saving model ...
Epoch: 7 	Training Loss: 1.392861 	Validation Loss: 0.314063
Validation loss decreased (0.322797 --> 0.314063).  Saving model ...
Epoch: 8 	Training Loss: 1.349884 	Validation Loss: 0.300946
Validation loss decreased (0.314063 --> 0.300946).  Saving model ...
Epoch: 9 	Training Loss: 1.305037 	Validation Loss: 0.320857
Epoch: 10 	Training Loss: 1.266508 	Validation Loss: 0.276069
Validation loss decreased (0.300946 --> 0.276069).  Saving model ...
Epoch: 11 	Training Loss: 1.225284 	Validation Loss: 0.272498
Validation loss decreased (0.276069 --> 0.272498).  Saving model ...
Epoch: 12 	Training Loss: 1.202352 	Validation Loss: 0.260879
Validation loss decreased (0.272498 --> 0.260879).  Saving model ...
Epoch: 13 	Training Loss: 1.167882 	Validation Loss: 0.248731
Validation loss decreased (0.260879 --> 0.248731).  Saving model ...
Epoch: 14 	Training Loss: 1.145239 	Validation Loss: 0.250081
Epoch: 15 	Training Loss: 1.129058 	Validation Loss: 0.240425
Validation loss decreased (0.248731 --> 0.240425).  Saving model ...
Epoch: 16 	Training Loss: 1.098793 	Validation Loss: 0.239279
Validation loss decreased (0.240425 --> 0.239279).  Saving model ...
Epoch: 17 	Training Loss: 1.087679 	Validation Loss: 0.259848
Epoch: 18 	Training Loss: 1.067994 	Validation Loss: 0.225347
Validation loss decreased (0.239279 --> 0.225347).  Saving model ...
Epoch: 19 	Training Loss: 1.052797 	Validation Loss: 0.217964
Validation loss decreased (0.225347 --> 0.217964).  Saving model ...
Test Loss: 0.882438

Test Accuracy of airplane: 59% (139/234)
Test Accuracy of automobile: 86% (214/246)
Test Accuracy of  bird: 45% (128/281)
Test Accuracy of   cat: 40% (103/253)
Test Accuracy of  deer: 65% (148/227)
Test Accuracy of   dog: 70% (175/250)
Test Accuracy of  frog: 71% (178/248)
Test Accuracy of horse: 73% (183/250)
Test Accuracy of  ship: 83% (215/258)
Test Accuracy of truck: 83% (221/265)

Test Accuracy (Overall): 67% (1704/2512)
Epoch: 0 	Training Loss: 1.697897 	Validation Loss: 0.399421
Validation loss decreased (inf --> 0.399421).  Saving model ...
Epoch: 1 	Training Loss: 1.542671 	Validation Loss: 0.368504
Validation loss decreased (0.399421 --> 0.368504).  Saving model ...
Epoch: 2 	Training Loss: 1.470661 	Validation Loss: 0.339452
Validation loss decreased (0.368504 --> 0.339452).  Saving model ...
Epoch: 3 	Training Loss: 1.417688 	Validation Loss: 0.322667
Validation loss decreased (0.339452 --> 0.322667).  Saving model ...
Epoch: 4 	Training Loss: 1.348163 	Validation Loss: 0.306886
Validation loss decreased (0.322667 --> 0.306886).  Saving model ...
Epoch: 5 	Training Loss: 1.285365 	Validation Loss: 0.284390
Validation loss decreased (0.306886 --> 0.284390).  Saving model ...
Epoch: 6 	Training Loss: 1.231473 	Validation Loss: 0.268493
Validation loss decreased (0.284390 --> 0.268493).  Saving model ...
Epoch: 7 	Training Loss: 1.197025 	Validation Loss: 0.273227
Epoch: 8 	Training Loss: 1.149912 	Validation Loss: 0.248888
Validation loss decreased (0.268493 --> 0.248888).  Saving model ...
Epoch: 9 	Training Loss: 1.121748 	Validation Loss: 0.242776
Validation loss decreased (0.248888 --> 0.242776).  Saving model ...
Epoch: 10 	Training Loss: 1.098934 	Validation Loss: 0.245328
Epoch: 11 	Training Loss: 1.070148 	Validation Loss: 0.225077
Validation loss decreased (0.242776 --> 0.225077).  Saving model ...
Epoch: 12 	Training Loss: 1.050484 	Validation Loss: 0.225576
Epoch: 13 	Training Loss: 1.028199 	Validation Loss: 0.229456
Epoch: 14 	Training Loss: 1.009673 	Validation Loss: 0.224493
Validation loss decreased (0.225077 --> 0.224493).  Saving model ...
Epoch: 15 	Training Loss: 0.988130 	Validation Loss: 0.211914
Validation loss decreased (0.224493 --> 0.211914).  Saving model ...
Epoch: 16 	Training Loss: 0.973482 	Validation Loss: 0.214486
Epoch: 17 	Training Loss: 0.952964 	Validation Loss: 0.213344
