Files already downloaded and verified
Files already downloaded and verified
Epoch: 0 	Training Loss: 1.415189 	Validation Loss: 0.296714
Validation loss decreased (inf --> 0.296714).  Saving model ...
Epoch: 1 	Training Loss: 1.150054 	Validation Loss: 0.259568
Validation loss decreased (0.296714 --> 0.259568).  Saving model ...
Epoch: 2 	Training Loss: 1.021936 	Validation Loss: 0.218769
Validation loss decreased (0.259568 --> 0.218769).  Saving model ...
Epoch: 3 	Training Loss: 0.928758 	Validation Loss: 0.202661
Validation loss decreased (0.218769 --> 0.202661).  Saving model ...
Epoch: 4 	Training Loss: 0.856610 	Validation Loss: 0.202074
Validation loss decreased (0.202661 --> 0.202074).  Saving model ...
Epoch: 5 	Training Loss: 0.802045 	Validation Loss: 0.182504
Validation loss decreased (0.202074 --> 0.182504).  Saving model ...
Epoch: 6 	Training Loss: 0.752482 	Validation Loss: 0.176408
Validation loss decreased (0.182504 --> 0.176408).  Saving model ...
Epoch: 7 	Training Loss: 0.711656 	Validation Loss: 0.152624
Validation loss decreased (0.176408 --> 0.152624).  Saving model ...
Epoch: 8 	Training Loss: 0.679709 	Validation Loss: 0.153433
Epoch: 9 	Training Loss: 0.639712 	Validation Loss: 0.136691
Validation loss decreased (0.152624 --> 0.136691).  Saving model ...
Epoch: 10 	Training Loss: 0.616334 	Validation Loss: 0.135231
Validation loss decreased (0.136691 --> 0.135231).  Saving model ...
Epoch: 11 	Training Loss: 0.593513 	Validation Loss: 0.127498
Validation loss decreased (0.135231 --> 0.127498).  Saving model ...
Epoch: 12 	Training Loss: 0.570624 	Validation Loss: 0.126106
Validation loss decreased (0.127498 --> 0.126106).  Saving model ...
Epoch: 13 	Training Loss: 0.546086 	Validation Loss: 0.122694
Validation loss decreased (0.126106 --> 0.122694).  Saving model ...
Epoch: 14 	Training Loss: 0.528899 	Validation Loss: 0.121983
Validation loss decreased (0.122694 --> 0.121983).  Saving model ...
Epoch: 15 	Training Loss: 0.515239 	Validation Loss: 0.116717
Validation loss decreased (0.121983 --> 0.116717).  Saving model ...
Epoch: 16 	Training Loss: 0.500329 	Validation Loss: 0.114416
Validation loss decreased (0.116717 --> 0.114416).  Saving model ...
Epoch: 17 	Training Loss: 0.487954 	Validation Loss: 0.112778
Validation loss decreased (0.114416 --> 0.112778).  Saving model ...
Epoch: 18 	Training Loss: 0.472250 	Validation Loss: 0.111976
Validation loss decreased (0.112778 --> 0.111976).  Saving model ...
Epoch: 19 	Training Loss: 0.464228 	Validation Loss: 0.114141
Test Loss: 0.582685

Test Accuracy of airplane: 78% (184/234)
Test Accuracy of automobile: 85% (210/246)
Test Accuracy of  bird: 74% (208/281)
Test Accuracy of   cat: 58% (149/253)
Test Accuracy of  deer: 81% (186/227)
Test Accuracy of   dog: 67% (169/250)
Test Accuracy of  frog: 75% (186/248)
Test Accuracy of horse: 94% (235/250)
Test Accuracy of  ship: 86% (224/258)
Test Accuracy of truck: 91% (242/265)

Test Accuracy (Overall): 79% (1993/2512)
Epoch: 0 	Training Loss: 1.473356 	Validation Loss: 0.302456
Validation loss decreased (inf --> 0.302456).  Saving model ...
Epoch: 1 	Training Loss: 1.223944 	Validation Loss: 0.271369
Validation loss decreased (0.302456 --> 0.271369).  Saving model ...
Epoch: 2 	Training Loss: 1.096015 	Validation Loss: 0.237504
Validation loss decreased (0.271369 --> 0.237504).  Saving model ...
Epoch: 3 	Training Loss: 0.997646 	Validation Loss: 0.217461
Validation loss decreased (0.237504 --> 0.217461).  Saving model ...
Epoch: 4 	Training Loss: 0.921757 	Validation Loss: 0.207086
Validation loss decreased (0.217461 --> 0.207086).  Saving model ...
Epoch: 5 	Training Loss: 0.859435 	Validation Loss: 0.187025
Validation loss decreased (0.207086 --> 0.187025).  Saving model ...
Epoch: 6 	Training Loss: 0.815656 	Validation Loss: 0.171782
Validation loss decreased (0.187025 --> 0.171782).  Saving model ...
Epoch: 7 	Training Loss: 0.771633 	Validation Loss: 0.165833
Validation loss decreased (0.171782 --> 0.165833).  Saving model ...
Epoch: 8 	Training Loss: 0.733801 	Validation Loss: 0.162056
Validation loss decreased (0.165833 --> 0.162056).  Saving model ...
Epoch: 9 	Training Loss: 0.711622 	Validation Loss: 0.154749
Validation loss decreased (0.162056 --> 0.154749).  Saving model ...
Epoch: 10 	Training Loss: 0.677669 	Validation Loss: 0.149000
Validation loss decreased (0.154749 --> 0.149000).  Saving model ...
Epoch: 11 	Training Loss: 0.652854 	Validation Loss: 0.142712
Validation loss decreased (0.149000 --> 0.142712).  Saving model ...
Epoch: 12 	Training Loss: 0.630544 	Validation Loss: 0.131648
Validation loss decreased (0.142712 --> 0.131648).  Saving model ...
Epoch: 13 	Training Loss: 0.611793 	Validation Loss: 0.129688
Validation loss decreased (0.131648 --> 0.129688).  Saving model ...
Epoch: 14 	Training Loss: 0.590698 	Validation Loss: 0.132170
Epoch: 15 	Training Loss: 0.570602 	Validation Loss: 0.121801
Validation loss decreased (0.129688 --> 0.121801).  Saving model ...
Epoch: 16 	Training Loss: 0.549880 	Validation Loss: 0.122321
Epoch: 17 	Training Loss: 0.534622 	Validation Loss: 0.116282
Validation loss decreased (0.121801 --> 0.116282).  Saving model ...
Epoch: 18 	Training Loss: 0.518317 	Validation Loss: 0.121233
Epoch: 19 	Training Loss: 0.506018 	Validation Loss: 0.111868
Validation loss decreased (0.116282 --> 0.111868).  Saving model ...
Test Loss: 0.556284

Test Accuracy of airplane: 87% (204/234)
Test Accuracy of automobile: 91% (226/246)
Test Accuracy of  bird: 71% (200/281)
Test Accuracy of   cat: 67% (171/253)
Test Accuracy of  deer: 73% (166/227)
Test Accuracy of   dog: 64% (162/250)
Test Accuracy of  frog: 82% (204/248)
Test Accuracy of horse: 90% (225/250)
Test Accuracy of  ship: 91% (236/258)
Test Accuracy of truck: 87% (233/265)

Test Accuracy (Overall): 80% (2027/2512)
Epoch: 0 	Training Loss: 1.543287 	Validation Loss: 0.328606
Validation loss decreased (inf --> 0.328606).  Saving model ...
Epoch: 1 	Training Loss: 1.298012 	Validation Loss: 0.279227
Validation loss decreased (0.328606 --> 0.279227).  Saving model ...
Epoch: 2 	Training Loss: 1.195579 	Validation Loss: 0.255851
Validation loss decreased (0.279227 --> 0.255851).  Saving model ...
Epoch: 3 	Training Loss: 1.106560 	Validation Loss: 0.274659
Epoch: 4 	Training Loss: 1.036425 	Validation Loss: 0.222961
Validation loss decreased (0.255851 --> 0.222961).  Saving model ...
Epoch: 5 	Training Loss: 0.961168 	Validation Loss: 0.200028
Validation loss decreased (0.222961 --> 0.200028).  Saving model ...
Epoch: 6 	Training Loss: 0.918355 	Validation Loss: 0.193945
Validation loss decreased (0.200028 --> 0.193945).  Saving model ...
Epoch: 7 	Training Loss: 0.866173 	Validation Loss: 0.187910
Validation loss decreased (0.193945 --> 0.187910).  Saving model ...
Epoch: 8 	Training Loss: 0.832358 	Validation Loss: 0.182402
Validation loss decreased (0.187910 --> 0.182402).  Saving model ...
Epoch: 9 	Training Loss: 0.793714 	Validation Loss: 0.168752
Validation loss decreased (0.182402 --> 0.168752).  Saving model ...
Epoch: 10 	Training Loss: 0.759653 	Validation Loss: 0.153508
Validation loss decreased (0.168752 --> 0.153508).  Saving model ...
Epoch: 11 	Training Loss: 0.731081 	Validation Loss: 0.144703
Validation loss decreased (0.153508 --> 0.144703).  Saving model ...
Epoch: 12 	Training Loss: 0.708481 	Validation Loss: 0.145223
Epoch: 13 	Training Loss: 0.680259 	Validation Loss: 0.135398
Validation loss decreased (0.144703 --> 0.135398).  Saving model ...
Epoch: 14 	Training Loss: 0.667170 	Validation Loss: 0.129027
Validation loss decreased (0.135398 --> 0.129027).  Saving model ...
Epoch: 15 	Training Loss: 0.642155 	Validation Loss: 0.123684
Validation loss decreased (0.129027 --> 0.123684).  Saving model ...
Epoch: 16 	Training Loss: 0.628918 	Validation Loss: 0.120746
Validation loss decreased (0.123684 --> 0.120746).  Saving model ...
Epoch: 17 	Training Loss: 0.608022 	Validation Loss: 0.119013
Validation loss decreased (0.120746 --> 0.119013).  Saving model ...
Epoch: 18 	Training Loss: 0.599729 	Validation Loss: 0.123123
Epoch: 19 	Training Loss: 0.586722 	Validation Loss: 0.122055
Test Loss: 0.620104

Test Accuracy of airplane: 73% (171/234)
Test Accuracy of automobile: 89% (220/246)
Test Accuracy of  bird: 61% (173/281)
Test Accuracy of   cat: 54% (137/253)
Test Accuracy of  deer: 87% (199/227)
Test Accuracy of   dog: 65% (164/250)
Test Accuracy of  frog: 85% (213/248)
Test Accuracy of horse: 84% (212/250)
Test Accuracy of  ship: 91% (235/258)
Test Accuracy of truck: 89% (238/265)

Test Accuracy (Overall): 78% (1962/2512)
Epoch: 0 	Training Loss: 1.504344 	Validation Loss: 0.328461
Validation loss decreased (inf --> 0.328461).  Saving model ...
Epoch: 1 	Training Loss: 1.282164 	Validation Loss: 0.298386
Validation loss decreased (0.328461 --> 0.298386).  Saving model ...
Epoch: 2 	Training Loss: 1.162327 	Validation Loss: 0.255648
Validation loss decreased (0.298386 --> 0.255648).  Saving model ...
Epoch: 3 	Training Loss: 1.066338 	Validation Loss: 0.237213
Validation loss decreased (0.255648 --> 0.237213).  Saving model ...
Epoch: 4 	Training Loss: 0.987634 	Validation Loss: 0.230363
Validation loss decreased (0.237213 --> 0.230363).  Saving model ...
Epoch: 5 	Training Loss: 0.931952 	Validation Loss: 0.205829
Validation loss decreased (0.230363 --> 0.205829).  Saving model ...
Epoch: 6 	Training Loss: 0.883887 	Validation Loss: 0.186435
Validation loss decreased (0.205829 --> 0.186435).  Saving model ...
Epoch: 7 	Training Loss: 0.850493 	Validation Loss: 0.194041
Epoch: 8 	Training Loss: 0.810322 	Validation Loss: 0.185498
Validation loss decreased (0.186435 --> 0.185498).  Saving model ...
Epoch: 9 	Training Loss: 0.780159 	Validation Loss: 0.170205
Validation loss decreased (0.185498 --> 0.170205).  Saving model ...
Epoch: 10 	Training Loss: 0.757276 	Validation Loss: 0.171238
Epoch: 11 	Training Loss: 0.731950 	Validation Loss: 0.145642
Validation loss decreased (0.170205 --> 0.145642).  Saving model ...
Epoch: 12 	Training Loss: 0.706383 	Validation Loss: 0.144765
Validation loss decreased (0.145642 --> 0.144765).  Saving model ...
Epoch: 13 	Training Loss: 0.691981 	Validation Loss: 0.140282
Validation loss decreased (0.144765 --> 0.140282).  Saving model ...
Epoch: 14 	Training Loss: 0.662484 	Validation Loss: 0.140209
Validation loss decreased (0.140282 --> 0.140209).  Saving model ...
Epoch: 15 	Training Loss: 0.648610 	Validation Loss: 0.136159
Validation loss decreased (0.140209 --> 0.136159).  Saving model ...
Epoch: 16 	Training Loss: 0.627820 	Validation Loss: 0.132941
Validation loss decreased (0.136159 --> 0.132941).  Saving model ...
Epoch: 17 	Training Loss: 0.616279 	Validation Loss: 0.130637
Validation loss decreased (0.132941 --> 0.130637).  Saving model ...
Epoch: 18 	Training Loss: 0.601293 	Validation Loss: 0.124991
Validation loss decreased (0.130637 --> 0.124991).  Saving model ...
Epoch: 19 	Training Loss: 0.588013 	Validation Loss: 0.122745
Validation loss decreased (0.124991 --> 0.122745).  Saving model ...
Test Loss: 0.614411

Test Accuracy of airplane: 80% (188/234)
Test Accuracy of automobile: 90% (223/246)
Test Accuracy of  bird: 76% (216/281)
Test Accuracy of   cat: 53% (135/253)
Test Accuracy of  deer: 77% (177/227)
Test Accuracy of   dog: 70% (177/250)
Test Accuracy of  frog: 86% (214/248)
Test Accuracy of horse: 83% (209/250)
Test Accuracy of  ship: 86% (224/258)
Test Accuracy of truck: 83% (222/265)

Test Accuracy (Overall): 79% (1985/2512)
Epoch: 0 	Training Loss: 1.532040 	Validation Loss: 0.328886
Validation loss decreased (inf --> 0.328886).  Saving model ...
Epoch: 1 	Training Loss: 1.304635 	Validation Loss: 0.298867
Validation loss decreased (0.328886 --> 0.298867).  Saving model ...
Epoch: 2 	Training Loss: 1.197163 	Validation Loss: 0.275945
Validation loss decreased (0.298867 --> 0.275945).  Saving model ...
Epoch: 3 	Training Loss: 1.104841 	Validation Loss: 0.246620
Validation loss decreased (0.275945 --> 0.246620).  Saving model ...
Epoch: 4 	Training Loss: 1.035659 	Validation Loss: 0.220534
Validation loss decreased (0.246620 --> 0.220534).  Saving model ...
Epoch: 5 	Training Loss: 0.973639 	Validation Loss: 0.226752
Epoch: 6 	Training Loss: 0.921011 	Validation Loss: 0.204286
Validation loss decreased (0.220534 --> 0.204286).  Saving model ...
Epoch: 7 	Training Loss: 0.881043 	Validation Loss: 0.190491
Validation loss decreased (0.204286 --> 0.190491).  Saving model ...
Epoch: 8 	Training Loss: 0.845726 	Validation Loss: 0.190069
Validation loss decreased (0.190491 --> 0.190069).  Saving model ...
Epoch: 9 	Training Loss: 0.815923 	Validation Loss: 0.172940
Validation loss decreased (0.190069 --> 0.172940).  Saving model ...
Epoch: 10 	Training Loss: 0.783524 	Validation Loss: 0.170523
Validation loss decreased (0.172940 --> 0.170523).  Saving model ...
Epoch: 11 	Training Loss: 0.765080 	Validation Loss: 0.158374
Validation loss decreased (0.170523 --> 0.158374).  Saving model ...
Epoch: 12 	Training Loss: 0.741582 	Validation Loss: 0.166623
Epoch: 13 	Training Loss: 0.713641 	Validation Loss: 0.155986
Validation loss decreased (0.158374 --> 0.155986).  Saving model ...
Epoch: 14 	Training Loss: 0.690802 	Validation Loss: 0.145729
Validation loss decreased (0.155986 --> 0.145729).  Saving model ...
Epoch: 15 	Training Loss: 0.673519 	Validation Loss: 0.155504
Epoch: 16 	Training Loss: 0.656471 	Validation Loss: 0.135896
Validation loss decreased (0.145729 --> 0.135896).  Saving model ...
Epoch: 17 	Training Loss: 0.641163 	Validation Loss: 0.135575
Validation loss decreased (0.135896 --> 0.135575).  Saving model ...
Epoch: 18 	Training Loss: 0.619230 	Validation Loss: 0.135931
Epoch: 19 	Training Loss: 0.608775 	Validation Loss: 0.131441
Validation loss decreased (0.135575 --> 0.131441).  Saving model ...
Test Loss: 0.678571

Test Accuracy of airplane: 75% (176/234)
Test Accuracy of automobile: 88% (217/246)
Test Accuracy of  bird: 55% (156/281)
Test Accuracy of   cat: 73% (186/253)
Test Accuracy of  deer: 76% (173/227)
Test Accuracy of   dog: 69% (174/250)
Test Accuracy of  frog: 86% (215/248)
Test Accuracy of horse: 75% (188/250)
Test Accuracy of  ship: 87% (227/258)
Test Accuracy of truck: 89% (237/265)

Test Accuracy (Overall): 77% (1949/2512)
Epoch: 0 	Training Loss: 1.546595 	Validation Loss: 0.379201
Validation loss decreased (inf --> 0.379201).  Saving model ...
Epoch: 1 	Training Loss: 1.331627 	Validation Loss: 0.304915
Validation loss decreased (0.379201 --> 0.304915).  Saving model ...
Epoch: 2 	Training Loss: 1.225054 	Validation Loss: 0.275325
Validation loss decreased (0.304915 --> 0.275325).  Saving model ...
Epoch: 3 	Training Loss: 1.148322 	Validation Loss: 0.252697
Validation loss decreased (0.275325 --> 0.252697).  Saving model ...
Epoch: 4 	Training Loss: 1.075008 	Validation Loss: 0.241330
Validation loss decreased (0.252697 --> 0.241330).  Saving model ...
Epoch: 5 	Training Loss: 1.010610 	Validation Loss: 0.226958
Validation loss decreased (0.241330 --> 0.226958).  Saving model ...
Epoch: 6 	Training Loss: 0.947583 	Validation Loss: 0.204758
Validation loss decreased (0.226958 --> 0.204758).  Saving model ...
Epoch: 7 	Training Loss: 0.904357 	Validation Loss: 0.196131
Validation loss decreased (0.204758 --> 0.196131).  Saving model ...
Epoch: 8 	Training Loss: 0.862392 	Validation Loss: 0.186434
Validation loss decreased (0.196131 --> 0.186434).  Saving model ...
Epoch: 9 	Training Loss: 0.826124 	Validation Loss: 0.171046
Validation loss decreased (0.186434 --> 0.171046).  Saving model ...
Epoch: 10 	Training Loss: 0.790001 	Validation Loss: 0.157824
Validation loss decreased (0.171046 --> 0.157824).  Saving model ...
Epoch: 11 	Training Loss: 0.756906 	Validation Loss: 0.157627
Validation loss decreased (0.157824 --> 0.157627).  Saving model ...
Epoch: 12 	Training Loss: 0.728430 	Validation Loss: 0.154829
Validation loss decreased (0.157627 --> 0.154829).  Saving model ...
Epoch: 13 	Training Loss: 0.706106 	Validation Loss: 0.149952
Validation loss decreased (0.154829 --> 0.149952).  Saving model ...
Epoch: 14 	Training Loss: 0.679185 	Validation Loss: 0.141198
Validation loss decreased (0.149952 --> 0.141198).  Saving model ...
Epoch: 15 	Training Loss: 0.660242 	Validation Loss: 0.137694
Validation loss decreased (0.141198 --> 0.137694).  Saving model ...
Epoch: 16 	Training Loss: 0.640243 	Validation Loss: 0.144477
Epoch: 17 	Training Loss: 0.626906 	Validation Loss: 0.131339
Validation loss decreased (0.137694 --> 0.131339).  Saving model ...
Epoch: 18 	Training Loss: 0.602645 	Validation Loss: 0.129015
Validation loss decreased (0.131339 --> 0.129015).  Saving model ...
Epoch: 19 	Training Loss: 0.593435 	Validation Loss: 0.121305
Validation loss decreased (0.129015 --> 0.121305).  Saving model ...
Test Loss: 0.607179

Test Accuracy of airplane: 80% (189/234)
Test Accuracy of automobile: 88% (218/246)
Test Accuracy of  bird: 72% (204/281)
Test Accuracy of   cat: 58% (149/253)
Test Accuracy of  deer: 71% (162/227)
Test Accuracy of   dog: 62% (157/250)
Test Accuracy of  frog: 85% (211/248)
Test Accuracy of horse: 87% (219/250)
Test Accuracy of  ship: 93% (241/258)
Test Accuracy of truck: 83% (221/265)

Test Accuracy (Overall): 78% (1971/2512)
Epoch: 0 	Training Loss: 1.581183 	Validation Loss: 0.345029
Validation loss decreased (inf --> 0.345029).  Saving model ...
Epoch: 1 	Training Loss: 1.367368 	Validation Loss: 0.306162
Validation loss decreased (0.345029 --> 0.306162).  Saving model ...
Epoch: 2 	Training Loss: 1.262676 	Validation Loss: 0.287805
Validation loss decreased (0.306162 --> 0.287805).  Saving model ...
Epoch: 3 	Training Loss: 1.186759 	Validation Loss: 0.252093
Validation loss decreased (0.287805 --> 0.252093).  Saving model ...
Epoch: 4 	Training Loss: 1.113091 	Validation Loss: 0.244393
Validation loss decreased (0.252093 --> 0.244393).  Saving model ...
Epoch: 5 	Training Loss: 1.053458 	Validation Loss: 0.221401
Validation loss decreased (0.244393 --> 0.221401).  Saving model ...
Epoch: 6 	Training Loss: 1.005229 	Validation Loss: 0.211720
Validation loss decreased (0.221401 --> 0.211720).  Saving model ...
Epoch: 7 	Training Loss: 0.960457 	Validation Loss: 0.197032
Validation loss decreased (0.211720 --> 0.197032).  Saving model ...
Epoch: 8 	Training Loss: 0.920152 	Validation Loss: 0.208544
Epoch: 9 	Training Loss: 0.886716 	Validation Loss: 0.183310
Validation loss decreased (0.197032 --> 0.183310).  Saving model ...
Epoch: 10 	Training Loss: 0.857981 	Validation Loss: 0.176621
Validation loss decreased (0.183310 --> 0.176621).  Saving model ...
Epoch: 11 	Training Loss: 0.828210 	Validation Loss: 0.192450
Epoch: 12 	Training Loss: 0.802251 	Validation Loss: 0.161041
Validation loss decreased (0.176621 --> 0.161041).  Saving model ...
Epoch: 13 	Training Loss: 0.781081 	Validation Loss: 0.157407
Validation loss decreased (0.161041 --> 0.157407).  Saving model ...
Epoch: 14 	Training Loss: 0.754665 	Validation Loss: 0.156805
Validation loss decreased (0.157407 --> 0.156805).  Saving model ...
Epoch: 15 	Training Loss: 0.737783 	Validation Loss: 0.145890
Validation loss decreased (0.156805 --> 0.145890).  Saving model ...
Epoch: 16 	Training Loss: 0.720893 	Validation Loss: 0.151851
Epoch: 17 	Training Loss: 0.701905 	Validation Loss: 0.142062
Validation loss decreased (0.145890 --> 0.142062).  Saving model ...
Epoch: 18 	Training Loss: 0.678854 	Validation Loss: 0.140231
Validation loss decreased (0.142062 --> 0.140231).  Saving model ...
Epoch: 19 	Training Loss: 0.667156 	Validation Loss: 0.142671
Test Loss: 0.710537

Test Accuracy of airplane: 76% (179/234)
Test Accuracy of automobile: 90% (222/246)
Test Accuracy of  bird: 68% (193/281)
Test Accuracy of   cat: 64% (162/253)
Test Accuracy of  deer: 74% (169/227)
Test Accuracy of   dog: 57% (143/250)
Test Accuracy of  frog: 86% (215/248)
Test Accuracy of horse: 71% (179/250)
Test Accuracy of  ship: 81% (210/258)
Test Accuracy of truck: 88% (234/265)

Test Accuracy (Overall): 75% (1906/2512)
Epoch: 0 	Training Loss: 1.501298 	Validation Loss: 0.320941
Validation loss decreased (inf --> 0.320941).  Saving model ...
Epoch: 1 	Training Loss: 1.260422 	Validation Loss: 0.274046
Validation loss decreased (0.320941 --> 0.274046).  Saving model ...
Epoch: 2 	Training Loss: 1.154575 	Validation Loss: 0.247487
Validation loss decreased (0.274046 --> 0.247487).  Saving model ...
Epoch: 3 	Training Loss: 1.060559 	Validation Loss: 0.236944
Validation loss decreased (0.247487 --> 0.236944).  Saving model ...
Epoch: 4 	Training Loss: 0.986934 	Validation Loss: 0.203005
Validation loss decreased (0.236944 --> 0.203005).  Saving model ...
Epoch: 5 	Training Loss: 0.918826 	Validation Loss: 0.202926
Validation loss decreased (0.203005 --> 0.202926).  Saving model ...
Epoch: 6 	Training Loss: 0.872222 	Validation Loss: 0.183059
Validation loss decreased (0.202926 --> 0.183059).  Saving model ...
Epoch: 7 	Training Loss: 0.831539 	Validation Loss: 0.172294
Validation loss decreased (0.183059 --> 0.172294).  Saving model ...
Epoch: 8 	Training Loss: 0.790643 	Validation Loss: 0.173187
Epoch: 9 	Training Loss: 0.757950 	Validation Loss: 0.164376
Validation loss decreased (0.172294 --> 0.164376).  Saving model ...
Epoch: 10 	Training Loss: 0.731950 	Validation Loss: 0.142072
Validation loss decreased (0.164376 --> 0.142072).  Saving model ...
Epoch: 11 	Training Loss: 0.699491 	Validation Loss: 0.147292
Epoch: 12 	Training Loss: 0.678677 	Validation Loss: 0.139715
Validation loss decreased (0.142072 --> 0.139715).  Saving model ...
Epoch: 13 	Training Loss: 0.652724 	Validation Loss: 0.133172
Validation loss decreased (0.139715 --> 0.133172).  Saving model ...
Epoch: 14 	Training Loss: 0.635972 	Validation Loss: 0.128199
Validation loss decreased (0.133172 --> 0.128199).  Saving model ...
Epoch: 15 	Training Loss: 0.612217 	Validation Loss: 0.123597
Validation loss decreased (0.128199 --> 0.123597).  Saving model ...
Epoch: 16 	Training Loss: 0.600241 	Validation Loss: 0.129395
Epoch: 17 	Training Loss: 0.586200 	Validation Loss: 0.124255
Epoch: 18 	Training Loss: 0.565754 	Validation Loss: 0.119128
Validation loss decreased (0.123597 --> 0.119128).  Saving model ...
Epoch: 19 	Training Loss: 0.554520 	Validation Loss: 0.118156
Validation loss decreased (0.119128 --> 0.118156).  Saving model ...
Test Loss: 0.590300

Test Accuracy of airplane: 83% (196/234)
Test Accuracy of automobile: 91% (224/246)
Test Accuracy of  bird: 67% (191/281)
Test Accuracy of   cat: 65% (165/253)
Test Accuracy of  deer: 79% (181/227)
Test Accuracy of   dog: 73% (184/250)
Test Accuracy of  frog: 89% (221/248)
Test Accuracy of horse: 78% (196/250)
Test Accuracy of  ship: 90% (234/258)
Test Accuracy of truck: 85% (227/265)

Test Accuracy (Overall): 80% (2019/2512)
Epoch: 0 	Training Loss: 1.560456 	Validation Loss: 0.330003
Validation loss decreased (inf --> 0.330003).  Saving model ...
Epoch: 1 	Training Loss: 1.308157 	Validation Loss: 0.304193
Validation loss decreased (0.330003 --> 0.304193).  Saving model ...
Epoch: 2 	Training Loss: 1.198373 	Validation Loss: 0.285294
Validation loss decreased (0.304193 --> 0.285294).  Saving model ...
Epoch: 3 	Training Loss: 1.126405 	Validation Loss: 0.256016
Validation loss decreased (0.285294 --> 0.256016).  Saving model ...
Epoch: 4 	Training Loss: 1.050250 	Validation Loss: 0.238744
Validation loss decreased (0.256016 --> 0.238744).  Saving model ...
Epoch: 5 	Training Loss: 0.984429 	Validation Loss: 0.206847
Validation loss decreased (0.238744 --> 0.206847).  Saving model ...
Epoch: 6 	Training Loss: 0.924446 	Validation Loss: 0.200401
Validation loss decreased (0.206847 --> 0.200401).  Saving model ...
Epoch: 7 	Training Loss: 0.877327 	Validation Loss: 0.198670
Validation loss decreased (0.200401 --> 0.198670).  Saving model ...
Epoch: 8 	Training Loss: 0.837317 	Validation Loss: 0.182814
Validation loss decreased (0.198670 --> 0.182814).  Saving model ...
Epoch: 9 	Training Loss: 0.801366 	Validation Loss: 0.180060
Validation loss decreased (0.182814 --> 0.180060).  Saving model ...
Epoch: 10 	Training Loss: 0.772410 	Validation Loss: 0.164395
Validation loss decreased (0.180060 --> 0.164395).  Saving model ...
Epoch: 11 	Training Loss: 0.752829 	Validation Loss: 0.162649
Validation loss decreased (0.164395 --> 0.162649).  Saving model ...
Epoch: 12 	Training Loss: 0.729616 	Validation Loss: 0.155355
Validation loss decreased (0.162649 --> 0.155355).  Saving model ...
Epoch: 13 	Training Loss: 0.705857 	Validation Loss: 0.155200
Validation loss decreased (0.155355 --> 0.155200).  Saving model ...
Epoch: 14 	Training Loss: 0.689472 	Validation Loss: 0.153344
Validation loss decreased (0.155200 --> 0.153344).  Saving model ...
Epoch: 15 	Training Loss: 0.676248 	Validation Loss: 0.143737
Validation loss decreased (0.153344 --> 0.143737).  Saving model ...
Epoch: 16 	Training Loss: 0.655436 	Validation Loss: 0.149582
Epoch: 17 	Training Loss: 0.636148 	Validation Loss: 0.136960
Validation loss decreased (0.143737 --> 0.136960).  Saving model ...
Epoch: 18 	Training Loss: 0.624370 	Validation Loss: 0.135373
Validation loss decreased (0.136960 --> 0.135373).  Saving model ...
Epoch: 19 	Training Loss: 0.609797 	Validation Loss: 0.123216
Validation loss decreased (0.135373 --> 0.123216).  Saving model ...
Test Loss: 0.621766

Test Accuracy of airplane: 81% (191/234)
Test Accuracy of automobile: 92% (228/246)
Test Accuracy of  bird: 73% (206/281)
Test Accuracy of   cat: 60% (153/253)
Test Accuracy of  deer: 73% (167/227)
Test Accuracy of   dog: 56% (141/250)
Test Accuracy of  frog: 85% (211/248)
Test Accuracy of horse: 77% (193/250)
Test Accuracy of  ship: 86% (223/258)
Test Accuracy of truck: 87% (231/265)

Test Accuracy (Overall): 77% (1944/2512)
Epoch: 0 	Training Loss: 1.472241 	Validation Loss: 0.333220
Validation loss decreased (inf --> 0.333220).  Saving model ...
Epoch: 1 	Training Loss: 1.200967 	Validation Loss: 0.272435
Validation loss decreased (0.333220 --> 0.272435).  Saving model ...
Epoch: 2 	Training Loss: 1.068697 	Validation Loss: 0.230538
Validation loss decreased (0.272435 --> 0.230538).  Saving model ...
Epoch: 3 	Training Loss: 0.964976 	Validation Loss: 0.248658
Epoch: 4 	Training Loss: 0.886607 	Validation Loss: 0.195512
Validation loss decreased (0.230538 --> 0.195512).  Saving model ...
Epoch: 5 	Training Loss: 0.825513 	Validation Loss: 0.183926
Validation loss decreased (0.195512 --> 0.183926).  Saving model ...
Epoch: 6 	Training Loss: 0.777783 	Validation Loss: 0.172957
Validation loss decreased (0.183926 --> 0.172957).  Saving model ...
Epoch: 7 	Training Loss: 0.737276 	Validation Loss: 0.162883
Validation loss decreased (0.172957 --> 0.162883).  Saving model ...
Epoch: 8 	Training Loss: 0.700967 	Validation Loss: 0.147394
Validation loss decreased (0.162883 --> 0.147394).  Saving model ...
Epoch: 9 	Training Loss: 0.668230 	Validation Loss: 0.142479
Validation loss decreased (0.147394 --> 0.142479).  Saving model ...
Epoch: 10 	Training Loss: 0.635441 	Validation Loss: 0.140252
Validation loss decreased (0.142479 --> 0.140252).  Saving model ...
Epoch: 11 	Training Loss: 0.609785 	Validation Loss: 0.141474
Epoch: 12 	Training Loss: 0.592039 	Validation Loss: 0.144550
Epoch: 13 	Training Loss: 0.568631 	Validation Loss: 0.131364
Validation loss decreased (0.140252 --> 0.131364).  Saving model ...
Epoch: 14 	Training Loss: 0.550394 	Validation Loss: 0.124590
Validation loss decreased (0.131364 --> 0.124590).  Saving model ...
Epoch: 15 	Training Loss: 0.535040 	Validation Loss: 0.120059
Validation loss decreased (0.124590 --> 0.120059).  Saving model ...
Epoch: 16 	Training Loss: 0.517256 	Validation Loss: 0.122575
Epoch: 17 	Training Loss: 0.503225 	Validation Loss: 0.116265
Validation loss decreased (0.120059 --> 0.116265).  Saving model ...
Epoch: 18 	Training Loss: 0.488947 	Validation Loss: 0.114770
Validation loss decreased (0.116265 --> 0.114770).  Saving model ...
Epoch: 19 	Training Loss: 0.469150 	Validation Loss: 0.122677
Test Loss: 0.626777

Test Accuracy of airplane: 79% (185/234)
Test Accuracy of automobile: 95% (235/246)
Test Accuracy of  bird: 72% (203/281)
Test Accuracy of   cat: 60% (153/253)
Test Accuracy of  deer: 70% (159/227)
Test Accuracy of   dog: 70% (175/250)
Test Accuracy of  frog: 81% (202/248)
Test Accuracy of horse: 90% (227/250)
Test Accuracy of  ship: 91% (236/258)
Test Accuracy of truck: 87% (233/265)

Test Accuracy (Overall): 79% (2008/2512)
Epoch: 0 	Training Loss: 1.490229 	Validation Loss: 0.317990
Validation loss decreased (inf --> 0.317990).  Saving model ...
Epoch: 1 	Training Loss: 1.252881 	Validation Loss: 0.302879
Validation loss decreased (0.317990 --> 0.302879).  Saving model ...
Epoch: 2 	Training Loss: 1.133045 	Validation Loss: 0.245701
Validation loss decreased (0.302879 --> 0.245701).  Saving model ...
Epoch: 3 	Training Loss: 1.025668 	Validation Loss: 0.221630
Validation loss decreased (0.245701 --> 0.221630).  Saving model ...
Epoch: 4 	Training Loss: 0.958872 	Validation Loss: 0.225240
Epoch: 5 	Training Loss: 0.908898 	Validation Loss: 0.195093
Validation loss decreased (0.221630 --> 0.195093).  Saving model ...
Epoch: 6 	Training Loss: 0.860879 	Validation Loss: 0.178754
Validation loss decreased (0.195093 --> 0.178754).  Saving model ...
Epoch: 7 	Training Loss: 0.820096 	Validation Loss: 0.171288
Validation loss decreased (0.178754 --> 0.171288).  Saving model ...
Epoch: 8 	Training Loss: 0.784329 	Validation Loss: 0.160795
Validation loss decreased (0.171288 --> 0.160795).  Saving model ...
Epoch: 9 	Training Loss: 0.753702 	Validation Loss: 0.162981
Epoch: 10 	Training Loss: 0.725775 	Validation Loss: 0.145825
Validation loss decreased (0.160795 --> 0.145825).  Saving model ...
Epoch: 11 	Training Loss: 0.693768 	Validation Loss: 0.147694
Epoch: 12 	Training Loss: 0.676071 	Validation Loss: 0.138300
Validation loss decreased (0.145825 --> 0.138300).  Saving model ...
Epoch: 13 	Training Loss: 0.650997 	Validation Loss: 0.139902
Epoch: 14 	Training Loss: 0.639243 	Validation Loss: 0.129043
Validation loss decreased (0.138300 --> 0.129043).  Saving model ...
Epoch: 15 	Training Loss: 0.620381 	Validation Loss: 0.126420
Validation loss decreased (0.129043 --> 0.126420).  Saving model ...
Epoch: 16 	Training Loss: 0.607214 	Validation Loss: 0.120755
Validation loss decreased (0.126420 --> 0.120755).  Saving model ...
Epoch: 17 	Training Loss: 0.592288 	Validation Loss: 0.121135
Epoch: 18 	Training Loss: 0.579135 	Validation Loss: 0.121152
Epoch: 19 	Training Loss: 0.565598 	Validation Loss: 0.116693
Validation loss decreased (0.120755 --> 0.116693).  Saving model ...
Test Loss: 0.579979

Test Accuracy of airplane: 78% (184/234)
Test Accuracy of automobile: 93% (229/246)
Test Accuracy of  bird: 70% (199/281)
Test Accuracy of   cat: 64% (163/253)
Test Accuracy of  deer: 81% (185/227)
Test Accuracy of   dog: 56% (140/250)
Test Accuracy of  frog: 88% (219/248)
Test Accuracy of horse: 87% (219/250)
Test Accuracy of  ship: 91% (235/258)
Test Accuracy of truck: 82% (218/265)

Test Accuracy (Overall): 79% (1991/2512)
Epoch: 0 	Training Loss: 1.486326 	Validation Loss: 0.309012
Validation loss decreased (inf --> 0.309012).  Saving model ...
Epoch: 1 	Training Loss: 1.255866 	Validation Loss: 0.288871
Validation loss decreased (0.309012 --> 0.288871).  Saving model ...
Epoch: 2 	Training Loss: 1.149407 	Validation Loss: 0.254004
Validation loss decreased (0.288871 --> 0.254004).  Saving model ...
Epoch: 3 	Training Loss: 1.054214 	Validation Loss: 0.229939
Validation loss decreased (0.254004 --> 0.229939).  Saving model ...
Epoch: 4 	Training Loss: 0.988912 	Validation Loss: 0.211787
Validation loss decreased (0.229939 --> 0.211787).  Saving model ...
Epoch: 5 	Training Loss: 0.928386 	Validation Loss: 0.205565
Validation loss decreased (0.211787 --> 0.205565).  Saving model ...
Epoch: 6 	Training Loss: 0.880758 	Validation Loss: 0.188211
Validation loss decreased (0.205565 --> 0.188211).  Saving model ...
Epoch: 7 	Training Loss: 0.844994 	Validation Loss: 0.180136
Validation loss decreased (0.188211 --> 0.180136).  Saving model ...
Epoch: 8 	Training Loss: 0.808763 	Validation Loss: 0.170382
Validation loss decreased (0.180136 --> 0.170382).  Saving model ...
Epoch: 9 	Training Loss: 0.782962 	Validation Loss: 0.164116
Validation loss decreased (0.170382 --> 0.164116).  Saving model ...
Epoch: 10 	Training Loss: 0.755780 	Validation Loss: 0.152753
Validation loss decreased (0.164116 --> 0.152753).  Saving model ...
Epoch: 11 	Training Loss: 0.731124 	Validation Loss: 0.146140
Validation loss decreased (0.152753 --> 0.146140).  Saving model ...
Epoch: 12 	Training Loss: 0.712489 	Validation Loss: 0.146415
Epoch: 13 	Training Loss: 0.686900 	Validation Loss: 0.139351
Validation loss decreased (0.146140 --> 0.139351).  Saving model ...
Epoch: 14 	Training Loss: 0.673720 	Validation Loss: 0.145576
Epoch: 15 	Training Loss: 0.655131 	Validation Loss: 0.134496
Validation loss decreased (0.139351 --> 0.134496).  Saving model ...
Epoch: 16 	Training Loss: 0.638383 	Validation Loss: 0.126208
Validation loss decreased (0.134496 --> 0.126208).  Saving model ...
Epoch: 17 	Training Loss: 0.624191 	Validation Loss: 0.130227
Epoch: 18 	Training Loss: 0.605673 	Validation Loss: 0.127507
Epoch: 19 	Training Loss: 0.596862 	Validation Loss: 0.121335
Validation loss decreased (0.126208 --> 0.121335).  Saving model ...
Test Loss: 0.601463

Test Accuracy of airplane: 79% (185/234)
Test Accuracy of automobile: 93% (230/246)
Test Accuracy of  bird: 64% (182/281)
Test Accuracy of   cat: 61% (156/253)
Test Accuracy of  deer: 80% (182/227)
Test Accuracy of   dog: 65% (164/250)
Test Accuracy of  frog: 83% (206/248)
Test Accuracy of horse: 83% (209/250)
Test Accuracy of  ship: 89% (232/258)
Test Accuracy of truck: 84% (223/265)

Test Accuracy (Overall): 78% (1969/2512)
Epoch: 0 	Training Loss: 1.572524 	Validation Loss: 0.360537
Validation loss decreased (inf --> 0.360537).  Saving model ...
Epoch: 1 	Training Loss: 1.351682 	Validation Loss: 0.307156
Validation loss decreased (0.360537 --> 0.307156).  Saving model ...
Epoch: 2 	Training Loss: 1.258610 	Validation Loss: 0.289010
Validation loss decreased (0.307156 --> 0.289010).  Saving model ...
Epoch: 3 	Training Loss: 1.195828 	Validation Loss: 0.252610
Validation loss decreased (0.289010 --> 0.252610).  Saving model ...
Epoch: 4 	Training Loss: 1.134038 	Validation Loss: 0.246429
Validation loss decreased (0.252610 --> 0.246429).  Saving model ...
Epoch: 5 	Training Loss: 1.079595 	Validation Loss: 0.236869
Validation loss decreased (0.246429 --> 0.236869).  Saving model ...
Epoch: 6 	Training Loss: 1.040218 	Validation Loss: 0.225992
Validation loss decreased (0.236869 --> 0.225992).  Saving model ...
Epoch: 7 	Training Loss: 0.999683 	Validation Loss: 0.213831
Validation loss decreased (0.225992 --> 0.213831).  Saving model ...
Epoch: 8 	Training Loss: 0.956237 	Validation Loss: 0.207174
Validation loss decreased (0.213831 --> 0.207174).  Saving model ...
Epoch: 9 	Training Loss: 0.923737 	Validation Loss: 0.194803
Validation loss decreased (0.207174 --> 0.194803).  Saving model ...
Epoch: 10 	Training Loss: 0.895230 	Validation Loss: 0.183327
Validation loss decreased (0.194803 --> 0.183327).  Saving model ...
Epoch: 11 	Training Loss: 0.867884 	Validation Loss: 0.174268
Validation loss decreased (0.183327 --> 0.174268).  Saving model ...
Epoch: 12 	Training Loss: 0.840909 	Validation Loss: 0.173818
Validation loss decreased (0.174268 --> 0.173818).  Saving model ...
Epoch: 13 	Training Loss: 0.828694 	Validation Loss: 0.168502
Validation loss decreased (0.173818 --> 0.168502).  Saving model ...
Epoch: 14 	Training Loss: 0.800329 	Validation Loss: 0.170716
Epoch: 15 	Training Loss: 0.779192 	Validation Loss: 0.156563
Validation loss decreased (0.168502 --> 0.156563).  Saving model ...
Epoch: 16 	Training Loss: 0.752476 	Validation Loss: 0.158831
Epoch: 17 	Training Loss: 0.736000 	Validation Loss: 0.145107
Validation loss decreased (0.156563 --> 0.145107).  Saving model ...
Epoch: 18 	Training Loss: 0.716698 	Validation Loss: 0.149113
Epoch: 19 	Training Loss: 0.705366 	Validation Loss: 0.136384
Validation loss decreased (0.145107 --> 0.136384).  Saving model ...
Test Loss: 0.683754

Test Accuracy of airplane: 80% (188/234)
Test Accuracy of automobile: 89% (221/246)
Test Accuracy of  bird: 61% (172/281)
Test Accuracy of   cat: 48% (123/253)
Test Accuracy of  deer: 78% (178/227)
Test Accuracy of   dog: 66% (165/250)
Test Accuracy of  frog: 79% (197/248)
Test Accuracy of horse: 88% (220/250)
Test Accuracy of  ship: 84% (218/258)
Test Accuracy of truck: 85% (227/265)

Test Accuracy (Overall): 75% (1909/2512)
Epoch: 0 	Training Loss: 1.480722 	Validation Loss: 0.319643
Validation loss decreased (inf --> 0.319643).  Saving model ...
Epoch: 1 	Training Loss: 1.272468 	Validation Loss: 0.278005
Validation loss decreased (0.319643 --> 0.278005).  Saving model ...
Epoch: 2 	Training Loss: 1.156824 	Validation Loss: 0.282715
Epoch: 3 	Training Loss: 1.069509 	Validation Loss: 0.234863
Validation loss decreased (0.278005 --> 0.234863).  Saving model ...
Epoch: 4 	Training Loss: 0.993915 	Validation Loss: 0.213772
Validation loss decreased (0.234863 --> 0.213772).  Saving model ...
Epoch: 5 	Training Loss: 0.928106 	Validation Loss: 0.194151
Validation loss decreased (0.213772 --> 0.194151).  Saving model ...
Epoch: 6 	Training Loss: 0.870745 	Validation Loss: 0.183398
Validation loss decreased (0.194151 --> 0.183398).  Saving model ...
Epoch: 7 	Training Loss: 0.828448 	Validation Loss: 0.173520
Validation loss decreased (0.183398 --> 0.173520).  Saving model ...
Epoch: 8 	Training Loss: 0.786498 	Validation Loss: 0.159653
Validation loss decreased (0.173520 --> 0.159653).  Saving model ...
Epoch: 9 	Training Loss: 0.763477 	Validation Loss: 0.162580
Epoch: 10 	Training Loss: 0.732752 	Validation Loss: 0.154641
Validation loss decreased (0.159653 --> 0.154641).  Saving model ...
Epoch: 11 	Training Loss: 0.704247 	Validation Loss: 0.151470
Validation loss decreased (0.154641 --> 0.151470).  Saving model ...
Epoch: 12 	Training Loss: 0.682520 	Validation Loss: 0.139797
Validation loss decreased (0.151470 --> 0.139797).  Saving model ...
Epoch: 13 	Training Loss: 0.662743 	Validation Loss: 0.133907
Validation loss decreased (0.139797 --> 0.133907).  Saving model ...
Epoch: 14 	Training Loss: 0.646139 	Validation Loss: 0.133147
Validation loss decreased (0.133907 --> 0.133147).  Saving model ...
Epoch: 15 	Training Loss: 0.626135 	Validation Loss: 0.133590
Epoch: 16 	Training Loss: 0.620159 	Validation Loss: 0.135401
Epoch: 17 	Training Loss: 0.600318 	Validation Loss: 0.124138
Validation loss decreased (0.133147 --> 0.124138).  Saving model ...
Epoch: 18 	Training Loss: 0.589487 	Validation Loss: 0.125675
Epoch: 19 	Training Loss: 0.572239 	Validation Loss: 0.123504
Validation loss decreased (0.124138 --> 0.123504).  Saving model ...
Test Loss: 0.611942

Test Accuracy of airplane: 85% (200/234)
Test Accuracy of automobile: 97% (239/246)
Test Accuracy of  bird: 71% (201/281)
Test Accuracy of   cat: 58% (149/253)
Test Accuracy of  deer: 69% (158/227)
Test Accuracy of   dog: 67% (169/250)
Test Accuracy of  frog: 87% (217/248)
Test Accuracy of horse: 86% (216/250)
Test Accuracy of  ship: 87% (226/258)
Test Accuracy of truck: 79% (210/265)

Test Accuracy (Overall): 79% (1985/2512)
Epoch: 0 	Training Loss: 1.448793 	Validation Loss: 0.318478
Validation loss decreased (inf --> 0.318478).  Saving model ...
Epoch: 1 	Training Loss: 1.233332 	Validation Loss: 0.279404
Validation loss decreased (0.318478 --> 0.279404).  Saving model ...
Epoch: 2 	Training Loss: 1.127337 	Validation Loss: 0.245162
Validation loss decreased (0.279404 --> 0.245162).  Saving model ...
Epoch: 3 	Training Loss: 1.030534 	Validation Loss: 0.227167
Validation loss decreased (0.245162 --> 0.227167).  Saving model ...
Epoch: 4 	Training Loss: 0.956336 	Validation Loss: 0.210786
Validation loss decreased (0.227167 --> 0.210786).  Saving model ...
Epoch: 5 	Training Loss: 0.901244 	Validation Loss: 0.201420
Validation loss decreased (0.210786 --> 0.201420).  Saving model ...
Epoch: 6 	Training Loss: 0.850414 	Validation Loss: 0.179358
Validation loss decreased (0.201420 --> 0.179358).  Saving model ...
Epoch: 7 	Training Loss: 0.812265 	Validation Loss: 0.187408
Epoch: 8 	Training Loss: 0.779233 	Validation Loss: 0.159015
Validation loss decreased (0.179358 --> 0.159015).  Saving model ...
Epoch: 9 	Training Loss: 0.741397 	Validation Loss: 0.158244
Validation loss decreased (0.159015 --> 0.158244).  Saving model ...
Epoch: 10 	Training Loss: 0.716185 	Validation Loss: 0.145970
Validation loss decreased (0.158244 --> 0.145970).  Saving model ...
Epoch: 11 	Training Loss: 0.692880 	Validation Loss: 0.143887
Validation loss decreased (0.145970 --> 0.143887).  Saving model ...
Epoch: 12 	Training Loss: 0.671894 	Validation Loss: 0.154491
Epoch: 13 	Training Loss: 0.650597 	Validation Loss: 0.136447
Validation loss decreased (0.143887 --> 0.136447).  Saving model ...
Epoch: 14 	Training Loss: 0.640696 	Validation Loss: 0.130321
Validation loss decreased (0.136447 --> 0.130321).  Saving model ...
Epoch: 15 	Training Loss: 0.612516 	Validation Loss: 0.127818
Validation loss decreased (0.130321 --> 0.127818).  Saving model ...
Epoch: 16 	Training Loss: 0.603906 	Validation Loss: 0.132303
Epoch: 17 	Training Loss: 0.591841 	Validation Loss: 0.141125
Epoch: 18 	Training Loss: 0.585593 	Validation Loss: 0.122314
Validation loss decreased (0.127818 --> 0.122314).  Saving model ...
Epoch: 19 	Training Loss: 0.567084 	Validation Loss: 0.117889
Validation loss decreased (0.122314 --> 0.117889).  Saving model ...
Test Loss: 0.596926

Test Accuracy of airplane: 85% (201/234)
Test Accuracy of automobile: 91% (224/246)
Test Accuracy of  bird: 72% (205/281)
Test Accuracy of   cat: 58% (148/253)
Test Accuracy of  deer: 78% (178/227)
Test Accuracy of   dog: 69% (174/250)
Test Accuracy of  frog: 74% (184/248)
Test Accuracy of horse: 86% (215/250)
Test Accuracy of  ship: 89% (230/258)
Test Accuracy of truck: 89% (237/265)

Test Accuracy (Overall): 79% (1996/2512)
Epoch: 0 	Training Loss: 1.545390 	Validation Loss: 0.330238
Validation loss decreased (inf --> 0.330238).  Saving model ...
Epoch: 1 	Training Loss: 1.299334 	Validation Loss: 0.298458
Validation loss decreased (0.330238 --> 0.298458).  Saving model ...
Epoch: 2 	Training Loss: 1.171927 	Validation Loss: 0.259639
Validation loss decreased (0.298458 --> 0.259639).  Saving model ...
Epoch: 3 	Training Loss: 1.067670 	Validation Loss: 0.227675
Validation loss decreased (0.259639 --> 0.227675).  Saving model ...
Epoch: 4 	Training Loss: 0.982399 	Validation Loss: 0.226559
Validation loss decreased (0.227675 --> 0.226559).  Saving model ...
Epoch: 5 	Training Loss: 0.923048 	Validation Loss: 0.205706
Validation loss decreased (0.226559 --> 0.205706).  Saving model ...
Epoch: 6 	Training Loss: 0.862377 	Validation Loss: 0.190084
Validation loss decreased (0.205706 --> 0.190084).  Saving model ...
Epoch: 7 	Training Loss: 0.821623 	Validation Loss: 0.182863
Validation loss decreased (0.190084 --> 0.182863).  Saving model ...
Epoch: 8 	Training Loss: 0.778509 	Validation Loss: 0.165885
Validation loss decreased (0.182863 --> 0.165885).  Saving model ...
Epoch: 9 	Training Loss: 0.742481 	Validation Loss: 0.161385
Validation loss decreased (0.165885 --> 0.161385).  Saving model ...
Epoch: 10 	Training Loss: 0.704092 	Validation Loss: 0.152283
Validation loss decreased (0.161385 --> 0.152283).  Saving model ...
Epoch: 11 	Training Loss: 0.677453 	Validation Loss: 0.158753
Epoch: 12 	Training Loss: 0.651734 	Validation Loss: 0.139445
Validation loss decreased (0.152283 --> 0.139445).  Saving model ...
Epoch: 13 	Training Loss: 0.630116 	Validation Loss: 0.145717
Epoch: 14 	Training Loss: 0.606663 	Validation Loss: 0.131446
Validation loss decreased (0.139445 --> 0.131446).  Saving model ...
Epoch: 15 	Training Loss: 0.583245 	Validation Loss: 0.126476
Validation loss decreased (0.131446 --> 0.126476).  Saving model ...
Epoch: 16 	Training Loss: 0.561560 	Validation Loss: 0.120505
Validation loss decreased (0.126476 --> 0.120505).  Saving model ...
Epoch: 17 	Training Loss: 0.550472 	Validation Loss: 0.114681
Validation loss decreased (0.120505 --> 0.114681).  Saving model ...
Epoch: 18 	Training Loss: 0.529503 	Validation Loss: 0.125706
Epoch: 19 	Training Loss: 0.509716 	Validation Loss: 0.112676
Validation loss decreased (0.114681 --> 0.112676).  Saving model ...
Test Loss: 0.563593

Test Accuracy of airplane: 85% (201/234)
Test Accuracy of automobile: 90% (223/246)
Test Accuracy of  bird: 78% (220/281)
Test Accuracy of   cat: 57% (146/253)
Test Accuracy of  deer: 86% (197/227)
Test Accuracy of   dog: 60% (151/250)
Test Accuracy of  frog: 85% (213/248)
Test Accuracy of horse: 87% (219/250)
Test Accuracy of  ship: 93% (240/258)
Test Accuracy of truck: 83% (220/265)

Test Accuracy (Overall): 80% (2030/2512)
Epoch: 0 	Training Loss: 1.442472 	Validation Loss: 0.307880
Validation loss decreased (inf --> 0.307880).  Saving model ...
Epoch: 1 	Training Loss: 1.225170 	Validation Loss: 0.268880
Validation loss decreased (0.307880 --> 0.268880).  Saving model ...
Epoch: 2 	Training Loss: 1.105354 	Validation Loss: 0.237620
Validation loss decreased (0.268880 --> 0.237620).  Saving model ...
Epoch: 3 	Training Loss: 1.019220 	Validation Loss: 0.234697
Validation loss decreased (0.237620 --> 0.234697).  Saving model ...
Epoch: 4 	Training Loss: 0.945092 	Validation Loss: 0.211213
Validation loss decreased (0.234697 --> 0.211213).  Saving model ...
Epoch: 5 	Training Loss: 0.893247 	Validation Loss: 0.205195
Validation loss decreased (0.211213 --> 0.205195).  Saving model ...
Epoch: 6 	Training Loss: 0.849365 	Validation Loss: 0.181509
Validation loss decreased (0.205195 --> 0.181509).  Saving model ...
Epoch: 7 	Training Loss: 0.803864 	Validation Loss: 0.175649
Validation loss decreased (0.181509 --> 0.175649).  Saving model ...
Epoch: 8 	Training Loss: 0.770951 	Validation Loss: 0.161750
Validation loss decreased (0.175649 --> 0.161750).  Saving model ...
Epoch: 9 	Training Loss: 0.740867 	Validation Loss: 0.164376
Epoch: 10 	Training Loss: 0.710103 	Validation Loss: 0.149306
Validation loss decreased (0.161750 --> 0.149306).  Saving model ...
Epoch: 11 	Training Loss: 0.682304 	Validation Loss: 0.151088
Epoch: 12 	Training Loss: 0.658388 	Validation Loss: 0.142893
Validation loss decreased (0.149306 --> 0.142893).  Saving model ...
Epoch: 13 	Training Loss: 0.640403 	Validation Loss: 0.137308
Validation loss decreased (0.142893 --> 0.137308).  Saving model ...
Epoch: 14 	Training Loss: 0.618532 	Validation Loss: 0.141599
Epoch: 15 	Training Loss: 0.604179 	Validation Loss: 0.124405
Validation loss decreased (0.137308 --> 0.124405).  Saving model ...
Epoch: 16 	Training Loss: 0.584982 	Validation Loss: 0.127261
Epoch: 17 	Training Loss: 0.572492 	Validation Loss: 0.119136
Validation loss decreased (0.124405 --> 0.119136).  Saving model ...
Epoch: 18 	Training Loss: 0.560673 	Validation Loss: 0.115003
Validation loss decreased (0.119136 --> 0.115003).  Saving model ...
Epoch: 19 	Training Loss: 0.548404 	Validation Loss: 0.120053
Test Loss: 0.607013

Test Accuracy of airplane: 78% (184/234)
Test Accuracy of automobile: 92% (227/246)
Test Accuracy of  bird: 67% (190/281)
Test Accuracy of   cat: 54% (138/253)
Test Accuracy of  deer: 81% (185/227)
Test Accuracy of   dog: 69% (173/250)
Test Accuracy of  frog: 75% (187/248)
Test Accuracy of horse: 92% (231/250)
Test Accuracy of  ship: 93% (242/258)
Test Accuracy of truck: 86% (230/265)

Test Accuracy (Overall): 79% (1987/2512)
Epoch: 0 	Training Loss: 1.502176 	Validation Loss: 0.340593
Validation loss decreased (inf --> 0.340593).  Saving model ...
Epoch: 1 	Training Loss: 1.268572 	Validation Loss: 0.295211
Validation loss decreased (0.340593 --> 0.295211).  Saving model ...
Epoch: 2 	Training Loss: 1.148979 	Validation Loss: 0.266983
Validation loss decreased (0.295211 --> 0.266983).  Saving model ...
Epoch: 3 	Training Loss: 1.032444 	Validation Loss: 0.229223
Validation loss decreased (0.266983 --> 0.229223).  Saving model ...
Epoch: 4 	Training Loss: 0.958160 	Validation Loss: 0.200603
Validation loss decreased (0.229223 --> 0.200603).  Saving model ...
Epoch: 5 	Training Loss: 0.889563 	Validation Loss: 0.187689
Validation loss decreased (0.200603 --> 0.187689).  Saving model ...
Epoch: 6 	Training Loss: 0.834445 	Validation Loss: 0.177227
Validation loss decreased (0.187689 --> 0.177227).  Saving model ...
Epoch: 7 	Training Loss: 0.793359 	Validation Loss: 0.167477
Validation loss decreased (0.177227 --> 0.167477).  Saving model ...
Epoch: 8 	Training Loss: 0.760888 	Validation Loss: 0.174296
Epoch: 9 	Training Loss: 0.725737 	Validation Loss: 0.168201
Epoch: 10 	Training Loss: 0.698530 	Validation Loss: 0.150397
Validation loss decreased (0.167477 --> 0.150397).  Saving model ...
Epoch: 11 	Training Loss: 0.673192 	Validation Loss: 0.139040
Validation loss decreased (0.150397 --> 0.139040).  Saving model ...
Epoch: 12 	Training Loss: 0.643654 	Validation Loss: 0.132304
Validation loss decreased (0.139040 --> 0.132304).  Saving model ...
Epoch: 13 	Training Loss: 0.620616 	Validation Loss: 0.129257
Validation loss decreased (0.132304 --> 0.129257).  Saving model ...
Epoch: 14 	Training Loss: 0.601867 	Validation Loss: 0.126219
Validation loss decreased (0.129257 --> 0.126219).  Saving model ...
Epoch: 15 	Training Loss: 0.581748 	Validation Loss: 0.120847
Validation loss decreased (0.126219 --> 0.120847).  Saving model ...
Epoch: 16 	Training Loss: 0.566214 	Validation Loss: 0.123873
Epoch: 17 	Training Loss: 0.554695 	Validation Loss: 0.126054
Epoch: 18 	Training Loss: 0.539915 	Validation Loss: 0.128041
Epoch: 19 	Training Loss: 0.520325 	Validation Loss: 0.113159
Validation loss decreased (0.120847 --> 0.113159).  Saving model ...
Test Loss: 0.571785

Test Accuracy of airplane: 84% (197/234)
Test Accuracy of automobile: 93% (229/246)
Test Accuracy of  bird: 66% (187/281)
Test Accuracy of   cat: 68% (174/253)
Test Accuracy of  deer: 83% (190/227)
Test Accuracy of   dog: 69% (174/250)
Test Accuracy of  frog: 73% (182/248)
Test Accuracy of horse: 81% (203/250)
Test Accuracy of  ship: 93% (242/258)
Test Accuracy of truck: 87% (231/265)

Test Accuracy (Overall): 79% (2009/2512)
Epoch: 0 	Training Loss: 1.525083 	Validation Loss: 0.338685
Validation loss decreased (inf --> 0.338685).  Saving model ...
Epoch: 1 	Training Loss: 1.285341 	Validation Loss: 0.310580
Validation loss decreased (0.338685 --> 0.310580).  Saving model ...
Epoch: 2 	Training Loss: 1.174322 	Validation Loss: 0.255547
Validation loss decreased (0.310580 --> 0.255547).  Saving model ...
Epoch: 3 	Training Loss: 1.080301 	Validation Loss: 0.245744
Validation loss decreased (0.255547 --> 0.245744).  Saving model ...
Epoch: 4 	Training Loss: 1.006290 	Validation Loss: 0.217066
Validation loss decreased (0.245744 --> 0.217066).  Saving model ...
Epoch: 5 	Training Loss: 0.935588 	Validation Loss: 0.203068
Validation loss decreased (0.217066 --> 0.203068).  Saving model ...
Epoch: 6 	Training Loss: 0.888802 	Validation Loss: 0.189703
Validation loss decreased (0.203068 --> 0.189703).  Saving model ...
Epoch: 7 	Training Loss: 0.839861 	Validation Loss: 0.185461
Validation loss decreased (0.189703 --> 0.185461).  Saving model ...
Epoch: 8 	Training Loss: 0.800782 	Validation Loss: 0.169242
Validation loss decreased (0.185461 --> 0.169242).  Saving model ...
Epoch: 9 	Training Loss: 0.770295 	Validation Loss: 0.161178
Validation loss decreased (0.169242 --> 0.161178).  Saving model ...
Epoch: 10 	Training Loss: 0.741039 	Validation Loss: 0.151545
Validation loss decreased (0.161178 --> 0.151545).  Saving model ...
Epoch: 11 	Training Loss: 0.713596 	Validation Loss: 0.145223
Validation loss decreased (0.151545 --> 0.145223).  Saving model ...
Epoch: 12 	Training Loss: 0.694051 	Validation Loss: 0.146428
Epoch: 13 	Training Loss: 0.665092 	Validation Loss: 0.143474
Validation loss decreased (0.145223 --> 0.143474).  Saving model ...
Epoch: 14 	Training Loss: 0.653693 	Validation Loss: 0.139147
Validation loss decreased (0.143474 --> 0.139147).  Saving model ...
Epoch: 15 	Training Loss: 0.629603 	Validation Loss: 0.142719
Epoch: 16 	Training Loss: 0.615148 	Validation Loss: 0.134548
Validation loss decreased (0.139147 --> 0.134548).  Saving model ...
Epoch: 17 	Training Loss: 0.596241 	Validation Loss: 0.128560
Validation loss decreased (0.134548 --> 0.128560).  Saving model ...
Epoch: 18 	Training Loss: 0.586756 	Validation Loss: 0.122962
Validation loss decreased (0.128560 --> 0.122962).  Saving model ...
Epoch: 19 	Training Loss: 0.575958 	Validation Loss: 0.125168
Test Loss: 0.619092

Test Accuracy of airplane: 84% (197/234)
Test Accuracy of automobile: 91% (224/246)
Test Accuracy of  bird: 59% (167/281)
Test Accuracy of   cat: 67% (171/253)
Test Accuracy of  deer: 82% (187/227)
Test Accuracy of   dog: 60% (151/250)
Test Accuracy of  frog: 90% (225/248)
Test Accuracy of horse: 85% (214/250)
Test Accuracy of  ship: 86% (222/258)
Test Accuracy of truck: 86% (228/265)

Test Accuracy (Overall): 79% (1986/2512)
Epoch: 0 	Training Loss: 1.505910 	Validation Loss: 0.320886
Validation loss decreased (inf --> 0.320886).  Saving model ...
Epoch: 1 	Training Loss: 1.265499 	Validation Loss: 0.286513
Validation loss decreased (0.320886 --> 0.286513).  Saving model ...
Epoch: 2 	Training Loss: 1.124800 	Validation Loss: 0.247998
Validation loss decreased (0.286513 --> 0.247998).  Saving model ...
Epoch: 3 	Training Loss: 1.009692 	Validation Loss: 0.220340
Validation loss decreased (0.247998 --> 0.220340).  Saving model ...
Epoch: 4 	Training Loss: 0.934948 	Validation Loss: 0.199181
Validation loss decreased (0.220340 --> 0.199181).  Saving model ...
Epoch: 5 	Training Loss: 0.872799 	Validation Loss: 0.189607
Validation loss decreased (0.199181 --> 0.189607).  Saving model ...
Epoch: 6 	Training Loss: 0.826024 	Validation Loss: 0.181484
Validation loss decreased (0.189607 --> 0.181484).  Saving model ...
Epoch: 7 	Training Loss: 0.787904 	Validation Loss: 0.167701
Validation loss decreased (0.181484 --> 0.167701).  Saving model ...
Epoch: 8 	Training Loss: 0.759414 	Validation Loss: 0.169468
Epoch: 9 	Training Loss: 0.730896 	Validation Loss: 0.170864
Epoch: 10 	Training Loss: 0.700258 	Validation Loss: 0.150874
Validation loss decreased (0.167701 --> 0.150874).  Saving model ...
Epoch: 11 	Training Loss: 0.679284 	Validation Loss: 0.149546
Validation loss decreased (0.150874 --> 0.149546).  Saving model ...
Epoch: 12 	Training Loss: 0.656425 	Validation Loss: 0.146727
Validation loss decreased (0.149546 --> 0.146727).  Saving model ...
Epoch: 13 	Training Loss: 0.635950 	Validation Loss: 0.142388
Validation loss decreased (0.146727 --> 0.142388).  Saving model ...
Epoch: 14 	Training Loss: 0.615741 	Validation Loss: 0.132730
Validation loss decreased (0.142388 --> 0.132730).  Saving model ...
Epoch: 15 	Training Loss: 0.597134 	Validation Loss: 0.127943
Validation loss decreased (0.132730 --> 0.127943).  Saving model ...
Epoch: 16 	Training Loss: 0.579069 	Validation Loss: 0.129667
Epoch: 17 	Training Loss: 0.565557 	Validation Loss: 0.125093
Validation loss decreased (0.127943 --> 0.125093).  Saving model ...
Epoch: 18 	Training Loss: 0.552777 	Validation Loss: 0.125921
Epoch: 19 	Training Loss: 0.533659 	Validation Loss: 0.117428
Validation loss decreased (0.125093 --> 0.117428).  Saving model ...
Test Loss: 0.595403

Test Accuracy of airplane: 85% (201/234)
Test Accuracy of automobile: 89% (219/246)
Test Accuracy of  bird: 74% (209/281)
Test Accuracy of   cat: 57% (145/253)
Test Accuracy of  deer: 78% (179/227)
Test Accuracy of   dog: 65% (164/250)
Test Accuracy of  frog: 83% (208/248)
Test Accuracy of horse: 79% (198/250)
Test Accuracy of  ship: 93% (242/258)
Test Accuracy of truck: 89% (237/265)

Test Accuracy (Overall): 79% (2002/2512)
Epoch: 0 	Training Loss: 1.596250 	Validation Loss: 0.396918
Validation loss decreased (inf --> 0.396918).  Saving model ...
Epoch: 1 	Training Loss: 1.376161 	Validation Loss: 0.329639
Validation loss decreased (0.396918 --> 0.329639).  Saving model ...
Epoch: 2 	Training Loss: 1.269974 	Validation Loss: 0.282241
Validation loss decreased (0.329639 --> 0.282241).  Saving model ...
Epoch: 3 	Training Loss: 1.190660 	Validation Loss: 0.268296
Validation loss decreased (0.282241 --> 0.268296).  Saving model ...
Epoch: 4 	Training Loss: 1.126127 	Validation Loss: 0.274424
Epoch: 5 	Training Loss: 1.069563 	Validation Loss: 0.239726
Validation loss decreased (0.268296 --> 0.239726).  Saving model ...
Epoch: 6 	Training Loss: 1.020163 	Validation Loss: 0.229037
Validation loss decreased (0.239726 --> 0.229037).  Saving model ...
Epoch: 7 	Training Loss: 0.973092 	Validation Loss: 0.210967
Validation loss decreased (0.229037 --> 0.210967).  Saving model ...
Epoch: 8 	Training Loss: 0.933449 	Validation Loss: 0.192835
Validation loss decreased (0.210967 --> 0.192835).  Saving model ...
Epoch: 9 	Training Loss: 0.890871 	Validation Loss: 0.195894
Epoch: 10 	Training Loss: 0.858114 	Validation Loss: 0.188040
Validation loss decreased (0.192835 --> 0.188040).  Saving model ...
Epoch: 11 	Training Loss: 0.829428 	Validation Loss: 0.193048
Epoch: 12 	Training Loss: 0.802326 	Validation Loss: 0.179919
Validation loss decreased (0.188040 --> 0.179919).  Saving model ...
Epoch: 13 	Training Loss: 0.778805 	Validation Loss: 0.165753
Validation loss decreased (0.179919 --> 0.165753).  Saving model ...
Epoch: 14 	Training Loss: 0.756367 	Validation Loss: 0.157622
Validation loss decreased (0.165753 --> 0.157622).  Saving model ...
Epoch: 15 	Training Loss: 0.740104 	Validation Loss: 0.147959
Validation loss decreased (0.157622 --> 0.147959).  Saving model ...
Epoch: 16 	Training Loss: 0.719173 	Validation Loss: 0.144374
Validation loss decreased (0.147959 --> 0.144374).  Saving model ...
Epoch: 17 	Training Loss: 0.696197 	Validation Loss: 0.149408
Epoch: 18 	Training Loss: 0.686348 	Validation Loss: 0.141915
Validation loss decreased (0.144374 --> 0.141915).  Saving model ...
Epoch: 19 	Training Loss: 0.673978 	Validation Loss: 0.143332
Test Loss: 0.721295

Test Accuracy of airplane: 73% (173/234)
Test Accuracy of automobile: 97% (239/246)
Test Accuracy of  bird: 65% (183/281)
Test Accuracy of   cat: 41% (106/253)
Test Accuracy of  deer: 70% (161/227)
Test Accuracy of   dog: 66% (165/250)
Test Accuracy of  frog: 92% (230/248)
Test Accuracy of horse: 80% (201/250)
Test Accuracy of  ship: 83% (216/258)
Test Accuracy of truck: 75% (199/265)

Test Accuracy (Overall): 74% (1873/2512)
Epoch: 0 	Training Loss: 1.449992 	Validation Loss: 0.286646
Validation loss decreased (inf --> 0.286646).  Saving model ...
Epoch: 1 	Training Loss: 1.174031 	Validation Loss: 0.251148
Validation loss decreased (0.286646 --> 0.251148).  Saving model ...
Epoch: 2 	Training Loss: 1.038424 	Validation Loss: 0.218424
Validation loss decreased (0.251148 --> 0.218424).  Saving model ...
Epoch: 3 	Training Loss: 0.958108 	Validation Loss: 0.197500
Validation loss decreased (0.218424 --> 0.197500).  Saving model ...
Epoch: 4 	Training Loss: 0.887792 	Validation Loss: 0.181247
Validation loss decreased (0.197500 --> 0.181247).  Saving model ...
Epoch: 5 	Training Loss: 0.839878 	Validation Loss: 0.177548
Validation loss decreased (0.181247 --> 0.177548).  Saving model ...
Epoch: 6 	Training Loss: 0.795235 	Validation Loss: 0.159908
Validation loss decreased (0.177548 --> 0.159908).  Saving model ...
Epoch: 7 	Training Loss: 0.751326 	Validation Loss: 0.159974
Epoch: 8 	Training Loss: 0.717928 	Validation Loss: 0.156206
Validation loss decreased (0.159908 --> 0.156206).  Saving model ...
Epoch: 9 	Training Loss: 0.688348 	Validation Loss: 0.144702
Validation loss decreased (0.156206 --> 0.144702).  Saving model ...
Epoch: 10 	Training Loss: 0.656027 	Validation Loss: 0.141181
Validation loss decreased (0.144702 --> 0.141181).  Saving model ...
Epoch: 11 	Training Loss: 0.635159 	Validation Loss: 0.126683
Validation loss decreased (0.141181 --> 0.126683).  Saving model ...
Epoch: 12 	Training Loss: 0.611693 	Validation Loss: 0.129554
Epoch: 13 	Training Loss: 0.586908 	Validation Loss: 0.123187
Validation loss decreased (0.126683 --> 0.123187).  Saving model ...
Epoch: 14 	Training Loss: 0.577975 	Validation Loss: 0.120928
Validation loss decreased (0.123187 --> 0.120928).  Saving model ...
Epoch: 15 	Training Loss: 0.556771 	Validation Loss: 0.120514
Validation loss decreased (0.120928 --> 0.120514).  Saving model ...
Epoch: 16 	Training Loss: 0.544149 	Validation Loss: 0.114086
Validation loss decreased (0.120514 --> 0.114086).  Saving model ...
Epoch: 17 	Training Loss: 0.528511 	Validation Loss: 0.116986
Epoch: 18 	Training Loss: 0.522636 	Validation Loss: 0.111099
Validation loss decreased (0.114086 --> 0.111099).  Saving model ...
Epoch: 19 	Training Loss: 0.509711 	Validation Loss: 0.116714
Test Loss: 0.593617

Test Accuracy of airplane: 82% (194/234)
Test Accuracy of automobile: 91% (224/246)
Test Accuracy of  bird: 64% (182/281)
Test Accuracy of   cat: 49% (126/253)
Test Accuracy of  deer: 88% (202/227)
Test Accuracy of   dog: 68% (171/250)
Test Accuracy of  frog: 83% (207/248)
Test Accuracy of horse: 84% (211/250)
Test Accuracy of  ship: 94% (244/258)
Test Accuracy of truck: 90% (240/265)

Test Accuracy (Overall): 79% (2001/2512)
Epoch: 0 	Training Loss: 1.521841 	Validation Loss: 0.324595
Validation loss decreased (inf --> 0.324595).  Saving model ...
Epoch: 1 	Training Loss: 1.308269 	Validation Loss: 0.284708
Validation loss decreased (0.324595 --> 0.284708).  Saving model ...
Epoch: 2 	Training Loss: 1.210343 	Validation Loss: 0.281628
Validation loss decreased (0.284708 --> 0.281628).  Saving model ...
Epoch: 3 	Training Loss: 1.126743 	Validation Loss: 0.250179
Validation loss decreased (0.281628 --> 0.250179).  Saving model ...
Epoch: 4 	Training Loss: 1.050137 	Validation Loss: 0.219181
Validation loss decreased (0.250179 --> 0.219181).  Saving model ...
Epoch: 5 	Training Loss: 0.985138 	Validation Loss: 0.204747
Validation loss decreased (0.219181 --> 0.204747).  Saving model ...
Epoch: 6 	Training Loss: 0.935284 	Validation Loss: 0.202839
Validation loss decreased (0.204747 --> 0.202839).  Saving model ...
Epoch: 7 	Training Loss: 0.893561 	Validation Loss: 0.220355
Epoch: 8 	Training Loss: 0.856091 	Validation Loss: 0.182887
Validation loss decreased (0.202839 --> 0.182887).  Saving model ...
Epoch: 9 	Training Loss: 0.828826 	Validation Loss: 0.171769
Validation loss decreased (0.182887 --> 0.171769).  Saving model ...
Epoch: 10 	Training Loss: 0.795001 	Validation Loss: 0.172784
Epoch: 11 	Training Loss: 0.769573 	Validation Loss: 0.166204
Validation loss decreased (0.171769 --> 0.166204).  Saving model ...
Epoch: 12 	Training Loss: 0.750183 	Validation Loss: 0.168731
Epoch: 13 	Training Loss: 0.722402 	Validation Loss: 0.152460
Validation loss decreased (0.166204 --> 0.152460).  Saving model ...
Epoch: 14 	Training Loss: 0.711173 	Validation Loss: 0.161585
Epoch: 15 	Training Loss: 0.688666 	Validation Loss: 0.134901
Validation loss decreased (0.152460 --> 0.134901).  Saving model ...
Epoch: 16 	Training Loss: 0.669584 	Validation Loss: 0.130728
Validation loss decreased (0.134901 --> 0.130728).  Saving model ...
Epoch: 17 	Training Loss: 0.656915 	Validation Loss: 0.127644
Validation loss decreased (0.130728 --> 0.127644).  Saving model ...
Epoch: 18 	Training Loss: 0.631561 	Validation Loss: 0.131473
Epoch: 19 	Training Loss: 0.623009 	Validation Loss: 0.131167
Test Loss: 0.666751

Test Accuracy of airplane: 83% (195/234)
Test Accuracy of automobile: 87% (215/246)
Test Accuracy of  bird: 65% (183/281)
Test Accuracy of   cat: 54% (138/253)
Test Accuracy of  deer: 74% (170/227)
Test Accuracy of   dog: 59% (149/250)
Test Accuracy of  frog: 91% (226/248)
Test Accuracy of horse: 83% (208/250)
Test Accuracy of  ship: 84% (217/258)
Test Accuracy of truck: 86% (229/265)

Test Accuracy (Overall): 76% (1930/2512)
Epoch: 0 	Training Loss: 1.539739 	Validation Loss: 0.313452
Validation loss decreased (inf --> 0.313452).  Saving model ...
Epoch: 1 	Training Loss: 1.306903 	Validation Loss: 0.295009
Validation loss decreased (0.313452 --> 0.295009).  Saving model ...
Epoch: 2 	Training Loss: 1.190246 	Validation Loss: 0.253368
Validation loss decreased (0.295009 --> 0.253368).  Saving model ...
Epoch: 3 	Training Loss: 1.105020 	Validation Loss: 0.231437
Validation loss decreased (0.253368 --> 0.231437).  Saving model ...
Epoch: 4 	Training Loss: 1.028538 	Validation Loss: 0.217014
Validation loss decreased (0.231437 --> 0.217014).  Saving model ...
Epoch: 5 	Training Loss: 0.965390 	Validation Loss: 0.199068
Validation loss decreased (0.217014 --> 0.199068).  Saving model ...
Epoch: 6 	Training Loss: 0.904554 	Validation Loss: 0.203348
Epoch: 7 	Training Loss: 0.876831 	Validation Loss: 0.181031
Validation loss decreased (0.199068 --> 0.181031).  Saving model ...
Epoch: 8 	Training Loss: 0.837677 	Validation Loss: 0.184750
Epoch: 9 	Training Loss: 0.799809 	Validation Loss: 0.167670
Validation loss decreased (0.181031 --> 0.167670).  Saving model ...
Epoch: 10 	Training Loss: 0.777966 	Validation Loss: 0.156006
Validation loss decreased (0.167670 --> 0.156006).  Saving model ...
Epoch: 11 	Training Loss: 0.752134 	Validation Loss: 0.144952
Validation loss decreased (0.156006 --> 0.144952).  Saving model ...
Epoch: 12 	Training Loss: 0.727113 	Validation Loss: 0.142195
Validation loss decreased (0.144952 --> 0.142195).  Saving model ...
Epoch: 13 	Training Loss: 0.706904 	Validation Loss: 0.137561
Validation loss decreased (0.142195 --> 0.137561).  Saving model ...
Epoch: 14 	Training Loss: 0.688854 	Validation Loss: 0.133736
Validation loss decreased (0.137561 --> 0.133736).  Saving model ...
Epoch: 15 	Training Loss: 0.666416 	Validation Loss: 0.127233
Validation loss decreased (0.133736 --> 0.127233).  Saving model ...
Epoch: 16 	Training Loss: 0.650438 	Validation Loss: 0.126898
Validation loss decreased (0.127233 --> 0.126898).  Saving model ...
Epoch: 17 	Training Loss: 0.637213 	Validation Loss: 0.137632
Epoch: 18 	Training Loss: 0.626125 	Validation Loss: 0.131098
Epoch: 19 	Training Loss: 0.612594 	Validation Loss: 0.117381
Validation loss decreased (0.126898 --> 0.117381).  Saving model ...
Test Loss: 0.591581

Test Accuracy of airplane: 90% (211/234)
Test Accuracy of automobile: 94% (233/246)
Test Accuracy of  bird: 66% (188/281)
Test Accuracy of   cat: 56% (143/253)
Test Accuracy of  deer: 78% (178/227)
Test Accuracy of   dog: 64% (160/250)
Test Accuracy of  frog: 85% (213/248)
Test Accuracy of horse: 87% (218/250)
Test Accuracy of  ship: 89% (231/258)
Test Accuracy of truck: 83% (220/265)

Test Accuracy (Overall): 79% (1995/2512)
Epoch: 0 	Training Loss: 1.441349 	Validation Loss: 0.308603
Validation loss decreased (inf --> 0.308603).  Saving model ...
Epoch: 1 	Training Loss: 1.231537 	Validation Loss: 0.273384
Validation loss decreased (0.308603 --> 0.273384).  Saving model ...
Epoch: 2 	Training Loss: 1.113563 	Validation Loss: 0.246543
Validation loss decreased (0.273384 --> 0.246543).  Saving model ...
Epoch: 3 	Training Loss: 1.014954 	Validation Loss: 0.215646
Validation loss decreased (0.246543 --> 0.215646).  Saving model ...
Epoch: 4 	Training Loss: 0.932200 	Validation Loss: 0.202668
Validation loss decreased (0.215646 --> 0.202668).  Saving model ...
Epoch: 5 	Training Loss: 0.882147 	Validation Loss: 0.205727
Epoch: 6 	Training Loss: 0.832134 	Validation Loss: 0.177442
Validation loss decreased (0.202668 --> 0.177442).  Saving model ...
Epoch: 7 	Training Loss: 0.790837 	Validation Loss: 0.161464
Validation loss decreased (0.177442 --> 0.161464).  Saving model ...
Epoch: 8 	Training Loss: 0.759142 	Validation Loss: 0.165589
Epoch: 9 	Training Loss: 0.725215 	Validation Loss: 0.149294
Validation loss decreased (0.161464 --> 0.149294).  Saving model ...
Epoch: 10 	Training Loss: 0.696281 	Validation Loss: 0.140675
Validation loss decreased (0.149294 --> 0.140675).  Saving model ...
Epoch: 11 	Training Loss: 0.665902 	Validation Loss: 0.134249
Validation loss decreased (0.140675 --> 0.134249).  Saving model ...
Epoch: 12 	Training Loss: 0.642160 	Validation Loss: 0.132521
Validation loss decreased (0.134249 --> 0.132521).  Saving model ...
Epoch: 13 	Training Loss: 0.625118 	Validation Loss: 0.131664
Validation loss decreased (0.132521 --> 0.131664).  Saving model ...
Epoch: 14 	Training Loss: 0.606936 	Validation Loss: 0.130768
Validation loss decreased (0.131664 --> 0.130768).  Saving model ...
Epoch: 15 	Training Loss: 0.588588 	Validation Loss: 0.116059
Validation loss decreased (0.130768 --> 0.116059).  Saving model ...
Epoch: 16 	Training Loss: 0.572609 	Validation Loss: 0.121795
Epoch: 17 	Training Loss: 0.558602 	Validation Loss: 0.131017
Epoch: 18 	Training Loss: 0.544077 	Validation Loss: 0.113980
Validation loss decreased (0.116059 --> 0.113980).  Saving model ...
Epoch: 19 	Training Loss: 0.535789 	Validation Loss: 0.114113
Test Loss: 0.577688

Test Accuracy of airplane: 83% (195/234)
Test Accuracy of automobile: 89% (219/246)
Test Accuracy of  bird: 66% (188/281)
Test Accuracy of   cat: 53% (136/253)
Test Accuracy of  deer: 84% (192/227)
Test Accuracy of   dog: 70% (175/250)
Test Accuracy of  frog: 84% (210/248)
Test Accuracy of horse: 85% (213/250)
Test Accuracy of  ship: 91% (236/258)
Test Accuracy of truck: 93% (247/265)

Test Accuracy (Overall): 80% (2011/2512)
Epoch: 0 	Training Loss: 1.573240 	Validation Loss: 0.341051
Validation loss decreased (inf --> 0.341051).  Saving model ...
Epoch: 1 	Training Loss: 1.359989 	Validation Loss: 0.310888
Validation loss decreased (0.341051 --> 0.310888).  Saving model ...
Epoch: 2 	Training Loss: 1.255113 	Validation Loss: 0.277484
Validation loss decreased (0.310888 --> 0.277484).  Saving model ...
Epoch: 3 	Training Loss: 1.178851 	Validation Loss: 0.262101
Validation loss decreased (0.277484 --> 0.262101).  Saving model ...
Epoch: 4 	Training Loss: 1.112933 	Validation Loss: 0.254006
Validation loss decreased (0.262101 --> 0.254006).  Saving model ...
Epoch: 5 	Training Loss: 1.043313 	Validation Loss: 0.209814
Validation loss decreased (0.254006 --> 0.209814).  Saving model ...
Epoch: 6 	Training Loss: 0.987473 	Validation Loss: 0.198819
Validation loss decreased (0.209814 --> 0.198819).  Saving model ...
Epoch: 7 	Training Loss: 0.940654 	Validation Loss: 0.203610
Epoch: 8 	Training Loss: 0.899428 	Validation Loss: 0.183304
Validation loss decreased (0.198819 --> 0.183304).  Saving model ...
Epoch: 9 	Training Loss: 0.871683 	Validation Loss: 0.175775
Validation loss decreased (0.183304 --> 0.175775).  Saving model ...
Epoch: 10 	Training Loss: 0.839792 	Validation Loss: 0.170135
Validation loss decreased (0.175775 --> 0.170135).  Saving model ...
Epoch: 11 	Training Loss: 0.820284 	Validation Loss: 0.171631
Epoch: 12 	Training Loss: 0.790605 	Validation Loss: 0.156555
Validation loss decreased (0.170135 --> 0.156555).  Saving model ...
Epoch: 13 	Training Loss: 0.769990 	Validation Loss: 0.158302
Epoch: 14 	Training Loss: 0.749477 	Validation Loss: 0.147909
Validation loss decreased (0.156555 --> 0.147909).  Saving model ...
Epoch: 15 	Training Loss: 0.729528 	Validation Loss: 0.143750
Validation loss decreased (0.147909 --> 0.143750).  Saving model ...
Epoch: 16 	Training Loss: 0.710021 	Validation Loss: 0.150174
Epoch: 17 	Training Loss: 0.690716 	Validation Loss: 0.135965
Validation loss decreased (0.143750 --> 0.135965).  Saving model ...
Epoch: 18 	Training Loss: 0.670769 	Validation Loss: 0.169115
Epoch: 19 	Training Loss: 0.657035 	Validation Loss: 0.151885
Test Loss: 0.754663

Test Accuracy of airplane: 78% (183/234)
Test Accuracy of automobile: 92% (227/246)
Test Accuracy of  bird: 69% (194/281)
Test Accuracy of   cat: 58% (147/253)
Test Accuracy of  deer: 67% (154/227)
Test Accuracy of   dog: 61% (154/250)
Test Accuracy of  frog: 92% (230/248)
Test Accuracy of horse: 82% (207/250)
Test Accuracy of  ship: 87% (227/258)
Test Accuracy of truck: 69% (184/265)

Test Accuracy (Overall): 75% (1907/2512)
Epoch: 0 	Training Loss: 1.554107 	Validation Loss: 0.336143
Validation loss decreased (inf --> 0.336143).  Saving model ...
Epoch: 1 	Training Loss: 1.341194 	Validation Loss: 0.313529
Validation loss decreased (0.336143 --> 0.313529).  Saving model ...
Epoch: 2 	Training Loss: 1.241199 	Validation Loss: 0.295610
Validation loss decreased (0.313529 --> 0.295610).  Saving model ...
Epoch: 3 	Training Loss: 1.160933 	Validation Loss: 0.276300
Validation loss decreased (0.295610 --> 0.276300).  Saving model ...
Epoch: 4 	Training Loss: 1.088509 	Validation Loss: 0.259235
Validation loss decreased (0.276300 --> 0.259235).  Saving model ...
Epoch: 5 	Training Loss: 1.027335 	Validation Loss: 0.214504
Validation loss decreased (0.259235 --> 0.214504).  Saving model ...
Epoch: 6 	Training Loss: 0.977829 	Validation Loss: 0.229012
Epoch: 7 	Training Loss: 0.926393 	Validation Loss: 0.195610
Validation loss decreased (0.214504 --> 0.195610).  Saving model ...
Epoch: 8 	Training Loss: 0.879479 	Validation Loss: 0.184935
Validation loss decreased (0.195610 --> 0.184935).  Saving model ...
Epoch: 9 	Training Loss: 0.842868 	Validation Loss: 0.172754
Validation loss decreased (0.184935 --> 0.172754).  Saving model ...
Epoch: 10 	Training Loss: 0.809830 	Validation Loss: 0.170427
Validation loss decreased (0.172754 --> 0.170427).  Saving model ...
Epoch: 11 	Training Loss: 0.782862 	Validation Loss: 0.157271
Validation loss decreased (0.170427 --> 0.157271).  Saving model ...
Epoch: 12 	Training Loss: 0.754161 	Validation Loss: 0.150495
Validation loss decreased (0.157271 --> 0.150495).  Saving model ...
Epoch: 13 	Training Loss: 0.727889 	Validation Loss: 0.148315
Validation loss decreased (0.150495 --> 0.148315).  Saving model ...
Epoch: 14 	Training Loss: 0.707827 	Validation Loss: 0.154606
Epoch: 15 	Training Loss: 0.684622 	Validation Loss: 0.134385
Validation loss decreased (0.148315 --> 0.134385).  Saving model ...
Epoch: 16 	Training Loss: 0.669905 	Validation Loss: 0.132503
Validation loss decreased (0.134385 --> 0.132503).  Saving model ...
Epoch: 17 	Training Loss: 0.651958 	Validation Loss: 0.134735
Epoch: 18 	Training Loss: 0.634538 	Validation Loss: 0.135720
Epoch: 19 	Training Loss: 0.620314 	Validation Loss: 0.124509
Validation loss decreased (0.132503 --> 0.124509).  Saving model ...
Test Loss: 0.623062

Test Accuracy of airplane: 88% (207/234)
Test Accuracy of automobile: 90% (222/246)
Test Accuracy of  bird: 71% (201/281)
Test Accuracy of   cat: 53% (136/253)
Test Accuracy of  deer: 81% (186/227)
Test Accuracy of   dog: 65% (163/250)
Test Accuracy of  frog: 84% (210/248)
Test Accuracy of horse: 79% (199/250)
Test Accuracy of  ship: 89% (232/258)
Test Accuracy of truck: 84% (223/265)

Test Accuracy (Overall): 78% (1979/2512)
Epoch: 0 	Training Loss: 1.423971 	Validation Loss: 0.314728
Validation loss decreased (inf --> 0.314728).  Saving model ...
Epoch: 1 	Training Loss: 1.190519 	Validation Loss: 0.260199
Validation loss decreased (0.314728 --> 0.260199).  Saving model ...
Epoch: 2 	Training Loss: 1.058191 	Validation Loss: 0.243562
Validation loss decreased (0.260199 --> 0.243562).  Saving model ...
Epoch: 3 	Training Loss: 0.965116 	Validation Loss: 0.226313
Validation loss decreased (0.243562 --> 0.226313).  Saving model ...
Epoch: 4 	Training Loss: 0.903473 	Validation Loss: 0.196021
Validation loss decreased (0.226313 --> 0.196021).  Saving model ...
Epoch: 5 	Training Loss: 0.858810 	Validation Loss: 0.191605
Validation loss decreased (0.196021 --> 0.191605).  Saving model ...
Epoch: 6 	Training Loss: 0.816219 	Validation Loss: 0.182810
Validation loss decreased (0.191605 --> 0.182810).  Saving model ...
Epoch: 7 	Training Loss: 0.792133 	Validation Loss: 0.182085
Validation loss decreased (0.182810 --> 0.182085).  Saving model ...
Epoch: 8 	Training Loss: 0.755922 	Validation Loss: 0.172726
Validation loss decreased (0.182085 --> 0.172726).  Saving model ...
Epoch: 9 	Training Loss: 0.730717 	Validation Loss: 0.166526
Validation loss decreased (0.172726 --> 0.166526).  Saving model ...
Epoch: 10 	Training Loss: 0.710005 	Validation Loss: 0.166191
Validation loss decreased (0.166526 --> 0.166191).  Saving model ...
Epoch: 11 	Training Loss: 0.690390 	Validation Loss: 0.153721
Validation loss decreased (0.166191 --> 0.153721).  Saving model ...
Epoch: 12 	Training Loss: 0.669639 	Validation Loss: 0.154284
Epoch: 13 	Training Loss: 0.649457 	Validation Loss: 0.140037
Validation loss decreased (0.153721 --> 0.140037).  Saving model ...
Epoch: 14 	Training Loss: 0.636740 	Validation Loss: 0.146231
Epoch: 15 	Training Loss: 0.619041 	Validation Loss: 0.136369
Validation loss decreased (0.140037 --> 0.136369).  Saving model ...
Epoch: 16 	Training Loss: 0.605443 	Validation Loss: 0.132985
Validation loss decreased (0.136369 --> 0.132985).  Saving model ...
Epoch: 17 	Training Loss: 0.592952 	Validation Loss: 0.126691
Validation loss decreased (0.132985 --> 0.126691).  Saving model ...
Epoch: 18 	Training Loss: 0.576443 	Validation Loss: 0.129417
Epoch: 19 	Training Loss: 0.566724 	Validation Loss: 0.129852
Test Loss: 0.650937

Test Accuracy of airplane: 88% (206/234)
Test Accuracy of automobile: 84% (208/246)
Test Accuracy of  bird: 66% (188/281)
Test Accuracy of   cat: 60% (152/253)
Test Accuracy of  deer: 80% (182/227)
Test Accuracy of   dog: 61% (153/250)
Test Accuracy of  frog: 83% (208/248)
Test Accuracy of horse: 83% (208/250)
Test Accuracy of  ship: 84% (217/258)
Test Accuracy of truck: 86% (229/265)

Test Accuracy (Overall): 77% (1951/2512)
Epoch: 0 	Training Loss: 1.605744 	Validation Loss: 0.336995
Validation loss decreased (inf --> 0.336995).  Saving model ...
Epoch: 1 	Training Loss: 1.396761 	Validation Loss: 0.308035
Validation loss decreased (0.336995 --> 0.308035).  Saving model ...
Epoch: 2 	Training Loss: 1.294441 	Validation Loss: 0.285478
Validation loss decreased (0.308035 --> 0.285478).  Saving model ...
Epoch: 3 	Training Loss: 1.213043 	Validation Loss: 0.253435
Validation loss decreased (0.285478 --> 0.253435).  Saving model ...
Epoch: 4 	Training Loss: 1.141135 	Validation Loss: 0.241227
Validation loss decreased (0.253435 --> 0.241227).  Saving model ...
Epoch: 5 	Training Loss: 1.075452 	Validation Loss: 0.237458
Validation loss decreased (0.241227 --> 0.237458).  Saving model ...
Epoch: 6 	Training Loss: 1.025863 	Validation Loss: 0.209532
Validation loss decreased (0.237458 --> 0.209532).  Saving model ...
Epoch: 7 	Training Loss: 0.986527 	Validation Loss: 0.207145
Validation loss decreased (0.209532 --> 0.207145).  Saving model ...
Epoch: 8 	Training Loss: 0.953060 	Validation Loss: 0.219862
Epoch: 9 	Training Loss: 0.924544 	Validation Loss: 0.192222
Validation loss decreased (0.207145 --> 0.192222).  Saving model ...
Epoch: 10 	Training Loss: 0.896737 	Validation Loss: 0.179063
Validation loss decreased (0.192222 --> 0.179063).  Saving model ...
Epoch: 11 	Training Loss: 0.874499 	Validation Loss: 0.179120
Epoch: 12 	Training Loss: 0.849693 	Validation Loss: 0.175044
Validation loss decreased (0.179063 --> 0.175044).  Saving model ...
Epoch: 13 	Training Loss: 0.829212 	Validation Loss: 0.178731
Epoch: 14 	Training Loss: 0.813141 	Validation Loss: 0.166407
Validation loss decreased (0.175044 --> 0.166407).  Saving model ...
Epoch: 15 	Training Loss: 0.795108 	Validation Loss: 0.149756
Validation loss decreased (0.166407 --> 0.149756).  Saving model ...
Epoch: 16 	Training Loss: 0.779009 	Validation Loss: 0.164300
Epoch: 17 	Training Loss: 0.756574 	Validation Loss: 0.149068
Validation loss decreased (0.149756 --> 0.149068).  Saving model ...
Epoch: 18 	Training Loss: 0.745356 	Validation Loss: 0.146118
Validation loss decreased (0.149068 --> 0.146118).  Saving model ...
Epoch: 19 	Training Loss: 0.728055 	Validation Loss: 0.139178
Validation loss decreased (0.146118 --> 0.139178).  Saving model ...
Test Loss: 0.687761

Test Accuracy of airplane: 84% (197/234)
Test Accuracy of automobile: 87% (215/246)
Test Accuracy of  bird: 62% (175/281)
Test Accuracy of   cat: 56% (142/253)
Test Accuracy of  deer: 73% (166/227)
Test Accuracy of   dog: 60% (151/250)
Test Accuracy of  frog: 86% (214/248)
Test Accuracy of horse: 85% (214/250)
Test Accuracy of  ship: 83% (215/258)
Test Accuracy of truck: 81% (215/265)

Test Accuracy (Overall): 75% (1904/2512)
Epoch: 0 	Training Loss: 1.500904 	Validation Loss: 0.338931
Validation loss decreased (inf --> 0.338931).  Saving model ...
Epoch: 1 	Training Loss: 1.273891 	Validation Loss: 0.292700
Validation loss decreased (0.338931 --> 0.292700).  Saving model ...
Epoch: 2 	Training Loss: 1.157564 	Validation Loss: 0.301178
Epoch: 3 	Training Loss: 1.058789 	Validation Loss: 0.225630
Validation loss decreased (0.292700 --> 0.225630).  Saving model ...
Epoch: 4 	Training Loss: 0.986473 	Validation Loss: 0.217978
Validation loss decreased (0.225630 --> 0.217978).  Saving model ...
Epoch: 5 	Training Loss: 0.926467 	Validation Loss: 0.197717
Validation loss decreased (0.217978 --> 0.197717).  Saving model ...
Epoch: 6 	Training Loss: 0.884834 	Validation Loss: 0.207769
Epoch: 7 	Training Loss: 0.847223 	Validation Loss: 0.188474
Validation loss decreased (0.197717 --> 0.188474).  Saving model ...
Epoch: 8 	Training Loss: 0.815762 	Validation Loss: 0.176533
Validation loss decreased (0.188474 --> 0.176533).  Saving model ...
Epoch: 9 	Training Loss: 0.783403 	Validation Loss: 0.173587
Validation loss decreased (0.176533 --> 0.173587).  Saving model ...
Epoch: 10 	Training Loss: 0.759310 	Validation Loss: 0.173102
Validation loss decreased (0.173587 --> 0.173102).  Saving model ...
Epoch: 11 	Training Loss: 0.737605 	Validation Loss: 0.160505
Validation loss decreased (0.173102 --> 0.160505).  Saving model ...
Epoch: 12 	Training Loss: 0.716381 	Validation Loss: 0.151209
Validation loss decreased (0.160505 --> 0.151209).  Saving model ...
Epoch: 13 	Training Loss: 0.700684 	Validation Loss: 0.145076
Validation loss decreased (0.151209 --> 0.145076).  Saving model ...
Epoch: 14 	Training Loss: 0.678568 	Validation Loss: 0.142082
Validation loss decreased (0.145076 --> 0.142082).  Saving model ...
Epoch: 15 	Training Loss: 0.660634 	Validation Loss: 0.136839
Validation loss decreased (0.142082 --> 0.136839).  Saving model ...
Epoch: 16 	Training Loss: 0.641346 	Validation Loss: 0.132730
Validation loss decreased (0.136839 --> 0.132730).  Saving model ...
Epoch: 17 	Training Loss: 0.628999 	Validation Loss: 0.131759
Validation loss decreased (0.132730 --> 0.131759).  Saving model ...
Epoch: 18 	Training Loss: 0.612807 	Validation Loss: 0.142413
Epoch: 19 	Training Loss: 0.593893 	Validation Loss: 0.131674
Validation loss decreased (0.131759 --> 0.131674).  Saving model ...
Test Loss: 0.656361

Test Accuracy of airplane: 79% (185/234)
Test Accuracy of automobile: 86% (213/246)
Test Accuracy of  bird: 62% (175/281)
Test Accuracy of   cat: 50% (128/253)
Test Accuracy of  deer: 87% (198/227)
Test Accuracy of   dog: 62% (155/250)
Test Accuracy of  frog: 87% (217/248)
Test Accuracy of horse: 81% (203/250)
Test Accuracy of  ship: 87% (227/258)
Test Accuracy of truck: 86% (228/265)

Test Accuracy (Overall): 76% (1929/2512)
Generation Number # 0


Epoch: 0 	Training Loss: 1.566548 	Validation Loss: 0.326984
Validation loss decreased (inf --> 0.326984).  Saving model ...
Epoch: 1 	Training Loss: 1.334915 	Validation Loss: 0.290326
Validation loss decreased (0.326984 --> 0.290326).  Saving model ...
Epoch: 2 	Training Loss: 1.232481 	Validation Loss: 0.268806
Validation loss decreased (0.290326 --> 0.268806).  Saving model ...
Epoch: 3 	Training Loss: 1.156505 	Validation Loss: 0.243990
Validation loss decreased (0.268806 --> 0.243990).  Saving model ...
Epoch: 4 	Training Loss: 1.089417 	Validation Loss: 0.225581
Validation loss decreased (0.243990 --> 0.225581).  Saving model ...
Epoch: 5 	Training Loss: 1.028095 	Validation Loss: 0.217368
Validation loss decreased (0.225581 --> 0.217368).  Saving model ...
Epoch: 6 	Training Loss: 0.969569 	Validation Loss: 0.199246
Validation loss decreased (0.217368 --> 0.199246).  Saving model ...
Epoch: 7 	Training Loss: 0.926476 	Validation Loss: 0.188096
Validation loss decreased (0.199246 --> 0.188096).  Saving model ...
Epoch: 8 	Training Loss: 0.885405 	Validation Loss: 0.178758
Validation loss decreased (0.188096 --> 0.178758).  Saving model ...
Epoch: 9 	Training Loss: 0.851543 	Validation Loss: 0.171991
Validation loss decreased (0.178758 --> 0.171991).  Saving model ...
Epoch: 10 	Training Loss: 0.817762 	Validation Loss: 0.162175
Validation loss decreased (0.171991 --> 0.162175).  Saving model ...
Epoch: 11 	Training Loss: 0.788591 	Validation Loss: 0.157151
Validation loss decreased (0.162175 --> 0.157151).  Saving model ...
Epoch: 12 	Training Loss: 0.761540 	Validation Loss: 0.150846
Validation loss decreased (0.157151 --> 0.150846).  Saving model ...
Epoch: 13 	Training Loss: 0.735326 	Validation Loss: 0.140069
Validation loss decreased (0.150846 --> 0.140069).  Saving model ...
Epoch: 14 	Training Loss: 0.717104 	Validation Loss: 0.152839
Epoch: 15 	Training Loss: 0.697039 	Validation Loss: 0.137491
Validation loss decreased (0.140069 --> 0.137491).  Saving model ...
Epoch: 16 	Training Loss: 0.678546 	Validation Loss: 0.137019
Validation loss decreased (0.137491 --> 0.137019).  Saving model ...
Epoch: 17 	Training Loss: 0.659657 	Validation Loss: 0.125334
Validation loss decreased (0.137019 --> 0.125334).  Saving model ...
Epoch: 18 	Training Loss: 0.644806 	Validation Loss: 0.125928
Epoch: 19 	Training Loss: 0.631221 	Validation Loss: 0.131214
Test Loss: 0.657536

Test Accuracy of airplane: 75% (177/234)
Test Accuracy of automobile: 91% (225/246)
Test Accuracy of  bird: 53% (150/281)
Test Accuracy of   cat: 65% (165/253)
Test Accuracy of  deer: 82% (187/227)
Test Accuracy of   dog: 58% (146/250)
Test Accuracy of  frog: 74% (184/248)
Test Accuracy of horse: 80% (201/250)
Test Accuracy of  ship: 95% (247/258)
Test Accuracy of truck: 89% (237/265)

Test Accuracy (Overall): 76% (1919/2512)
Epoch: 0 	Training Loss: 1.488747 	Validation Loss: 0.346580
Validation loss decreased (inf --> 0.346580).  Saving model ...
Epoch: 1 	Training Loss: 1.250089 	Validation Loss: 0.301787
Validation loss decreased (0.346580 --> 0.301787).  Saving model ...
Epoch: 2 	Training Loss: 1.130807 	Validation Loss: 0.244258
Validation loss decreased (0.301787 --> 0.244258).  Saving model ...
Epoch: 3 	Training Loss: 1.032050 	Validation Loss: 0.231131
Validation loss decreased (0.244258 --> 0.231131).  Saving model ...
Epoch: 4 	Training Loss: 0.945575 	Validation Loss: 0.214941
Validation loss decreased (0.231131 --> 0.214941).  Saving model ...
Epoch: 5 	Training Loss: 0.879684 	Validation Loss: 0.189267
Validation loss decreased (0.214941 --> 0.189267).  Saving model ...
Epoch: 6 	Training Loss: 0.828181 	Validation Loss: 0.182542
Validation loss decreased (0.189267 --> 0.182542).  Saving model ...
Epoch: 7 	Training Loss: 0.789540 	Validation Loss: 0.167681
Validation loss decreased (0.182542 --> 0.167681).  Saving model ...
Epoch: 8 	Training Loss: 0.746154 	Validation Loss: 0.167871
Epoch: 9 	Training Loss: 0.718085 	Validation Loss: 0.150579
Validation loss decreased (0.167681 --> 0.150579).  Saving model ...
Epoch: 10 	Training Loss: 0.687041 	Validation Loss: 0.144099
Validation loss decreased (0.150579 --> 0.144099).  Saving model ...
Epoch: 11 	Training Loss: 0.661322 	Validation Loss: 0.146039
Epoch: 12 	Training Loss: 0.635802 	Validation Loss: 0.134726
Validation loss decreased (0.144099 --> 0.134726).  Saving model ...
Epoch: 13 	Training Loss: 0.610381 	Validation Loss: 0.130660
Validation loss decreased (0.134726 --> 0.130660).  Saving model ...
Epoch: 14 	Training Loss: 0.592388 	Validation Loss: 0.123666
Validation loss decreased (0.130660 --> 0.123666).  Saving model ...
Epoch: 15 	Training Loss: 0.573786 	Validation Loss: 0.122438
Validation loss decreased (0.123666 --> 0.122438).  Saving model ...
Epoch: 16 	Training Loss: 0.559051 	Validation Loss: 0.122430
Validation loss decreased (0.122438 --> 0.122430).  Saving model ...
Epoch: 17 	Training Loss: 0.543643 	Validation Loss: 0.117134
Validation loss decreased (0.122430 --> 0.117134).  Saving model ...
Epoch: 18 	Training Loss: 0.538481 	Validation Loss: 0.114136
Validation loss decreased (0.117134 --> 0.114136).  Saving model ...
Epoch: 19 	Training Loss: 0.515042 	Validation Loss: 0.110020
Validation loss decreased (0.114136 --> 0.110020).  Saving model ...
Test Loss: 0.557329

Test Accuracy of airplane: 86% (203/234)
Test Accuracy of automobile: 93% (229/246)
Test Accuracy of  bird: 66% (186/281)
Test Accuracy of   cat: 51% (131/253)
Test Accuracy of  deer: 89% (203/227)
Test Accuracy of   dog: 64% (160/250)
Test Accuracy of  frog: 87% (218/248)
Test Accuracy of horse: 88% (222/250)
Test Accuracy of  ship: 93% (241/258)
Test Accuracy of truck: 84% (225/265)

Test Accuracy (Overall): 80% (2018/2512)
Traceback (most recent call last):
  File "main.py", line 18, in <module>
    ga.evolve()
  File "/home2020/home/uha/mjali/NAS-FRAMEWORK/GA/ga.py", line 83, in evolve
    fitn_off = self.offsprings_fitness[min_list_par]
IndexError: list index out of range
