Files already downloaded and verified
Files already downloaded and verified
Epoch: 0 	Training Loss: 1.851960 	Validation Loss: 0.461627
Validation loss decreased (inf --> 0.461627).  Saving model ...
Epoch: 1 	Training Loss: 1.839810 	Validation Loss: 0.467618
Epoch: 2 	Training Loss: 1.793271 	Validation Loss: 0.444540
Validation loss decreased (0.461627 --> 0.444540).  Saving model ...
Epoch: 3 	Training Loss: 1.713335 	Validation Loss: 0.431275
Validation loss decreased (0.444540 --> 0.431275).  Saving model ...
Epoch: 4 	Training Loss: 1.646943 	Validation Loss: 0.427058
Validation loss decreased (0.431275 --> 0.427058).  Saving model ...
Epoch: 5 	Training Loss: 1.592692 	Validation Loss: 0.401885
Validation loss decreased (0.427058 --> 0.401885).  Saving model ...
Epoch: 6 	Training Loss: 1.547881 	Validation Loss: 0.366687
Validation loss decreased (0.401885 --> 0.366687).  Saving model ...
Epoch: 7 	Training Loss: 1.503740 	Validation Loss: 0.372097
Epoch: 8 	Training Loss: 1.461326 	Validation Loss: 0.342710
Validation loss decreased (0.366687 --> 0.342710).  Saving model ...
Epoch: 9 	Training Loss: 1.426614 	Validation Loss: 0.339476
Validation loss decreased (0.342710 --> 0.339476).  Saving model ...
Epoch: 10 	Training Loss: 1.388875 	Validation Loss: 0.333862
Validation loss decreased (0.339476 --> 0.333862).  Saving model ...
Epoch: 11 	Training Loss: 1.344776 	Validation Loss: 0.309025
Validation loss decreased (0.333862 --> 0.309025).  Saving model ...
Epoch: 12 	Training Loss: 1.299836 	Validation Loss: 0.308594
Validation loss decreased (0.309025 --> 0.308594).  Saving model ...
Epoch: 13 	Training Loss: 1.238102 	Validation Loss: 0.276141
Validation loss decreased (0.308594 --> 0.276141).  Saving model ...
Epoch: 14 	Training Loss: 1.181345 	Validation Loss: 0.265749
Validation loss decreased (0.276141 --> 0.265749).  Saving model ...
Epoch: 15 	Training Loss: 1.133849 	Validation Loss: 0.274193
Epoch: 16 	Training Loss: 1.085078 	Validation Loss: 0.233714
Validation loss decreased (0.265749 --> 0.233714).  Saving model ...
Epoch: 17 	Training Loss: 1.032816 	Validation Loss: 0.231248
Validation loss decreased (0.233714 --> 0.231248).  Saving model ...
Epoch: 18 	Training Loss: 1.004250 	Validation Loss: 0.214533
Validation loss decreased (0.231248 --> 0.214533).  Saving model ...
Epoch: 19 	Training Loss: 0.966916 	Validation Loss: 0.209687
Validation loss decreased (0.214533 --> 0.209687).  Saving model ...
Test Loss: 0.851714

Test Accuracy of airplane: 76% (178/234)
Test Accuracy of automobile: 92% (227/246)
Test Accuracy of  bird: 60% (170/281)
Test Accuracy of   cat: 30% (77/253)
Test Accuracy of  deer: 67% (153/227)
Test Accuracy of   dog: 52% (132/250)
Test Accuracy of  frog: 84% (209/248)
Test Accuracy of horse: 73% (184/250)
Test Accuracy of  ship: 79% (206/258)
Test Accuracy of truck: 77% (206/265)

Test Accuracy (Overall): 69% (1742/2512)
Epoch: 0 	Training Loss: 1.861384 	Validation Loss: 0.460306
Validation loss decreased (inf --> 0.460306).  Saving model ...
Epoch: 1 	Training Loss: 1.833145 	Validation Loss: 0.444086
Validation loss decreased (0.460306 --> 0.444086).  Saving model ...
Epoch: 2 	Training Loss: 1.787851 	Validation Loss: 0.432324
Validation loss decreased (0.444086 --> 0.432324).  Saving model ...
Epoch: 3 	Training Loss: 1.750612 	Validation Loss: 0.422417
Validation loss decreased (0.432324 --> 0.422417).  Saving model ...
Epoch: 4 	Training Loss: 1.716720 	Validation Loss: 0.409473
Validation loss decreased (0.422417 --> 0.409473).  Saving model ...
Epoch: 5 	Training Loss: 1.677812 	Validation Loss: 0.398893
Validation loss decreased (0.409473 --> 0.398893).  Saving model ...
Epoch: 6 	Training Loss: 1.640674 	Validation Loss: 0.390730
Validation loss decreased (0.398893 --> 0.390730).  Saving model ...
Epoch: 7 	Training Loss: 1.613804 	Validation Loss: 0.391521
Epoch: 8 	Training Loss: 1.600303 	Validation Loss: 0.383292
Validation loss decreased (0.390730 --> 0.383292).  Saving model ...
Epoch: 9 	Training Loss: 1.583563 	Validation Loss: 0.376865
Validation loss decreased (0.383292 --> 0.376865).  Saving model ...
Epoch: 10 	Training Loss: 1.565530 	Validation Loss: 0.365981
Validation loss decreased (0.376865 --> 0.365981).  Saving model ...
Epoch: 11 	Training Loss: 1.549919 	Validation Loss: 0.365563
Validation loss decreased (0.365981 --> 0.365563).  Saving model ...
Epoch: 12 	Training Loss: 1.531766 	Validation Loss: 0.357269
Validation loss decreased (0.365563 --> 0.357269).  Saving model ...
Epoch: 13 	Training Loss: 1.519590 	Validation Loss: 0.352673
Validation loss decreased (0.357269 --> 0.352673).  Saving model ...
Epoch: 14 	Training Loss: 1.507637 	Validation Loss: 0.350551
Validation loss decreased (0.352673 --> 0.350551).  Saving model ...
Epoch: 15 	Training Loss: 1.485313 	Validation Loss: 0.346285
Validation loss decreased (0.350551 --> 0.346285).  Saving model ...
Epoch: 16 	Training Loss: 1.474196 	Validation Loss: 0.335932
Validation loss decreased (0.346285 --> 0.335932).  Saving model ...
Epoch: 17 	Training Loss: 1.448277 	Validation Loss: 0.330080
Validation loss decreased (0.335932 --> 0.330080).  Saving model ...
Epoch: 18 	Training Loss: 1.431048 	Validation Loss: 0.319358
Validation loss decreased (0.330080 --> 0.319358).  Saving model ...
Epoch: 19 	Training Loss: 1.408972 	Validation Loss: 0.316462
Validation loss decreased (0.319358 --> 0.316462).  Saving model ...
Test Loss: 1.360723

Test Accuracy of airplane: 45% (107/234)
Test Accuracy of automobile: 64% (158/246)
Test Accuracy of  bird: 29% (83/281)
Test Accuracy of   cat: 16% (43/253)
Test Accuracy of  deer: 29% (66/227)
Test Accuracy of   dog: 43% (108/250)
Test Accuracy of  frog: 79% (198/248)
Test Accuracy of horse: 58% (147/250)
Test Accuracy of  ship: 57% (148/258)
Test Accuracy of truck: 65% (174/265)

Test Accuracy (Overall): 49% (1232/2512)
Epoch: 0 	Training Loss: 1.838519 	Validation Loss: 0.432337
Validation loss decreased (inf --> 0.432337).  Saving model ...
Epoch: 1 	Training Loss: 1.707732 	Validation Loss: 0.407173
Validation loss decreased (0.432337 --> 0.407173).  Saving model ...
Epoch: 2 	Training Loss: 1.638617 	Validation Loss: 0.399033
Validation loss decreased (0.407173 --> 0.399033).  Saving model ...
Epoch: 3 	Training Loss: 1.580949 	Validation Loss: 0.374934
Validation loss decreased (0.399033 --> 0.374934).  Saving model ...
Epoch: 4 	Training Loss: 1.530316 	Validation Loss: 0.362304
Validation loss decreased (0.374934 --> 0.362304).  Saving model ...
Epoch: 5 	Training Loss: 1.463711 	Validation Loss: 0.350340
Validation loss decreased (0.362304 --> 0.350340).  Saving model ...
Epoch: 6 	Training Loss: 1.401919 	Validation Loss: 0.326523
Validation loss decreased (0.350340 --> 0.326523).  Saving model ...
Epoch: 7 	Training Loss: 1.349270 	Validation Loss: 0.314907
Validation loss decreased (0.326523 --> 0.314907).  Saving model ...
Epoch: 8 	Training Loss: 1.295999 	Validation Loss: 0.299462
Validation loss decreased (0.314907 --> 0.299462).  Saving model ...
Epoch: 9 	Training Loss: 1.251544 	Validation Loss: 0.283133
Validation loss decreased (0.299462 --> 0.283133).  Saving model ...
Epoch: 10 	Training Loss: 1.206091 	Validation Loss: 0.283720
Epoch: 11 	Training Loss: 1.174245 	Validation Loss: 0.252774
Validation loss decreased (0.283133 --> 0.252774).  Saving model ...
Epoch: 12 	Training Loss: 1.137952 	Validation Loss: 0.255158
Epoch: 13 	Training Loss: 1.105232 	Validation Loss: 0.251764
Validation loss decreased (0.252774 --> 0.251764).  Saving model ...
Epoch: 14 	Training Loss: 1.076615 	Validation Loss: 0.236685
Validation loss decreased (0.251764 --> 0.236685).  Saving model ...
Epoch: 15 	Training Loss: 1.052614 	Validation Loss: 0.227498
Validation loss decreased (0.236685 --> 0.227498).  Saving model ...
Epoch: 16 	Training Loss: 1.027237 	Validation Loss: 0.226592
Validation loss decreased (0.227498 --> 0.226592).  Saving model ...
Epoch: 17 	Training Loss: 1.005709 	Validation Loss: 0.232167
Epoch: 18 	Training Loss: 0.979229 	Validation Loss: 0.209137
Validation loss decreased (0.226592 --> 0.209137).  Saving model ...
Epoch: 19 	Training Loss: 0.966106 	Validation Loss: 0.207491
Validation loss decreased (0.209137 --> 0.207491).  Saving model ...
Test Loss: 0.854097

Test Accuracy of airplane: 66% (155/234)
Test Accuracy of automobile: 90% (222/246)
Test Accuracy of  bird: 63% (178/281)
Test Accuracy of   cat: 32% (82/253)
Test Accuracy of  deer: 54% (123/227)
Test Accuracy of   dog: 52% (130/250)
Test Accuracy of  frog: 86% (215/248)
Test Accuracy of horse: 74% (187/250)
Test Accuracy of  ship: 82% (213/258)
Test Accuracy of truck: 82% (218/265)

Test Accuracy (Overall): 68% (1723/2512)
Epoch: 0 	Training Loss: 1.852480 	Validation Loss: 0.457978
Validation loss decreased (inf --> 0.457978).  Saving model ...
Epoch: 1 	Training Loss: 1.809877 	Validation Loss: 0.438026
Validation loss decreased (0.457978 --> 0.438026).  Saving model ...
Epoch: 2 	Training Loss: 1.734691 	Validation Loss: 0.412464
Validation loss decreased (0.438026 --> 0.412464).  Saving model ...
Epoch: 3 	Training Loss: 1.664495 	Validation Loss: 0.402337
Validation loss decreased (0.412464 --> 0.402337).  Saving model ...
Epoch: 4 	Training Loss: 1.623197 	Validation Loss: 0.401343
Validation loss decreased (0.402337 --> 0.401343).  Saving model ...
Epoch: 5 	Training Loss: 1.584073 	Validation Loss: 0.386467
Validation loss decreased (0.401343 --> 0.386467).  Saving model ...
Epoch: 6 	Training Loss: 1.543391 	Validation Loss: 0.374711
Validation loss decreased (0.386467 --> 0.374711).  Saving model ...
Epoch: 7 	Training Loss: 1.502681 	Validation Loss: 0.361020
Validation loss decreased (0.374711 --> 0.361020).  Saving model ...
Epoch: 8 	Training Loss: 1.466128 	Validation Loss: 0.343614
Validation loss decreased (0.361020 --> 0.343614).  Saving model ...
Epoch: 9 	Training Loss: 1.430708 	Validation Loss: 0.333698
Validation loss decreased (0.343614 --> 0.333698).  Saving model ...
Epoch: 10 	Training Loss: 1.395397 	Validation Loss: 0.318800
Validation loss decreased (0.333698 --> 0.318800).  Saving model ...
Epoch: 11 	Training Loss: 1.351310 	Validation Loss: 0.319111
Epoch: 12 	Training Loss: 1.302747 	Validation Loss: 0.293489
Validation loss decreased (0.318800 --> 0.293489).  Saving model ...
Epoch: 13 	Training Loss: 1.255094 	Validation Loss: 0.289057
Validation loss decreased (0.293489 --> 0.289057).  Saving model ...
Epoch: 14 	Training Loss: 1.206948 	Validation Loss: 0.283510
Validation loss decreased (0.289057 --> 0.283510).  Saving model ...
Epoch: 15 	Training Loss: 1.159941 	Validation Loss: 0.253759
Validation loss decreased (0.283510 --> 0.253759).  Saving model ...
Epoch: 16 	Training Loss: 1.125010 	Validation Loss: 0.249910
Validation loss decreased (0.253759 --> 0.249910).  Saving model ...
Epoch: 17 	Training Loss: 1.091126 	Validation Loss: 0.237075
Validation loss decreased (0.249910 --> 0.237075).  Saving model ...
Epoch: 18 	Training Loss: 1.063248 	Validation Loss: 0.240968
Epoch: 19 	Training Loss: 1.036020 	Validation Loss: 0.226747
Validation loss decreased (0.237075 --> 0.226747).  Saving model ...
Test Loss: 0.929771

Test Accuracy of airplane: 64% (152/234)
Test Accuracy of automobile: 87% (215/246)
Test Accuracy of  bird: 46% (132/281)
Test Accuracy of   cat: 25% (65/253)
Test Accuracy of  deer: 72% (164/227)
Test Accuracy of   dog: 67% (168/250)
Test Accuracy of  frog: 75% (186/248)
Test Accuracy of horse: 64% (161/250)
Test Accuracy of  ship: 81% (209/258)
Test Accuracy of truck: 80% (213/265)

Test Accuracy (Overall): 66% (1665/2512)
Epoch: 0 	Training Loss: 1.882415 	Validation Loss: 0.460698
Validation loss decreased (inf --> 0.460698).  Saving model ...
Epoch: 1 	Training Loss: 1.852027 	Validation Loss: 0.461109
Epoch: 2 	Training Loss: 1.835288 	Validation Loss: 0.460130
Validation loss decreased (0.460698 --> 0.460130).  Saving model ...
Epoch: 3 	Training Loss: 1.797562 	Validation Loss: 0.451766
Validation loss decreased (0.460130 --> 0.451766).  Saving model ...
Epoch: 4 	Training Loss: 1.755446 	Validation Loss: 0.428372
Validation loss decreased (0.451766 --> 0.428372).  Saving model ...
Epoch: 5 	Training Loss: 1.710940 	Validation Loss: 0.423365
Validation loss decreased (0.428372 --> 0.423365).  Saving model ...
Epoch: 6 	Training Loss: 1.672288 	Validation Loss: 0.409860
Validation loss decreased (0.423365 --> 0.409860).  Saving model ...
Epoch: 7 	Training Loss: 1.649969 	Validation Loss: 0.403940
Validation loss decreased (0.409860 --> 0.403940).  Saving model ...
Epoch: 8 	Training Loss: 1.630550 	Validation Loss: 0.420565
Epoch: 9 	Training Loss: 1.621306 	Validation Loss: 0.396320
Validation loss decreased (0.403940 --> 0.396320).  Saving model ...
Epoch: 10 	Training Loss: 1.610421 	Validation Loss: 0.391274
Validation loss decreased (0.396320 --> 0.391274).  Saving model ...
Epoch: 11 	Training Loss: 1.599566 	Validation Loss: 0.392139
Epoch: 12 	Training Loss: 1.585470 	Validation Loss: 0.386301
Validation loss decreased (0.391274 --> 0.386301).  Saving model ...
Epoch: 13 	Training Loss: 1.578430 	Validation Loss: 0.402480
Epoch: 14 	Training Loss: 1.569329 	Validation Loss: 0.394530
Epoch: 15 	Training Loss: 1.559583 	Validation Loss: 0.389044
Epoch: 16 	Training Loss: 1.545554 	Validation Loss: 0.377942
Validation loss decreased (0.386301 --> 0.377942).  Saving model ...
Epoch: 17 	Training Loss: 1.536405 	Validation Loss: 0.390356
Epoch: 18 	Training Loss: 1.512232 	Validation Loss: 0.371853
Validation loss decreased (0.377942 --> 0.371853).  Saving model ...
Epoch: 19 	Training Loss: 1.506377 	Validation Loss: 0.373544
Test Loss: 1.676624

Test Accuracy of airplane: 57% (135/234)
Test Accuracy of automobile: 68% (169/246)
Test Accuracy of  bird: 22% (63/281)
Test Accuracy of   cat:  7% (18/253)
Test Accuracy of  deer: 16% (38/227)
Test Accuracy of   dog:  0% ( 0/250)
Test Accuracy of  frog: 79% (197/248)
Test Accuracy of horse: 50% (127/250)
Test Accuracy of  ship: 23% (60/258)
Test Accuracy of truck: 16% (44/265)

Test Accuracy (Overall): 33% (851/2512)
Epoch: 0 	Training Loss: 1.885751 	Validation Loss: 0.460745
Validation loss decreased (inf --> 0.460745).  Saving model ...
Epoch: 1 	Training Loss: 1.851272 	Validation Loss: 0.460691
Validation loss decreased (0.460745 --> 0.460691).  Saving model ...
Epoch: 2 	Training Loss: 1.846226 	Validation Loss: 0.460728
Epoch: 3 	Training Loss: 1.837391 	Validation Loss: 0.453326
Validation loss decreased (0.460691 --> 0.453326).  Saving model ...
Epoch: 4 	Training Loss: 1.809413 	Validation Loss: 0.440657
Validation loss decreased (0.453326 --> 0.440657).  Saving model ...
Epoch: 5 	Training Loss: 1.777053 	Validation Loss: 0.431065
Validation loss decreased (0.440657 --> 0.431065).  Saving model ...
Epoch: 6 	Training Loss: 1.735725 	Validation Loss: 0.415503
Validation loss decreased (0.431065 --> 0.415503).  Saving model ...
Epoch: 7 	Training Loss: 1.701507 	Validation Loss: 0.407217
Validation loss decreased (0.415503 --> 0.407217).  Saving model ...
Epoch: 8 	Training Loss: 1.675773 	Validation Loss: 0.406636
Validation loss decreased (0.407217 --> 0.406636).  Saving model ...
Epoch: 9 	Training Loss: 1.655640 	Validation Loss: 0.397713
Validation loss decreased (0.406636 --> 0.397713).  Saving model ...
Epoch: 10 	Training Loss: 1.639563 	Validation Loss: 0.392877
Validation loss decreased (0.397713 --> 0.392877).  Saving model ...
Epoch: 11 	Training Loss: 1.622214 	Validation Loss: 0.394369
Epoch: 12 	Training Loss: 1.615789 	Validation Loss: 0.397818
Epoch: 13 	Training Loss: 1.605058 	Validation Loss: 0.384547
Validation loss decreased (0.392877 --> 0.384547).  Saving model ...
Epoch: 14 	Training Loss: 1.594707 	Validation Loss: 0.389090
Epoch: 15 	Training Loss: 1.582583 	Validation Loss: 0.388119
Epoch: 16 	Training Loss: 1.572986 	Validation Loss: 0.379023
Validation loss decreased (0.384547 --> 0.379023).  Saving model ...
Epoch: 17 	Training Loss: 1.560957 	Validation Loss: 0.370590
Validation loss decreased (0.379023 --> 0.370590).  Saving model ...
Epoch: 18 	Training Loss: 1.548314 	Validation Loss: 0.371806
Epoch: 19 	Training Loss: 1.534926 	Validation Loss: 0.358795
Validation loss decreased (0.370590 --> 0.358795).  Saving model ...
Test Loss: 1.648365

Test Accuracy of airplane: 60% (141/234)
Test Accuracy of automobile: 47% (117/246)
Test Accuracy of  bird: 18% (52/281)
Test Accuracy of   cat:  7% (18/253)
Test Accuracy of  deer:  4% (11/227)
Test Accuracy of   dog: 24% (60/250)
Test Accuracy of  frog: 65% (163/248)
Test Accuracy of horse: 55% (139/250)
Test Accuracy of  ship: 36% (93/258)
Test Accuracy of truck: 50% (134/265)

Test Accuracy (Overall): 36% (928/2512)
Epoch: 0 	Training Loss: 1.848631 	Validation Loss: 0.472756
Validation loss decreased (inf --> 0.472756).  Saving model ...
Epoch: 1 	Training Loss: 1.804725 	Validation Loss: 0.450189
Validation loss decreased (0.472756 --> 0.450189).  Saving model ...
Epoch: 2 	Training Loss: 1.763495 	Validation Loss: 0.438153
Validation loss decreased (0.450189 --> 0.438153).  Saving model ...
Epoch: 3 	Training Loss: 1.702889 	Validation Loss: 0.412582
Validation loss decreased (0.438153 --> 0.412582).  Saving model ...
Epoch: 4 	Training Loss: 1.660078 	Validation Loss: 0.414971
Epoch: 5 	Training Loss: 1.626121 	Validation Loss: 0.405934
Validation loss decreased (0.412582 --> 0.405934).  Saving model ...
Epoch: 6 	Training Loss: 1.607713 	Validation Loss: 0.398002
Validation loss decreased (0.405934 --> 0.398002).  Saving model ...
Epoch: 7 	Training Loss: 1.590280 	Validation Loss: 0.384671
Validation loss decreased (0.398002 --> 0.384671).  Saving model ...
Epoch: 8 	Training Loss: 1.577550 	Validation Loss: 0.388576
Epoch: 9 	Training Loss: 1.559011 	Validation Loss: 0.377846
Validation loss decreased (0.384671 --> 0.377846).  Saving model ...
Epoch: 10 	Training Loss: 1.538268 	Validation Loss: 0.383289
Epoch: 11 	Training Loss: 1.517262 	Validation Loss: 0.360974
Validation loss decreased (0.377846 --> 0.360974).  Saving model ...
Epoch: 12 	Training Loss: 1.487738 	Validation Loss: 0.372501
Epoch: 13 	Training Loss: 1.463780 	Validation Loss: 0.346917
Validation loss decreased (0.360974 --> 0.346917).  Saving model ...
Epoch: 14 	Training Loss: 1.440992 	Validation Loss: 0.339486
Validation loss decreased (0.346917 --> 0.339486).  Saving model ...
Epoch: 15 	Training Loss: 1.414674 	Validation Loss: 0.328467
Validation loss decreased (0.339486 --> 0.328467).  Saving model ...
Epoch: 16 	Training Loss: 1.386638 	Validation Loss: 0.314460
Validation loss decreased (0.328467 --> 0.314460).  Saving model ...
Epoch: 17 	Training Loss: 1.356346 	Validation Loss: 0.312526
Validation loss decreased (0.314460 --> 0.312526).  Saving model ...
Epoch: 18 	Training Loss: 1.325043 	Validation Loss: 0.307004
Validation loss decreased (0.312526 --> 0.307004).  Saving model ...
Epoch: 19 	Training Loss: 1.291371 	Validation Loss: 0.287692
Validation loss decreased (0.307004 --> 0.287692).  Saving model ...
Test Loss: 1.220346

Test Accuracy of airplane: 53% (125/234)
Test Accuracy of automobile: 78% (194/246)
Test Accuracy of  bird: 33% (93/281)
Test Accuracy of   cat: 15% (39/253)
Test Accuracy of  deer: 51% (118/227)
Test Accuracy of   dog: 58% (145/250)
Test Accuracy of  frog: 64% (161/248)
Test Accuracy of horse: 64% (160/250)
Test Accuracy of  ship: 64% (167/258)
Test Accuracy of truck: 69% (183/265)

Test Accuracy (Overall): 55% (1385/2512)
Epoch: 0 	Training Loss: 1.874070 	Validation Loss: 0.460721
Validation loss decreased (inf --> 0.460721).  Saving model ...
Epoch: 1 	Training Loss: 1.850652 	Validation Loss: 0.460735
Epoch: 2 	Training Loss: 1.843919 	Validation Loss: 0.460255
Validation loss decreased (0.460721 --> 0.460255).  Saving model ...
Epoch: 3 	Training Loss: 1.831344 	Validation Loss: 0.448826
Validation loss decreased (0.460255 --> 0.448826).  Saving model ...
Epoch: 4 	Training Loss: 1.802445 	Validation Loss: 0.439093
Validation loss decreased (0.448826 --> 0.439093).  Saving model ...
