Files already downloaded and verified
Files already downloaded and verified
Epoch: 0 	Training Loss: 1.513310 	Validation Loss: 0.315849
Validation loss decreased (inf --> 0.315849).  Saving model ...
Epoch: 1 	Training Loss: 1.299229 	Validation Loss: 0.290448
Validation loss decreased (0.315849 --> 0.290448).  Saving model ...
Epoch: 2 	Training Loss: 1.194584 	Validation Loss: 0.267775
Validation loss decreased (0.290448 --> 0.267775).  Saving model ...
Epoch: 3 	Training Loss: 1.113512 	Validation Loss: 0.233671
Validation loss decreased (0.267775 --> 0.233671).  Saving model ...
Epoch: 4 	Training Loss: 1.038110 	Validation Loss: 0.226599
Validation loss decreased (0.233671 --> 0.226599).  Saving model ...
Epoch: 5 	Training Loss: 0.974006 	Validation Loss: 0.204802
Validation loss decreased (0.226599 --> 0.204802).  Saving model ...
Epoch: 6 	Training Loss: 0.920544 	Validation Loss: 0.188883
Validation loss decreased (0.204802 --> 0.188883).  Saving model ...
Epoch: 7 	Training Loss: 0.874647 	Validation Loss: 0.185802
Validation loss decreased (0.188883 --> 0.185802).  Saving model ...
Epoch: 8 	Training Loss: 0.843426 	Validation Loss: 0.170704
Validation loss decreased (0.185802 --> 0.170704).  Saving model ...
Epoch: 9 	Training Loss: 0.807250 	Validation Loss: 0.177004
Epoch: 10 	Training Loss: 0.781067 	Validation Loss: 0.160764
Validation loss decreased (0.170704 --> 0.160764).  Saving model ...
Epoch: 11 	Training Loss: 0.754362 	Validation Loss: 0.156721
Validation loss decreased (0.160764 --> 0.156721).  Saving model ...
Epoch: 12 	Training Loss: 0.732591 	Validation Loss: 0.145266
Validation loss decreased (0.156721 --> 0.145266).  Saving model ...
Epoch: 13 	Training Loss: 0.705898 	Validation Loss: 0.148769
Epoch: 14 	Training Loss: 0.683565 	Validation Loss: 0.145570
Epoch: 15 	Training Loss: 0.667842 	Validation Loss: 0.140304
Validation loss decreased (0.145266 --> 0.140304).  Saving model ...
Epoch: 16 	Training Loss: 0.653562 	Validation Loss: 0.133263
Validation loss decreased (0.140304 --> 0.133263).  Saving model ...
Epoch: 17 	Training Loss: 0.631412 	Validation Loss: 0.124821
Validation loss decreased (0.133263 --> 0.124821).  Saving model ...
Epoch: 18 	Training Loss: 0.617282 	Validation Loss: 0.128768
Epoch: 19 	Training Loss: 0.600982 	Validation Loss: 0.123568
Validation loss decreased (0.124821 --> 0.123568).  Saving model ...
Test Loss: 0.636541

Test Accuracy of airplane: 78% (184/234)
Test Accuracy of automobile: 90% (223/246)
Test Accuracy of  bird: 70% (199/281)
Test Accuracy of   cat: 55% (140/253)
Test Accuracy of  deer: 86% (197/227)
Test Accuracy of   dog: 54% (137/250)
Test Accuracy of  frog: 80% (200/248)
Test Accuracy of horse: 83% (209/250)
Test Accuracy of  ship: 88% (229/258)
Test Accuracy of truck: 90% (239/265)

Test Accuracy (Overall): 77% (1957/2512)
Epoch: 0 	Training Loss: 1.518413 	Validation Loss: 0.319229
Validation loss decreased (inf --> 0.319229).  Saving model ...
Epoch: 1 	Training Loss: 1.283078 	Validation Loss: 0.275597
Validation loss decreased (0.319229 --> 0.275597).  Saving model ...
Epoch: 2 	Training Loss: 1.174131 	Validation Loss: 0.244728
Validation loss decreased (0.275597 --> 0.244728).  Saving model ...
Epoch: 3 	Training Loss: 1.078438 	Validation Loss: 0.228205
Validation loss decreased (0.244728 --> 0.228205).  Saving model ...
Epoch: 4 	Training Loss: 1.003842 	Validation Loss: 0.201541
Validation loss decreased (0.228205 --> 0.201541).  Saving model ...
Epoch: 5 	Training Loss: 0.944645 	Validation Loss: 0.190775
Validation loss decreased (0.201541 --> 0.190775).  Saving model ...
Epoch: 6 	Training Loss: 0.896970 	Validation Loss: 0.179968
Validation loss decreased (0.190775 --> 0.179968).  Saving model ...
Epoch: 7 	Training Loss: 0.859544 	Validation Loss: 0.181957
Epoch: 8 	Training Loss: 0.831250 	Validation Loss: 0.168075
Validation loss decreased (0.179968 --> 0.168075).  Saving model ...
Epoch: 9 	Training Loss: 0.802300 	Validation Loss: 0.171988
Epoch: 10 	Training Loss: 0.774634 	Validation Loss: 0.164448
Validation loss decreased (0.168075 --> 0.164448).  Saving model ...
Epoch: 11 	Training Loss: 0.752791 	Validation Loss: 0.157628
Validation loss decreased (0.164448 --> 0.157628).  Saving model ...
Epoch: 12 	Training Loss: 0.734977 	Validation Loss: 0.148296
Validation loss decreased (0.157628 --> 0.148296).  Saving model ...
Epoch: 13 	Training Loss: 0.709238 	Validation Loss: 0.144040
Validation loss decreased (0.148296 --> 0.144040).  Saving model ...
Epoch: 14 	Training Loss: 0.692037 	Validation Loss: 0.141750
Validation loss decreased (0.144040 --> 0.141750).  Saving model ...
Epoch: 15 	Training Loss: 0.674144 	Validation Loss: 0.132542
Validation loss decreased (0.141750 --> 0.132542).  Saving model ...
Epoch: 16 	Training Loss: 0.656576 	Validation Loss: 0.130679
Validation loss decreased (0.132542 --> 0.130679).  Saving model ...
Epoch: 17 	Training Loss: 0.643146 	Validation Loss: 0.133082
Epoch: 18 	Training Loss: 0.624053 	Validation Loss: 0.137423
Epoch: 19 	Training Loss: 0.611802 	Validation Loss: 0.122542
Validation loss decreased (0.130679 --> 0.122542).  Saving model ...
Test Loss: 0.632846

Test Accuracy of airplane: 84% (198/234)
Test Accuracy of automobile: 94% (233/246)
Test Accuracy of  bird: 68% (193/281)
Test Accuracy of   cat: 52% (133/253)
Test Accuracy of  deer: 71% (163/227)
Test Accuracy of   dog: 74% (187/250)
Test Accuracy of  frog: 87% (216/248)
Test Accuracy of horse: 80% (202/250)
Test Accuracy of  ship: 87% (227/258)
Test Accuracy of truck: 83% (221/265)

Test Accuracy (Overall): 78% (1973/2512)
Epoch: 0 	Training Loss: 1.439274 	Validation Loss: 0.307381
Validation loss decreased (inf --> 0.307381).  Saving model ...
Epoch: 1 	Training Loss: 1.209554 	Validation Loss: 0.268573
Validation loss decreased (0.307381 --> 0.268573).  Saving model ...
Epoch: 2 	Training Loss: 1.086413 	Validation Loss: 0.236937
Validation loss decreased (0.268573 --> 0.236937).  Saving model ...
Epoch: 3 	Training Loss: 1.000806 	Validation Loss: 0.222810
Validation loss decreased (0.236937 --> 0.222810).  Saving model ...
Epoch: 4 	Training Loss: 0.927796 	Validation Loss: 0.192074
Validation loss decreased (0.222810 --> 0.192074).  Saving model ...
Epoch: 5 	Training Loss: 0.865733 	Validation Loss: 0.182069
Validation loss decreased (0.192074 --> 0.182069).  Saving model ...
Epoch: 6 	Training Loss: 0.818108 	Validation Loss: 0.180862
Validation loss decreased (0.182069 --> 0.180862).  Saving model ...
Epoch: 7 	Training Loss: 0.771136 	Validation Loss: 0.162058
Validation loss decreased (0.180862 --> 0.162058).  Saving model ...
Epoch: 8 	Training Loss: 0.736560 	Validation Loss: 0.154294
Validation loss decreased (0.162058 --> 0.154294).  Saving model ...
Epoch: 9 	Training Loss: 0.701087 	Validation Loss: 0.146857
Validation loss decreased (0.154294 --> 0.146857).  Saving model ...
Epoch: 10 	Training Loss: 0.676973 	Validation Loss: 0.151999
Epoch: 11 	Training Loss: 0.643045 	Validation Loss: 0.141987
Validation loss decreased (0.146857 --> 0.141987).  Saving model ...
Epoch: 12 	Training Loss: 0.620851 	Validation Loss: 0.142608
Epoch: 13 	Training Loss: 0.599398 	Validation Loss: 0.127479
Validation loss decreased (0.141987 --> 0.127479).  Saving model ...
Epoch: 14 	Training Loss: 0.585327 	Validation Loss: 0.129550
Epoch: 15 	Training Loss: 0.559793 	Validation Loss: 0.132428
Epoch: 16 	Training Loss: 0.549789 	Validation Loss: 0.118552
Validation loss decreased (0.127479 --> 0.118552).  Saving model ...
Epoch: 17 	Training Loss: 0.536844 	Validation Loss: 0.126999
Epoch: 18 	Training Loss: 0.520395 	Validation Loss: 0.112822
Validation loss decreased (0.118552 --> 0.112822).  Saving model ...
Epoch: 19 	Training Loss: 0.509480 	Validation Loss: 0.114459
Test Loss: 0.587957

Test Accuracy of airplane: 84% (198/234)
Test Accuracy of automobile: 95% (236/246)
Test Accuracy of  bird: 78% (221/281)
Test Accuracy of   cat: 54% (138/253)
Test Accuracy of  deer: 73% (167/227)
Test Accuracy of   dog: 57% (144/250)
Test Accuracy of  frog: 84% (210/248)
Test Accuracy of horse: 88% (222/250)
Test Accuracy of  ship: 91% (236/258)
Test Accuracy of truck: 85% (227/265)

Test Accuracy (Overall): 79% (1999/2512)
Epoch: 0 	Training Loss: 1.499380 	Validation Loss: 0.308396
Validation loss decreased (inf --> 0.308396).  Saving model ...
Epoch: 1 	Training Loss: 1.267574 	Validation Loss: 0.294444
Validation loss decreased (0.308396 --> 0.294444).  Saving model ...
Epoch: 2 	Training Loss: 1.146522 	Validation Loss: 0.255449
Validation loss decreased (0.294444 --> 0.255449).  Saving model ...
Epoch: 3 	Training Loss: 1.062973 	Validation Loss: 0.232130
Validation loss decreased (0.255449 --> 0.232130).  Saving model ...
Epoch: 4 	Training Loss: 0.987289 	Validation Loss: 0.202743
Validation loss decreased (0.232130 --> 0.202743).  Saving model ...
Epoch: 5 	Training Loss: 0.928717 	Validation Loss: 0.191185
Validation loss decreased (0.202743 --> 0.191185).  Saving model ...
Epoch: 6 	Training Loss: 0.882206 	Validation Loss: 0.183124
Validation loss decreased (0.191185 --> 0.183124).  Saving model ...
Epoch: 7 	Training Loss: 0.837196 	Validation Loss: 0.181297
Validation loss decreased (0.183124 --> 0.181297).  Saving model ...
Epoch: 8 	Training Loss: 0.803769 	Validation Loss: 0.177057
Validation loss decreased (0.181297 --> 0.177057).  Saving model ...
Epoch: 9 	Training Loss: 0.771660 	Validation Loss: 0.163216
Validation loss decreased (0.177057 --> 0.163216).  Saving model ...
Epoch: 10 	Training Loss: 0.747678 	Validation Loss: 0.156332
Validation loss decreased (0.163216 --> 0.156332).  Saving model ...
Epoch: 11 	Training Loss: 0.716082 	Validation Loss: 0.147627
Validation loss decreased (0.156332 --> 0.147627).  Saving model ...
Epoch: 12 	Training Loss: 0.694258 	Validation Loss: 0.140494
Validation loss decreased (0.147627 --> 0.140494).  Saving model ...
Epoch: 13 	Training Loss: 0.672058 	Validation Loss: 0.142030
Epoch: 14 	Training Loss: 0.647574 	Validation Loss: 0.131796
Validation loss decreased (0.140494 --> 0.131796).  Saving model ...
Epoch: 15 	Training Loss: 0.627516 	Validation Loss: 0.130431
Validation loss decreased (0.131796 --> 0.130431).  Saving model ...
Epoch: 16 	Training Loss: 0.608193 	Validation Loss: 0.126947
Validation loss decreased (0.130431 --> 0.126947).  Saving model ...
Epoch: 17 	Training Loss: 0.594602 	Validation Loss: 0.118002
Validation loss decreased (0.126947 --> 0.118002).  Saving model ...
Epoch: 18 	Training Loss: 0.580868 	Validation Loss: 0.123062
Epoch: 19 	Training Loss: 0.564608 	Validation Loss: 0.120250
Test Loss: 0.615614

Test Accuracy of airplane: 69% (162/234)
Test Accuracy of automobile: 89% (219/246)
Test Accuracy of  bird: 58% (165/281)
Test Accuracy of   cat: 67% (170/253)
Test Accuracy of  deer: 78% (179/227)
Test Accuracy of   dog: 67% (168/250)
Test Accuracy of  frog: 83% (208/248)
Test Accuracy of horse: 88% (222/250)
Test Accuracy of  ship: 93% (241/258)
Test Accuracy of truck: 92% (244/265)

Test Accuracy (Overall): 78% (1978/2512)
Epoch: 0 	Training Loss: 1.491664 	Validation Loss: 0.327930
Validation loss decreased (inf --> 0.327930).  Saving model ...
Epoch: 1 	Training Loss: 1.274563 	Validation Loss: 0.283972
Validation loss decreased (0.327930 --> 0.283972).  Saving model ...
Epoch: 2 	Training Loss: 1.165500 	Validation Loss: 0.249921
Validation loss decreased (0.283972 --> 0.249921).  Saving model ...
Epoch: 3 	Training Loss: 1.082724 	Validation Loss: 0.229997
Validation loss decreased (0.249921 --> 0.229997).  Saving model ...
Epoch: 4 	Training Loss: 1.011885 	Validation Loss: 0.204123
Validation loss decreased (0.229997 --> 0.204123).  Saving model ...
Epoch: 5 	Training Loss: 0.944184 	Validation Loss: 0.199602
Validation loss decreased (0.204123 --> 0.199602).  Saving model ...
Epoch: 6 	Training Loss: 0.893924 	Validation Loss: 0.186567
Validation loss decreased (0.199602 --> 0.186567).  Saving model ...
Epoch: 7 	Training Loss: 0.855490 	Validation Loss: 0.176341
Validation loss decreased (0.186567 --> 0.176341).  Saving model ...
Epoch: 8 	Training Loss: 0.821867 	Validation Loss: 0.171181
Validation loss decreased (0.176341 --> 0.171181).  Saving model ...
Epoch: 9 	Training Loss: 0.795179 	Validation Loss: 0.172639
Epoch: 10 	Training Loss: 0.770042 	Validation Loss: 0.172569
Epoch: 11 	Training Loss: 0.747801 	Validation Loss: 0.166897
Validation loss decreased (0.171181 --> 0.166897).  Saving model ...
Epoch: 12 	Training Loss: 0.725949 	Validation Loss: 0.156023
Validation loss decreased (0.166897 --> 0.156023).  Saving model ...
Epoch: 13 	Training Loss: 0.703794 	Validation Loss: 0.153077
Validation loss decreased (0.156023 --> 0.153077).  Saving model ...
Epoch: 14 	Training Loss: 0.688070 	Validation Loss: 0.135402
Validation loss decreased (0.153077 --> 0.135402).  Saving model ...
Epoch: 15 	Training Loss: 0.668826 	Validation Loss: 0.138491
Epoch: 16 	Training Loss: 0.655084 	Validation Loss: 0.130702
Validation loss decreased (0.135402 --> 0.130702).  Saving model ...
Epoch: 17 	Training Loss: 0.643953 	Validation Loss: 0.132860
Epoch: 18 	Training Loss: 0.626786 	Validation Loss: 0.128818
Validation loss decreased (0.130702 --> 0.128818).  Saving model ...
Epoch: 19 	Training Loss: 0.607028 	Validation Loss: 0.126791
Validation loss decreased (0.128818 --> 0.126791).  Saving model ...
Test Loss: 0.650339

Test Accuracy of airplane: 80% (188/234)
Test Accuracy of automobile: 84% (208/246)
Test Accuracy of  bird: 54% (152/281)
Test Accuracy of   cat: 67% (171/253)
Test Accuracy of  deer: 83% (189/227)
Test Accuracy of   dog: 70% (177/250)
Test Accuracy of  frog: 77% (192/248)
Test Accuracy of horse: 75% (189/250)
Test Accuracy of  ship: 90% (234/258)
Test Accuracy of truck: 87% (231/265)

Test Accuracy (Overall): 76% (1931/2512)
Epoch: 0 	Training Loss: 1.454111 	Validation Loss: 0.312994
Validation loss decreased (inf --> 0.312994).  Saving model ...
Epoch: 1 	Training Loss: 1.244920 	Validation Loss: 0.268151
Validation loss decreased (0.312994 --> 0.268151).  Saving model ...
Epoch: 2 	Training Loss: 1.116633 	Validation Loss: 0.255881
Validation loss decreased (0.268151 --> 0.255881).  Saving model ...
Epoch: 3 	Training Loss: 1.021352 	Validation Loss: 0.209016
Validation loss decreased (0.255881 --> 0.209016).  Saving model ...
Epoch: 4 	Training Loss: 0.945825 	Validation Loss: 0.210374
Epoch: 5 	Training Loss: 0.897008 	Validation Loss: 0.207965
Validation loss decreased (0.209016 --> 0.207965).  Saving model ...
Epoch: 6 	Training Loss: 0.849288 	Validation Loss: 0.187099
Validation loss decreased (0.207965 --> 0.187099).  Saving model ...
Epoch: 7 	Training Loss: 0.815601 	Validation Loss: 0.180811
Validation loss decreased (0.187099 --> 0.180811).  Saving model ...
Epoch: 8 	Training Loss: 0.787930 	Validation Loss: 0.168077
Validation loss decreased (0.180811 --> 0.168077).  Saving model ...
Epoch: 9 	Training Loss: 0.760313 	Validation Loss: 0.161702
Validation loss decreased (0.168077 --> 0.161702).  Saving model ...
Epoch: 10 	Training Loss: 0.734549 	Validation Loss: 0.155888
Validation loss decreased (0.161702 --> 0.155888).  Saving model ...
Epoch: 11 	Training Loss: 0.707169 	Validation Loss: 0.149696
Validation loss decreased (0.155888 --> 0.149696).  Saving model ...
Epoch: 12 	Training Loss: 0.694888 	Validation Loss: 0.164358
Epoch: 13 	Training Loss: 0.676169 	Validation Loss: 0.145809
Validation loss decreased (0.149696 --> 0.145809).  Saving model ...
Epoch: 14 	Training Loss: 0.655020 	Validation Loss: 0.137747
Validation loss decreased (0.145809 --> 0.137747).  Saving model ...
Epoch: 15 	Training Loss: 0.642029 	Validation Loss: 0.139040
Epoch: 16 	Training Loss: 0.624231 	Validation Loss: 0.136279
Validation loss decreased (0.137747 --> 0.136279).  Saving model ...
Epoch: 17 	Training Loss: 0.601223 	Validation Loss: 0.125802
Validation loss decreased (0.136279 --> 0.125802).  Saving model ...
Epoch: 18 	Training Loss: 0.596294 	Validation Loss: 0.132036
Epoch: 19 	Training Loss: 0.577179 	Validation Loss: 0.115275
Validation loss decreased (0.125802 --> 0.115275).  Saving model ...
Test Loss: 0.590251

Test Accuracy of airplane: 87% (205/234)
Test Accuracy of automobile: 93% (230/246)
Test Accuracy of  bird: 75% (212/281)
Test Accuracy of   cat: 60% (154/253)
Test Accuracy of  deer: 82% (187/227)
Test Accuracy of   dog: 56% (142/250)
Test Accuracy of  frog: 83% (207/248)
Test Accuracy of horse: 84% (211/250)
Test Accuracy of  ship: 87% (225/258)
Test Accuracy of truck: 84% (225/265)

Test Accuracy (Overall): 79% (1998/2512)
Epoch: 0 	Training Loss: 1.506467 	Validation Loss: 0.322502
Validation loss decreased (inf --> 0.322502).  Saving model ...
Epoch: 1 	Training Loss: 1.278162 	Validation Loss: 0.285218
Validation loss decreased (0.322502 --> 0.285218).  Saving model ...
Epoch: 2 	Training Loss: 1.160754 	Validation Loss: 0.245922
Validation loss decreased (0.285218 --> 0.245922).  Saving model ...
Epoch: 3 	Training Loss: 1.069238 	Validation Loss: 0.229903
Validation loss decreased (0.245922 --> 0.229903).  Saving model ...
Epoch: 4 	Training Loss: 0.985016 	Validation Loss: 0.203145
Validation loss decreased (0.229903 --> 0.203145).  Saving model ...
Epoch: 5 	Training Loss: 0.918385 	Validation Loss: 0.188349
Validation loss decreased (0.203145 --> 0.188349).  Saving model ...
Epoch: 6 	Training Loss: 0.872288 	Validation Loss: 0.180471
Validation loss decreased (0.188349 --> 0.180471).  Saving model ...
Epoch: 7 	Training Loss: 0.830765 	Validation Loss: 0.180589
Epoch: 8 	Training Loss: 0.793452 	Validation Loss: 0.168533
Validation loss decreased (0.180471 --> 0.168533).  Saving model ...
Epoch: 9 	Training Loss: 0.757788 	Validation Loss: 0.163280
Validation loss decreased (0.168533 --> 0.163280).  Saving model ...
Epoch: 10 	Training Loss: 0.730355 	Validation Loss: 0.150699
Validation loss decreased (0.163280 --> 0.150699).  Saving model ...
Epoch: 11 	Training Loss: 0.706371 	Validation Loss: 0.144002
Validation loss decreased (0.150699 --> 0.144002).  Saving model ...
Epoch: 12 	Training Loss: 0.683070 	Validation Loss: 0.142395
Validation loss decreased (0.144002 --> 0.142395).  Saving model ...
Epoch: 13 	Training Loss: 0.660359 	Validation Loss: 0.138736
Validation loss decreased (0.142395 --> 0.138736).  Saving model ...
Epoch: 14 	Training Loss: 0.640844 	Validation Loss: 0.139793
Epoch: 15 	Training Loss: 0.623392 	Validation Loss: 0.127280
Validation loss decreased (0.138736 --> 0.127280).  Saving model ...
Epoch: 16 	Training Loss: 0.604224 	Validation Loss: 0.131065
Epoch: 17 	Training Loss: 0.585663 	Validation Loss: 0.125031
Validation loss decreased (0.127280 --> 0.125031).  Saving model ...
Epoch: 18 	Training Loss: 0.573172 	Validation Loss: 0.114506
Validation loss decreased (0.125031 --> 0.114506).  Saving model ...
Epoch: 19 	Training Loss: 0.561976 	Validation Loss: 0.130647
Test Loss: 0.661188

Test Accuracy of airplane: 80% (188/234)
Test Accuracy of automobile: 87% (215/246)
Test Accuracy of  bird: 66% (188/281)
Test Accuracy of   cat: 55% (140/253)
Test Accuracy of  deer: 88% (200/227)
Test Accuracy of   dog: 59% (149/250)
Test Accuracy of  frog: 84% (210/248)
Test Accuracy of horse: 78% (195/250)
Test Accuracy of  ship: 86% (223/258)
Test Accuracy of truck: 80% (212/265)

Test Accuracy (Overall): 76% (1920/2512)
Epoch: 0 	Training Loss: 1.511417 	Validation Loss: 0.312615
Validation loss decreased (inf --> 0.312615).  Saving model ...
Epoch: 1 	Training Loss: 1.275074 	Validation Loss: 0.288579
Validation loss decreased (0.312615 --> 0.288579).  Saving model ...
Epoch: 2 	Training Loss: 1.162131 	Validation Loss: 0.249548
Validation loss decreased (0.288579 --> 0.249548).  Saving model ...
Epoch: 3 	Training Loss: 1.063373 	Validation Loss: 0.243227
Validation loss decreased (0.249548 --> 0.243227).  Saving model ...
Epoch: 4 	Training Loss: 0.985405 	Validation Loss: 0.211311
Validation loss decreased (0.243227 --> 0.211311).  Saving model ...
Epoch: 5 	Training Loss: 0.915420 	Validation Loss: 0.198812
Validation loss decreased (0.211311 --> 0.198812).  Saving model ...
Epoch: 6 	Training Loss: 0.865046 	Validation Loss: 0.177605
Validation loss decreased (0.198812 --> 0.177605).  Saving model ...
Epoch: 7 	Training Loss: 0.819887 	Validation Loss: 0.181185
Epoch: 8 	Training Loss: 0.781518 	Validation Loss: 0.162418
Validation loss decreased (0.177605 --> 0.162418).  Saving model ...
Epoch: 9 	Training Loss: 0.751666 	Validation Loss: 0.161364
Validation loss decreased (0.162418 --> 0.161364).  Saving model ...
Epoch: 10 	Training Loss: 0.722539 	Validation Loss: 0.159468
Validation loss decreased (0.161364 --> 0.159468).  Saving model ...
Epoch: 11 	Training Loss: 0.696581 	Validation Loss: 0.159871
Epoch: 12 	Training Loss: 0.669905 	Validation Loss: 0.148667
Validation loss decreased (0.159468 --> 0.148667).  Saving model ...
Epoch: 13 	Training Loss: 0.648213 	Validation Loss: 0.141657
Validation loss decreased (0.148667 --> 0.141657).  Saving model ...
Epoch: 14 	Training Loss: 0.629332 	Validation Loss: 0.131268
Validation loss decreased (0.141657 --> 0.131268).  Saving model ...
Epoch: 15 	Training Loss: 0.608205 	Validation Loss: 0.127369
Validation loss decreased (0.131268 --> 0.127369).  Saving model ...
Epoch: 16 	Training Loss: 0.587533 	Validation Loss: 0.131699
Epoch: 17 	Training Loss: 0.573459 	Validation Loss: 0.123654
Validation loss decreased (0.127369 --> 0.123654).  Saving model ...
Epoch: 18 	Training Loss: 0.557058 	Validation Loss: 0.123806
Epoch: 19 	Training Loss: 0.541345 	Validation Loss: 0.113891
Validation loss decreased (0.123654 --> 0.113891).  Saving model ...
Test Loss: 0.590904

Test Accuracy of airplane: 80% (188/234)
Test Accuracy of automobile: 93% (230/246)
Test Accuracy of  bird: 74% (210/281)
Test Accuracy of   cat: 62% (159/253)
Test Accuracy of  deer: 74% (170/227)
Test Accuracy of   dog: 68% (170/250)
Test Accuracy of  frog: 84% (209/248)
Test Accuracy of horse: 82% (206/250)
Test Accuracy of  ship: 90% (234/258)
Test Accuracy of truck: 81% (216/265)

Test Accuracy (Overall): 79% (1992/2512)
Epoch: 0 	Training Loss: 1.513138 	Validation Loss: 0.323436
Validation loss decreased (inf --> 0.323436).  Saving model ...
Epoch: 1 	Training Loss: 1.295480 	Validation Loss: 0.275832
Validation loss decreased (0.323436 --> 0.275832).  Saving model ...
Epoch: 2 	Training Loss: 1.180647 	Validation Loss: 0.253515
Validation loss decreased (0.275832 --> 0.253515).  Saving model ...
Epoch: 3 	Training Loss: 1.084127 	Validation Loss: 0.220469
Validation loss decreased (0.253515 --> 0.220469).  Saving model ...
Epoch: 4 	Training Loss: 1.003574 	Validation Loss: 0.205539
Validation loss decreased (0.220469 --> 0.205539).  Saving model ...
Epoch: 5 	Training Loss: 0.955642 	Validation Loss: 0.198521
Validation loss decreased (0.205539 --> 0.198521).  Saving model ...
Epoch: 6 	Training Loss: 0.907004 	Validation Loss: 0.191884
Validation loss decreased (0.198521 --> 0.191884).  Saving model ...
Epoch: 7 	Training Loss: 0.866106 	Validation Loss: 0.204776
Epoch: 8 	Training Loss: 0.840556 	Validation Loss: 0.173333
Validation loss decreased (0.191884 --> 0.173333).  Saving model ...
Epoch: 9 	Training Loss: 0.805755 	Validation Loss: 0.174420
Epoch: 10 	Training Loss: 0.780644 	Validation Loss: 0.153586
Validation loss decreased (0.173333 --> 0.153586).  Saving model ...
Epoch: 11 	Training Loss: 0.751257 	Validation Loss: 0.156287
Epoch: 12 	Training Loss: 0.730430 	Validation Loss: 0.142697
Validation loss decreased (0.153586 --> 0.142697).  Saving model ...
Epoch: 13 	Training Loss: 0.715071 	Validation Loss: 0.136593
Validation loss decreased (0.142697 --> 0.136593).  Saving model ...
Epoch: 14 	Training Loss: 0.688049 	Validation Loss: 0.147180
Epoch: 15 	Training Loss: 0.669211 	Validation Loss: 0.130856
Validation loss decreased (0.136593 --> 0.130856).  Saving model ...
Epoch: 16 	Training Loss: 0.648733 	Validation Loss: 0.133472
Epoch: 17 	Training Loss: 0.635495 	Validation Loss: 0.122224
Validation loss decreased (0.130856 --> 0.122224).  Saving model ...
Epoch: 18 	Training Loss: 0.624242 	Validation Loss: 0.125952
Epoch: 19 	Training Loss: 0.607328 	Validation Loss: 0.123037
Test Loss: 0.630900

Test Accuracy of airplane: 84% (197/234)
Test Accuracy of automobile: 91% (226/246)
Test Accuracy of  bird: 67% (189/281)
Test Accuracy of   cat: 49% (125/253)
Test Accuracy of  deer: 83% (190/227)
Test Accuracy of   dog: 56% (141/250)
Test Accuracy of  frog: 89% (221/248)
Test Accuracy of horse: 85% (214/250)
Test Accuracy of  ship: 90% (233/258)
Test Accuracy of truck: 80% (214/265)

Test Accuracy (Overall): 77% (1950/2512)
Epoch: 0 	Training Loss: 1.459078 	Validation Loss: 0.299489
Validation loss decreased (inf --> 0.299489).  Saving model ...
Epoch: 1 	Training Loss: 1.206054 	Validation Loss: 0.273293
Validation loss decreased (0.299489 --> 0.273293).  Saving model ...
Epoch: 2 	Training Loss: 1.077614 	Validation Loss: 0.226016
Validation loss decreased (0.273293 --> 0.226016).  Saving model ...
Epoch: 3 	Training Loss: 0.959330 	Validation Loss: 0.207414
Validation loss decreased (0.226016 --> 0.207414).  Saving model ...
Epoch: 4 	Training Loss: 0.864999 	Validation Loss: 0.186504
Validation loss decreased (0.207414 --> 0.186504).  Saving model ...
Epoch: 5 	Training Loss: 0.797362 	Validation Loss: 0.177116
Validation loss decreased (0.186504 --> 0.177116).  Saving model ...
Epoch: 6 	Training Loss: 0.741693 	Validation Loss: 0.158066
Validation loss decreased (0.177116 --> 0.158066).  Saving model ...
Epoch: 7 	Training Loss: 0.700237 	Validation Loss: 0.159479
Epoch: 8 	Training Loss: 0.663352 	Validation Loss: 0.151204
Validation loss decreased (0.158066 --> 0.151204).  Saving model ...
Epoch: 9 	Training Loss: 0.632718 	Validation Loss: 0.139736
Validation loss decreased (0.151204 --> 0.139736).  Saving model ...
Epoch: 10 	Training Loss: 0.599084 	Validation Loss: 0.137148
Validation loss decreased (0.139736 --> 0.137148).  Saving model ...
Epoch: 11 	Training Loss: 0.577620 	Validation Loss: 0.128604
Validation loss decreased (0.137148 --> 0.128604).  Saving model ...
Epoch: 12 	Training Loss: 0.549287 	Validation Loss: 0.128044
Validation loss decreased (0.128604 --> 0.128044).  Saving model ...
Epoch: 13 	Training Loss: 0.528440 	Validation Loss: 0.122802
Validation loss decreased (0.128044 --> 0.122802).  Saving model ...
Epoch: 14 	Training Loss: 0.509645 	Validation Loss: 0.122582
Validation loss decreased (0.122802 --> 0.122582).  Saving model ...
Epoch: 15 	Training Loss: 0.500725 	Validation Loss: 0.111283
Validation loss decreased (0.122582 --> 0.111283).  Saving model ...
Epoch: 16 	Training Loss: 0.481562 	Validation Loss: 0.111999
Epoch: 17 	Training Loss: 0.466415 	Validation Loss: 0.105112
Validation loss decreased (0.111283 --> 0.105112).  Saving model ...
Epoch: 18 	Training Loss: 0.450984 	Validation Loss: 0.105116
Epoch: 19 	Training Loss: 0.442704 	Validation Loss: 0.118787
Test Loss: 0.591771

Test Accuracy of airplane: 82% (194/234)
Test Accuracy of automobile: 81% (200/246)
Test Accuracy of  bird: 77% (217/281)
Test Accuracy of   cat: 49% (125/253)
Test Accuracy of  deer: 81% (184/227)
Test Accuracy of   dog: 65% (163/250)
Test Accuracy of  frog: 93% (233/248)
Test Accuracy of horse: 90% (227/250)
Test Accuracy of  ship: 92% (239/258)
Test Accuracy of truck: 94% (250/265)

Test Accuracy (Overall): 80% (2032/2512)
Epoch: 0 	Training Loss: 1.485227 	Validation Loss: 0.308835
Validation loss decreased (inf --> 0.308835).  Saving model ...
Epoch: 1 	Training Loss: 1.246738 	Validation Loss: 0.266506
Validation loss decreased (0.308835 --> 0.266506).  Saving model ...
Epoch: 2 	Training Loss: 1.122339 	Validation Loss: 0.230519
Validation loss decreased (0.266506 --> 0.230519).  Saving model ...
Epoch: 3 	Training Loss: 1.021564 	Validation Loss: 0.225628
Validation loss decreased (0.230519 --> 0.225628).  Saving model ...
Epoch: 4 	Training Loss: 0.946958 	Validation Loss: 0.191338
Validation loss decreased (0.225628 --> 0.191338).  Saving model ...
Epoch: 5 	Training Loss: 0.891745 	Validation Loss: 0.178698
Validation loss decreased (0.191338 --> 0.178698).  Saving model ...
Epoch: 6 	Training Loss: 0.853073 	Validation Loss: 0.173757
Validation loss decreased (0.178698 --> 0.173757).  Saving model ...
Epoch: 7 	Training Loss: 0.814577 	Validation Loss: 0.173926
Epoch: 8 	Training Loss: 0.783070 	Validation Loss: 0.166880
Validation loss decreased (0.173757 --> 0.166880).  Saving model ...
Epoch: 9 	Training Loss: 0.754318 	Validation Loss: 0.168239
Epoch: 10 	Training Loss: 0.730274 	Validation Loss: 0.149486
Validation loss decreased (0.166880 --> 0.149486).  Saving model ...
Epoch: 11 	Training Loss: 0.705774 	Validation Loss: 0.144772
Validation loss decreased (0.149486 --> 0.144772).  Saving model ...
Epoch: 12 	Training Loss: 0.684939 	Validation Loss: 0.136987
Validation loss decreased (0.144772 --> 0.136987).  Saving model ...
Epoch: 13 	Training Loss: 0.664973 	Validation Loss: 0.136322
Validation loss decreased (0.136987 --> 0.136322).  Saving model ...
Epoch: 14 	Training Loss: 0.647565 	Validation Loss: 0.130353
Validation loss decreased (0.136322 --> 0.130353).  Saving model ...
Epoch: 15 	Training Loss: 0.627167 	Validation Loss: 0.127369
Validation loss decreased (0.130353 --> 0.127369).  Saving model ...
Epoch: 16 	Training Loss: 0.604126 	Validation Loss: 0.122222
Validation loss decreased (0.127369 --> 0.122222).  Saving model ...
Epoch: 17 	Training Loss: 0.594760 	Validation Loss: 0.123200
Epoch: 18 	Training Loss: 0.582672 	Validation Loss: 0.120177
Validation loss decreased (0.122222 --> 0.120177).  Saving model ...
Epoch: 19 	Training Loss: 0.566390 	Validation Loss: 0.112893
Validation loss decreased (0.120177 --> 0.112893).  Saving model ...
Test Loss: 0.573837

Test Accuracy of airplane: 88% (206/234)
Test Accuracy of automobile: 90% (223/246)
Test Accuracy of  bird: 67% (191/281)
Test Accuracy of   cat: 55% (141/253)
Test Accuracy of  deer: 79% (181/227)
Test Accuracy of   dog: 74% (187/250)
Test Accuracy of  frog: 77% (192/248)
Test Accuracy of horse: 86% (215/250)
Test Accuracy of  ship: 91% (236/258)
Test Accuracy of truck: 86% (228/265)

Test Accuracy (Overall): 79% (2000/2512)
Epoch: 0 	Training Loss: 1.466796 	Validation Loss: 0.311762
Validation loss decreased (inf --> 0.311762).  Saving model ...
Epoch: 1 	Training Loss: 1.225917 	Validation Loss: 0.256681
Validation loss decreased (0.311762 --> 0.256681).  Saving model ...
Epoch: 2 	Training Loss: 1.100275 	Validation Loss: 0.236451
Validation loss decreased (0.256681 --> 0.236451).  Saving model ...
Epoch: 3 	Training Loss: 1.001101 	Validation Loss: 0.209220
Validation loss decreased (0.236451 --> 0.209220).  Saving model ...
Epoch: 4 	Training Loss: 0.936791 	Validation Loss: 0.190849
Validation loss decreased (0.209220 --> 0.190849).  Saving model ...
Epoch: 5 	Training Loss: 0.878655 	Validation Loss: 0.182350
Validation loss decreased (0.190849 --> 0.182350).  Saving model ...
Epoch: 6 	Training Loss: 0.840928 	Validation Loss: 0.174863
Validation loss decreased (0.182350 --> 0.174863).  Saving model ...
Epoch: 7 	Training Loss: 0.797700 	Validation Loss: 0.169057
Validation loss decreased (0.174863 --> 0.169057).  Saving model ...
Epoch: 8 	Training Loss: 0.766113 	Validation Loss: 0.161145
Validation loss decreased (0.169057 --> 0.161145).  Saving model ...
Epoch: 9 	Training Loss: 0.739340 	Validation Loss: 0.151458
Validation loss decreased (0.161145 --> 0.151458).  Saving model ...
Epoch: 10 	Training Loss: 0.715526 	Validation Loss: 0.145583
Validation loss decreased (0.151458 --> 0.145583).  Saving model ...
Epoch: 11 	Training Loss: 0.691433 	Validation Loss: 0.152819
Epoch: 12 	Training Loss: 0.666519 	Validation Loss: 0.135901
Validation loss decreased (0.145583 --> 0.135901).  Saving model ...
Epoch: 13 	Training Loss: 0.644998 	Validation Loss: 0.135099
Validation loss decreased (0.135901 --> 0.135099).  Saving model ...
Epoch: 14 	Training Loss: 0.623345 	Validation Loss: 0.130503
Validation loss decreased (0.135099 --> 0.130503).  Saving model ...
Epoch: 15 	Training Loss: 0.608955 	Validation Loss: 0.127885
Validation loss decreased (0.130503 --> 0.127885).  Saving model ...
Epoch: 16 	Training Loss: 0.593641 	Validation Loss: 0.120952
Validation loss decreased (0.127885 --> 0.120952).  Saving model ...
Epoch: 17 	Training Loss: 0.580746 	Validation Loss: 0.119978
Validation loss decreased (0.120952 --> 0.119978).  Saving model ...
Epoch: 18 	Training Loss: 0.564615 	Validation Loss: 0.119586
Validation loss decreased (0.119978 --> 0.119586).  Saving model ...
Epoch: 19 	Training Loss: 0.551526 	Validation Loss: 0.113720
Validation loss decreased (0.119586 --> 0.113720).  Saving model ...
Test Loss: 0.582118

Test Accuracy of airplane: 83% (195/234)
Test Accuracy of automobile: 94% (233/246)
Test Accuracy of  bird: 65% (185/281)
Test Accuracy of   cat: 58% (148/253)
Test Accuracy of  deer: 81% (185/227)
Test Accuracy of   dog: 65% (163/250)
Test Accuracy of  frog: 89% (223/248)
Test Accuracy of horse: 84% (212/250)
Test Accuracy of  ship: 92% (238/258)
Test Accuracy of truck: 80% (212/265)

Test Accuracy (Overall): 79% (1994/2512)
Epoch: 0 	Training Loss: 1.508802 	Validation Loss: 0.319503
Validation loss decreased (inf --> 0.319503).  Saving model ...
Epoch: 1 	Training Loss: 1.271656 	Validation Loss: 0.273283
Validation loss decreased (0.319503 --> 0.273283).  Saving model ...
Epoch: 2 	Training Loss: 1.165466 	Validation Loss: 0.247901
Validation loss decreased (0.273283 --> 0.247901).  Saving model ...
Epoch: 3 	Training Loss: 1.084973 	Validation Loss: 0.236159
Validation loss decreased (0.247901 --> 0.236159).  Saving model ...
Epoch: 4 	Training Loss: 1.014387 	Validation Loss: 0.225032
Validation loss decreased (0.236159 --> 0.225032).  Saving model ...
Epoch: 5 	Training Loss: 0.952325 	Validation Loss: 0.206054
Validation loss decreased (0.225032 --> 0.206054).  Saving model ...
Epoch: 6 	Training Loss: 0.902674 	Validation Loss: 0.195208
Validation loss decreased (0.206054 --> 0.195208).  Saving model ...
Epoch: 7 	Training Loss: 0.857071 	Validation Loss: 0.181912
Validation loss decreased (0.195208 --> 0.181912).  Saving model ...
Epoch: 8 	Training Loss: 0.819346 	Validation Loss: 0.174583
Validation loss decreased (0.181912 --> 0.174583).  Saving model ...
Epoch: 9 	Training Loss: 0.788057 	Validation Loss: 0.165070
Validation loss decreased (0.174583 --> 0.165070).  Saving model ...
Epoch: 10 	Training Loss: 0.760513 	Validation Loss: 0.155650
Validation loss decreased (0.165070 --> 0.155650).  Saving model ...
Epoch: 11 	Training Loss: 0.732802 	Validation Loss: 0.147538
Validation loss decreased (0.155650 --> 0.147538).  Saving model ...
Epoch: 12 	Training Loss: 0.708032 	Validation Loss: 0.146666
Validation loss decreased (0.147538 --> 0.146666).  Saving model ...
Epoch: 13 	Training Loss: 0.690055 	Validation Loss: 0.142434
Validation loss decreased (0.146666 --> 0.142434).  Saving model ...
Epoch: 14 	Training Loss: 0.671019 	Validation Loss: 0.141486
Validation loss decreased (0.142434 --> 0.141486).  Saving model ...
Epoch: 15 	Training Loss: 0.650762 	Validation Loss: 0.134573
Validation loss decreased (0.141486 --> 0.134573).  Saving model ...
Epoch: 16 	Training Loss: 0.636928 	Validation Loss: 0.130250
Validation loss decreased (0.134573 --> 0.130250).  Saving model ...
Epoch: 17 	Training Loss: 0.621376 	Validation Loss: 0.130119
Validation loss decreased (0.130250 --> 0.130119).  Saving model ...
Epoch: 18 	Training Loss: 0.607754 	Validation Loss: 0.126489
Validation loss decreased (0.130119 --> 0.126489).  Saving model ...
Epoch: 19 	Training Loss: 0.595020 	Validation Loss: 0.139433
Test Loss: 0.708553

Test Accuracy of airplane: 77% (182/234)
Test Accuracy of automobile: 92% (227/246)
Test Accuracy of  bird: 68% (192/281)
Test Accuracy of   cat: 56% (144/253)
Test Accuracy of  deer: 70% (159/227)
Test Accuracy of   dog: 56% (142/250)
Test Accuracy of  frog: 90% (225/248)
Test Accuracy of horse: 68% (172/250)
Test Accuracy of  ship: 91% (235/258)
Test Accuracy of truck: 81% (217/265)

Test Accuracy (Overall): 75% (1895/2512)
Epoch: 0 	Training Loss: 1.438503 	Validation Loss: 0.298297
Validation loss decreased (inf --> 0.298297).  Saving model ...
Epoch: 1 	Training Loss: 1.195807 	Validation Loss: 0.261300
Validation loss decreased (0.298297 --> 0.261300).  Saving model ...
Epoch: 2 	Training Loss: 1.064602 	Validation Loss: 0.212740
Validation loss decreased (0.261300 --> 0.212740).  Saving model ...
Epoch: 3 	Training Loss: 0.965177 	Validation Loss: 0.202844
Validation loss decreased (0.212740 --> 0.202844).  Saving model ...
Epoch: 4 	Training Loss: 0.898196 	Validation Loss: 0.185646
Validation loss decreased (0.202844 --> 0.185646).  Saving model ...
Epoch: 5 	Training Loss: 0.842783 	Validation Loss: 0.181719
Validation loss decreased (0.185646 --> 0.181719).  Saving model ...
Epoch: 6 	Training Loss: 0.798777 	Validation Loss: 0.165980
Validation loss decreased (0.181719 --> 0.165980).  Saving model ...
Epoch: 7 	Training Loss: 0.768266 	Validation Loss: 0.163429
Validation loss decreased (0.165980 --> 0.163429).  Saving model ...
Epoch: 8 	Training Loss: 0.730342 	Validation Loss: 0.147867
Validation loss decreased (0.163429 --> 0.147867).  Saving model ...
Epoch: 9 	Training Loss: 0.703676 	Validation Loss: 0.146191
Validation loss decreased (0.147867 --> 0.146191).  Saving model ...
Epoch: 10 	Training Loss: 0.668030 	Validation Loss: 0.141264
Validation loss decreased (0.146191 --> 0.141264).  Saving model ...
Epoch: 11 	Training Loss: 0.647965 	Validation Loss: 0.133447
Validation loss decreased (0.141264 --> 0.133447).  Saving model ...
Epoch: 12 	Training Loss: 0.631994 	Validation Loss: 0.145528
Epoch: 13 	Training Loss: 0.606850 	Validation Loss: 0.132366
Validation loss decreased (0.133447 --> 0.132366).  Saving model ...
Epoch: 14 	Training Loss: 0.591603 	Validation Loss: 0.121736
Validation loss decreased (0.132366 --> 0.121736).  Saving model ...
Epoch: 15 	Training Loss: 0.577447 	Validation Loss: 0.128567
Epoch: 16 	Training Loss: 0.560557 	Validation Loss: 0.124390
Epoch: 17 	Training Loss: 0.543937 	Validation Loss: 0.118710
Validation loss decreased (0.121736 --> 0.118710).  Saving model ...
Epoch: 18 	Training Loss: 0.532799 	Validation Loss: 0.113522
Validation loss decreased (0.118710 --> 0.113522).  Saving model ...
Epoch: 19 	Training Loss: 0.518580 	Validation Loss: 0.107970
Validation loss decreased (0.113522 --> 0.107970).  Saving model ...
Test Loss: 0.541943

Test Accuracy of airplane: 83% (195/234)
Test Accuracy of automobile: 90% (223/246)
Test Accuracy of  bird: 66% (188/281)
Test Accuracy of   cat: 50% (129/253)
Test Accuracy of  deer: 85% (194/227)
Test Accuracy of   dog: 77% (194/250)
Test Accuracy of  frog: 89% (221/248)
Test Accuracy of horse: 84% (210/250)
Test Accuracy of  ship: 91% (236/258)
Test Accuracy of truck: 87% (233/265)

Test Accuracy (Overall): 80% (2023/2512)
Epoch: 0 	Training Loss: 1.458242 	Validation Loss: 0.310691
Validation loss decreased (inf --> 0.310691).  Saving model ...
Epoch: 1 	Training Loss: 1.229227 	Validation Loss: 0.270700
Validation loss decreased (0.310691 --> 0.270700).  Saving model ...
Epoch: 2 	Training Loss: 1.101519 	Validation Loss: 0.237563
Validation loss decreased (0.270700 --> 0.237563).  Saving model ...
Epoch: 3 	Training Loss: 1.001837 	Validation Loss: 0.215865
Validation loss decreased (0.237563 --> 0.215865).  Saving model ...
Epoch: 4 	Training Loss: 0.920987 	Validation Loss: 0.195932
Validation loss decreased (0.215865 --> 0.195932).  Saving model ...
Epoch: 5 	Training Loss: 0.860278 	Validation Loss: 0.183938
Validation loss decreased (0.195932 --> 0.183938).  Saving model ...
Epoch: 6 	Training Loss: 0.816875 	Validation Loss: 0.178783
Validation loss decreased (0.183938 --> 0.178783).  Saving model ...
Epoch: 7 	Training Loss: 0.772791 	Validation Loss: 0.173739
Validation loss decreased (0.178783 --> 0.173739).  Saving model ...
Epoch: 8 	Training Loss: 0.743165 	Validation Loss: 0.162960
Validation loss decreased (0.173739 --> 0.162960).  Saving model ...
Epoch: 9 	Training Loss: 0.710461 	Validation Loss: 0.154961
Validation loss decreased (0.162960 --> 0.154961).  Saving model ...
Epoch: 10 	Training Loss: 0.685792 	Validation Loss: 0.147207
Validation loss decreased (0.154961 --> 0.147207).  Saving model ...
Epoch: 11 	Training Loss: 0.664166 	Validation Loss: 0.148162
Epoch: 12 	Training Loss: 0.640838 	Validation Loss: 0.136140
Validation loss decreased (0.147207 --> 0.136140).  Saving model ...
Epoch: 13 	Training Loss: 0.623944 	Validation Loss: 0.132776
Validation loss decreased (0.136140 --> 0.132776).  Saving model ...
Epoch: 14 	Training Loss: 0.604522 	Validation Loss: 0.137095
Epoch: 15 	Training Loss: 0.587625 	Validation Loss: 0.127956
Validation loss decreased (0.132776 --> 0.127956).  Saving model ...
Epoch: 16 	Training Loss: 0.571799 	Validation Loss: 0.134467
Epoch: 17 	Training Loss: 0.555525 	Validation Loss: 0.122932
Validation loss decreased (0.127956 --> 0.122932).  Saving model ...
Epoch: 18 	Training Loss: 0.537350 	Validation Loss: 0.117370
Validation loss decreased (0.122932 --> 0.117370).  Saving model ...
Epoch: 19 	Training Loss: 0.527160 	Validation Loss: 0.112551
Validation loss decreased (0.117370 --> 0.112551).  Saving model ...
Test Loss: 0.582227

Test Accuracy of airplane: 84% (198/234)
Test Accuracy of automobile: 96% (238/246)
Test Accuracy of  bird: 70% (198/281)
Test Accuracy of   cat: 60% (152/253)
Test Accuracy of  deer: 79% (181/227)
Test Accuracy of   dog: 62% (156/250)
Test Accuracy of  frog: 83% (208/248)
Test Accuracy of horse: 86% (216/250)
Test Accuracy of  ship: 87% (227/258)
Test Accuracy of truck: 78% (209/265)

Test Accuracy (Overall): 78% (1983/2512)
Epoch: 0 	Training Loss: 1.515953 	Validation Loss: 0.338602
Validation loss decreased (inf --> 0.338602).  Saving model ...
Epoch: 1 	Training Loss: 1.281114 	Validation Loss: 0.287120
Validation loss decreased (0.338602 --> 0.287120).  Saving model ...
Epoch: 2 	Training Loss: 1.165297 	Validation Loss: 0.251963
Validation loss decreased (0.287120 --> 0.251963).  Saving model ...
Epoch: 3 	Training Loss: 1.063185 	Validation Loss: 0.223517
Validation loss decreased (0.251963 --> 0.223517).  Saving model ...
Epoch: 4 	Training Loss: 0.971222 	Validation Loss: 0.205836
Validation loss decreased (0.223517 --> 0.205836).  Saving model ...
Epoch: 5 	Training Loss: 0.901248 	Validation Loss: 0.184658
Validation loss decreased (0.205836 --> 0.184658).  Saving model ...
Epoch: 6 	Training Loss: 0.846781 	Validation Loss: 0.173951
Validation loss decreased (0.184658 --> 0.173951).  Saving model ...
Epoch: 7 	Training Loss: 0.804903 	Validation Loss: 0.174313
Epoch: 8 	Training Loss: 0.769548 	Validation Loss: 0.156538
Validation loss decreased (0.173951 --> 0.156538).  Saving model ...
Epoch: 9 	Training Loss: 0.729991 	Validation Loss: 0.150120
Validation loss decreased (0.156538 --> 0.150120).  Saving model ...
Epoch: 10 	Training Loss: 0.708465 	Validation Loss: 0.145394
Validation loss decreased (0.150120 --> 0.145394).  Saving model ...
Epoch: 11 	Training Loss: 0.675650 	Validation Loss: 0.140239
Validation loss decreased (0.145394 --> 0.140239).  Saving model ...
Epoch: 12 	Training Loss: 0.656057 	Validation Loss: 0.134478
Validation loss decreased (0.140239 --> 0.134478).  Saving model ...
Epoch: 13 	Training Loss: 0.632115 	Validation Loss: 0.132127
Validation loss decreased (0.134478 --> 0.132127).  Saving model ...
Epoch: 14 	Training Loss: 0.615486 	Validation Loss: 0.125071
Validation loss decreased (0.132127 --> 0.125071).  Saving model ...
Epoch: 15 	Training Loss: 0.598226 	Validation Loss: 0.127681
Epoch: 16 	Training Loss: 0.581633 	Validation Loss: 0.123800
Validation loss decreased (0.125071 --> 0.123800).  Saving model ...
Epoch: 17 	Training Loss: 0.566182 	Validation Loss: 0.123257
Validation loss decreased (0.123800 --> 0.123257).  Saving model ...
Epoch: 18 	Training Loss: 0.553242 	Validation Loss: 0.113884
Validation loss decreased (0.123257 --> 0.113884).  Saving model ...
Epoch: 19 	Training Loss: 0.542945 	Validation Loss: 0.111390
Validation loss decreased (0.113884 --> 0.111390).  Saving model ...
Test Loss: 0.568343

Test Accuracy of airplane: 82% (192/234)
Test Accuracy of automobile: 90% (223/246)
Test Accuracy of  bird: 78% (220/281)
Test Accuracy of   cat: 62% (158/253)
Test Accuracy of  deer: 79% (180/227)
Test Accuracy of   dog: 66% (167/250)
Test Accuracy of  frog: 85% (211/248)
Test Accuracy of horse: 78% (196/250)
Test Accuracy of  ship: 93% (241/258)
Test Accuracy of truck: 83% (220/265)

Test Accuracy (Overall): 79% (2008/2512)
Epoch: 0 	Training Loss: 1.523808 	Validation Loss: 0.336408
Validation loss decreased (inf --> 0.336408).  Saving model ...
Epoch: 1 	Training Loss: 1.297376 	Validation Loss: 0.287442
Validation loss decreased (0.336408 --> 0.287442).  Saving model ...
Epoch: 2 	Training Loss: 1.180678 	Validation Loss: 0.255439
Validation loss decreased (0.287442 --> 0.255439).  Saving model ...
Epoch: 3 	Training Loss: 1.080179 	Validation Loss: 0.241785
Validation loss decreased (0.255439 --> 0.241785).  Saving model ...
Epoch: 4 	Training Loss: 1.000764 	Validation Loss: 0.219780
Validation loss decreased (0.241785 --> 0.219780).  Saving model ...
Epoch: 5 	Training Loss: 0.938098 	Validation Loss: 0.203415
Validation loss decreased (0.219780 --> 0.203415).  Saving model ...
Epoch: 6 	Training Loss: 0.891560 	Validation Loss: 0.188374
Validation loss decreased (0.203415 --> 0.188374).  Saving model ...
Epoch: 7 	Training Loss: 0.850432 	Validation Loss: 0.175332
Validation loss decreased (0.188374 --> 0.175332).  Saving model ...
Epoch: 8 	Training Loss: 0.812934 	Validation Loss: 0.167829
Validation loss decreased (0.175332 --> 0.167829).  Saving model ...
Epoch: 9 	Training Loss: 0.780223 	Validation Loss: 0.154952
Validation loss decreased (0.167829 --> 0.154952).  Saving model ...
Epoch: 10 	Training Loss: 0.749609 	Validation Loss: 0.167070
Epoch: 11 	Training Loss: 0.726033 	Validation Loss: 0.146342
Validation loss decreased (0.154952 --> 0.146342).  Saving model ...
Epoch: 12 	Training Loss: 0.700617 	Validation Loss: 0.156334
Epoch: 13 	Training Loss: 0.681027 	Validation Loss: 0.135994
Validation loss decreased (0.146342 --> 0.135994).  Saving model ...
Epoch: 14 	Training Loss: 0.662360 	Validation Loss: 0.131453
Validation loss decreased (0.135994 --> 0.131453).  Saving model ...
Epoch: 15 	Training Loss: 0.643745 	Validation Loss: 0.132780
Epoch: 16 	Training Loss: 0.625163 	Validation Loss: 0.125421
Validation loss decreased (0.131453 --> 0.125421).  Saving model ...
Epoch: 17 	Training Loss: 0.614652 	Validation Loss: 0.128110
Epoch: 18 	Training Loss: 0.596228 	Validation Loss: 0.119927
Validation loss decreased (0.125421 --> 0.119927).  Saving model ...
Epoch: 19 	Training Loss: 0.585048 	Validation Loss: 0.128285
Test Loss: 0.653075

Test Accuracy of airplane: 91% (213/234)
Test Accuracy of automobile: 95% (236/246)
Test Accuracy of  bird: 61% (174/281)
Test Accuracy of   cat: 49% (125/253)
Test Accuracy of  deer: 66% (152/227)
Test Accuracy of   dog: 71% (179/250)
Test Accuracy of  frog: 70% (176/248)
Test Accuracy of horse: 89% (223/250)
Test Accuracy of  ship: 87% (227/258)
Test Accuracy of truck: 87% (233/265)

Test Accuracy (Overall): 77% (1938/2512)
Epoch: 0 	Training Loss: 1.530940 	Validation Loss: 0.309978
Validation loss decreased (inf --> 0.309978).  Saving model ...
Epoch: 1 	Training Loss: 1.313809 	Validation Loss: 0.287730
Validation loss decreased (0.309978 --> 0.287730).  Saving model ...
Epoch: 2 	Training Loss: 1.231003 	Validation Loss: 0.268852
Validation loss decreased (0.287730 --> 0.268852).  Saving model ...
Epoch: 3 	Training Loss: 1.158864 	Validation Loss: 0.245718
Validation loss decreased (0.268852 --> 0.245718).  Saving model ...
Epoch: 4 	Training Loss: 1.102413 	Validation Loss: 0.231790
Validation loss decreased (0.245718 --> 0.231790).  Saving model ...
Epoch: 5 	Training Loss: 1.057863 	Validation Loss: 0.236284
Epoch: 6 	Training Loss: 1.003808 	Validation Loss: 0.206732
Validation loss decreased (0.231790 --> 0.206732).  Saving model ...
Epoch: 7 	Training Loss: 0.962978 	Validation Loss: 0.201300
Validation loss decreased (0.206732 --> 0.201300).  Saving model ...
Epoch: 8 	Training Loss: 0.923122 	Validation Loss: 0.189127
Validation loss decreased (0.201300 --> 0.189127).  Saving model ...
Epoch: 9 	Training Loss: 0.901183 	Validation Loss: 0.184282
Validation loss decreased (0.189127 --> 0.184282).  Saving model ...
Epoch: 10 	Training Loss: 0.875431 	Validation Loss: 0.179264
Validation loss decreased (0.184282 --> 0.179264).  Saving model ...
Epoch: 11 	Training Loss: 0.855380 	Validation Loss: 0.178184
Validation loss decreased (0.179264 --> 0.178184).  Saving model ...
Epoch: 12 	Training Loss: 0.833839 	Validation Loss: 0.167044
Validation loss decreased (0.178184 --> 0.167044).  Saving model ...
Epoch: 13 	Training Loss: 0.815429 	Validation Loss: 0.162284
Validation loss decreased (0.167044 --> 0.162284).  Saving model ...
Epoch: 14 	Training Loss: 0.794323 	Validation Loss: 0.165432
Epoch: 15 	Training Loss: 0.778019 	Validation Loss: 0.156742
Validation loss decreased (0.162284 --> 0.156742).  Saving model ...
Epoch: 16 	Training Loss: 0.770117 	Validation Loss: 0.154837
Validation loss decreased (0.156742 --> 0.154837).  Saving model ...
Epoch: 17 	Training Loss: 0.753698 	Validation Loss: 0.151183
Validation loss decreased (0.154837 --> 0.151183).  Saving model ...
Epoch: 18 	Training Loss: 0.737553 	Validation Loss: 0.150530
Validation loss decreased (0.151183 --> 0.150530).  Saving model ...
Epoch: 19 	Training Loss: 0.724417 	Validation Loss: 0.144123
Validation loss decreased (0.150530 --> 0.144123).  Saving model ...
Test Loss: 0.728090

Test Accuracy of airplane: 85% (199/234)
Test Accuracy of automobile: 90% (223/246)
Test Accuracy of  bird: 60% (170/281)
Test Accuracy of   cat: 51% (131/253)
Test Accuracy of  deer: 57% (131/227)
Test Accuracy of   dog: 57% (143/250)
Test Accuracy of  frog: 80% (199/248)
Test Accuracy of horse: 85% (213/250)
Test Accuracy of  ship: 87% (227/258)
Test Accuracy of truck: 84% (223/265)

Test Accuracy (Overall): 74% (1859/2512)
Epoch: 0 	Training Loss: 1.459859 	Validation Loss: 0.307763
Validation loss decreased (inf --> 0.307763).  Saving model ...
Epoch: 1 	Training Loss: 1.212795 	Validation Loss: 0.265883
Validation loss decreased (0.307763 --> 0.265883).  Saving model ...
Epoch: 2 	Training Loss: 1.065810 	Validation Loss: 0.216479
Validation loss decreased (0.265883 --> 0.216479).  Saving model ...
Epoch: 3 	Training Loss: 0.963335 	Validation Loss: 0.207342
Validation loss decreased (0.216479 --> 0.207342).  Saving model ...
Epoch: 4 	Training Loss: 0.890437 	Validation Loss: 0.184934
Validation loss decreased (0.207342 --> 0.184934).  Saving model ...
Epoch: 5 	Training Loss: 0.834336 	Validation Loss: 0.178368
Validation loss decreased (0.184934 --> 0.178368).  Saving model ...
Epoch: 6 	Training Loss: 0.782421 	Validation Loss: 0.167533
Validation loss decreased (0.178368 --> 0.167533).  Saving model ...
Epoch: 7 	Training Loss: 0.741231 	Validation Loss: 0.165730
Validation loss decreased (0.167533 --> 0.165730).  Saving model ...
Epoch: 8 	Training Loss: 0.712852 	Validation Loss: 0.152903
Validation loss decreased (0.165730 --> 0.152903).  Saving model ...
Epoch: 9 	Training Loss: 0.677632 	Validation Loss: 0.142443
Validation loss decreased (0.152903 --> 0.142443).  Saving model ...
Epoch: 10 	Training Loss: 0.654101 	Validation Loss: 0.134966
Validation loss decreased (0.142443 --> 0.134966).  Saving model ...
Epoch: 11 	Training Loss: 0.620498 	Validation Loss: 0.130145
Validation loss decreased (0.134966 --> 0.130145).  Saving model ...
Epoch: 12 	Training Loss: 0.607226 	Validation Loss: 0.127888
Validation loss decreased (0.130145 --> 0.127888).  Saving model ...
Epoch: 13 	Training Loss: 0.587764 	Validation Loss: 0.122128
Validation loss decreased (0.127888 --> 0.122128).  Saving model ...
Epoch: 14 	Training Loss: 0.562661 	Validation Loss: 0.115336
Validation loss decreased (0.122128 --> 0.115336).  Saving model ...
Epoch: 15 	Training Loss: 0.547040 	Validation Loss: 0.114147
Validation loss decreased (0.115336 --> 0.114147).  Saving model ...
Epoch: 16 	Training Loss: 0.533211 	Validation Loss: 0.128220
Epoch: 17 	Training Loss: 0.521155 	Validation Loss: 0.113877
Validation loss decreased (0.114147 --> 0.113877).  Saving model ...
Epoch: 18 	Training Loss: 0.504402 	Validation Loss: 0.111322
Validation loss decreased (0.113877 --> 0.111322).  Saving model ...
Epoch: 19 	Training Loss: 0.496225 	Validation Loss: 0.108846
Validation loss decreased (0.111322 --> 0.108846).  Saving model ...
Test Loss: 0.553733

Test Accuracy of airplane: 82% (194/234)
Test Accuracy of automobile: 89% (221/246)
Test Accuracy of  bird: 70% (197/281)
Test Accuracy of   cat: 58% (147/253)
Test Accuracy of  deer: 85% (195/227)
Test Accuracy of   dog: 74% (185/250)
Test Accuracy of  frog: 79% (196/248)
Test Accuracy of horse: 86% (215/250)
Test Accuracy of  ship: 85% (221/258)
Test Accuracy of truck: 92% (246/265)

Test Accuracy (Overall): 80% (2017/2512)
Epoch: 0 	Training Loss: 1.450852 	Validation Loss: 0.346669
Validation loss decreased (inf --> 0.346669).  Saving model ...
Epoch: 1 	Training Loss: 1.209338 	Validation Loss: 0.251822
Validation loss decreased (0.346669 --> 0.251822).  Saving model ...
Epoch: 2 	Training Loss: 1.070110 	Validation Loss: 0.229181
Validation loss decreased (0.251822 --> 0.229181).  Saving model ...
Epoch: 3 	Training Loss: 0.970862 	Validation Loss: 0.208312
Validation loss decreased (0.229181 --> 0.208312).  Saving model ...
Epoch: 4 	Training Loss: 0.894010 	Validation Loss: 0.186849
Validation loss decreased (0.208312 --> 0.186849).  Saving model ...
Epoch: 5 	Training Loss: 0.840795 	Validation Loss: 0.174401
Validation loss decreased (0.186849 --> 0.174401).  Saving model ...
Epoch: 6 	Training Loss: 0.794359 	Validation Loss: 0.172299
Validation loss decreased (0.174401 --> 0.172299).  Saving model ...
Epoch: 7 	Training Loss: 0.752309 	Validation Loss: 0.154167
Validation loss decreased (0.172299 --> 0.154167).  Saving model ...
Epoch: 8 	Training Loss: 0.720862 	Validation Loss: 0.145678
Validation loss decreased (0.154167 --> 0.145678).  Saving model ...
Epoch: 9 	Training Loss: 0.682397 	Validation Loss: 0.168753
Epoch: 10 	Training Loss: 0.659742 	Validation Loss: 0.146043
Epoch: 11 	Training Loss: 0.637161 	Validation Loss: 0.131244
Validation loss decreased (0.145678 --> 0.131244).  Saving model ...
Epoch: 12 	Training Loss: 0.620887 	Validation Loss: 0.130477
Validation loss decreased (0.131244 --> 0.130477).  Saving model ...
Epoch: 13 	Training Loss: 0.598507 	Validation Loss: 0.118764
Validation loss decreased (0.130477 --> 0.118764).  Saving model ...
Epoch: 14 	Training Loss: 0.578083 	Validation Loss: 0.121922
Epoch: 15 	Training Loss: 0.572020 	Validation Loss: 0.124140
Epoch: 16 	Training Loss: 0.557268 	Validation Loss: 0.117340
Validation loss decreased (0.118764 --> 0.117340).  Saving model ...
Epoch: 17 	Training Loss: 0.539734 	Validation Loss: 0.115411
Validation loss decreased (0.117340 --> 0.115411).  Saving model ...
Epoch: 18 	Training Loss: 0.525126 	Validation Loss: 0.113121
Validation loss decreased (0.115411 --> 0.113121).  Saving model ...
Epoch: 19 	Training Loss: 0.519297 	Validation Loss: 0.116059
Test Loss: 0.587289

Test Accuracy of airplane: 85% (199/234)
Test Accuracy of automobile: 95% (235/246)
Test Accuracy of  bird: 64% (182/281)
Test Accuracy of   cat: 64% (162/253)
Test Accuracy of  deer: 83% (189/227)
Test Accuracy of   dog: 68% (170/250)
Test Accuracy of  frog: 77% (191/248)
Test Accuracy of horse: 82% (207/250)
Test Accuracy of  ship: 93% (242/258)
Test Accuracy of truck: 86% (229/265)

Test Accuracy (Overall): 79% (2006/2512)
Epoch: 0 	Training Loss: 1.458884 	Validation Loss: 0.307523
Validation loss decreased (inf --> 0.307523).  Saving model ...
Epoch: 1 	Training Loss: 1.237092 	Validation Loss: 0.283858
Validation loss decreased (0.307523 --> 0.283858).  Saving model ...
Epoch: 2 	Training Loss: 1.116280 	Validation Loss: 0.252070
Validation loss decreased (0.283858 --> 0.252070).  Saving model ...
Epoch: 3 	Training Loss: 1.021815 	Validation Loss: 0.219782
Validation loss decreased (0.252070 --> 0.219782).  Saving model ...
Epoch: 4 	Training Loss: 0.954279 	Validation Loss: 0.209860
Validation loss decreased (0.219782 --> 0.209860).  Saving model ...
Epoch: 5 	Training Loss: 0.900835 	Validation Loss: 0.204262
Validation loss decreased (0.209860 --> 0.204262).  Saving model ...
Epoch: 6 	Training Loss: 0.855941 	Validation Loss: 0.182487
Validation loss decreased (0.204262 --> 0.182487).  Saving model ...
Epoch: 7 	Training Loss: 0.816329 	Validation Loss: 0.170327
Validation loss decreased (0.182487 --> 0.170327).  Saving model ...
Epoch: 8 	Training Loss: 0.779406 	Validation Loss: 0.170434
Epoch: 9 	Training Loss: 0.748738 	Validation Loss: 0.165023
Validation loss decreased (0.170327 --> 0.165023).  Saving model ...
Epoch: 10 	Training Loss: 0.717750 	Validation Loss: 0.150141
Validation loss decreased (0.165023 --> 0.150141).  Saving model ...
Epoch: 11 	Training Loss: 0.694967 	Validation Loss: 0.140274
Validation loss decreased (0.150141 --> 0.140274).  Saving model ...
Epoch: 12 	Training Loss: 0.673385 	Validation Loss: 0.151438
Epoch: 13 	Training Loss: 0.656986 	Validation Loss: 0.140421
Epoch: 14 	Training Loss: 0.635460 	Validation Loss: 0.136441
Validation loss decreased (0.140274 --> 0.136441).  Saving model ...
Epoch: 15 	Training Loss: 0.617776 	Validation Loss: 0.131029
Validation loss decreased (0.136441 --> 0.131029).  Saving model ...
Epoch: 16 	Training Loss: 0.602785 	Validation Loss: 0.124772
Validation loss decreased (0.131029 --> 0.124772).  Saving model ...
Epoch: 17 	Training Loss: 0.591554 	Validation Loss: 0.128439
Epoch: 18 	Training Loss: 0.578737 	Validation Loss: 0.117746
Validation loss decreased (0.124772 --> 0.117746).  Saving model ...
Epoch: 19 	Training Loss: 0.569409 	Validation Loss: 0.127593
Test Loss: 0.664783

Test Accuracy of airplane: 72% (170/234)
Test Accuracy of automobile: 82% (202/246)
Test Accuracy of  bird: 71% (202/281)
Test Accuracy of   cat: 64% (162/253)
Test Accuracy of  deer: 74% (170/227)
Test Accuracy of   dog: 67% (169/250)
Test Accuracy of  frog: 75% (188/248)
Test Accuracy of horse: 77% (194/250)
Test Accuracy of  ship: 96% (248/258)
Test Accuracy of truck: 90% (240/265)

Test Accuracy (Overall): 77% (1945/2512)
Epoch: 0 	Training Loss: 1.535092 	Validation Loss: 0.333435
Validation loss decreased (inf --> 0.333435).  Saving model ...
Epoch: 1 	Training Loss: 1.317043 	Validation Loss: 0.285869
Validation loss decreased (0.333435 --> 0.285869).  Saving model ...
Epoch: 2 	Training Loss: 1.210397 	Validation Loss: 0.257949
Validation loss decreased (0.285869 --> 0.257949).  Saving model ...
Epoch: 3 	Training Loss: 1.115626 	Validation Loss: 0.239792
Validation loss decreased (0.257949 --> 0.239792).  Saving model ...
Epoch: 4 	Training Loss: 1.037927 	Validation Loss: 0.229431
Validation loss decreased (0.239792 --> 0.229431).  Saving model ...
Epoch: 5 	Training Loss: 0.977119 	Validation Loss: 0.208480
Validation loss decreased (0.229431 --> 0.208480).  Saving model ...
Epoch: 6 	Training Loss: 0.923888 	Validation Loss: 0.189786
Validation loss decreased (0.208480 --> 0.189786).  Saving model ...
Epoch: 7 	Training Loss: 0.882457 	Validation Loss: 0.180081
Validation loss decreased (0.189786 --> 0.180081).  Saving model ...
Epoch: 8 	Training Loss: 0.848445 	Validation Loss: 0.176056
Validation loss decreased (0.180081 --> 0.176056).  Saving model ...
Epoch: 9 	Training Loss: 0.810371 	Validation Loss: 0.162225
Validation loss decreased (0.176056 --> 0.162225).  Saving model ...
Epoch: 10 	Training Loss: 0.786092 	Validation Loss: 0.159711
Validation loss decreased (0.162225 --> 0.159711).  Saving model ...
Epoch: 11 	Training Loss: 0.753883 	Validation Loss: 0.153922
Validation loss decreased (0.159711 --> 0.153922).  Saving model ...
Epoch: 12 	Training Loss: 0.731289 	Validation Loss: 0.146408
Validation loss decreased (0.153922 --> 0.146408).  Saving model ...
Epoch: 13 	Training Loss: 0.711921 	Validation Loss: 0.143306
Validation loss decreased (0.146408 --> 0.143306).  Saving model ...
Epoch: 14 	Training Loss: 0.684064 	Validation Loss: 0.138217
Validation loss decreased (0.143306 --> 0.138217).  Saving model ...
Epoch: 15 	Training Loss: 0.669599 	Validation Loss: 0.137714
Validation loss decreased (0.138217 --> 0.137714).  Saving model ...
Epoch: 16 	Training Loss: 0.642104 	Validation Loss: 0.130428
Validation loss decreased (0.137714 --> 0.130428).  Saving model ...
Epoch: 17 	Training Loss: 0.630549 	Validation Loss: 0.139767
Epoch: 18 	Training Loss: 0.624191 	Validation Loss: 0.128056
Validation loss decreased (0.130428 --> 0.128056).  Saving model ...
Epoch: 19 	Training Loss: 0.608744 	Validation Loss: 0.118080
Validation loss decreased (0.128056 --> 0.118080).  Saving model ...
Test Loss: 0.605442

Test Accuracy of airplane: 88% (206/234)
Test Accuracy of automobile: 93% (229/246)
Test Accuracy of  bird: 69% (194/281)
Test Accuracy of   cat: 62% (157/253)
Test Accuracy of  deer: 79% (180/227)
Test Accuracy of   dog: 53% (133/250)
Test Accuracy of  frog: 83% (207/248)
Test Accuracy of horse: 84% (210/250)
Test Accuracy of  ship: 91% (236/258)
Test Accuracy of truck: 82% (219/265)

Test Accuracy (Overall): 78% (1971/2512)
Epoch: 0 	Training Loss: 1.386480 	Validation Loss: 0.286410
Validation loss decreased (inf --> 0.286410).  Saving model ...
Epoch: 1 	Training Loss: 1.121405 	Validation Loss: 0.250096
Validation loss decreased (0.286410 --> 0.250096).  Saving model ...
Epoch: 2 	Training Loss: 0.976451 	Validation Loss: 0.213738
Validation loss decreased (0.250096 --> 0.213738).  Saving model ...
Epoch: 3 	Training Loss: 0.882659 	Validation Loss: 0.193265
Validation loss decreased (0.213738 --> 0.193265).  Saving model ...
Epoch: 4 	Training Loss: 0.811459 	Validation Loss: 0.176209
Validation loss decreased (0.193265 --> 0.176209).  Saving model ...
Epoch: 5 	Training Loss: 0.756542 	Validation Loss: 0.175911
Validation loss decreased (0.176209 --> 0.175911).  Saving model ...
Epoch: 6 	Training Loss: 0.708273 	Validation Loss: 0.155602
Validation loss decreased (0.175911 --> 0.155602).  Saving model ...
Epoch: 7 	Training Loss: 0.666149 	Validation Loss: 0.146880
Validation loss decreased (0.155602 --> 0.146880).  Saving model ...
Epoch: 8 	Training Loss: 0.635625 	Validation Loss: 0.147706
Epoch: 9 	Training Loss: 0.605766 	Validation Loss: 0.142323
Validation loss decreased (0.146880 --> 0.142323).  Saving model ...
Epoch: 10 	Training Loss: 0.578478 	Validation Loss: 0.145967
Epoch: 11 	Training Loss: 0.559036 	Validation Loss: 0.120083
Validation loss decreased (0.142323 --> 0.120083).  Saving model ...
Epoch: 12 	Training Loss: 0.533269 	Validation Loss: 0.117077
Validation loss decreased (0.120083 --> 0.117077).  Saving model ...
Epoch: 13 	Training Loss: 0.513353 	Validation Loss: 0.125886
Epoch: 14 	Training Loss: 0.497240 	Validation Loss: 0.113823
Validation loss decreased (0.117077 --> 0.113823).  Saving model ...
Epoch: 15 	Training Loss: 0.477285 	Validation Loss: 0.117508
Epoch: 16 	Training Loss: 0.467888 	Validation Loss: 0.113109
Validation loss decreased (0.113823 --> 0.113109).  Saving model ...
Epoch: 17 	Training Loss: 0.455667 	Validation Loss: 0.108337
Validation loss decreased (0.113109 --> 0.108337).  Saving model ...
Epoch: 18 	Training Loss: 0.440148 	Validation Loss: 0.116825
Epoch: 19 	Training Loss: 0.430809 	Validation Loss: 0.119424
Test Loss: 0.606969

Test Accuracy of airplane: 88% (207/234)
Test Accuracy of automobile: 94% (232/246)
Test Accuracy of  bird: 60% (171/281)
Test Accuracy of   cat: 53% (135/253)
Test Accuracy of  deer: 74% (168/227)
Test Accuracy of   dog: 83% (209/250)
Test Accuracy of  frog: 72% (179/248)
Test Accuracy of horse: 90% (226/250)
Test Accuracy of  ship: 85% (220/258)
Test Accuracy of truck: 86% (230/265)

Test Accuracy (Overall): 78% (1977/2512)
Epoch: 0 	Training Loss: 1.521408 	Validation Loss: 0.311658
Validation loss decreased (inf --> 0.311658).  Saving model ...
Epoch: 1 	Training Loss: 1.298498 	Validation Loss: 0.295430
Validation loss decreased (0.311658 --> 0.295430).  Saving model ...
Epoch: 2 	Training Loss: 1.189997 	Validation Loss: 0.256953
Validation loss decreased (0.295430 --> 0.256953).  Saving model ...
Epoch: 3 	Training Loss: 1.100651 	Validation Loss: 0.230404
Validation loss decreased (0.256953 --> 0.230404).  Saving model ...
Epoch: 4 	Training Loss: 1.022963 	Validation Loss: 0.217922
Validation loss decreased (0.230404 --> 0.217922).  Saving model ...
Epoch: 5 	Training Loss: 0.965031 	Validation Loss: 0.198378
Validation loss decreased (0.217922 --> 0.198378).  Saving model ...
Epoch: 6 	Training Loss: 0.918453 	Validation Loss: 0.202458
Epoch: 7 	Training Loss: 0.870597 	Validation Loss: 0.188725
Validation loss decreased (0.198378 --> 0.188725).  Saving model ...
Epoch: 8 	Training Loss: 0.841540 	Validation Loss: 0.178848
Validation loss decreased (0.188725 --> 0.178848).  Saving model ...
Epoch: 9 	Training Loss: 0.811745 	Validation Loss: 0.162526
Validation loss decreased (0.178848 --> 0.162526).  Saving model ...
Epoch: 10 	Training Loss: 0.782861 	Validation Loss: 0.165393
Epoch: 11 	Training Loss: 0.760491 	Validation Loss: 0.154888
Validation loss decreased (0.162526 --> 0.154888).  Saving model ...
Epoch: 12 	Training Loss: 0.736600 	Validation Loss: 0.164493
Epoch: 13 	Training Loss: 0.715155 	Validation Loss: 0.144446
Validation loss decreased (0.154888 --> 0.144446).  Saving model ...
Epoch: 14 	Training Loss: 0.696944 	Validation Loss: 0.139238
Validation loss decreased (0.144446 --> 0.139238).  Saving model ...
Epoch: 15 	Training Loss: 0.677229 	Validation Loss: 0.139509
Epoch: 16 	Training Loss: 0.667833 	Validation Loss: 0.130919
Validation loss decreased (0.139238 --> 0.130919).  Saving model ...
Epoch: 17 	Training Loss: 0.651473 	Validation Loss: 0.143777
Epoch: 18 	Training Loss: 0.642345 	Validation Loss: 0.128170
Validation loss decreased (0.130919 --> 0.128170).  Saving model ...
Epoch: 19 	Training Loss: 0.624068 	Validation Loss: 0.128371
Test Loss: 0.651374

Test Accuracy of airplane: 80% (189/234)
Test Accuracy of automobile: 96% (238/246)
Test Accuracy of  bird: 63% (179/281)
Test Accuracy of   cat: 49% (124/253)
Test Accuracy of  deer: 85% (194/227)
Test Accuracy of   dog: 69% (173/250)
Test Accuracy of  frog: 83% (206/248)
Test Accuracy of horse: 82% (207/250)
Test Accuracy of  ship: 89% (230/258)
Test Accuracy of truck: 75% (199/265)

Test Accuracy (Overall): 77% (1939/2512)
Epoch: 0 	Training Loss: 1.440150 	Validation Loss: 0.310754
Validation loss decreased (inf --> 0.310754).  Saving model ...
Epoch: 1 	Training Loss: 1.195254 	Validation Loss: 0.269096
Validation loss decreased (0.310754 --> 0.269096).  Saving model ...
Epoch: 2 	Training Loss: 1.036135 	Validation Loss: 0.237958
Validation loss decreased (0.269096 --> 0.237958).  Saving model ...
Epoch: 3 	Training Loss: 0.912734 	Validation Loss: 0.202016
Validation loss decreased (0.237958 --> 0.202016).  Saving model ...
Epoch: 4 	Training Loss: 0.831569 	Validation Loss: 0.182760
Validation loss decreased (0.202016 --> 0.182760).  Saving model ...
Epoch: 5 	Training Loss: 0.763016 	Validation Loss: 0.161963
Validation loss decreased (0.182760 --> 0.161963).  Saving model ...
Epoch: 6 	Training Loss: 0.710877 	Validation Loss: 0.155962
Validation loss decreased (0.161963 --> 0.155962).  Saving model ...
Epoch: 7 	Training Loss: 0.673344 	Validation Loss: 0.140428
Validation loss decreased (0.155962 --> 0.140428).  Saving model ...
Epoch: 8 	Training Loss: 0.638082 	Validation Loss: 0.143872
Epoch: 9 	Training Loss: 0.610178 	Validation Loss: 0.132601
Validation loss decreased (0.140428 --> 0.132601).  Saving model ...
Epoch: 10 	Training Loss: 0.580539 	Validation Loss: 0.124773
Validation loss decreased (0.132601 --> 0.124773).  Saving model ...
Epoch: 11 	Training Loss: 0.555243 	Validation Loss: 0.128487
Epoch: 12 	Training Loss: 0.536258 	Validation Loss: 0.112103
Validation loss decreased (0.124773 --> 0.112103).  Saving model ...
Epoch: 13 	Training Loss: 0.518831 	Validation Loss: 0.111298
Validation loss decreased (0.112103 --> 0.111298).  Saving model ...
Epoch: 14 	Training Loss: 0.497781 	Validation Loss: 0.107665
Validation loss decreased (0.111298 --> 0.107665).  Saving model ...
Epoch: 15 	Training Loss: 0.481513 	Validation Loss: 0.105018
Validation loss decreased (0.107665 --> 0.105018).  Saving model ...
Epoch: 16 	Training Loss: 0.468279 	Validation Loss: 0.105621
Epoch: 17 	Training Loss: 0.456343 	Validation Loss: 0.108580
Epoch: 18 	Training Loss: 0.439486 	Validation Loss: 0.097341
Validation loss decreased (0.105018 --> 0.097341).  Saving model ...
Epoch: 19 	Training Loss: 0.429404 	Validation Loss: 0.112525
Test Loss: 0.566816

Test Accuracy of airplane: 83% (196/234)
Test Accuracy of automobile: 88% (217/246)
Test Accuracy of  bird: 61% (173/281)
Test Accuracy of   cat: 60% (154/253)
Test Accuracy of  deer: 94% (215/227)
Test Accuracy of   dog: 61% (153/250)
Test Accuracy of  frog: 85% (212/248)
Test Accuracy of horse: 88% (222/250)
Test Accuracy of  ship: 92% (239/258)
Test Accuracy of truck: 89% (237/265)

Test Accuracy (Overall): 80% (2018/2512)
Epoch: 0 	Training Loss: 1.487266 	Validation Loss: 0.304265
Validation loss decreased (inf --> 0.304265).  Saving model ...
Epoch: 1 	Training Loss: 1.253451 	Validation Loss: 0.261727
Validation loss decreased (0.304265 --> 0.261727).  Saving model ...
Epoch: 2 	Training Loss: 1.126478 	Validation Loss: 0.239319
Validation loss decreased (0.261727 --> 0.239319).  Saving model ...
Epoch: 3 	Training Loss: 1.034936 	Validation Loss: 0.208845
Validation loss decreased (0.239319 --> 0.208845).  Saving model ...
Epoch: 4 	Training Loss: 0.956478 	Validation Loss: 0.195227
Validation loss decreased (0.208845 --> 0.195227).  Saving model ...
Epoch: 5 	Training Loss: 0.903177 	Validation Loss: 0.183308
Validation loss decreased (0.195227 --> 0.183308).  Saving model ...
Epoch: 6 	Training Loss: 0.855117 	Validation Loss: 0.174849
Validation loss decreased (0.183308 --> 0.174849).  Saving model ...
Epoch: 7 	Training Loss: 0.813863 	Validation Loss: 0.175649
Epoch: 8 	Training Loss: 0.773959 	Validation Loss: 0.153545
Validation loss decreased (0.174849 --> 0.153545).  Saving model ...
Epoch: 9 	Training Loss: 0.751065 	Validation Loss: 0.156054
Epoch: 10 	Training Loss: 0.715367 	Validation Loss: 0.146772
Validation loss decreased (0.153545 --> 0.146772).  Saving model ...
Epoch: 11 	Training Loss: 0.693447 	Validation Loss: 0.137403
Validation loss decreased (0.146772 --> 0.137403).  Saving model ...
Epoch: 12 	Training Loss: 0.670314 	Validation Loss: 0.131241
Validation loss decreased (0.137403 --> 0.131241).  Saving model ...
Epoch: 13 	Training Loss: 0.650489 	Validation Loss: 0.137633
Epoch: 14 	Training Loss: 0.632455 	Validation Loss: 0.121472
Validation loss decreased (0.131241 --> 0.121472).  Saving model ...
Epoch: 15 	Training Loss: 0.613659 	Validation Loss: 0.122889
Epoch: 16 	Training Loss: 0.593614 	Validation Loss: 0.117913
Validation loss decreased (0.121472 --> 0.117913).  Saving model ...
Epoch: 17 	Training Loss: 0.584291 	Validation Loss: 0.129077
Epoch: 18 	Training Loss: 0.578111 	Validation Loss: 0.120202
Epoch: 19 	Training Loss: 0.555436 	Validation Loss: 0.116900
Validation loss decreased (0.117913 --> 0.116900).  Saving model ...
Test Loss: 0.591038

Test Accuracy of airplane: 81% (191/234)
Test Accuracy of automobile: 92% (227/246)
Test Accuracy of  bird: 67% (189/281)
Test Accuracy of   cat: 60% (154/253)
Test Accuracy of  deer: 83% (190/227)
Test Accuracy of   dog: 60% (150/250)
Test Accuracy of  frog: 91% (226/248)
Test Accuracy of horse: 79% (199/250)
Test Accuracy of  ship: 91% (237/258)
Test Accuracy of truck: 86% (230/265)

Test Accuracy (Overall): 79% (1993/2512)
Epoch: 0 	Training Loss: 1.488877 	Validation Loss: 0.308998
Validation loss decreased (inf --> 0.308998).  Saving model ...
Epoch: 1 	Training Loss: 1.269727 	Validation Loss: 0.272573
Validation loss decreased (0.308998 --> 0.272573).  Saving model ...
Epoch: 2 	Training Loss: 1.164438 	Validation Loss: 0.242514
Validation loss decreased (0.272573 --> 0.242514).  Saving model ...
Epoch: 3 	Training Loss: 1.074500 	Validation Loss: 0.221372
Validation loss decreased (0.242514 --> 0.221372).  Saving model ...
Epoch: 4 	Training Loss: 0.987136 	Validation Loss: 0.246978
Epoch: 5 	Training Loss: 0.927542 	Validation Loss: 0.193209
Validation loss decreased (0.221372 --> 0.193209).  Saving model ...
Epoch: 6 	Training Loss: 0.878422 	Validation Loss: 0.180632
Validation loss decreased (0.193209 --> 0.180632).  Saving model ...
Epoch: 7 	Training Loss: 0.838222 	Validation Loss: 0.177234
Validation loss decreased (0.180632 --> 0.177234).  Saving model ...
Epoch: 8 	Training Loss: 0.798292 	Validation Loss: 0.167193
Validation loss decreased (0.177234 --> 0.167193).  Saving model ...
Epoch: 9 	Training Loss: 0.775461 	Validation Loss: 0.155836
Validation loss decreased (0.167193 --> 0.155836).  Saving model ...
Epoch: 10 	Training Loss: 0.744579 	Validation Loss: 0.152010
Validation loss decreased (0.155836 --> 0.152010).  Saving model ...
Epoch: 11 	Training Loss: 0.722167 	Validation Loss: 0.154150
Epoch: 12 	Training Loss: 0.697919 	Validation Loss: 0.139291
Validation loss decreased (0.152010 --> 0.139291).  Saving model ...
Epoch: 13 	Training Loss: 0.672409 	Validation Loss: 0.134206
Validation loss decreased (0.139291 --> 0.134206).  Saving model ...
Epoch: 14 	Training Loss: 0.656199 	Validation Loss: 0.130848
Validation loss decreased (0.134206 --> 0.130848).  Saving model ...
Epoch: 15 	Training Loss: 0.631164 	Validation Loss: 0.128833
Validation loss decreased (0.130848 --> 0.128833).  Saving model ...
Epoch: 16 	Training Loss: 0.616992 	Validation Loss: 0.123324
Validation loss decreased (0.128833 --> 0.123324).  Saving model ...
Epoch: 17 	Training Loss: 0.600477 	Validation Loss: 0.124779
Epoch: 18 	Training Loss: 0.588011 	Validation Loss: 0.119433
Validation loss decreased (0.123324 --> 0.119433).  Saving model ...
Epoch: 19 	Training Loss: 0.577600 	Validation Loss: 0.118184
Validation loss decreased (0.119433 --> 0.118184).  Saving model ...
Test Loss: 0.607163

Test Accuracy of airplane: 82% (193/234)
Test Accuracy of automobile: 95% (236/246)
Test Accuracy of  bird: 71% (200/281)
Test Accuracy of   cat: 54% (138/253)
Test Accuracy of  deer: 76% (173/227)
Test Accuracy of   dog: 60% (150/250)
Test Accuracy of  frog: 89% (222/248)
Test Accuracy of horse: 85% (214/250)
Test Accuracy of  ship: 88% (229/258)
Test Accuracy of truck: 78% (208/265)

Test Accuracy (Overall): 78% (1963/2512)
Epoch: 0 	Training Loss: 1.476976 	Validation Loss: 0.313423
Validation loss decreased (inf --> 0.313423).  Saving model ...
Epoch: 1 	Training Loss: 1.249877 	Validation Loss: 0.271389
Validation loss decreased (0.313423 --> 0.271389).  Saving model ...
Epoch: 2 	Training Loss: 1.126059 	Validation Loss: 0.246173
Validation loss decreased (0.271389 --> 0.246173).  Saving model ...
Epoch: 3 	Training Loss: 1.023546 	Validation Loss: 0.213292
Validation loss decreased (0.246173 --> 0.213292).  Saving model ...
Epoch: 4 	Training Loss: 0.948390 	Validation Loss: 0.197559
Validation loss decreased (0.213292 --> 0.197559).  Saving model ...
Epoch: 5 	Training Loss: 0.881922 	Validation Loss: 0.203496
Epoch: 6 	Training Loss: 0.827656 	Validation Loss: 0.181793
Validation loss decreased (0.197559 --> 0.181793).  Saving model ...
Epoch: 7 	Training Loss: 0.778835 	Validation Loss: 0.164052
Validation loss decreased (0.181793 --> 0.164052).  Saving model ...
Epoch: 8 	Training Loss: 0.737035 	Validation Loss: 0.160283
Validation loss decreased (0.164052 --> 0.160283).  Saving model ...
Epoch: 9 	Training Loss: 0.701684 	Validation Loss: 0.142270
Validation loss decreased (0.160283 --> 0.142270).  Saving model ...
Epoch: 10 	Training Loss: 0.675567 	Validation Loss: 0.138336
Validation loss decreased (0.142270 --> 0.138336).  Saving model ...
Epoch: 11 	Training Loss: 0.647621 	Validation Loss: 0.132810
Validation loss decreased (0.138336 --> 0.132810).  Saving model ...
Epoch: 12 	Training Loss: 0.621664 	Validation Loss: 0.123442
Validation loss decreased (0.132810 --> 0.123442).  Saving model ...
Epoch: 13 	Training Loss: 0.599474 	Validation Loss: 0.125213
Epoch: 14 	Training Loss: 0.576464 	Validation Loss: 0.114634
Validation loss decreased (0.123442 --> 0.114634).  Saving model ...
Epoch: 15 	Training Loss: 0.563978 	Validation Loss: 0.117127
Epoch: 16 	Training Loss: 0.545577 	Validation Loss: 0.112441
Validation loss decreased (0.114634 --> 0.112441).  Saving model ...
Epoch: 17 	Training Loss: 0.532816 	Validation Loss: 0.106438
Validation loss decreased (0.112441 --> 0.106438).  Saving model ...
Epoch: 18 	Training Loss: 0.522261 	Validation Loss: 0.117614
Epoch: 19 	Training Loss: 0.507287 	Validation Loss: 0.108275
Test Loss: 0.551622

Test Accuracy of airplane: 91% (213/234)
Test Accuracy of automobile: 92% (228/246)
Test Accuracy of  bird: 75% (213/281)
Test Accuracy of   cat: 57% (146/253)
Test Accuracy of  deer: 79% (181/227)
Test Accuracy of   dog: 65% (164/250)
Test Accuracy of  frog: 85% (211/248)
Test Accuracy of horse: 86% (215/250)
Test Accuracy of  ship: 92% (238/258)
Test Accuracy of truck: 89% (237/265)

Test Accuracy (Overall): 81% (2046/2512)
Epoch: 0 	Training Loss: 1.417889 	Validation Loss: 0.316647
Validation loss decreased (inf --> 0.316647).  Saving model ...
Epoch: 1 	Training Loss: 1.155538 	Validation Loss: 0.254065
Validation loss decreased (0.316647 --> 0.254065).  Saving model ...
Epoch: 2 	Training Loss: 1.012177 	Validation Loss: 0.214536
Validation loss decreased (0.254065 --> 0.214536).  Saving model ...
Epoch: 3 	Training Loss: 0.915707 	Validation Loss: 0.194898
Validation loss decreased (0.214536 --> 0.194898).  Saving model ...
Epoch: 4 	Training Loss: 0.848248 	Validation Loss: 0.181648
Validation loss decreased (0.194898 --> 0.181648).  Saving model ...
Epoch: 5 	Training Loss: 0.795362 	Validation Loss: 0.175056
Validation loss decreased (0.181648 --> 0.175056).  Saving model ...
Epoch: 6 	Training Loss: 0.751956 	Validation Loss: 0.157886
Validation loss decreased (0.175056 --> 0.157886).  Saving model ...
Epoch: 7 	Training Loss: 0.713763 	Validation Loss: 0.152430
Validation loss decreased (0.157886 --> 0.152430).  Saving model ...
Epoch: 8 	Training Loss: 0.677049 	Validation Loss: 0.149575
Validation loss decreased (0.152430 --> 0.149575).  Saving model ...
Epoch: 9 	Training Loss: 0.646894 	Validation Loss: 0.136927
Validation loss decreased (0.149575 --> 0.136927).  Saving model ...
Epoch: 10 	Training Loss: 0.625097 	Validation Loss: 0.133319
Validation loss decreased (0.136927 --> 0.133319).  Saving model ...
Epoch: 11 	Training Loss: 0.598860 	Validation Loss: 0.137611
Epoch: 12 	Training Loss: 0.574466 	Validation Loss: 0.122527
Validation loss decreased (0.133319 --> 0.122527).  Saving model ...
Epoch: 13 	Training Loss: 0.554664 	Validation Loss: 0.123617
Epoch: 14 	Training Loss: 0.544462 	Validation Loss: 0.116591
Validation loss decreased (0.122527 --> 0.116591).  Saving model ...
Epoch: 15 	Training Loss: 0.521757 	Validation Loss: 0.111029
Validation loss decreased (0.116591 --> 0.111029).  Saving model ...
Epoch: 16 	Training Loss: 0.505813 	Validation Loss: 0.118805
Epoch: 17 	Training Loss: 0.498815 	Validation Loss: 0.110444
Validation loss decreased (0.111029 --> 0.110444).  Saving model ...
Epoch: 18 	Training Loss: 0.485059 	Validation Loss: 0.103096
Validation loss decreased (0.110444 --> 0.103096).  Saving model ...
Epoch: 19 	Training Loss: 0.474128 	Validation Loss: 0.102769
Validation loss decreased (0.103096 --> 0.102769).  Saving model ...
Test Loss: 0.529687

Test Accuracy of airplane: 91% (213/234)
Test Accuracy of automobile: 91% (226/246)
Test Accuracy of  bird: 70% (198/281)
Test Accuracy of   cat: 68% (173/253)
Test Accuracy of  deer: 81% (184/227)
Test Accuracy of   dog: 68% (170/250)
Test Accuracy of  frog: 87% (218/248)
Test Accuracy of horse: 87% (218/250)
Test Accuracy of  ship: 90% (234/258)
Test Accuracy of truck: 90% (239/265)

Test Accuracy (Overall): 82% (2073/2512)
Epoch: 0 	Training Loss: 1.493779 	Validation Loss: 0.331343
Validation loss decreased (inf --> 0.331343).  Saving model ...
Epoch: 1 	Training Loss: 1.235645 	Validation Loss: 0.262367
Validation loss decreased (0.331343 --> 0.262367).  Saving model ...
Epoch: 2 	Training Loss: 1.112586 	Validation Loss: 0.234246
Validation loss decreased (0.262367 --> 0.234246).  Saving model ...
Epoch: 3 	Training Loss: 1.022961 	Validation Loss: 0.214417
Validation loss decreased (0.234246 --> 0.214417).  Saving model ...
Epoch: 4 	Training Loss: 0.952880 	Validation Loss: 0.201826
Validation loss decreased (0.214417 --> 0.201826).  Saving model ...
Epoch: 5 	Training Loss: 0.898588 	Validation Loss: 0.192919
Validation loss decreased (0.201826 --> 0.192919).  Saving model ...
Epoch: 6 	Training Loss: 0.846693 	Validation Loss: 0.177719
Validation loss decreased (0.192919 --> 0.177719).  Saving model ...
Epoch: 7 	Training Loss: 0.815237 	Validation Loss: 0.177041
Validation loss decreased (0.177719 --> 0.177041).  Saving model ...
Epoch: 8 	Training Loss: 0.775353 	Validation Loss: 0.184492
Epoch: 9 	Training Loss: 0.745285 	Validation Loss: 0.155869
Validation loss decreased (0.177041 --> 0.155869).  Saving model ...
Epoch: 10 	Training Loss: 0.727557 	Validation Loss: 0.146938
Validation loss decreased (0.155869 --> 0.146938).  Saving model ...
Epoch: 11 	Training Loss: 0.696417 	Validation Loss: 0.141569
Validation loss decreased (0.146938 --> 0.141569).  Saving model ...
Epoch: 12 	Training Loss: 0.672848 	Validation Loss: 0.135519
Validation loss decreased (0.141569 --> 0.135519).  Saving model ...
Epoch: 13 	Training Loss: 0.659118 	Validation Loss: 0.136188
Epoch: 14 	Training Loss: 0.637040 	Validation Loss: 0.132481
Validation loss decreased (0.135519 --> 0.132481).  Saving model ...
Epoch: 15 	Training Loss: 0.622272 	Validation Loss: 0.127825
Validation loss decreased (0.132481 --> 0.127825).  Saving model ...
Epoch: 16 	Training Loss: 0.601123 	Validation Loss: 0.128997
Epoch: 17 	Training Loss: 0.589497 	Validation Loss: 0.119550
Validation loss decreased (0.127825 --> 0.119550).  Saving model ...
Epoch: 18 	Training Loss: 0.574347 	Validation Loss: 0.124625
Epoch: 19 	Training Loss: 0.561770 	Validation Loss: 0.114948
Validation loss decreased (0.119550 --> 0.114948).  Saving model ...
Test Loss: 0.584955

Test Accuracy of airplane: 88% (206/234)
Test Accuracy of automobile: 91% (225/246)
Test Accuracy of  bird: 52% (147/281)
Test Accuracy of   cat: 56% (143/253)
Test Accuracy of  deer: 84% (192/227)
Test Accuracy of   dog: 73% (184/250)
Test Accuracy of  frog: 85% (211/248)
Test Accuracy of horse: 84% (211/250)
Test Accuracy of  ship: 88% (229/258)
Test Accuracy of truck: 84% (224/265)

Test Accuracy (Overall): 78% (1972/2512)
Generation Number # 0


Epoch: 0 	Training Loss: 1.497864 	Validation Loss: 0.323871
Validation loss decreased (inf --> 0.323871).  Saving model ...
Epoch: 1 	Training Loss: 1.287969 	Validation Loss: 0.291930
Validation loss decreased (0.323871 --> 0.291930).  Saving model ...
Epoch: 2 	Training Loss: 1.188354 	Validation Loss: 0.265647
Validation loss decreased (0.291930 --> 0.265647).  Saving model ...
Epoch: 3 	Training Loss: 1.102198 	Validation Loss: 0.258535
Validation loss decreased (0.265647 --> 0.258535).  Saving model ...
Epoch: 4 	Training Loss: 1.030086 	Validation Loss: 0.225315
Validation loss decreased (0.258535 --> 0.225315).  Saving model ...
Epoch: 5 	Training Loss: 0.979152 	Validation Loss: 0.201307
Validation loss decreased (0.225315 --> 0.201307).  Saving model ...
Epoch: 6 	Training Loss: 0.931349 	Validation Loss: 0.197523
Validation loss decreased (0.201307 --> 0.197523).  Saving model ...
Epoch: 7 	Training Loss: 0.889771 	Validation Loss: 0.187008
Validation loss decreased (0.197523 --> 0.187008).  Saving model ...
Epoch: 8 	Training Loss: 0.857630 	Validation Loss: 0.171907
Validation loss decreased (0.187008 --> 0.171907).  Saving model ...
Epoch: 9 	Training Loss: 0.819097 	Validation Loss: 0.171648
Validation loss decreased (0.171907 --> 0.171648).  Saving model ...
Epoch: 10 	Training Loss: 0.795662 	Validation Loss: 0.153958
Validation loss decreased (0.171648 --> 0.153958).  Saving model ...
Epoch: 11 	Training Loss: 0.769519 	Validation Loss: 0.151451
Validation loss decreased (0.153958 --> 0.151451).  Saving model ...
Epoch: 12 	Training Loss: 0.744007 	Validation Loss: 0.154761
Epoch: 13 	Training Loss: 0.723501 	Validation Loss: 0.145601
Validation loss decreased (0.151451 --> 0.145601).  Saving model ...
Epoch: 14 	Training Loss: 0.702523 	Validation Loss: 0.139263
Validation loss decreased (0.145601 --> 0.139263).  Saving model ...
Epoch: 15 	Training Loss: 0.680836 	Validation Loss: 0.139713
Epoch: 16 	Training Loss: 0.669650 	Validation Loss: 0.131175
Validation loss decreased (0.139263 --> 0.131175).  Saving model ...
Epoch: 17 	Training Loss: 0.651204 	Validation Loss: 0.128743
Validation loss decreased (0.131175 --> 0.128743).  Saving model ...
Epoch: 18 	Training Loss: 0.638400 	Validation Loss: 0.127250
Validation loss decreased (0.128743 --> 0.127250).  Saving model ...
Epoch: 19 	Training Loss: 0.626050 	Validation Loss: 0.120804
Validation loss decreased (0.127250 --> 0.120804).  Saving model ...
Test Loss: 0.614908

Test Accuracy of airplane: 86% (202/234)
Test Accuracy of automobile: 93% (229/246)
Test Accuracy of  bird: 60% (171/281)
Test Accuracy of   cat: 51% (131/253)
Test Accuracy of  deer: 84% (191/227)
Test Accuracy of   dog: 66% (167/250)
Test Accuracy of  frog: 85% (211/248)
Test Accuracy of horse: 89% (224/250)
Test Accuracy of  ship: 89% (232/258)
Test Accuracy of truck: 82% (219/265)

Test Accuracy (Overall): 78% (1977/2512)
Epoch: 0 	Training Loss: 1.459335 	Validation Loss: 0.299073
Validation loss decreased (inf --> 0.299073).  Saving model ...
Epoch: 1 	Training Loss: 1.209071 	Validation Loss: 0.261698
Validation loss decreased (0.299073 --> 0.261698).  Saving model ...
Epoch: 2 	Training Loss: 1.074707 	Validation Loss: 0.226351
Validation loss decreased (0.261698 --> 0.226351).  Saving model ...
Epoch: 3 	Training Loss: 0.970356 	Validation Loss: 0.205276
Validation loss decreased (0.226351 --> 0.205276).  Saving model ...
Epoch: 4 	Training Loss: 0.901434 	Validation Loss: 0.195266
Validation loss decreased (0.205276 --> 0.195266).  Saving model ...
Epoch: 5 	Training Loss: 0.845883 	Validation Loss: 0.182544
Validation loss decreased (0.195266 --> 0.182544).  Saving model ...
Epoch: 6 	Training Loss: 0.806752 	Validation Loss: 0.163692
Validation loss decreased (0.182544 --> 0.163692).  Saving model ...
Epoch: 7 	Training Loss: 0.758798 	Validation Loss: 0.211103
Epoch: 8 	Training Loss: 0.729029 	Validation Loss: 0.167614
Epoch: 9 	Training Loss: 0.703405 	Validation Loss: 0.152243
Validation loss decreased (0.163692 --> 0.152243).  Saving model ...
Epoch: 10 	Training Loss: 0.678453 	Validation Loss: 0.140452
Validation loss decreased (0.152243 --> 0.140452).  Saving model ...
Epoch: 11 	Training Loss: 0.652344 	Validation Loss: 0.134349
Validation loss decreased (0.140452 --> 0.134349).  Saving model ...
Epoch: 12 	Training Loss: 0.624214 	Validation Loss: 0.140255
Epoch: 13 	Training Loss: 0.610100 	Validation Loss: 0.126763
Validation loss decreased (0.134349 --> 0.126763).  Saving model ...
Epoch: 14 	Training Loss: 0.591460 	Validation Loss: 0.125663
Validation loss decreased (0.126763 --> 0.125663).  Saving model ...
Epoch: 15 	Training Loss: 0.573570 	Validation Loss: 0.127706
Epoch: 16 	Training Loss: 0.557527 	Validation Loss: 0.115893
Validation loss decreased (0.125663 --> 0.115893).  Saving model ...
Epoch: 17 	Training Loss: 0.545178 	Validation Loss: 0.122832
Epoch: 18 	Training Loss: 0.527371 	Validation Loss: 0.111943
Validation loss decreased (0.115893 --> 0.111943).  Saving model ...
Epoch: 19 	Training Loss: 0.514814 	Validation Loss: 0.116729
Test Loss: 0.603848

Test Accuracy of airplane: 85% (200/234)
Test Accuracy of automobile: 95% (236/246)
Test Accuracy of  bird: 71% (200/281)
Test Accuracy of   cat: 46% (117/253)
Test Accuracy of  deer: 86% (196/227)
Test Accuracy of   dog: 64% (161/250)
Test Accuracy of  frog: 92% (229/248)
Test Accuracy of horse: 84% (210/250)
Test Accuracy of  ship: 93% (240/258)
Test Accuracy of truck: 79% (211/265)

Test Accuracy (Overall): 79% (2000/2512)
Traceback (most recent call last):
  File "main.py", line 18, in <module>
    ga.evolve()
  File "/home2020/home/uha/mjali/NAS-FRAMEWORK/GA/ga.py", line 83, in evolve
    fitn_off = self.offsprings_fitness[min_list_par]
IndexError: list index out of range
