Files already downloaded and verified
Files already downloaded and verified
Epoch: 0 	Training Loss: 1.521385 	Validation Loss: 0.320254
Validation loss decreased (inf --> 0.320254).  Saving model ...
Epoch: 1 	Training Loss: 1.279159 	Validation Loss: 0.265660
Validation loss decreased (0.320254 --> 0.265660).  Saving model ...
Epoch: 2 	Training Loss: 1.144939 	Validation Loss: 0.231974
Validation loss decreased (0.265660 --> 0.231974).  Saving model ...
Epoch: 3 	Training Loss: 1.034815 	Validation Loss: 0.235105
Epoch: 4 	Training Loss: 0.957353 	Validation Loss: 0.201139
Validation loss decreased (0.231974 --> 0.201139).  Saving model ...
Epoch: 5 	Training Loss: 0.895779 	Validation Loss: 0.181420
Validation loss decreased (0.201139 --> 0.181420).  Saving model ...
Epoch: 6 	Training Loss: 0.845071 	Validation Loss: 0.173758
Validation loss decreased (0.181420 --> 0.173758).  Saving model ...
Epoch: 7 	Training Loss: 0.806422 	Validation Loss: 0.163205
Validation loss decreased (0.173758 --> 0.163205).  Saving model ...
Epoch: 8 	Training Loss: 0.767337 	Validation Loss: 0.151443
Validation loss decreased (0.163205 --> 0.151443).  Saving model ...
Epoch: 9 	Training Loss: 0.735205 	Validation Loss: 0.144956
Validation loss decreased (0.151443 --> 0.144956).  Saving model ...
Epoch: 10 	Training Loss: 0.702747 	Validation Loss: 0.149849
Epoch: 11 	Training Loss: 0.683138 	Validation Loss: 0.136379
Validation loss decreased (0.144956 --> 0.136379).  Saving model ...
Epoch: 12 	Training Loss: 0.653560 	Validation Loss: 0.128552
Validation loss decreased (0.136379 --> 0.128552).  Saving model ...
Epoch: 13 	Training Loss: 0.635319 	Validation Loss: 0.128348
Validation loss decreased (0.128552 --> 0.128348).  Saving model ...
Epoch: 14 	Training Loss: 0.614200 	Validation Loss: 0.124510
Validation loss decreased (0.128348 --> 0.124510).  Saving model ...
Epoch: 15 	Training Loss: 0.595323 	Validation Loss: 0.122107
Validation loss decreased (0.124510 --> 0.122107).  Saving model ...
Epoch: 16 	Training Loss: 0.582473 	Validation Loss: 0.116427
Validation loss decreased (0.122107 --> 0.116427).  Saving model ...
Epoch: 17 	Training Loss: 0.572843 	Validation Loss: 0.116608
Epoch: 18 	Training Loss: 0.553469 	Validation Loss: 0.114000
Validation loss decreased (0.116427 --> 0.114000).  Saving model ...
Epoch: 19 	Training Loss: 0.544078 	Validation Loss: 0.107856
Validation loss decreased (0.114000 --> 0.107856).  Saving model ...
Test Loss: 0.550409

Test Accuracy of airplane: 82% (193/234)
Test Accuracy of automobile: 92% (227/246)
Test Accuracy of  bird: 66% (186/281)
Test Accuracy of   cat: 66% (167/253)
Test Accuracy of  deer: 83% (190/227)
Test Accuracy of   dog: 68% (172/250)
Test Accuracy of  frog: 79% (198/248)
Test Accuracy of horse: 88% (220/250)
Test Accuracy of  ship: 89% (231/258)
Test Accuracy of truck: 87% (231/265)

Test Accuracy (Overall): 80% (2015/2512)
Epoch: 0 	Training Loss: 1.460918 	Validation Loss: 0.303302
Validation loss decreased (inf --> 0.303302).  Saving model ...
Epoch: 1 	Training Loss: 1.236307 	Validation Loss: 0.267075
Validation loss decreased (0.303302 --> 0.267075).  Saving model ...
Epoch: 2 	Training Loss: 1.103820 	Validation Loss: 0.245927
Validation loss decreased (0.267075 --> 0.245927).  Saving model ...
Epoch: 3 	Training Loss: 1.005984 	Validation Loss: 0.213552
Validation loss decreased (0.245927 --> 0.213552).  Saving model ...
Epoch: 4 	Training Loss: 0.928940 	Validation Loss: 0.194088
Validation loss decreased (0.213552 --> 0.194088).  Saving model ...
Epoch: 5 	Training Loss: 0.874178 	Validation Loss: 0.178199
Validation loss decreased (0.194088 --> 0.178199).  Saving model ...
Epoch: 6 	Training Loss: 0.830337 	Validation Loss: 0.171849
Validation loss decreased (0.178199 --> 0.171849).  Saving model ...
Epoch: 7 	Training Loss: 0.790416 	Validation Loss: 0.163684
Validation loss decreased (0.171849 --> 0.163684).  Saving model ...
Epoch: 8 	Training Loss: 0.759703 	Validation Loss: 0.165218
Epoch: 9 	Training Loss: 0.741888 	Validation Loss: 0.152203
Validation loss decreased (0.163684 --> 0.152203).  Saving model ...
Epoch: 10 	Training Loss: 0.705813 	Validation Loss: 0.144131
Validation loss decreased (0.152203 --> 0.144131).  Saving model ...
Epoch: 11 	Training Loss: 0.688878 	Validation Loss: 0.137885
Validation loss decreased (0.144131 --> 0.137885).  Saving model ...
Epoch: 12 	Training Loss: 0.672107 	Validation Loss: 0.137249
Validation loss decreased (0.137885 --> 0.137249).  Saving model ...
Epoch: 13 	Training Loss: 0.650003 	Validation Loss: 0.131212
Validation loss decreased (0.137249 --> 0.131212).  Saving model ...
Epoch: 14 	Training Loss: 0.632739 	Validation Loss: 0.128309
Validation loss decreased (0.131212 --> 0.128309).  Saving model ...
Epoch: 15 	Training Loss: 0.615348 	Validation Loss: 0.126490
Validation loss decreased (0.128309 --> 0.126490).  Saving model ...
Epoch: 16 	Training Loss: 0.596118 	Validation Loss: 0.123986
Validation loss decreased (0.126490 --> 0.123986).  Saving model ...
Epoch: 17 	Training Loss: 0.585227 	Validation Loss: 0.121136
Validation loss decreased (0.123986 --> 0.121136).  Saving model ...
Epoch: 18 	Training Loss: 0.567534 	Validation Loss: 0.118814
Validation loss decreased (0.121136 --> 0.118814).  Saving model ...
Epoch: 19 	Training Loss: 0.559349 	Validation Loss: 0.118921
Test Loss: 0.617445

Test Accuracy of airplane: 85% (200/234)
Test Accuracy of automobile: 96% (238/246)
Test Accuracy of  bird: 69% (195/281)
Test Accuracy of   cat: 50% (127/253)
Test Accuracy of  deer: 82% (188/227)
Test Accuracy of   dog: 60% (151/250)
Test Accuracy of  frog: 88% (220/248)
Test Accuracy of horse: 85% (213/250)
Test Accuracy of  ship: 90% (234/258)
Test Accuracy of truck: 76% (204/265)

Test Accuracy (Overall): 78% (1970/2512)
Epoch: 0 	Training Loss: 1.567912 	Validation Loss: 0.333094
Validation loss decreased (inf --> 0.333094).  Saving model ...
Epoch: 1 	Training Loss: 1.326172 	Validation Loss: 0.279339
Validation loss decreased (0.333094 --> 0.279339).  Saving model ...
Epoch: 2 	Training Loss: 1.207106 	Validation Loss: 0.261469
Validation loss decreased (0.279339 --> 0.261469).  Saving model ...
Epoch: 3 	Training Loss: 1.128491 	Validation Loss: 0.240955
Validation loss decreased (0.261469 --> 0.240955).  Saving model ...
Epoch: 4 	Training Loss: 1.039198 	Validation Loss: 0.218982
Validation loss decreased (0.240955 --> 0.218982).  Saving model ...
Epoch: 5 	Training Loss: 0.974691 	Validation Loss: 0.206577
Validation loss decreased (0.218982 --> 0.206577).  Saving model ...
Epoch: 6 	Training Loss: 0.919561 	Validation Loss: 0.198313
Validation loss decreased (0.206577 --> 0.198313).  Saving model ...
Epoch: 7 	Training Loss: 0.872973 	Validation Loss: 0.201669
Epoch: 8 	Training Loss: 0.832142 	Validation Loss: 0.172677
Validation loss decreased (0.198313 --> 0.172677).  Saving model ...
Epoch: 9 	Training Loss: 0.796980 	Validation Loss: 0.161050
Validation loss decreased (0.172677 --> 0.161050).  Saving model ...
Epoch: 10 	Training Loss: 0.763637 	Validation Loss: 0.159235
Validation loss decreased (0.161050 --> 0.159235).  Saving model ...
Epoch: 11 	Training Loss: 0.734445 	Validation Loss: 0.159554
Epoch: 12 	Training Loss: 0.707648 	Validation Loss: 0.150881
Validation loss decreased (0.159235 --> 0.150881).  Saving model ...
Epoch: 13 	Training Loss: 0.685909 	Validation Loss: 0.150144
Validation loss decreased (0.150881 --> 0.150144).  Saving model ...
Epoch: 14 	Training Loss: 0.663709 	Validation Loss: 0.136886
Validation loss decreased (0.150144 --> 0.136886).  Saving model ...
Epoch: 15 	Training Loss: 0.641545 	Validation Loss: 0.136593
Validation loss decreased (0.136886 --> 0.136593).  Saving model ...
Epoch: 16 	Training Loss: 0.624281 	Validation Loss: 0.139139
Epoch: 17 	Training Loss: 0.606284 	Validation Loss: 0.128984
Validation loss decreased (0.136593 --> 0.128984).  Saving model ...
Epoch: 18 	Training Loss: 0.589888 	Validation Loss: 0.132560
Epoch: 19 	Training Loss: 0.575401 	Validation Loss: 0.121048
Validation loss decreased (0.128984 --> 0.121048).  Saving model ...
Test Loss: 0.617698

Test Accuracy of airplane: 82% (194/234)
Test Accuracy of automobile: 91% (224/246)
Test Accuracy of  bird: 66% (186/281)
Test Accuracy of   cat: 52% (132/253)
Test Accuracy of  deer: 86% (196/227)
Test Accuracy of   dog: 63% (158/250)
Test Accuracy of  frog: 88% (220/248)
Test Accuracy of horse: 79% (199/250)
Test Accuracy of  ship: 91% (237/258)
Test Accuracy of truck: 85% (226/265)

Test Accuracy (Overall): 78% (1972/2512)
Epoch: 0 	Training Loss: 1.523909 	Validation Loss: 0.347843
Validation loss decreased (inf --> 0.347843).  Saving model ...
Epoch: 1 	Training Loss: 1.290318 	Validation Loss: 0.286065
Validation loss decreased (0.347843 --> 0.286065).  Saving model ...
Epoch: 2 	Training Loss: 1.167358 	Validation Loss: 0.260596
Validation loss decreased (0.286065 --> 0.260596).  Saving model ...
Epoch: 3 	Training Loss: 1.066689 	Validation Loss: 0.234547
Validation loss decreased (0.260596 --> 0.234547).  Saving model ...
Epoch: 4 	Training Loss: 0.984462 	Validation Loss: 0.208937
Validation loss decreased (0.234547 --> 0.208937).  Saving model ...
Epoch: 5 	Training Loss: 0.921557 	Validation Loss: 0.193987
Validation loss decreased (0.208937 --> 0.193987).  Saving model ...
Epoch: 6 	Training Loss: 0.868427 	Validation Loss: 0.189287
Validation loss decreased (0.193987 --> 0.189287).  Saving model ...
Epoch: 7 	Training Loss: 0.822742 	Validation Loss: 0.175709
Validation loss decreased (0.189287 --> 0.175709).  Saving model ...
Epoch: 8 	Training Loss: 0.787605 	Validation Loss: 0.164991
Validation loss decreased (0.175709 --> 0.164991).  Saving model ...
Epoch: 9 	Training Loss: 0.755354 	Validation Loss: 0.166290
Epoch: 10 	Training Loss: 0.730329 	Validation Loss: 0.154606
Validation loss decreased (0.164991 --> 0.154606).  Saving model ...
Epoch: 11 	Training Loss: 0.703426 	Validation Loss: 0.141819
Validation loss decreased (0.154606 --> 0.141819).  Saving model ...
Epoch: 12 	Training Loss: 0.682710 	Validation Loss: 0.143557
Epoch: 13 	Training Loss: 0.661809 	Validation Loss: 0.140336
Validation loss decreased (0.141819 --> 0.140336).  Saving model ...
Epoch: 14 	Training Loss: 0.641951 	Validation Loss: 0.135042
Validation loss decreased (0.140336 --> 0.135042).  Saving model ...
Epoch: 15 	Training Loss: 0.626392 	Validation Loss: 0.135157
Epoch: 16 	Training Loss: 0.610326 	Validation Loss: 0.128430
Validation loss decreased (0.135042 --> 0.128430).  Saving model ...
Epoch: 17 	Training Loss: 0.595373 	Validation Loss: 0.128157
Validation loss decreased (0.128430 --> 0.128157).  Saving model ...
Epoch: 18 	Training Loss: 0.581181 	Validation Loss: 0.122702
Validation loss decreased (0.128157 --> 0.122702).  Saving model ...
Epoch: 19 	Training Loss: 0.561945 	Validation Loss: 0.121471
Validation loss decreased (0.122702 --> 0.121471).  Saving model ...
Test Loss: 0.627062

Test Accuracy of airplane: 83% (196/234)
Test Accuracy of automobile: 89% (220/246)
Test Accuracy of  bird: 74% (208/281)
Test Accuracy of   cat: 58% (147/253)
Test Accuracy of  deer: 78% (179/227)
Test Accuracy of   dog: 60% (151/250)
Test Accuracy of  frog: 86% (214/248)
Test Accuracy of horse: 75% (188/250)
Test Accuracy of  ship: 92% (239/258)
Test Accuracy of truck: 86% (230/265)

Test Accuracy (Overall): 78% (1972/2512)
Epoch: 0 	Training Loss: 1.576809 	Validation Loss: 0.331857
Validation loss decreased (inf --> 0.331857).  Saving model ...
Epoch: 1 	Training Loss: 1.356778 	Validation Loss: 0.295699
Validation loss decreased (0.331857 --> 0.295699).  Saving model ...
Epoch: 2 	Training Loss: 1.249600 	Validation Loss: 0.266316
Validation loss decreased (0.295699 --> 0.266316).  Saving model ...
Epoch: 3 	Training Loss: 1.176109 	Validation Loss: 0.243100
Validation loss decreased (0.266316 --> 0.243100).  Saving model ...
Epoch: 4 	Training Loss: 1.099894 	Validation Loss: 0.240101
Validation loss decreased (0.243100 --> 0.240101).  Saving model ...
Epoch: 5 	Training Loss: 1.038086 	Validation Loss: 0.212692
Validation loss decreased (0.240101 --> 0.212692).  Saving model ...
Epoch: 6 	Training Loss: 0.981876 	Validation Loss: 0.219404
Epoch: 7 	Training Loss: 0.936750 	Validation Loss: 0.193117
Validation loss decreased (0.212692 --> 0.193117).  Saving model ...
Epoch: 8 	Training Loss: 0.901581 	Validation Loss: 0.191741
Validation loss decreased (0.193117 --> 0.191741).  Saving model ...
Epoch: 9 	Training Loss: 0.871080 	Validation Loss: 0.177569
Validation loss decreased (0.191741 --> 0.177569).  Saving model ...
Epoch: 10 	Training Loss: 0.839842 	Validation Loss: 0.161220
Validation loss decreased (0.177569 --> 0.161220).  Saving model ...
Epoch: 11 	Training Loss: 0.813737 	Validation Loss: 0.161437
Epoch: 12 	Training Loss: 0.791311 	Validation Loss: 0.152231
Validation loss decreased (0.161220 --> 0.152231).  Saving model ...
Epoch: 13 	Training Loss: 0.764457 	Validation Loss: 0.152233
Epoch: 14 	Training Loss: 0.740544 	Validation Loss: 0.143780
Validation loss decreased (0.152231 --> 0.143780).  Saving model ...
Epoch: 15 	Training Loss: 0.723302 	Validation Loss: 0.150594
Epoch: 16 	Training Loss: 0.704015 	Validation Loss: 0.145292
Epoch: 17 	Training Loss: 0.686570 	Validation Loss: 0.153761
Epoch: 18 	Training Loss: 0.672552 	Validation Loss: 0.131965
Validation loss decreased (0.143780 --> 0.131965).  Saving model ...
Epoch: 19 	Training Loss: 0.657411 	Validation Loss: 0.128257
Validation loss decreased (0.131965 --> 0.128257).  Saving model ...
Test Loss: 0.654730

Test Accuracy of airplane: 80% (188/234)
Test Accuracy of automobile: 96% (237/246)
Test Accuracy of  bird: 72% (204/281)
Test Accuracy of   cat: 66% (168/253)
Test Accuracy of  deer: 79% (180/227)
Test Accuracy of   dog: 62% (157/250)
Test Accuracy of  frog: 81% (203/248)
Test Accuracy of horse: 75% (188/250)
Test Accuracy of  ship: 87% (225/258)
Test Accuracy of truck: 77% (206/265)

Test Accuracy (Overall): 77% (1956/2512)
Epoch: 0 	Training Loss: 1.538792 	Validation Loss: 0.325702
Validation loss decreased (inf --> 0.325702).  Saving model ...
Epoch: 1 	Training Loss: 1.301674 	Validation Loss: 0.281005
Validation loss decreased (0.325702 --> 0.281005).  Saving model ...
Epoch: 2 	Training Loss: 1.182838 	Validation Loss: 0.251849
Validation loss decreased (0.281005 --> 0.251849).  Saving model ...
Epoch: 3 	Training Loss: 1.090979 	Validation Loss: 0.221951
Validation loss decreased (0.251849 --> 0.221951).  Saving model ...
Epoch: 4 	Training Loss: 1.014002 	Validation Loss: 0.209151
Validation loss decreased (0.221951 --> 0.209151).  Saving model ...
Epoch: 5 	Training Loss: 0.956339 	Validation Loss: 0.209169
Epoch: 6 	Training Loss: 0.906033 	Validation Loss: 0.183590
Validation loss decreased (0.209151 --> 0.183590).  Saving model ...
Epoch: 7 	Training Loss: 0.864473 	Validation Loss: 0.178573
Validation loss decreased (0.183590 --> 0.178573).  Saving model ...
Epoch: 8 	Training Loss: 0.830164 	Validation Loss: 0.176183
Validation loss decreased (0.178573 --> 0.176183).  Saving model ...
Epoch: 9 	Training Loss: 0.813206 	Validation Loss: 0.165490
Validation loss decreased (0.176183 --> 0.165490).  Saving model ...
Epoch: 10 	Training Loss: 0.780195 	Validation Loss: 0.162601
Validation loss decreased (0.165490 --> 0.162601).  Saving model ...
Epoch: 11 	Training Loss: 0.762464 	Validation Loss: 0.161351
Validation loss decreased (0.162601 --> 0.161351).  Saving model ...
Epoch: 12 	Training Loss: 0.739106 	Validation Loss: 0.153434
Validation loss decreased (0.161351 --> 0.153434).  Saving model ...
Epoch: 13 	Training Loss: 0.719086 	Validation Loss: 0.153576
Epoch: 14 	Training Loss: 0.699897 	Validation Loss: 0.146691
Validation loss decreased (0.153434 --> 0.146691).  Saving model ...
Epoch: 15 	Training Loss: 0.685110 	Validation Loss: 0.152040
Epoch: 16 	Training Loss: 0.676361 	Validation Loss: 0.138755
Validation loss decreased (0.146691 --> 0.138755).  Saving model ...
Epoch: 17 	Training Loss: 0.667017 	Validation Loss: 0.147316
Epoch: 18 	Training Loss: 0.646989 	Validation Loss: 0.134059
Validation loss decreased (0.138755 --> 0.134059).  Saving model ...
Epoch: 19 	Training Loss: 0.632892 	Validation Loss: 0.137726
Test Loss: 0.689845

Test Accuracy of airplane: 76% (178/234)
Test Accuracy of automobile: 88% (217/246)
Test Accuracy of  bird: 73% (206/281)
Test Accuracy of   cat: 61% (155/253)
Test Accuracy of  deer: 76% (173/227)
Test Accuracy of   dog: 56% (142/250)
Test Accuracy of  frog: 83% (207/248)
Test Accuracy of horse: 64% (162/250)
Test Accuracy of  ship: 91% (237/258)
Test Accuracy of truck: 85% (227/265)

Test Accuracy (Overall): 75% (1904/2512)
Epoch: 0 	Training Loss: 1.432646 	Validation Loss: 0.298547
Validation loss decreased (inf --> 0.298547).  Saving model ...
Epoch: 1 	Training Loss: 1.208049 	Validation Loss: 0.256030
Validation loss decreased (0.298547 --> 0.256030).  Saving model ...
Epoch: 2 	Training Loss: 1.085282 	Validation Loss: 0.229857
Validation loss decreased (0.256030 --> 0.229857).  Saving model ...
Epoch: 3 	Training Loss: 0.999459 	Validation Loss: 0.210959
Validation loss decreased (0.229857 --> 0.210959).  Saving model ...
Epoch: 4 	Training Loss: 0.931634 	Validation Loss: 0.190458
Validation loss decreased (0.210959 --> 0.190458).  Saving model ...
Epoch: 5 	Training Loss: 0.867688 	Validation Loss: 0.184113
Validation loss decreased (0.190458 --> 0.184113).  Saving model ...
Epoch: 6 	Training Loss: 0.819868 	Validation Loss: 0.171864
Validation loss decreased (0.184113 --> 0.171864).  Saving model ...
Epoch: 7 	Training Loss: 0.781321 	Validation Loss: 0.171805
Validation loss decreased (0.171864 --> 0.171805).  Saving model ...
Epoch: 8 	Training Loss: 0.750272 	Validation Loss: 0.153737
Validation loss decreased (0.171805 --> 0.153737).  Saving model ...
Epoch: 9 	Training Loss: 0.716015 	Validation Loss: 0.146947
Validation loss decreased (0.153737 --> 0.146947).  Saving model ...
Epoch: 10 	Training Loss: 0.691597 	Validation Loss: 0.141362
Validation loss decreased (0.146947 --> 0.141362).  Saving model ...
Epoch: 11 	Training Loss: 0.672356 	Validation Loss: 0.136240
Validation loss decreased (0.141362 --> 0.136240).  Saving model ...
Epoch: 12 	Training Loss: 0.646617 	Validation Loss: 0.132971
Validation loss decreased (0.136240 --> 0.132971).  Saving model ...
Epoch: 13 	Training Loss: 0.626184 	Validation Loss: 0.129575
Validation loss decreased (0.132971 --> 0.129575).  Saving model ...
Epoch: 14 	Training Loss: 0.612879 	Validation Loss: 0.132044
Epoch: 15 	Training Loss: 0.594711 	Validation Loss: 0.125128
Validation loss decreased (0.129575 --> 0.125128).  Saving model ...
Epoch: 16 	Training Loss: 0.578473 	Validation Loss: 0.120951
Validation loss decreased (0.125128 --> 0.120951).  Saving model ...
Epoch: 17 	Training Loss: 0.567697 	Validation Loss: 0.115803
Validation loss decreased (0.120951 --> 0.115803).  Saving model ...
Epoch: 18 	Training Loss: 0.548909 	Validation Loss: 0.117431
Epoch: 19 	Training Loss: 0.544101 	Validation Loss: 0.118898
Test Loss: 0.611931

Test Accuracy of airplane: 80% (189/234)
Test Accuracy of automobile: 95% (234/246)
Test Accuracy of  bird: 61% (174/281)
Test Accuracy of   cat: 60% (153/253)
Test Accuracy of  deer: 84% (192/227)
Test Accuracy of   dog: 63% (159/250)
Test Accuracy of  frog: 87% (218/248)
Test Accuracy of horse: 74% (187/250)
Test Accuracy of  ship: 91% (237/258)
Test Accuracy of truck: 75% (201/265)

Test Accuracy (Overall): 77% (1944/2512)
Epoch: 0 	Training Loss: 1.492849 	Validation Loss: 0.306689
Validation loss decreased (inf --> 0.306689).  Saving model ...
Epoch: 1 	Training Loss: 1.256831 	Validation Loss: 0.263883
Validation loss decreased (0.306689 --> 0.263883).  Saving model ...
Epoch: 2 	Training Loss: 1.156850 	Validation Loss: 0.242467
Validation loss decreased (0.263883 --> 0.242467).  Saving model ...
Epoch: 3 	Training Loss: 1.057863 	Validation Loss: 0.228468
Validation loss decreased (0.242467 --> 0.228468).  Saving model ...
Epoch: 4 	Training Loss: 0.980499 	Validation Loss: 0.208630
Validation loss decreased (0.228468 --> 0.208630).  Saving model ...
Epoch: 5 	Training Loss: 0.926150 	Validation Loss: 0.188039
Validation loss decreased (0.208630 --> 0.188039).  Saving model ...
Epoch: 6 	Training Loss: 0.884658 	Validation Loss: 0.173924
Validation loss decreased (0.188039 --> 0.173924).  Saving model ...
Epoch: 7 	Training Loss: 0.841235 	Validation Loss: 0.178767
Epoch: 8 	Training Loss: 0.814664 	Validation Loss: 0.167600
Validation loss decreased (0.173924 --> 0.167600).  Saving model ...
Epoch: 9 	Training Loss: 0.782622 	Validation Loss: 0.172354
Epoch: 10 	Training Loss: 0.755493 	Validation Loss: 0.151238
Validation loss decreased (0.167600 --> 0.151238).  Saving model ...
Epoch: 11 	Training Loss: 0.728908 	Validation Loss: 0.153886
Epoch: 12 	Training Loss: 0.710464 	Validation Loss: 0.147821
Validation loss decreased (0.151238 --> 0.147821).  Saving model ...
Epoch: 13 	Training Loss: 0.691142 	Validation Loss: 0.138203
Validation loss decreased (0.147821 --> 0.138203).  Saving model ...
Epoch: 14 	Training Loss: 0.675979 	Validation Loss: 0.148891
Epoch: 15 	Training Loss: 0.650422 	Validation Loss: 0.130258
Validation loss decreased (0.138203 --> 0.130258).  Saving model ...
Epoch: 16 	Training Loss: 0.638993 	Validation Loss: 0.130557
Epoch: 17 	Training Loss: 0.624797 	Validation Loss: 0.127570
Validation loss decreased (0.130258 --> 0.127570).  Saving model ...
Epoch: 18 	Training Loss: 0.614226 	Validation Loss: 0.120628
Validation loss decreased (0.127570 --> 0.120628).  Saving model ...
Epoch: 19 	Training Loss: 0.600069 	Validation Loss: 0.117596
Validation loss decreased (0.120628 --> 0.117596).  Saving model ...
Test Loss: 0.597472

Test Accuracy of airplane: 80% (189/234)
Test Accuracy of automobile: 86% (214/246)
Test Accuracy of  bird: 65% (184/281)
Test Accuracy of   cat: 61% (156/253)
Test Accuracy of  deer: 79% (180/227)
Test Accuracy of   dog: 64% (160/250)
Test Accuracy of  frog: 81% (202/248)
Test Accuracy of horse: 84% (212/250)
Test Accuracy of  ship: 93% (241/258)
Test Accuracy of truck: 87% (231/265)

Test Accuracy (Overall): 78% (1969/2512)
Epoch: 0 	Training Loss: 1.472158 	Validation Loss: 0.306856
Validation loss decreased (inf --> 0.306856).  Saving model ...
Epoch: 1 	Training Loss: 1.232755 	Validation Loss: 0.265409
Validation loss decreased (0.306856 --> 0.265409).  Saving model ...
Epoch: 2 	Training Loss: 1.103150 	Validation Loss: 0.242481
Validation loss decreased (0.265409 --> 0.242481).  Saving model ...
Epoch: 3 	Training Loss: 0.999529 	Validation Loss: 0.220308
Validation loss decreased (0.242481 --> 0.220308).  Saving model ...
Epoch: 4 	Training Loss: 0.920672 	Validation Loss: 0.196634
Validation loss decreased (0.220308 --> 0.196634).  Saving model ...
Epoch: 5 	Training Loss: 0.857862 	Validation Loss: 0.191023
Validation loss decreased (0.196634 --> 0.191023).  Saving model ...
Epoch: 6 	Training Loss: 0.812909 	Validation Loss: 0.173130
Validation loss decreased (0.191023 --> 0.173130).  Saving model ...
Epoch: 7 	Training Loss: 0.769761 	Validation Loss: 0.158916
Validation loss decreased (0.173130 --> 0.158916).  Saving model ...
Epoch: 8 	Training Loss: 0.730652 	Validation Loss: 0.147567
Validation loss decreased (0.158916 --> 0.147567).  Saving model ...
Epoch: 9 	Training Loss: 0.698305 	Validation Loss: 0.148396
Epoch: 10 	Training Loss: 0.664555 	Validation Loss: 0.136929
Validation loss decreased (0.147567 --> 0.136929).  Saving model ...
Epoch: 11 	Training Loss: 0.641623 	Validation Loss: 0.130160
Validation loss decreased (0.136929 --> 0.130160).  Saving model ...
Epoch: 12 	Training Loss: 0.620195 	Validation Loss: 0.126875
Validation loss decreased (0.130160 --> 0.126875).  Saving model ...
Epoch: 13 	Training Loss: 0.595135 	Validation Loss: 0.119257
Validation loss decreased (0.126875 --> 0.119257).  Saving model ...
Epoch: 14 	Training Loss: 0.577760 	Validation Loss: 0.127545
Epoch: 15 	Training Loss: 0.562261 	Validation Loss: 0.118161
Validation loss decreased (0.119257 --> 0.118161).  Saving model ...
Epoch: 16 	Training Loss: 0.548730 	Validation Loss: 0.112617
Validation loss decreased (0.118161 --> 0.112617).  Saving model ...
Epoch: 17 	Training Loss: 0.535683 	Validation Loss: 0.113817
Epoch: 18 	Training Loss: 0.521359 	Validation Loss: 0.120371
Epoch: 19 	Training Loss: 0.511478 	Validation Loss: 0.115847
Test Loss: 0.595803

Test Accuracy of airplane: 82% (194/234)
Test Accuracy of automobile: 81% (201/246)
Test Accuracy of  bird: 85% (241/281)
Test Accuracy of   cat: 56% (143/253)
Test Accuracy of  deer: 76% (173/227)
Test Accuracy of   dog: 64% (162/250)
Test Accuracy of  frog: 81% (201/248)
Test Accuracy of horse: 86% (217/250)
Test Accuracy of  ship: 93% (240/258)
Test Accuracy of truck: 84% (224/265)

Test Accuracy (Overall): 79% (1996/2512)
Epoch: 0 	Training Loss: 1.499139 	Validation Loss: 0.313129
Validation loss decreased (inf --> 0.313129).  Saving model ...
Epoch: 1 	Training Loss: 1.285455 	Validation Loss: 0.282482
Validation loss decreased (0.313129 --> 0.282482).  Saving model ...
Epoch: 2 	Training Loss: 1.173741 	Validation Loss: 0.249120
Validation loss decreased (0.282482 --> 0.249120).  Saving model ...
Epoch: 3 	Training Loss: 1.076307 	Validation Loss: 0.224160
Validation loss decreased (0.249120 --> 0.224160).  Saving model ...
Epoch: 4 	Training Loss: 1.009033 	Validation Loss: 0.215660
Validation loss decreased (0.224160 --> 0.215660).  Saving model ...
Epoch: 5 	Training Loss: 0.948100 	Validation Loss: 0.202075
Validation loss decreased (0.215660 --> 0.202075).  Saving model ...
Epoch: 6 	Training Loss: 0.902614 	Validation Loss: 0.191491
Validation loss decreased (0.202075 --> 0.191491).  Saving model ...
Epoch: 7 	Training Loss: 0.855879 	Validation Loss: 0.174991
Validation loss decreased (0.191491 --> 0.174991).  Saving model ...
Epoch: 8 	Training Loss: 0.825321 	Validation Loss: 0.183573
Epoch: 9 	Training Loss: 0.794586 	Validation Loss: 0.161008
Validation loss decreased (0.174991 --> 0.161008).  Saving model ...
Epoch: 10 	Training Loss: 0.763069 	Validation Loss: 0.165722
Epoch: 11 	Training Loss: 0.739839 	Validation Loss: 0.145057
Validation loss decreased (0.161008 --> 0.145057).  Saving model ...
Epoch: 12 	Training Loss: 0.706811 	Validation Loss: 0.139873
Validation loss decreased (0.145057 --> 0.139873).  Saving model ...
Epoch: 13 	Training Loss: 0.690910 	Validation Loss: 0.158018
Epoch: 14 	Training Loss: 0.674711 	Validation Loss: 0.139473
Validation loss decreased (0.139873 --> 0.139473).  Saving model ...
Epoch: 15 	Training Loss: 0.650621 	Validation Loss: 0.134544
Validation loss decreased (0.139473 --> 0.134544).  Saving model ...
Epoch: 16 	Training Loss: 0.634499 	Validation Loss: 0.134521
Validation loss decreased (0.134544 --> 0.134521).  Saving model ...
Epoch: 17 	Training Loss: 0.621667 	Validation Loss: 0.122020
Validation loss decreased (0.134521 --> 0.122020).  Saving model ...
Epoch: 18 	Training Loss: 0.604653 	Validation Loss: 0.124045
Epoch: 19 	Training Loss: 0.583661 	Validation Loss: 0.119899
Validation loss decreased (0.122020 --> 0.119899).  Saving model ...
Test Loss: 0.597662

Test Accuracy of airplane: 79% (185/234)
Test Accuracy of automobile: 91% (224/246)
Test Accuracy of  bird: 76% (214/281)
Test Accuracy of   cat: 60% (154/253)
Test Accuracy of  deer: 77% (177/227)
Test Accuracy of   dog: 75% (189/250)
Test Accuracy of  frog: 79% (197/248)
Test Accuracy of horse: 77% (193/250)
Test Accuracy of  ship: 89% (230/258)
Test Accuracy of truck: 88% (235/265)

Test Accuracy (Overall): 79% (1998/2512)
Epoch: 0 	Training Loss: 1.479419 	Validation Loss: 0.319111
Validation loss decreased (inf --> 0.319111).  Saving model ...
Epoch: 1 	Training Loss: 1.241854 	Validation Loss: 0.265965
Validation loss decreased (0.319111 --> 0.265965).  Saving model ...
Epoch: 2 	Training Loss: 1.114129 	Validation Loss: 0.231383
Validation loss decreased (0.265965 --> 0.231383).  Saving model ...
Epoch: 3 	Training Loss: 1.013380 	Validation Loss: 0.235308
Epoch: 4 	Training Loss: 0.939108 	Validation Loss: 0.198065
Validation loss decreased (0.231383 --> 0.198065).  Saving model ...
Epoch: 5 	Training Loss: 0.876736 	Validation Loss: 0.191873
Validation loss decreased (0.198065 --> 0.191873).  Saving model ...
Epoch: 6 	Training Loss: 0.825529 	Validation Loss: 0.176160
Validation loss decreased (0.191873 --> 0.176160).  Saving model ...
Epoch: 7 	Training Loss: 0.786422 	Validation Loss: 0.181445
Epoch: 8 	Training Loss: 0.753936 	Validation Loss: 0.158442
Validation loss decreased (0.176160 --> 0.158442).  Saving model ...
Epoch: 9 	Training Loss: 0.718869 	Validation Loss: 0.155905
Validation loss decreased (0.158442 --> 0.155905).  Saving model ...
Epoch: 10 	Training Loss: 0.693034 	Validation Loss: 0.147959
Validation loss decreased (0.155905 --> 0.147959).  Saving model ...
Epoch: 11 	Training Loss: 0.668338 	Validation Loss: 0.144406
Validation loss decreased (0.147959 --> 0.144406).  Saving model ...
Epoch: 12 	Training Loss: 0.644038 	Validation Loss: 0.138940
Validation loss decreased (0.144406 --> 0.138940).  Saving model ...
Epoch: 13 	Training Loss: 0.621537 	Validation Loss: 0.131672
Validation loss decreased (0.138940 --> 0.131672).  Saving model ...
Epoch: 14 	Training Loss: 0.597783 	Validation Loss: 0.126649
Validation loss decreased (0.131672 --> 0.126649).  Saving model ...
Epoch: 15 	Training Loss: 0.581924 	Validation Loss: 0.125510
Validation loss decreased (0.126649 --> 0.125510).  Saving model ...
Epoch: 16 	Training Loss: 0.561574 	Validation Loss: 0.124562
Validation loss decreased (0.125510 --> 0.124562).  Saving model ...
Epoch: 17 	Training Loss: 0.543803 	Validation Loss: 0.125116
Epoch: 18 	Training Loss: 0.531308 	Validation Loss: 0.114874
Validation loss decreased (0.124562 --> 0.114874).  Saving model ...
Epoch: 19 	Training Loss: 0.517422 	Validation Loss: 0.120323
Test Loss: 0.626866

Test Accuracy of airplane: 76% (179/234)
Test Accuracy of automobile: 91% (225/246)
Test Accuracy of  bird: 77% (218/281)
Test Accuracy of   cat: 62% (159/253)
Test Accuracy of  deer: 62% (142/227)
Test Accuracy of   dog: 61% (154/250)
Test Accuracy of  frog: 79% (197/248)
Test Accuracy of horse: 85% (213/250)
Test Accuracy of  ship: 92% (238/258)
Test Accuracy of truck: 89% (236/265)

Test Accuracy (Overall): 78% (1961/2512)
Epoch: 0 	Training Loss: 1.474417 	Validation Loss: 0.310835
Validation loss decreased (inf --> 0.310835).  Saving model ...
Epoch: 1 	Training Loss: 1.254351 	Validation Loss: 0.272330
Validation loss decreased (0.310835 --> 0.272330).  Saving model ...
Epoch: 2 	Training Loss: 1.131326 	Validation Loss: 0.234352
Validation loss decreased (0.272330 --> 0.234352).  Saving model ...
Epoch: 3 	Training Loss: 1.036411 	Validation Loss: 0.211683
Validation loss decreased (0.234352 --> 0.211683).  Saving model ...
Epoch: 4 	Training Loss: 0.961942 	Validation Loss: 0.205045
Validation loss decreased (0.211683 --> 0.205045).  Saving model ...
Epoch: 5 	Training Loss: 0.903223 	Validation Loss: 0.186943
Validation loss decreased (0.205045 --> 0.186943).  Saving model ...
Epoch: 6 	Training Loss: 0.859003 	Validation Loss: 0.179041
Validation loss decreased (0.186943 --> 0.179041).  Saving model ...
Epoch: 7 	Training Loss: 0.811128 	Validation Loss: 0.171377
Validation loss decreased (0.179041 --> 0.171377).  Saving model ...
Epoch: 8 	Training Loss: 0.779779 	Validation Loss: 0.159800
Validation loss decreased (0.171377 --> 0.159800).  Saving model ...
Epoch: 9 	Training Loss: 0.750848 	Validation Loss: 0.151203
Validation loss decreased (0.159800 --> 0.151203).  Saving model ...
Epoch: 10 	Training Loss: 0.727587 	Validation Loss: 0.146599
Validation loss decreased (0.151203 --> 0.146599).  Saving model ...
Epoch: 11 	Training Loss: 0.698262 	Validation Loss: 0.139965
Validation loss decreased (0.146599 --> 0.139965).  Saving model ...
Epoch: 12 	Training Loss: 0.670480 	Validation Loss: 0.139817
Validation loss decreased (0.139965 --> 0.139817).  Saving model ...
Epoch: 13 	Training Loss: 0.651930 	Validation Loss: 0.142844
Epoch: 14 	Training Loss: 0.635062 	Validation Loss: 0.128437
Validation loss decreased (0.139817 --> 0.128437).  Saving model ...
Epoch: 15 	Training Loss: 0.612380 	Validation Loss: 0.130255
Epoch: 16 	Training Loss: 0.599947 	Validation Loss: 0.124060
Validation loss decreased (0.128437 --> 0.124060).  Saving model ...
Epoch: 17 	Training Loss: 0.589733 	Validation Loss: 0.119235
Validation loss decreased (0.124060 --> 0.119235).  Saving model ...
Epoch: 18 	Training Loss: 0.572645 	Validation Loss: 0.115740
Validation loss decreased (0.119235 --> 0.115740).  Saving model ...
Epoch: 19 	Training Loss: 0.564447 	Validation Loss: 0.117333
Test Loss: 0.594993

Test Accuracy of airplane: 76% (178/234)
Test Accuracy of automobile: 87% (215/246)
Test Accuracy of  bird: 70% (197/281)
Test Accuracy of   cat: 70% (179/253)
Test Accuracy of  deer: 82% (188/227)
Test Accuracy of   dog: 62% (157/250)
Test Accuracy of  frog: 84% (209/248)
Test Accuracy of horse: 84% (211/250)
Test Accuracy of  ship: 94% (243/258)
Test Accuracy of truck: 81% (216/265)

Test Accuracy (Overall): 79% (1993/2512)
Epoch: 0 	Training Loss: 1.458217 	Validation Loss: 0.308942
Validation loss decreased (inf --> 0.308942).  Saving model ...
Epoch: 1 	Training Loss: 1.209761 	Validation Loss: 0.254185
Validation loss decreased (0.308942 --> 0.254185).  Saving model ...
Epoch: 2 	Training Loss: 1.063439 	Validation Loss: 0.241063
Validation loss decreased (0.254185 --> 0.241063).  Saving model ...
Epoch: 3 	Training Loss: 0.967179 	Validation Loss: 0.208378
Validation loss decreased (0.241063 --> 0.208378).  Saving model ...
Epoch: 4 	Training Loss: 0.898802 	Validation Loss: 0.186799
Validation loss decreased (0.208378 --> 0.186799).  Saving model ...
Epoch: 5 	Training Loss: 0.838188 	Validation Loss: 0.175280
Validation loss decreased (0.186799 --> 0.175280).  Saving model ...
Epoch: 6 	Training Loss: 0.794583 	Validation Loss: 0.162317
Validation loss decreased (0.175280 --> 0.162317).  Saving model ...
Epoch: 7 	Training Loss: 0.753875 	Validation Loss: 0.155911
Validation loss decreased (0.162317 --> 0.155911).  Saving model ...
Epoch: 8 	Training Loss: 0.719417 	Validation Loss: 0.154263
Validation loss decreased (0.155911 --> 0.154263).  Saving model ...
Epoch: 9 	Training Loss: 0.685663 	Validation Loss: 0.143073
Validation loss decreased (0.154263 --> 0.143073).  Saving model ...
Epoch: 10 	Training Loss: 0.656030 	Validation Loss: 0.131619
Validation loss decreased (0.143073 --> 0.131619).  Saving model ...
Epoch: 11 	Training Loss: 0.634003 	Validation Loss: 0.137830
Epoch: 12 	Training Loss: 0.612066 	Validation Loss: 0.129716
Validation loss decreased (0.131619 --> 0.129716).  Saving model ...
Epoch: 13 	Training Loss: 0.597167 	Validation Loss: 0.127187
Validation loss decreased (0.129716 --> 0.127187).  Saving model ...
Epoch: 14 	Training Loss: 0.582433 	Validation Loss: 0.121201
Validation loss decreased (0.127187 --> 0.121201).  Saving model ...
Epoch: 15 	Training Loss: 0.558144 	Validation Loss: 0.115105
Validation loss decreased (0.121201 --> 0.115105).  Saving model ...
Epoch: 16 	Training Loss: 0.548022 	Validation Loss: 0.122365
Epoch: 17 	Training Loss: 0.531527 	Validation Loss: 0.110323
Validation loss decreased (0.115105 --> 0.110323).  Saving model ...
Epoch: 18 	Training Loss: 0.518879 	Validation Loss: 0.113878
Epoch: 19 	Training Loss: 0.506167 	Validation Loss: 0.103406
Validation loss decreased (0.110323 --> 0.103406).  Saving model ...
Test Loss: 0.528474

Test Accuracy of airplane: 80% (189/234)
Test Accuracy of automobile: 92% (227/246)
Test Accuracy of  bird: 66% (186/281)
Test Accuracy of   cat: 65% (166/253)
Test Accuracy of  deer: 85% (193/227)
Test Accuracy of   dog: 71% (179/250)
Test Accuracy of  frog: 86% (215/248)
Test Accuracy of horse: 83% (209/250)
Test Accuracy of  ship: 93% (240/258)
Test Accuracy of truck: 87% (232/265)

Test Accuracy (Overall): 81% (2036/2512)
Epoch: 0 	Training Loss: 1.552263 	Validation Loss: 0.329609
Validation loss decreased (inf --> 0.329609).  Saving model ...
Epoch: 1 	Training Loss: 1.311734 	Validation Loss: 0.279330
Validation loss decreased (0.329609 --> 0.279330).  Saving model ...
Epoch: 2 	Training Loss: 1.199925 	Validation Loss: 0.253318
Validation loss decreased (0.279330 --> 0.253318).  Saving model ...
Epoch: 3 	Training Loss: 1.109304 	Validation Loss: 0.225661
Validation loss decreased (0.253318 --> 0.225661).  Saving model ...
Epoch: 4 	Training Loss: 1.036047 	Validation Loss: 0.211884
Validation loss decreased (0.225661 --> 0.211884).  Saving model ...
Epoch: 5 	Training Loss: 0.974701 	Validation Loss: 0.201446
Validation loss decreased (0.211884 --> 0.201446).  Saving model ...
Epoch: 6 	Training Loss: 0.916257 	Validation Loss: 0.189106
Validation loss decreased (0.201446 --> 0.189106).  Saving model ...
Epoch: 7 	Training Loss: 0.874004 	Validation Loss: 0.175434
Validation loss decreased (0.189106 --> 0.175434).  Saving model ...
Epoch: 8 	Training Loss: 0.831773 	Validation Loss: 0.163598
Validation loss decreased (0.175434 --> 0.163598).  Saving model ...
Epoch: 9 	Training Loss: 0.788083 	Validation Loss: 0.158115
Validation loss decreased (0.163598 --> 0.158115).  Saving model ...
Epoch: 10 	Training Loss: 0.770891 	Validation Loss: 0.162481
Epoch: 11 	Training Loss: 0.736173 	Validation Loss: 0.150050
Validation loss decreased (0.158115 --> 0.150050).  Saving model ...
Epoch: 12 	Training Loss: 0.716654 	Validation Loss: 0.141519
Validation loss decreased (0.150050 --> 0.141519).  Saving model ...
Epoch: 13 	Training Loss: 0.697570 	Validation Loss: 0.130732
Validation loss decreased (0.141519 --> 0.130732).  Saving model ...
Epoch: 14 	Training Loss: 0.681713 	Validation Loss: 0.127435
Validation loss decreased (0.130732 --> 0.127435).  Saving model ...
Epoch: 15 	Training Loss: 0.663858 	Validation Loss: 0.126658
Validation loss decreased (0.127435 --> 0.126658).  Saving model ...
Epoch: 16 	Training Loss: 0.646363 	Validation Loss: 0.127894
Epoch: 17 	Training Loss: 0.637136 	Validation Loss: 0.121398
Validation loss decreased (0.126658 --> 0.121398).  Saving model ...
Epoch: 18 	Training Loss: 0.618263 	Validation Loss: 0.124099
Epoch: 19 	Training Loss: 0.609644 	Validation Loss: 0.113041
Validation loss decreased (0.121398 --> 0.113041).  Saving model ...
Test Loss: 0.583215

Test Accuracy of airplane: 85% (200/234)
Test Accuracy of automobile: 91% (225/246)
Test Accuracy of  bird: 63% (179/281)
Test Accuracy of   cat: 72% (184/253)
Test Accuracy of  deer: 81% (184/227)
Test Accuracy of   dog: 66% (167/250)
Test Accuracy of  frog: 85% (212/248)
Test Accuracy of horse: 84% (210/250)
Test Accuracy of  ship: 90% (234/258)
Test Accuracy of truck: 85% (226/265)

Test Accuracy (Overall): 80% (2021/2512)
Epoch: 0 	Training Loss: 1.514255 	Validation Loss: 0.312762
Validation loss decreased (inf --> 0.312762).  Saving model ...
Epoch: 1 	Training Loss: 1.289919 	Validation Loss: 0.282652
Validation loss decreased (0.312762 --> 0.282652).  Saving model ...
Epoch: 2 	Training Loss: 1.178994 	Validation Loss: 0.247766
Validation loss decreased (0.282652 --> 0.247766).  Saving model ...
Epoch: 3 	Training Loss: 1.096079 	Validation Loss: 0.231189
Validation loss decreased (0.247766 --> 0.231189).  Saving model ...
Epoch: 4 	Training Loss: 1.023329 	Validation Loss: 0.216417
Validation loss decreased (0.231189 --> 0.216417).  Saving model ...
Epoch: 5 	Training Loss: 0.964826 	Validation Loss: 0.201391
Validation loss decreased (0.216417 --> 0.201391).  Saving model ...
Epoch: 6 	Training Loss: 0.911851 	Validation Loss: 0.192717
Validation loss decreased (0.201391 --> 0.192717).  Saving model ...
Epoch: 7 	Training Loss: 0.867708 	Validation Loss: 0.174609
Validation loss decreased (0.192717 --> 0.174609).  Saving model ...
Epoch: 8 	Training Loss: 0.831188 	Validation Loss: 0.166018
Validation loss decreased (0.174609 --> 0.166018).  Saving model ...
Epoch: 9 	Training Loss: 0.800186 	Validation Loss: 0.160301
Validation loss decreased (0.166018 --> 0.160301).  Saving model ...
Epoch: 10 	Training Loss: 0.765229 	Validation Loss: 0.155770
Validation loss decreased (0.160301 --> 0.155770).  Saving model ...
Epoch: 11 	Training Loss: 0.744673 	Validation Loss: 0.163597
Epoch: 12 	Training Loss: 0.715995 	Validation Loss: 0.144867
Validation loss decreased (0.155770 --> 0.144867).  Saving model ...
Epoch: 13 	Training Loss: 0.692308 	Validation Loss: 0.144003
Validation loss decreased (0.144867 --> 0.144003).  Saving model ...
Epoch: 14 	Training Loss: 0.674422 	Validation Loss: 0.132666
Validation loss decreased (0.144003 --> 0.132666).  Saving model ...
Epoch: 15 	Training Loss: 0.651710 	Validation Loss: 0.130967
Validation loss decreased (0.132666 --> 0.130967).  Saving model ...
Epoch: 16 	Training Loss: 0.633406 	Validation Loss: 0.127558
Validation loss decreased (0.130967 --> 0.127558).  Saving model ...
Epoch: 17 	Training Loss: 0.619166 	Validation Loss: 0.126183
Validation loss decreased (0.127558 --> 0.126183).  Saving model ...
Epoch: 18 	Training Loss: 0.613294 	Validation Loss: 0.129670
Epoch: 19 	Training Loss: 0.592371 	Validation Loss: 0.116668
Validation loss decreased (0.126183 --> 0.116668).  Saving model ...
Test Loss: 0.593712

Test Accuracy of airplane: 83% (196/234)
Test Accuracy of automobile: 91% (224/246)
Test Accuracy of  bird: 74% (208/281)
Test Accuracy of   cat: 55% (141/253)
Test Accuracy of  deer: 78% (178/227)
Test Accuracy of   dog: 59% (149/250)
Test Accuracy of  frog: 85% (213/248)
Test Accuracy of horse: 85% (213/250)
Test Accuracy of  ship: 91% (236/258)
Test Accuracy of truck: 84% (225/265)

Test Accuracy (Overall): 78% (1983/2512)
Epoch: 0 	Training Loss: 1.499524 	Validation Loss: 0.309505
Validation loss decreased (inf --> 0.309505).  Saving model ...
Epoch: 1 	Training Loss: 1.255821 	Validation Loss: 0.271248
Validation loss decreased (0.309505 --> 0.271248).  Saving model ...
Epoch: 2 	Training Loss: 1.128036 	Validation Loss: 0.248307
Validation loss decreased (0.271248 --> 0.248307).  Saving model ...
Epoch: 3 	Training Loss: 1.020241 	Validation Loss: 0.223735
Validation loss decreased (0.248307 --> 0.223735).  Saving model ...
Epoch: 4 	Training Loss: 0.939846 	Validation Loss: 0.201487
Validation loss decreased (0.223735 --> 0.201487).  Saving model ...
Epoch: 5 	Training Loss: 0.875212 	Validation Loss: 0.189914
Validation loss decreased (0.201487 --> 0.189914).  Saving model ...
Epoch: 6 	Training Loss: 0.821664 	Validation Loss: 0.180575
Validation loss decreased (0.189914 --> 0.180575).  Saving model ...
Epoch: 7 	Training Loss: 0.780444 	Validation Loss: 0.168678
Validation loss decreased (0.180575 --> 0.168678).  Saving model ...
Epoch: 8 	Training Loss: 0.745913 	Validation Loss: 0.163020
Validation loss decreased (0.168678 --> 0.163020).  Saving model ...
Epoch: 9 	Training Loss: 0.717390 	Validation Loss: 0.153067
Validation loss decreased (0.163020 --> 0.153067).  Saving model ...
Epoch: 10 	Training Loss: 0.682762 	Validation Loss: 0.150838
Validation loss decreased (0.153067 --> 0.150838).  Saving model ...
Epoch: 11 	Training Loss: 0.662038 	Validation Loss: 0.149540
Validation loss decreased (0.150838 --> 0.149540).  Saving model ...
Epoch: 12 	Training Loss: 0.638886 	Validation Loss: 0.137660
Validation loss decreased (0.149540 --> 0.137660).  Saving model ...
Epoch: 13 	Training Loss: 0.622270 	Validation Loss: 0.149960
Epoch: 14 	Training Loss: 0.604779 	Validation Loss: 0.143146
Epoch: 15 	Training Loss: 0.585365 	Validation Loss: 0.128924
Validation loss decreased (0.137660 --> 0.128924).  Saving model ...
Epoch: 16 	Training Loss: 0.567346 	Validation Loss: 0.133147
Epoch: 17 	Training Loss: 0.551314 	Validation Loss: 0.132628
Epoch: 18 	Training Loss: 0.538956 	Validation Loss: 0.125438
Validation loss decreased (0.128924 --> 0.125438).  Saving model ...
Epoch: 19 	Training Loss: 0.524963 	Validation Loss: 0.121424
Validation loss decreased (0.125438 --> 0.121424).  Saving model ...
Test Loss: 0.619599

Test Accuracy of airplane: 79% (187/234)
Test Accuracy of automobile: 90% (223/246)
Test Accuracy of  bird: 60% (171/281)
Test Accuracy of   cat: 45% (115/253)
Test Accuracy of  deer: 83% (189/227)
Test Accuracy of   dog: 74% (186/250)
Test Accuracy of  frog: 88% (220/248)
Test Accuracy of horse: 86% (216/250)
Test Accuracy of  ship: 86% (222/258)
Test Accuracy of truck: 86% (230/265)

Test Accuracy (Overall): 77% (1959/2512)
Epoch: 0 	Training Loss: 1.419237 	Validation Loss: 0.294767
Validation loss decreased (inf --> 0.294767).  Saving model ...
Epoch: 1 	Training Loss: 1.178069 	Validation Loss: 0.260840
Validation loss decreased (0.294767 --> 0.260840).  Saving model ...
Epoch: 2 	Training Loss: 1.057845 	Validation Loss: 0.240769
Validation loss decreased (0.260840 --> 0.240769).  Saving model ...
Epoch: 3 	Training Loss: 0.961593 	Validation Loss: 0.209049
Validation loss decreased (0.240769 --> 0.209049).  Saving model ...
Epoch: 4 	Training Loss: 0.901890 	Validation Loss: 0.194629
Validation loss decreased (0.209049 --> 0.194629).  Saving model ...
Epoch: 5 	Training Loss: 0.849969 	Validation Loss: 0.200326
Epoch: 6 	Training Loss: 0.806113 	Validation Loss: 0.171800
Validation loss decreased (0.194629 --> 0.171800).  Saving model ...
Epoch: 7 	Training Loss: 0.767467 	Validation Loss: 0.173157
Epoch: 8 	Training Loss: 0.735438 	Validation Loss: 0.167920
Validation loss decreased (0.171800 --> 0.167920).  Saving model ...
Epoch: 9 	Training Loss: 0.705429 	Validation Loss: 0.151098
Validation loss decreased (0.167920 --> 0.151098).  Saving model ...
Epoch: 10 	Training Loss: 0.684115 	Validation Loss: 0.148029
Validation loss decreased (0.151098 --> 0.148029).  Saving model ...
Epoch: 11 	Training Loss: 0.659542 	Validation Loss: 0.142486
Validation loss decreased (0.148029 --> 0.142486).  Saving model ...
Epoch: 12 	Training Loss: 0.634527 	Validation Loss: 0.135612
Validation loss decreased (0.142486 --> 0.135612).  Saving model ...
Epoch: 13 	Training Loss: 0.617013 	Validation Loss: 0.133784
Validation loss decreased (0.135612 --> 0.133784).  Saving model ...
Epoch: 14 	Training Loss: 0.599992 	Validation Loss: 0.134211
Epoch: 15 	Training Loss: 0.580992 	Validation Loss: 0.134676
Epoch: 16 	Training Loss: 0.568420 	Validation Loss: 0.133209
Validation loss decreased (0.133784 --> 0.133209).  Saving model ...
Epoch: 17 	Training Loss: 0.556280 	Validation Loss: 0.118195
Validation loss decreased (0.133209 --> 0.118195).  Saving model ...
Epoch: 18 	Training Loss: 0.543377 	Validation Loss: 0.124625
Epoch: 19 	Training Loss: 0.530598 	Validation Loss: 0.131745
Test Loss: 0.673550

Test Accuracy of airplane: 78% (183/234)
Test Accuracy of automobile: 93% (231/246)
Test Accuracy of  bird: 52% (148/281)
Test Accuracy of   cat: 50% (128/253)
Test Accuracy of  deer: 76% (174/227)
Test Accuracy of   dog: 70% (177/250)
Test Accuracy of  frog: 70% (176/248)
Test Accuracy of horse: 87% (219/250)
Test Accuracy of  ship: 89% (230/258)
Test Accuracy of truck: 91% (242/265)

Test Accuracy (Overall): 75% (1908/2512)
Epoch: 0 	Training Loss: 1.483591 	Validation Loss: 0.304447
Validation loss decreased (inf --> 0.304447).  Saving model ...
Epoch: 1 	Training Loss: 1.254166 	Validation Loss: 0.268524
Validation loss decreased (0.304447 --> 0.268524).  Saving model ...
Epoch: 2 	Training Loss: 1.125986 	Validation Loss: 0.253112
Validation loss decreased (0.268524 --> 0.253112).  Saving model ...
Epoch: 3 	Training Loss: 1.019464 	Validation Loss: 0.209393
Validation loss decreased (0.253112 --> 0.209393).  Saving model ...
Epoch: 4 	Training Loss: 0.951491 	Validation Loss: 0.196890
Validation loss decreased (0.209393 --> 0.196890).  Saving model ...
Epoch: 5 	Training Loss: 0.889546 	Validation Loss: 0.182135
Validation loss decreased (0.196890 --> 0.182135).  Saving model ...
Epoch: 6 	Training Loss: 0.847384 	Validation Loss: 0.180131
Validation loss decreased (0.182135 --> 0.180131).  Saving model ...
Epoch: 7 	Training Loss: 0.814549 	Validation Loss: 0.169794
Validation loss decreased (0.180131 --> 0.169794).  Saving model ...
Epoch: 8 	Training Loss: 0.777107 	Validation Loss: 0.158413
Validation loss decreased (0.169794 --> 0.158413).  Saving model ...
Epoch: 9 	Training Loss: 0.746403 	Validation Loss: 0.142448
Validation loss decreased (0.158413 --> 0.142448).  Saving model ...
Epoch: 10 	Training Loss: 0.724614 	Validation Loss: 0.141038
Validation loss decreased (0.142448 --> 0.141038).  Saving model ...
Epoch: 11 	Training Loss: 0.699798 	Validation Loss: 0.138342
Validation loss decreased (0.141038 --> 0.138342).  Saving model ...
Epoch: 12 	Training Loss: 0.671239 	Validation Loss: 0.130475
Validation loss decreased (0.138342 --> 0.130475).  Saving model ...
Epoch: 13 	Training Loss: 0.651649 	Validation Loss: 0.127118
Validation loss decreased (0.130475 --> 0.127118).  Saving model ...
Epoch: 14 	Training Loss: 0.627270 	Validation Loss: 0.126294
Validation loss decreased (0.127118 --> 0.126294).  Saving model ...
Epoch: 15 	Training Loss: 0.610157 	Validation Loss: 0.124772
Validation loss decreased (0.126294 --> 0.124772).  Saving model ...
Epoch: 16 	Training Loss: 0.600695 	Validation Loss: 0.119391
Validation loss decreased (0.124772 --> 0.119391).  Saving model ...
Epoch: 17 	Training Loss: 0.580732 	Validation Loss: 0.122607
Epoch: 18 	Training Loss: 0.567630 	Validation Loss: 0.112605
Validation loss decreased (0.119391 --> 0.112605).  Saving model ...
Epoch: 19 	Training Loss: 0.556162 	Validation Loss: 0.111395
Validation loss decreased (0.112605 --> 0.111395).  Saving model ...
Test Loss: 0.572572

Test Accuracy of airplane: 87% (204/234)
Test Accuracy of automobile: 90% (223/246)
Test Accuracy of  bird: 80% (226/281)
Test Accuracy of   cat: 58% (149/253)
Test Accuracy of  deer: 84% (191/227)
Test Accuracy of   dog: 61% (154/250)
Test Accuracy of  frog: 84% (210/248)
Test Accuracy of horse: 86% (216/250)
Test Accuracy of  ship: 92% (239/258)
Test Accuracy of truck: 80% (214/265)

Test Accuracy (Overall): 80% (2026/2512)
Epoch: 0 	Training Loss: 1.515439 	Validation Loss: 0.338358
Validation loss decreased (inf --> 0.338358).  Saving model ...
Epoch: 1 	Training Loss: 1.312910 	Validation Loss: 0.286532
Validation loss decreased (0.338358 --> 0.286532).  Saving model ...
Epoch: 2 	Training Loss: 1.213177 	Validation Loss: 0.271436
Validation loss decreased (0.286532 --> 0.271436).  Saving model ...
Epoch: 3 	Training Loss: 1.129895 	Validation Loss: 0.248116
Validation loss decreased (0.271436 --> 0.248116).  Saving model ...
Epoch: 4 	Training Loss: 1.050601 	Validation Loss: 0.235904
Validation loss decreased (0.248116 --> 0.235904).  Saving model ...
Epoch: 5 	Training Loss: 0.986533 	Validation Loss: 0.208062
Validation loss decreased (0.235904 --> 0.208062).  Saving model ...
Epoch: 6 	Training Loss: 0.932686 	Validation Loss: 0.197282
Validation loss decreased (0.208062 --> 0.197282).  Saving model ...
Epoch: 7 	Training Loss: 0.890718 	Validation Loss: 0.178324
Validation loss decreased (0.197282 --> 0.178324).  Saving model ...
Epoch: 8 	Training Loss: 0.855484 	Validation Loss: 0.172838
Validation loss decreased (0.178324 --> 0.172838).  Saving model ...
Epoch: 9 	Training Loss: 0.822747 	Validation Loss: 0.177999
Epoch: 10 	Training Loss: 0.794158 	Validation Loss: 0.164357
Validation loss decreased (0.172838 --> 0.164357).  Saving model ...
Epoch: 11 	Training Loss: 0.770831 	Validation Loss: 0.151723
Validation loss decreased (0.164357 --> 0.151723).  Saving model ...
Epoch: 12 	Training Loss: 0.749552 	Validation Loss: 0.155180
Epoch: 13 	Training Loss: 0.725156 	Validation Loss: 0.142633
Validation loss decreased (0.151723 --> 0.142633).  Saving model ...
Epoch: 14 	Training Loss: 0.707581 	Validation Loss: 0.137377
Validation loss decreased (0.142633 --> 0.137377).  Saving model ...
Epoch: 15 	Training Loss: 0.690104 	Validation Loss: 0.129185
Validation loss decreased (0.137377 --> 0.129185).  Saving model ...
Epoch: 16 	Training Loss: 0.667279 	Validation Loss: 0.131084
Epoch: 17 	Training Loss: 0.650397 	Validation Loss: 0.131081
Epoch: 18 	Training Loss: 0.638234 	Validation Loss: 0.122733
Validation loss decreased (0.129185 --> 0.122733).  Saving model ...
Epoch: 19 	Training Loss: 0.620752 	Validation Loss: 0.126634
Test Loss: 0.644994

Test Accuracy of airplane: 84% (197/234)
Test Accuracy of automobile: 90% (222/246)
Test Accuracy of  bird: 77% (218/281)
Test Accuracy of   cat: 49% (126/253)
Test Accuracy of  deer: 62% (141/227)
Test Accuracy of   dog: 64% (161/250)
Test Accuracy of  frog: 84% (210/248)
Test Accuracy of horse: 86% (215/250)
Test Accuracy of  ship: 93% (240/258)
Test Accuracy of truck: 84% (225/265)

Test Accuracy (Overall): 77% (1955/2512)
Epoch: 0 	Training Loss: 1.513822 	Validation Loss: 0.323824
Validation loss decreased (inf --> 0.323824).  Saving model ...
Epoch: 1 	Training Loss: 1.283869 	Validation Loss: 0.292126
Validation loss decreased (0.323824 --> 0.292126).  Saving model ...
Epoch: 2 	Training Loss: 1.158347 	Validation Loss: 0.256417
Validation loss decreased (0.292126 --> 0.256417).  Saving model ...
Epoch: 3 	Training Loss: 1.065676 	Validation Loss: 0.229784
Validation loss decreased (0.256417 --> 0.229784).  Saving model ...
Epoch: 4 	Training Loss: 0.978595 	Validation Loss: 0.212296
Validation loss decreased (0.229784 --> 0.212296).  Saving model ...
Epoch: 5 	Training Loss: 0.913301 	Validation Loss: 0.191163
Validation loss decreased (0.212296 --> 0.191163).  Saving model ...
Epoch: 6 	Training Loss: 0.854686 	Validation Loss: 0.187292
Validation loss decreased (0.191163 --> 0.187292).  Saving model ...
Epoch: 7 	Training Loss: 0.812726 	Validation Loss: 0.182348
Validation loss decreased (0.187292 --> 0.182348).  Saving model ...
Epoch: 8 	Training Loss: 0.772091 	Validation Loss: 0.166315
Validation loss decreased (0.182348 --> 0.166315).  Saving model ...
Epoch: 9 	Training Loss: 0.740999 	Validation Loss: 0.152702
Validation loss decreased (0.166315 --> 0.152702).  Saving model ...
Epoch: 10 	Training Loss: 0.709232 	Validation Loss: 0.152960
Epoch: 11 	Training Loss: 0.681926 	Validation Loss: 0.143498
Validation loss decreased (0.152702 --> 0.143498).  Saving model ...
Epoch: 12 	Training Loss: 0.657629 	Validation Loss: 0.134677
Validation loss decreased (0.143498 --> 0.134677).  Saving model ...
Epoch: 13 	Training Loss: 0.634819 	Validation Loss: 0.145559
Epoch: 14 	Training Loss: 0.609743 	Validation Loss: 0.135679
Epoch: 15 	Training Loss: 0.589673 	Validation Loss: 0.141403
Epoch: 16 	Training Loss: 0.575928 	Validation Loss: 0.121487
Validation loss decreased (0.134677 --> 0.121487).  Saving model ...
Epoch: 17 	Training Loss: 0.555985 	Validation Loss: 0.117323
Validation loss decreased (0.121487 --> 0.117323).  Saving model ...
Epoch: 18 	Training Loss: 0.537295 	Validation Loss: 0.113769
Validation loss decreased (0.117323 --> 0.113769).  Saving model ...
Epoch: 19 	Training Loss: 0.526059 	Validation Loss: 0.115030
Test Loss: 0.577848

Test Accuracy of airplane: 81% (191/234)
Test Accuracy of automobile: 94% (232/246)
Test Accuracy of  bird: 72% (203/281)
Test Accuracy of   cat: 61% (155/253)
Test Accuracy of  deer: 83% (189/227)
Test Accuracy of   dog: 58% (147/250)
Test Accuracy of  frog: 88% (220/248)
Test Accuracy of horse: 82% (206/250)
Test Accuracy of  ship: 87% (227/258)
Test Accuracy of truck: 84% (223/265)

Test Accuracy (Overall): 79% (1993/2512)
Epoch: 0 	Training Loss: 1.556496 	Validation Loss: 0.357977
Validation loss decreased (inf --> 0.357977).  Saving model ...
Epoch: 1 	Training Loss: 1.311524 	Validation Loss: 0.312184
Validation loss decreased (0.357977 --> 0.312184).  Saving model ...
Epoch: 2 	Training Loss: 1.178031 	Validation Loss: 0.266531
Validation loss decreased (0.312184 --> 0.266531).  Saving model ...
Epoch: 3 	Training Loss: 1.077343 	Validation Loss: 0.226662
Validation loss decreased (0.266531 --> 0.226662).  Saving model ...
Epoch: 4 	Training Loss: 0.994960 	Validation Loss: 0.214351
Validation loss decreased (0.226662 --> 0.214351).  Saving model ...
Epoch: 5 	Training Loss: 0.928132 	Validation Loss: 0.188730
Validation loss decreased (0.214351 --> 0.188730).  Saving model ...
Epoch: 6 	Training Loss: 0.880322 	Validation Loss: 0.184396
Validation loss decreased (0.188730 --> 0.184396).  Saving model ...
Epoch: 7 	Training Loss: 0.828284 	Validation Loss: 0.173762
Validation loss decreased (0.184396 --> 0.173762).  Saving model ...
Epoch: 8 	Training Loss: 0.788553 	Validation Loss: 0.164103
Validation loss decreased (0.173762 --> 0.164103).  Saving model ...
Epoch: 9 	Training Loss: 0.755272 	Validation Loss: 0.156616
Validation loss decreased (0.164103 --> 0.156616).  Saving model ...
Epoch: 10 	Training Loss: 0.723364 	Validation Loss: 0.153095
Validation loss decreased (0.156616 --> 0.153095).  Saving model ...
Epoch: 11 	Training Loss: 0.693316 	Validation Loss: 0.141098
Validation loss decreased (0.153095 --> 0.141098).  Saving model ...
Epoch: 12 	Training Loss: 0.666943 	Validation Loss: 0.150718
Epoch: 13 	Training Loss: 0.647040 	Validation Loss: 0.141123
Epoch: 14 	Training Loss: 0.624303 	Validation Loss: 0.137111
Validation loss decreased (0.141098 --> 0.137111).  Saving model ...
Epoch: 15 	Training Loss: 0.604066 	Validation Loss: 0.124232
Validation loss decreased (0.137111 --> 0.124232).  Saving model ...
Epoch: 16 	Training Loss: 0.590015 	Validation Loss: 0.124751
Epoch: 17 	Training Loss: 0.570725 	Validation Loss: 0.118012
Validation loss decreased (0.124232 --> 0.118012).  Saving model ...
Epoch: 18 	Training Loss: 0.552989 	Validation Loss: 0.114896
Validation loss decreased (0.118012 --> 0.114896).  Saving model ...
Epoch: 19 	Training Loss: 0.546628 	Validation Loss: 0.112466
Validation loss decreased (0.114896 --> 0.112466).  Saving model ...
Test Loss: 0.566256

Test Accuracy of airplane: 82% (193/234)
Test Accuracy of automobile: 93% (229/246)
Test Accuracy of  bird: 68% (193/281)
Test Accuracy of   cat: 67% (172/253)
Test Accuracy of  deer: 85% (194/227)
Test Accuracy of   dog: 63% (159/250)
Test Accuracy of  frog: 87% (216/248)
Test Accuracy of horse: 82% (207/250)
Test Accuracy of  ship: 91% (236/258)
Test Accuracy of truck: 82% (218/265)

Test Accuracy (Overall): 80% (2017/2512)
Epoch: 0 	Training Loss: 1.534963 	Validation Loss: 0.323898
Validation loss decreased (inf --> 0.323898).  Saving model ...
Epoch: 1 	Training Loss: 1.308731 	Validation Loss: 0.279384
Validation loss decreased (0.323898 --> 0.279384).  Saving model ...
Epoch: 2 	Training Loss: 1.212000 	Validation Loss: 0.268385
Validation loss decreased (0.279384 --> 0.268385).  Saving model ...
Epoch: 3 	Training Loss: 1.139196 	Validation Loss: 0.252884
Validation loss decreased (0.268385 --> 0.252884).  Saving model ...
Epoch: 4 	Training Loss: 1.072269 	Validation Loss: 0.219405
Validation loss decreased (0.252884 --> 0.219405).  Saving model ...
Epoch: 5 	Training Loss: 1.011384 	Validation Loss: 0.204801
Validation loss decreased (0.219405 --> 0.204801).  Saving model ...
Epoch: 6 	Training Loss: 0.959561 	Validation Loss: 0.196212
Validation loss decreased (0.204801 --> 0.196212).  Saving model ...
Epoch: 7 	Training Loss: 0.914518 	Validation Loss: 0.180734
Validation loss decreased (0.196212 --> 0.180734).  Saving model ...
Epoch: 8 	Training Loss: 0.881943 	Validation Loss: 0.179054
Validation loss decreased (0.180734 --> 0.179054).  Saving model ...
Epoch: 9 	Training Loss: 0.844939 	Validation Loss: 0.191056
Epoch: 10 	Training Loss: 0.823322 	Validation Loss: 0.171910
Validation loss decreased (0.179054 --> 0.171910).  Saving model ...
Epoch: 11 	Training Loss: 0.793342 	Validation Loss: 0.153510
Validation loss decreased (0.171910 --> 0.153510).  Saving model ...
Epoch: 12 	Training Loss: 0.770140 	Validation Loss: 0.162348
Epoch: 13 	Training Loss: 0.746390 	Validation Loss: 0.154905
Epoch: 14 	Training Loss: 0.721199 	Validation Loss: 0.145546
Validation loss decreased (0.153510 --> 0.145546).  Saving model ...
Epoch: 15 	Training Loss: 0.705065 	Validation Loss: 0.136250
Validation loss decreased (0.145546 --> 0.136250).  Saving model ...
Epoch: 16 	Training Loss: 0.685645 	Validation Loss: 0.137943
Epoch: 17 	Training Loss: 0.671006 	Validation Loss: 0.146020
Epoch: 18 	Training Loss: 0.655279 	Validation Loss: 0.132951
Validation loss decreased (0.136250 --> 0.132951).  Saving model ...
Epoch: 19 	Training Loss: 0.639732 	Validation Loss: 0.125249
Validation loss decreased (0.132951 --> 0.125249).  Saving model ...
Test Loss: 0.644494

Test Accuracy of airplane: 78% (184/234)
Test Accuracy of automobile: 92% (228/246)
Test Accuracy of  bird: 64% (180/281)
Test Accuracy of   cat: 45% (116/253)
Test Accuracy of  deer: 75% (172/227)
Test Accuracy of   dog: 73% (184/250)
Test Accuracy of  frog: 83% (206/248)
Test Accuracy of horse: 83% (209/250)
Test Accuracy of  ship: 88% (229/258)
Test Accuracy of truck: 86% (228/265)

Test Accuracy (Overall): 77% (1936/2512)
Epoch: 0 	Training Loss: 1.520247 	Validation Loss: 0.317214
Validation loss decreased (inf --> 0.317214).  Saving model ...
Epoch: 1 	Training Loss: 1.287869 	Validation Loss: 0.286506
Validation loss decreased (0.317214 --> 0.286506).  Saving model ...
Epoch: 2 	Training Loss: 1.177586 	Validation Loss: 0.248621
Validation loss decreased (0.286506 --> 0.248621).  Saving model ...
Epoch: 3 	Training Loss: 1.091092 	Validation Loss: 0.229763
Validation loss decreased (0.248621 --> 0.229763).  Saving model ...
Epoch: 4 	Training Loss: 1.026417 	Validation Loss: 0.229475
Validation loss decreased (0.229763 --> 0.229475).  Saving model ...
Epoch: 5 	Training Loss: 0.967957 	Validation Loss: 0.211271
Validation loss decreased (0.229475 --> 0.211271).  Saving model ...
Epoch: 6 	Training Loss: 0.921435 	Validation Loss: 0.205858
Validation loss decreased (0.211271 --> 0.205858).  Saving model ...
Epoch: 7 	Training Loss: 0.872374 	Validation Loss: 0.182299
Validation loss decreased (0.205858 --> 0.182299).  Saving model ...
Epoch: 8 	Training Loss: 0.841794 	Validation Loss: 0.171036
Validation loss decreased (0.182299 --> 0.171036).  Saving model ...
Epoch: 9 	Training Loss: 0.813358 	Validation Loss: 0.169128
Validation loss decreased (0.171036 --> 0.169128).  Saving model ...
Epoch: 10 	Training Loss: 0.780321 	Validation Loss: 0.158299
Validation loss decreased (0.169128 --> 0.158299).  Saving model ...
Epoch: 11 	Training Loss: 0.763963 	Validation Loss: 0.155154
Validation loss decreased (0.158299 --> 0.155154).  Saving model ...
Epoch: 12 	Training Loss: 0.741496 	Validation Loss: 0.153570
Validation loss decreased (0.155154 --> 0.153570).  Saving model ...
Epoch: 13 	Training Loss: 0.721160 	Validation Loss: 0.150611
Validation loss decreased (0.153570 --> 0.150611).  Saving model ...
Epoch: 14 	Training Loss: 0.704762 	Validation Loss: 0.148953
Validation loss decreased (0.150611 --> 0.148953).  Saving model ...
Epoch: 15 	Training Loss: 0.691570 	Validation Loss: 0.142231
Validation loss decreased (0.148953 --> 0.142231).  Saving model ...
Epoch: 16 	Training Loss: 0.677044 	Validation Loss: 0.138942
Validation loss decreased (0.142231 --> 0.138942).  Saving model ...
Epoch: 17 	Training Loss: 0.662114 	Validation Loss: 0.142750
Epoch: 18 	Training Loss: 0.650310 	Validation Loss: 0.137108
Validation loss decreased (0.138942 --> 0.137108).  Saving model ...
Epoch: 19 	Training Loss: 0.633391 	Validation Loss: 0.134052
Validation loss decreased (0.137108 --> 0.134052).  Saving model ...
Test Loss: 0.682813

Test Accuracy of airplane: 75% (177/234)
Test Accuracy of automobile: 95% (234/246)
Test Accuracy of  bird: 56% (158/281)
Test Accuracy of   cat: 34% (87/253)
Test Accuracy of  deer: 84% (191/227)
Test Accuracy of   dog: 77% (194/250)
Test Accuracy of  frog: 73% (182/248)
Test Accuracy of horse: 82% (205/250)
Test Accuracy of  ship: 91% (236/258)
Test Accuracy of truck: 86% (229/265)

Test Accuracy (Overall): 75% (1893/2512)
Epoch: 0 	Training Loss: 1.499084 	Validation Loss: 0.333221
Validation loss decreased (inf --> 0.333221).  Saving model ...
Epoch: 1 	Training Loss: 1.272847 	Validation Loss: 0.289126
Validation loss decreased (0.333221 --> 0.289126).  Saving model ...
Epoch: 2 	Training Loss: 1.146288 	Validation Loss: 0.231962
Validation loss decreased (0.289126 --> 0.231962).  Saving model ...
Epoch: 3 	Training Loss: 1.047035 	Validation Loss: 0.218543
Validation loss decreased (0.231962 --> 0.218543).  Saving model ...
Epoch: 4 	Training Loss: 0.964087 	Validation Loss: 0.209047
Validation loss decreased (0.218543 --> 0.209047).  Saving model ...
Epoch: 5 	Training Loss: 0.902700 	Validation Loss: 0.183632
Validation loss decreased (0.209047 --> 0.183632).  Saving model ...
Epoch: 6 	Training Loss: 0.849950 	Validation Loss: 0.170332
Validation loss decreased (0.183632 --> 0.170332).  Saving model ...
Epoch: 7 	Training Loss: 0.814475 	Validation Loss: 0.168182
Validation loss decreased (0.170332 --> 0.168182).  Saving model ...
Epoch: 8 	Training Loss: 0.774896 	Validation Loss: 0.162384
Validation loss decreased (0.168182 --> 0.162384).  Saving model ...
Epoch: 9 	Training Loss: 0.750204 	Validation Loss: 0.154832
Validation loss decreased (0.162384 --> 0.154832).  Saving model ...
Epoch: 10 	Training Loss: 0.711690 	Validation Loss: 0.145607
Validation loss decreased (0.154832 --> 0.145607).  Saving model ...
Epoch: 11 	Training Loss: 0.690754 	Validation Loss: 0.136384
Validation loss decreased (0.145607 --> 0.136384).  Saving model ...
Epoch: 12 	Training Loss: 0.672554 	Validation Loss: 0.135985
Validation loss decreased (0.136384 --> 0.135985).  Saving model ...
Epoch: 13 	Training Loss: 0.646525 	Validation Loss: 0.130052
Validation loss decreased (0.135985 --> 0.130052).  Saving model ...
Epoch: 14 	Training Loss: 0.632754 	Validation Loss: 0.133727
Epoch: 15 	Training Loss: 0.615541 	Validation Loss: 0.126449
Validation loss decreased (0.130052 --> 0.126449).  Saving model ...
Epoch: 16 	Training Loss: 0.601724 	Validation Loss: 0.121462
Validation loss decreased (0.126449 --> 0.121462).  Saving model ...
Epoch: 17 	Training Loss: 0.584967 	Validation Loss: 0.114955
Validation loss decreased (0.121462 --> 0.114955).  Saving model ...
Epoch: 18 	Training Loss: 0.568513 	Validation Loss: 0.112537
Validation loss decreased (0.114955 --> 0.112537).  Saving model ...
Epoch: 19 	Training Loss: 0.555195 	Validation Loss: 0.110734
Validation loss decreased (0.112537 --> 0.110734).  Saving model ...
Test Loss: 0.562469

Test Accuracy of airplane: 83% (196/234)
Test Accuracy of automobile: 86% (212/246)
Test Accuracy of  bird: 72% (205/281)
Test Accuracy of   cat: 68% (174/253)
Test Accuracy of  deer: 80% (182/227)
Test Accuracy of   dog: 66% (167/250)
Test Accuracy of  frog: 77% (193/248)
Test Accuracy of horse: 82% (207/250)
Test Accuracy of  ship: 91% (235/258)
Test Accuracy of truck: 92% (246/265)

Test Accuracy (Overall): 80% (2017/2512)
Epoch: 0 	Training Loss: 1.466749 	Validation Loss: 0.311915
Validation loss decreased (inf --> 0.311915).  Saving model ...
Epoch: 1 	Training Loss: 1.215909 	Validation Loss: 0.275894
Validation loss decreased (0.311915 --> 0.275894).  Saving model ...
Epoch: 2 	Training Loss: 1.087795 	Validation Loss: 0.232945
Validation loss decreased (0.275894 --> 0.232945).  Saving model ...
Epoch: 3 	Training Loss: 0.991848 	Validation Loss: 0.210417
Validation loss decreased (0.232945 --> 0.210417).  Saving model ...
Epoch: 4 	Training Loss: 0.916042 	Validation Loss: 0.202722
Validation loss decreased (0.210417 --> 0.202722).  Saving model ...
Epoch: 5 	Training Loss: 0.861711 	Validation Loss: 0.184148
Validation loss decreased (0.202722 --> 0.184148).  Saving model ...
Epoch: 6 	Training Loss: 0.816644 	Validation Loss: 0.172458
Validation loss decreased (0.184148 --> 0.172458).  Saving model ...
Epoch: 7 	Training Loss: 0.784382 	Validation Loss: 0.162149
Validation loss decreased (0.172458 --> 0.162149).  Saving model ...
Epoch: 8 	Training Loss: 0.751929 	Validation Loss: 0.163584
Epoch: 9 	Training Loss: 0.722322 	Validation Loss: 0.159001
Validation loss decreased (0.162149 --> 0.159001).  Saving model ...
Epoch: 10 	Training Loss: 0.697267 	Validation Loss: 0.152427
Validation loss decreased (0.159001 --> 0.152427).  Saving model ...
Epoch: 11 	Training Loss: 0.674190 	Validation Loss: 0.139117
Validation loss decreased (0.152427 --> 0.139117).  Saving model ...
Epoch: 12 	Training Loss: 0.653176 	Validation Loss: 0.149903
Epoch: 13 	Training Loss: 0.631059 	Validation Loss: 0.135487
Validation loss decreased (0.139117 --> 0.135487).  Saving model ...
Epoch: 14 	Training Loss: 0.619839 	Validation Loss: 0.132397
Validation loss decreased (0.135487 --> 0.132397).  Saving model ...
Epoch: 15 	Training Loss: 0.598493 	Validation Loss: 0.127180
Validation loss decreased (0.132397 --> 0.127180).  Saving model ...
Epoch: 16 	Training Loss: 0.590614 	Validation Loss: 0.127471
Epoch: 17 	Training Loss: 0.575686 	Validation Loss: 0.125801
Validation loss decreased (0.127180 --> 0.125801).  Saving model ...
Epoch: 18 	Training Loss: 0.560192 	Validation Loss: 0.118107
Validation loss decreased (0.125801 --> 0.118107).  Saving model ...
Epoch: 19 	Training Loss: 0.548677 	Validation Loss: 0.119061
Test Loss: 0.607540

Test Accuracy of airplane: 78% (183/234)
Test Accuracy of automobile: 92% (228/246)
Test Accuracy of  bird: 61% (173/281)
Test Accuracy of   cat: 57% (145/253)
Test Accuracy of  deer: 80% (183/227)
Test Accuracy of   dog: 66% (165/250)
Test Accuracy of  frog: 90% (224/248)
Test Accuracy of horse: 86% (215/250)
Test Accuracy of  ship: 85% (221/258)
Test Accuracy of truck: 90% (239/265)

Test Accuracy (Overall): 78% (1976/2512)
Epoch: 0 	Training Loss: 1.547005 	Validation Loss: 0.316494
Validation loss decreased (inf --> 0.316494).  Saving model ...
Epoch: 1 	Training Loss: 1.293579 	Validation Loss: 0.283071
Validation loss decreased (0.316494 --> 0.283071).  Saving model ...
Epoch: 2 	Training Loss: 1.166845 	Validation Loss: 0.253156
Validation loss decreased (0.283071 --> 0.253156).  Saving model ...
Epoch: 3 	Training Loss: 1.069504 	Validation Loss: 0.226347
Validation loss decreased (0.253156 --> 0.226347).  Saving model ...
Epoch: 4 	Training Loss: 1.000958 	Validation Loss: 0.213040
Validation loss decreased (0.226347 --> 0.213040).  Saving model ...
Epoch: 5 	Training Loss: 0.946341 	Validation Loss: 0.195614
Validation loss decreased (0.213040 --> 0.195614).  Saving model ...
Epoch: 6 	Training Loss: 0.900117 	Validation Loss: 0.180546
Validation loss decreased (0.195614 --> 0.180546).  Saving model ...
Epoch: 7 	Training Loss: 0.871223 	Validation Loss: 0.177279
Validation loss decreased (0.180546 --> 0.177279).  Saving model ...
Epoch: 8 	Training Loss: 0.833509 	Validation Loss: 0.166744
Validation loss decreased (0.177279 --> 0.166744).  Saving model ...
Epoch: 9 	Training Loss: 0.810640 	Validation Loss: 0.167213
Epoch: 10 	Training Loss: 0.776202 	Validation Loss: 0.163613
Validation loss decreased (0.166744 --> 0.163613).  Saving model ...
Epoch: 11 	Training Loss: 0.757508 	Validation Loss: 0.154943
Validation loss decreased (0.163613 --> 0.154943).  Saving model ...
Epoch: 12 	Training Loss: 0.731936 	Validation Loss: 0.145810
Validation loss decreased (0.154943 --> 0.145810).  Saving model ...
Epoch: 13 	Training Loss: 0.701863 	Validation Loss: 0.145248
Validation loss decreased (0.145810 --> 0.145248).  Saving model ...
Epoch: 14 	Training Loss: 0.683206 	Validation Loss: 0.143869
Validation loss decreased (0.145248 --> 0.143869).  Saving model ...
Epoch: 15 	Training Loss: 0.670469 	Validation Loss: 0.131263
Validation loss decreased (0.143869 --> 0.131263).  Saving model ...
Epoch: 16 	Training Loss: 0.651988 	Validation Loss: 0.126420
Validation loss decreased (0.131263 --> 0.126420).  Saving model ...
Epoch: 17 	Training Loss: 0.634886 	Validation Loss: 0.128713
Epoch: 18 	Training Loss: 0.620081 	Validation Loss: 0.122734
Validation loss decreased (0.126420 --> 0.122734).  Saving model ...
Epoch: 19 	Training Loss: 0.608227 	Validation Loss: 0.123981
Test Loss: 0.626167

Test Accuracy of airplane: 76% (180/234)
Test Accuracy of automobile: 91% (226/246)
Test Accuracy of  bird: 79% (222/281)
Test Accuracy of   cat: 60% (154/253)
Test Accuracy of  deer: 86% (197/227)
Test Accuracy of   dog: 55% (138/250)
Test Accuracy of  frog: 79% (197/248)
Test Accuracy of horse: 81% (204/250)
Test Accuracy of  ship: 92% (239/258)
Test Accuracy of truck: 80% (212/265)

Test Accuracy (Overall): 78% (1969/2512)
Epoch: 0 	Training Loss: 1.460475 	Validation Loss: 0.341479
Validation loss decreased (inf --> 0.341479).  Saving model ...
Epoch: 1 	Training Loss: 1.218023 	Validation Loss: 0.267709
Validation loss decreased (0.341479 --> 0.267709).  Saving model ...
Epoch: 2 	Training Loss: 1.092035 	Validation Loss: 0.233019
Validation loss decreased (0.267709 --> 0.233019).  Saving model ...
Epoch: 3 	Training Loss: 0.991022 	Validation Loss: 0.212720
Validation loss decreased (0.233019 --> 0.212720).  Saving model ...
Epoch: 4 	Training Loss: 0.915361 	Validation Loss: 0.195946
Validation loss decreased (0.212720 --> 0.195946).  Saving model ...
Epoch: 5 	Training Loss: 0.854502 	Validation Loss: 0.182969
Validation loss decreased (0.195946 --> 0.182969).  Saving model ...
Epoch: 6 	Training Loss: 0.802705 	Validation Loss: 0.167991
Validation loss decreased (0.182969 --> 0.167991).  Saving model ...
Epoch: 7 	Training Loss: 0.757495 	Validation Loss: 0.172484
Epoch: 8 	Training Loss: 0.723749 	Validation Loss: 0.149655
Validation loss decreased (0.167991 --> 0.149655).  Saving model ...
Epoch: 9 	Training Loss: 0.686333 	Validation Loss: 0.151512
Epoch: 10 	Training Loss: 0.661887 	Validation Loss: 0.138407
Validation loss decreased (0.149655 --> 0.138407).  Saving model ...
Epoch: 11 	Training Loss: 0.634548 	Validation Loss: 0.142449
Epoch: 12 	Training Loss: 0.608116 	Validation Loss: 0.125281
Validation loss decreased (0.138407 --> 0.125281).  Saving model ...
Epoch: 13 	Training Loss: 0.590397 	Validation Loss: 0.128709
Epoch: 14 	Training Loss: 0.570510 	Validation Loss: 0.125070
Validation loss decreased (0.125281 --> 0.125070).  Saving model ...
Epoch: 15 	Training Loss: 0.553180 	Validation Loss: 0.114821
Validation loss decreased (0.125070 --> 0.114821).  Saving model ...
Epoch: 16 	Training Loss: 0.535753 	Validation Loss: 0.113244
Validation loss decreased (0.114821 --> 0.113244).  Saving model ...
Epoch: 17 	Training Loss: 0.525356 	Validation Loss: 0.111422
Validation loss decreased (0.113244 --> 0.111422).  Saving model ...
Epoch: 18 	Training Loss: 0.508480 	Validation Loss: 0.110842
Validation loss decreased (0.111422 --> 0.110842).  Saving model ...
Epoch: 19 	Training Loss: 0.495137 	Validation Loss: 0.114630
Test Loss: 0.579517

Test Accuracy of airplane: 81% (190/234)
Test Accuracy of automobile: 92% (227/246)
Test Accuracy of  bird: 66% (188/281)
Test Accuracy of   cat: 59% (150/253)
Test Accuracy of  deer: 89% (204/227)
Test Accuracy of   dog: 77% (193/250)
Test Accuracy of  frog: 77% (191/248)
Test Accuracy of horse: 85% (214/250)
Test Accuracy of  ship: 92% (239/258)
Test Accuracy of truck: 82% (219/265)

Test Accuracy (Overall): 80% (2015/2512)
Epoch: 0 	Training Loss: 1.525770 	Validation Loss: 0.314093
Validation loss decreased (inf --> 0.314093).  Saving model ...
Epoch: 1 	Training Loss: 1.277618 	Validation Loss: 0.268109
Validation loss decreased (0.314093 --> 0.268109).  Saving model ...
Epoch: 2 	Training Loss: 1.148749 	Validation Loss: 0.243207
Validation loss decreased (0.268109 --> 0.243207).  Saving model ...
Epoch: 3 	Training Loss: 1.059157 	Validation Loss: 0.221428
Validation loss decreased (0.243207 --> 0.221428).  Saving model ...
Epoch: 4 	Training Loss: 0.986400 	Validation Loss: 0.207808
Validation loss decreased (0.221428 --> 0.207808).  Saving model ...
Epoch: 5 	Training Loss: 0.933161 	Validation Loss: 0.193185
Validation loss decreased (0.207808 --> 0.193185).  Saving model ...
Epoch: 6 	Training Loss: 0.895139 	Validation Loss: 0.190505
Validation loss decreased (0.193185 --> 0.190505).  Saving model ...
Epoch: 7 	Training Loss: 0.855706 	Validation Loss: 0.172920
Validation loss decreased (0.190505 --> 0.172920).  Saving model ...
Epoch: 8 	Training Loss: 0.824060 	Validation Loss: 0.165971
Validation loss decreased (0.172920 --> 0.165971).  Saving model ...
Epoch: 9 	Training Loss: 0.793862 	Validation Loss: 0.159973
Validation loss decreased (0.165971 --> 0.159973).  Saving model ...
Epoch: 10 	Training Loss: 0.766223 	Validation Loss: 0.160908
Epoch: 11 	Training Loss: 0.743207 	Validation Loss: 0.145817
Validation loss decreased (0.159973 --> 0.145817).  Saving model ...
Epoch: 12 	Training Loss: 0.719612 	Validation Loss: 0.143437
Validation loss decreased (0.145817 --> 0.143437).  Saving model ...
Epoch: 13 	Training Loss: 0.702344 	Validation Loss: 0.145730
Epoch: 14 	Training Loss: 0.680915 	Validation Loss: 0.134034
Validation loss decreased (0.143437 --> 0.134034).  Saving model ...
Epoch: 15 	Training Loss: 0.663728 	Validation Loss: 0.131308
Validation loss decreased (0.134034 --> 0.131308).  Saving model ...
Epoch: 16 	Training Loss: 0.646052 	Validation Loss: 0.124946
Validation loss decreased (0.131308 --> 0.124946).  Saving model ...
Epoch: 17 	Training Loss: 0.636278 	Validation Loss: 0.127607
Epoch: 18 	Training Loss: 0.618847 	Validation Loss: 0.116873
Validation loss decreased (0.124946 --> 0.116873).  Saving model ...
Epoch: 19 	Training Loss: 0.609661 	Validation Loss: 0.123116
Test Loss: 0.627372

Test Accuracy of airplane: 78% (184/234)
Test Accuracy of automobile: 94% (233/246)
Test Accuracy of  bird: 62% (175/281)
Test Accuracy of   cat: 53% (136/253)
Test Accuracy of  deer: 80% (182/227)
Test Accuracy of   dog: 72% (181/250)
Test Accuracy of  frog: 72% (179/248)
Test Accuracy of horse: 92% (230/250)
Test Accuracy of  ship: 88% (229/258)
Test Accuracy of truck: 84% (225/265)

Test Accuracy (Overall): 77% (1954/2512)
Epoch: 0 	Training Loss: 1.487822 	Validation Loss: 0.309132
Validation loss decreased (inf --> 0.309132).  Saving model ...
Epoch: 1 	Training Loss: 1.245768 	Validation Loss: 0.272957
Validation loss decreased (0.309132 --> 0.272957).  Saving model ...
Epoch: 2 	Training Loss: 1.138066 	Validation Loss: 0.246897
Validation loss decreased (0.272957 --> 0.246897).  Saving model ...
Epoch: 3 	Training Loss: 1.039571 	Validation Loss: 0.219667
Validation loss decreased (0.246897 --> 0.219667).  Saving model ...
Epoch: 4 	Training Loss: 0.961478 	Validation Loss: 0.197428
Validation loss decreased (0.219667 --> 0.197428).  Saving model ...
Epoch: 5 	Training Loss: 0.897384 	Validation Loss: 0.191427
Validation loss decreased (0.197428 --> 0.191427).  Saving model ...
Epoch: 6 	Training Loss: 0.835974 	Validation Loss: 0.175502
Validation loss decreased (0.191427 --> 0.175502).  Saving model ...
Epoch: 7 	Training Loss: 0.792867 	Validation Loss: 0.172592
Validation loss decreased (0.175502 --> 0.172592).  Saving model ...
Epoch: 8 	Training Loss: 0.750372 	Validation Loss: 0.156426
Validation loss decreased (0.172592 --> 0.156426).  Saving model ...
Epoch: 9 	Training Loss: 0.713477 	Validation Loss: 0.155016
Validation loss decreased (0.156426 --> 0.155016).  Saving model ...
Epoch: 10 	Training Loss: 0.681329 	Validation Loss: 0.150374
Validation loss decreased (0.155016 --> 0.150374).  Saving model ...
Epoch: 11 	Training Loss: 0.655725 	Validation Loss: 0.136460
Validation loss decreased (0.150374 --> 0.136460).  Saving model ...
Epoch: 12 	Training Loss: 0.627844 	Validation Loss: 0.137964
Epoch: 13 	Training Loss: 0.605612 	Validation Loss: 0.133142
Validation loss decreased (0.136460 --> 0.133142).  Saving model ...
Epoch: 14 	Training Loss: 0.583725 	Validation Loss: 0.133307
Epoch: 15 	Training Loss: 0.562891 	Validation Loss: 0.122394
Validation loss decreased (0.133142 --> 0.122394).  Saving model ...
Epoch: 16 	Training Loss: 0.547835 	Validation Loss: 0.130221
Epoch: 17 	Training Loss: 0.528226 	Validation Loss: 0.116239
Validation loss decreased (0.122394 --> 0.116239).  Saving model ...
Epoch: 18 	Training Loss: 0.516734 	Validation Loss: 0.112849
Validation loss decreased (0.116239 --> 0.112849).  Saving model ...
Epoch: 19 	Training Loss: 0.501014 	Validation Loss: 0.120897
Test Loss: 0.625616

Test Accuracy of airplane: 87% (205/234)
Test Accuracy of automobile: 87% (215/246)
Test Accuracy of  bird: 68% (193/281)
Test Accuracy of   cat: 37% (94/253)
Test Accuracy of  deer: 83% (189/227)
Test Accuracy of   dog: 70% (176/250)
Test Accuracy of  frog: 79% (197/248)
Test Accuracy of horse: 89% (223/250)
Test Accuracy of  ship: 93% (240/258)
Test Accuracy of truck: 87% (233/265)

Test Accuracy (Overall): 78% (1965/2512)
Epoch: 0 	Training Loss: 1.545049 	Validation Loss: 0.336613
Validation loss decreased (inf --> 0.336613).  Saving model ...
Epoch: 1 	Training Loss: 1.336920 	Validation Loss: 0.298098
Validation loss decreased (0.336613 --> 0.298098).  Saving model ...
Epoch: 2 	Training Loss: 1.231038 	Validation Loss: 0.267326
Validation loss decreased (0.298098 --> 0.267326).  Saving model ...
Epoch: 3 	Training Loss: 1.148687 	Validation Loss: 0.249856
Validation loss decreased (0.267326 --> 0.249856).  Saving model ...
Epoch: 4 	Training Loss: 1.080821 	Validation Loss: 0.228285
Validation loss decreased (0.249856 --> 0.228285).  Saving model ...
Epoch: 5 	Training Loss: 1.021525 	Validation Loss: 0.234176
Epoch: 6 	Training Loss: 0.972648 	Validation Loss: 0.213101
Validation loss decreased (0.228285 --> 0.213101).  Saving model ...
Epoch: 7 	Training Loss: 0.930925 	Validation Loss: 0.198066
Validation loss decreased (0.213101 --> 0.198066).  Saving model ...
Epoch: 8 	Training Loss: 0.892485 	Validation Loss: 0.182140
Validation loss decreased (0.198066 --> 0.182140).  Saving model ...
Epoch: 9 	Training Loss: 0.871519 	Validation Loss: 0.177199
Validation loss decreased (0.182140 --> 0.177199).  Saving model ...
Epoch: 10 	Training Loss: 0.841990 	Validation Loss: 0.175450
Validation loss decreased (0.177199 --> 0.175450).  Saving model ...
Epoch: 11 	Training Loss: 0.818166 	Validation Loss: 0.167477
Validation loss decreased (0.175450 --> 0.167477).  Saving model ...
Epoch: 12 	Training Loss: 0.789275 	Validation Loss: 0.169014
Epoch: 13 	Training Loss: 0.769221 	Validation Loss: 0.164800
Validation loss decreased (0.167477 --> 0.164800).  Saving model ...
Epoch: 14 	Training Loss: 0.751650 	Validation Loss: 0.154748
Validation loss decreased (0.164800 --> 0.154748).  Saving model ...
Epoch: 15 	Training Loss: 0.730592 	Validation Loss: 0.147201
Validation loss decreased (0.154748 --> 0.147201).  Saving model ...
Epoch: 16 	Training Loss: 0.717644 	Validation Loss: 0.140387
Validation loss decreased (0.147201 --> 0.140387).  Saving model ...
Epoch: 17 	Training Loss: 0.697641 	Validation Loss: 0.145978
Epoch: 18 	Training Loss: 0.682633 	Validation Loss: 0.137649
Validation loss decreased (0.140387 --> 0.137649).  Saving model ...
Epoch: 19 	Training Loss: 0.664700 	Validation Loss: 0.139154
Test Loss: 0.714764

Test Accuracy of airplane: 72% (170/234)
Test Accuracy of automobile: 94% (233/246)
Test Accuracy of  bird: 75% (212/281)
Test Accuracy of   cat: 48% (123/253)
Test Accuracy of  deer: 62% (143/227)
Test Accuracy of   dog: 58% (145/250)
Test Accuracy of  frog: 87% (217/248)
Test Accuracy of horse: 81% (203/250)
Test Accuracy of  ship: 91% (237/258)
Test Accuracy of truck: 76% (202/265)

Test Accuracy (Overall): 75% (1885/2512)
Generation Number # 0


Epoch: 0 	Training Loss: 1.467330 	Validation Loss: 0.295288
Validation loss decreased (inf --> 0.295288).  Saving model ...
Epoch: 1 	Training Loss: 1.214764 	Validation Loss: 0.247988
Validation loss decreased (0.295288 --> 0.247988).  Saving model ...
Epoch: 2 	Training Loss: 1.077652 	Validation Loss: 0.234549
Validation loss decreased (0.247988 --> 0.234549).  Saving model ...
Epoch: 3 	Training Loss: 0.982150 	Validation Loss: 0.202267
Validation loss decreased (0.234549 --> 0.202267).  Saving model ...
Epoch: 4 	Training Loss: 0.917628 	Validation Loss: 0.192833
Validation loss decreased (0.202267 --> 0.192833).  Saving model ...
Epoch: 5 	Training Loss: 0.867466 	Validation Loss: 0.173144
Validation loss decreased (0.192833 --> 0.173144).  Saving model ...
Epoch: 6 	Training Loss: 0.823906 	Validation Loss: 0.171613
Validation loss decreased (0.173144 --> 0.171613).  Saving model ...
Epoch: 7 	Training Loss: 0.781603 	Validation Loss: 0.167021
Validation loss decreased (0.171613 --> 0.167021).  Saving model ...
Epoch: 8 	Training Loss: 0.752529 	Validation Loss: 0.146356
Validation loss decreased (0.167021 --> 0.146356).  Saving model ...
Epoch: 9 	Training Loss: 0.728473 	Validation Loss: 0.146498
Epoch: 10 	Training Loss: 0.702639 	Validation Loss: 0.138540
Validation loss decreased (0.146356 --> 0.138540).  Saving model ...
Epoch: 11 	Training Loss: 0.677137 	Validation Loss: 0.130845
Validation loss decreased (0.138540 --> 0.130845).  Saving model ...
Epoch: 12 	Training Loss: 0.648364 	Validation Loss: 0.128901
Validation loss decreased (0.130845 --> 0.128901).  Saving model ...
Epoch: 13 	Training Loss: 0.638145 	Validation Loss: 0.138239
Epoch: 14 	Training Loss: 0.614275 	Validation Loss: 0.119256
Validation loss decreased (0.128901 --> 0.119256).  Saving model ...
Epoch: 15 	Training Loss: 0.592912 	Validation Loss: 0.125079
Epoch: 16 	Training Loss: 0.585126 	Validation Loss: 0.119996
Epoch: 17 	Training Loss: 0.565254 	Validation Loss: 0.120037
Epoch: 18 	Training Loss: 0.548244 	Validation Loss: 0.111638
Validation loss decreased (0.119256 --> 0.111638).  Saving model ...
Epoch: 19 	Training Loss: 0.543615 	Validation Loss: 0.104722
Validation loss decreased (0.111638 --> 0.104722).  Saving model ...
Test Loss: 0.541886

Test Accuracy of airplane: 80% (189/234)
Test Accuracy of automobile: 90% (223/246)
Test Accuracy of  bird: 79% (224/281)
Test Accuracy of   cat: 60% (154/253)
Test Accuracy of  deer: 79% (180/227)
Test Accuracy of   dog: 70% (176/250)
Test Accuracy of  frog: 88% (220/248)
Test Accuracy of horse: 88% (222/250)
Test Accuracy of  ship: 94% (243/258)
Test Accuracy of truck: 86% (228/265)

Test Accuracy (Overall): 81% (2059/2512)
Epoch: 0 	Training Loss: 1.438451 	Validation Loss: 0.308704
Validation loss decreased (inf --> 0.308704).  Saving model ...
Epoch: 1 	Training Loss: 1.197238 	Validation Loss: 0.261302
Validation loss decreased (0.308704 --> 0.261302).  Saving model ...
Epoch: 2 	Training Loss: 1.070056 	Validation Loss: 0.232728
Validation loss decreased (0.261302 --> 0.232728).  Saving model ...
Epoch: 3 	Training Loss: 0.985860 	Validation Loss: 0.215062
Validation loss decreased (0.232728 --> 0.215062).  Saving model ...
Epoch: 4 	Training Loss: 0.918828 	Validation Loss: 0.192738
Validation loss decreased (0.215062 --> 0.192738).  Saving model ...
Epoch: 5 	Training Loss: 0.871549 	Validation Loss: 0.181390
Validation loss decreased (0.192738 --> 0.181390).  Saving model ...
Epoch: 6 	Training Loss: 0.830895 	Validation Loss: 0.181380
Validation loss decreased (0.181390 --> 0.181380).  Saving model ...
Epoch: 7 	Training Loss: 0.794579 	Validation Loss: 0.166159
Validation loss decreased (0.181380 --> 0.166159).  Saving model ...
Epoch: 8 	Training Loss: 0.770282 	Validation Loss: 0.162622
Validation loss decreased (0.166159 --> 0.162622).  Saving model ...
Epoch: 9 	Training Loss: 0.748345 	Validation Loss: 0.158705
Validation loss decreased (0.162622 --> 0.158705).  Saving model ...
Epoch: 10 	Training Loss: 0.727742 	Validation Loss: 0.161231
Epoch: 11 	Training Loss: 0.704783 	Validation Loss: 0.146306
Validation loss decreased (0.158705 --> 0.146306).  Saving model ...
Epoch: 12 	Training Loss: 0.686684 	Validation Loss: 0.153986
Epoch: 13 	Training Loss: 0.669988 	Validation Loss: 0.143364
Validation loss decreased (0.146306 --> 0.143364).  Saving model ...
Epoch: 14 	Training Loss: 0.653732 	Validation Loss: 0.143039
Validation loss decreased (0.143364 --> 0.143039).  Saving model ...
Epoch: 15 	Training Loss: 0.633706 	Validation Loss: 0.139680
Validation loss decreased (0.143039 --> 0.139680).  Saving model ...
Epoch: 16 	Training Loss: 0.625954 	Validation Loss: 0.139387
Validation loss decreased (0.139680 --> 0.139387).  Saving model ...
Epoch: 17 	Training Loss: 0.609324 	Validation Loss: 0.143806
Epoch: 18 	Training Loss: 0.598475 	Validation Loss: 0.129534
Validation loss decreased (0.139387 --> 0.129534).  Saving model ...
Epoch: 19 	Training Loss: 0.581926 	Validation Loss: 0.126370
Validation loss decreased (0.129534 --> 0.126370).  Saving model ...
Test Loss: 0.634735

Test Accuracy of airplane: 85% (201/234)
Test Accuracy of automobile: 93% (230/246)
Test Accuracy of  bird: 69% (195/281)
Test Accuracy of   cat: 54% (138/253)
Test Accuracy of  deer: 76% (174/227)
Test Accuracy of   dog: 59% (148/250)
Test Accuracy of  frog: 80% (200/248)
Test Accuracy of horse: 85% (214/250)
Test Accuracy of  ship: 88% (228/258)
Test Accuracy of truck: 86% (228/265)

Test Accuracy (Overall): 77% (1956/2512)
Traceback (most recent call last):
  File "main.py", line 18, in <module>
    ga.evolve()
  File "/home2020/home/uha/mjali/NAS-FRAMEWORK/GA/ga.py", line 83, in evolve
    fitn_off = self.offsprings_fitness[min_list_par]
IndexError: list index out of range
