Files already downloaded and verified
Files already downloaded and verified
Epoch: 0 	Training Loss: 1.491908 	Validation Loss: 0.327061
Validation loss decreased (inf --> 0.327061).  Saving model ...
Epoch: 1 	Training Loss: 1.265234 	Validation Loss: 0.275190
Validation loss decreased (0.327061 --> 0.275190).  Saving model ...
Epoch: 2 	Training Loss: 1.141386 	Validation Loss: 0.245195
Validation loss decreased (0.275190 --> 0.245195).  Saving model ...
Epoch: 3 	Training Loss: 1.048415 	Validation Loss: 0.221674
Validation loss decreased (0.245195 --> 0.221674).  Saving model ...
Epoch: 4 	Training Loss: 0.978552 	Validation Loss: 0.227052
Epoch: 5 	Training Loss: 0.925540 	Validation Loss: 0.206196
Validation loss decreased (0.221674 --> 0.206196).  Saving model ...
Epoch: 6 	Training Loss: 0.885295 	Validation Loss: 0.190587
Validation loss decreased (0.206196 --> 0.190587).  Saving model ...
Epoch: 7 	Training Loss: 0.853142 	Validation Loss: 0.190631
Epoch: 8 	Training Loss: 0.816615 	Validation Loss: 0.192328
Epoch: 9 	Training Loss: 0.789693 	Validation Loss: 0.165923
Validation loss decreased (0.190587 --> 0.165923).  Saving model ...
Epoch: 10 	Training Loss: 0.767658 	Validation Loss: 0.179698
Epoch: 11 	Training Loss: 0.740825 	Validation Loss: 0.169409
Epoch: 12 	Training Loss: 0.716748 	Validation Loss: 0.150998
Validation loss decreased (0.165923 --> 0.150998).  Saving model ...
Epoch: 13 	Training Loss: 0.702862 	Validation Loss: 0.156876
Epoch: 14 	Training Loss: 0.680754 	Validation Loss: 0.152613
Epoch: 15 	Training Loss: 0.667964 	Validation Loss: 0.147460
Validation loss decreased (0.150998 --> 0.147460).  Saving model ...
Epoch: 16 	Training Loss: 0.648459 	Validation Loss: 0.144457
Validation loss decreased (0.147460 --> 0.144457).  Saving model ...
Epoch: 17 	Training Loss: 0.633962 	Validation Loss: 0.129636
Validation loss decreased (0.144457 --> 0.129636).  Saving model ...
Epoch: 18 	Training Loss: 0.624069 	Validation Loss: 0.135441
Epoch: 19 	Training Loss: 0.610112 	Validation Loss: 0.121874
Validation loss decreased (0.129636 --> 0.121874).  Saving model ...
Test Loss: 0.609876

Test Accuracy of airplane: 89% (210/234)
Test Accuracy of automobile: 90% (222/246)
Test Accuracy of  bird: 63% (178/281)
Test Accuracy of   cat: 64% (162/253)
Test Accuracy of  deer: 76% (173/227)
Test Accuracy of   dog: 68% (170/250)
Test Accuracy of  frog: 83% (206/248)
Test Accuracy of horse: 82% (205/250)
Test Accuracy of  ship: 87% (227/258)
Test Accuracy of truck: 82% (219/265)

Test Accuracy (Overall): 78% (1972/2512)
Epoch: 0 	Training Loss: 1.534731 	Validation Loss: 0.336706
Validation loss decreased (inf --> 0.336706).  Saving model ...
Epoch: 1 	Training Loss: 1.327977 	Validation Loss: 0.302915
Validation loss decreased (0.336706 --> 0.302915).  Saving model ...
Epoch: 2 	Training Loss: 1.226232 	Validation Loss: 0.280189
Validation loss decreased (0.302915 --> 0.280189).  Saving model ...
Epoch: 3 	Training Loss: 1.142092 	Validation Loss: 0.246033
Validation loss decreased (0.280189 --> 0.246033).  Saving model ...
Epoch: 4 	Training Loss: 1.066679 	Validation Loss: 0.235614
Validation loss decreased (0.246033 --> 0.235614).  Saving model ...
Epoch: 5 	Training Loss: 1.008439 	Validation Loss: 0.241237
Epoch: 6 	Training Loss: 0.960420 	Validation Loss: 0.212054
Validation loss decreased (0.235614 --> 0.212054).  Saving model ...
Epoch: 7 	Training Loss: 0.923952 	Validation Loss: 0.190071
Validation loss decreased (0.212054 --> 0.190071).  Saving model ...
Epoch: 8 	Training Loss: 0.891609 	Validation Loss: 0.200845
Epoch: 9 	Training Loss: 0.862007 	Validation Loss: 0.180837
Validation loss decreased (0.190071 --> 0.180837).  Saving model ...
Epoch: 10 	Training Loss: 0.832929 	Validation Loss: 0.179248
Validation loss decreased (0.180837 --> 0.179248).  Saving model ...
Epoch: 11 	Training Loss: 0.811569 	Validation Loss: 0.163669
Validation loss decreased (0.179248 --> 0.163669).  Saving model ...
Epoch: 12 	Training Loss: 0.790888 	Validation Loss: 0.161947
Validation loss decreased (0.163669 --> 0.161947).  Saving model ...
Epoch: 13 	Training Loss: 0.771333 	Validation Loss: 0.158928
Validation loss decreased (0.161947 --> 0.158928).  Saving model ...
Epoch: 14 	Training Loss: 0.748703 	Validation Loss: 0.149162
Validation loss decreased (0.158928 --> 0.149162).  Saving model ...
Epoch: 15 	Training Loss: 0.739149 	Validation Loss: 0.151163
Epoch: 16 	Training Loss: 0.717806 	Validation Loss: 0.144398
Validation loss decreased (0.149162 --> 0.144398).  Saving model ...
Epoch: 17 	Training Loss: 0.706733 	Validation Loss: 0.141751
Validation loss decreased (0.144398 --> 0.141751).  Saving model ...
Epoch: 18 	Training Loss: 0.684497 	Validation Loss: 0.138765
Validation loss decreased (0.141751 --> 0.138765).  Saving model ...
Epoch: 19 	Training Loss: 0.671905 	Validation Loss: 0.140405
Test Loss: 0.697846

Test Accuracy of airplane: 76% (178/234)
Test Accuracy of automobile: 84% (209/246)
Test Accuracy of  bird: 62% (175/281)
Test Accuracy of   cat: 59% (150/253)
Test Accuracy of  deer: 83% (189/227)
Test Accuracy of   dog: 59% (148/250)
Test Accuracy of  frog: 81% (201/248)
Test Accuracy of horse: 74% (187/250)
Test Accuracy of  ship: 86% (223/258)
Test Accuracy of truck: 90% (239/265)

Test Accuracy (Overall): 75% (1899/2512)
Epoch: 0 	Training Loss: 1.436627 	Validation Loss: 0.300896
Validation loss decreased (inf --> 0.300896).  Saving model ...
Epoch: 1 	Training Loss: 1.205206 	Validation Loss: 0.264734
Validation loss decreased (0.300896 --> 0.264734).  Saving model ...
Epoch: 2 	Training Loss: 1.083697 	Validation Loss: 0.242516
Validation loss decreased (0.264734 --> 0.242516).  Saving model ...
Epoch: 3 	Training Loss: 0.983021 	Validation Loss: 0.211949
Validation loss decreased (0.242516 --> 0.211949).  Saving model ...
Epoch: 4 	Training Loss: 0.900237 	Validation Loss: 0.198339
Validation loss decreased (0.211949 --> 0.198339).  Saving model ...
Epoch: 5 	Training Loss: 0.849247 	Validation Loss: 0.197166
Validation loss decreased (0.198339 --> 0.197166).  Saving model ...
Epoch: 6 	Training Loss: 0.793301 	Validation Loss: 0.177721
Validation loss decreased (0.197166 --> 0.177721).  Saving model ...
Epoch: 7 	Training Loss: 0.754611 	Validation Loss: 0.164234
Validation loss decreased (0.177721 --> 0.164234).  Saving model ...
Epoch: 8 	Training Loss: 0.717628 	Validation Loss: 0.154790
Validation loss decreased (0.164234 --> 0.154790).  Saving model ...
Epoch: 9 	Training Loss: 0.688469 	Validation Loss: 0.153375
Validation loss decreased (0.154790 --> 0.153375).  Saving model ...
Epoch: 10 	Training Loss: 0.659083 	Validation Loss: 0.142028
Validation loss decreased (0.153375 --> 0.142028).  Saving model ...
Epoch: 11 	Training Loss: 0.633062 	Validation Loss: 0.139770
Validation loss decreased (0.142028 --> 0.139770).  Saving model ...
Epoch: 12 	Training Loss: 0.615745 	Validation Loss: 0.154517
Epoch: 13 	Training Loss: 0.597986 	Validation Loss: 0.132123
Validation loss decreased (0.139770 --> 0.132123).  Saving model ...
Epoch: 14 	Training Loss: 0.574158 	Validation Loss: 0.136060
Epoch: 15 	Training Loss: 0.560645 	Validation Loss: 0.129463
Validation loss decreased (0.132123 --> 0.129463).  Saving model ...
Epoch: 16 	Training Loss: 0.544101 	Validation Loss: 0.126045
Validation loss decreased (0.129463 --> 0.126045).  Saving model ...
Epoch: 17 	Training Loss: 0.530100 	Validation Loss: 0.121888
Validation loss decreased (0.126045 --> 0.121888).  Saving model ...
Epoch: 18 	Training Loss: 0.517351 	Validation Loss: 0.117586
Validation loss decreased (0.121888 --> 0.117586).  Saving model ...
Epoch: 19 	Training Loss: 0.503073 	Validation Loss: 0.120112
Test Loss: 0.607158

Test Accuracy of airplane: 68% (160/234)
Test Accuracy of automobile: 89% (220/246)
Test Accuracy of  bird: 66% (187/281)
Test Accuracy of   cat: 50% (127/253)
Test Accuracy of  deer: 82% (187/227)
Test Accuracy of   dog: 70% (176/250)
Test Accuracy of  frog: 86% (215/248)
Test Accuracy of horse: 90% (226/250)
Test Accuracy of  ship: 94% (245/258)
Test Accuracy of truck: 85% (227/265)

Test Accuracy (Overall): 78% (1970/2512)
Epoch: 0 	Training Loss: 1.572860 	Validation Loss: 0.327473
Validation loss decreased (inf --> 0.327473).  Saving model ...
Epoch: 1 	Training Loss: 1.335446 	Validation Loss: 0.289999
Validation loss decreased (0.327473 --> 0.289999).  Saving model ...
Epoch: 2 	Training Loss: 1.239987 	Validation Loss: 0.275492
Validation loss decreased (0.289999 --> 0.275492).  Saving model ...
Epoch: 3 	Training Loss: 1.169263 	Validation Loss: 0.253027
Validation loss decreased (0.275492 --> 0.253027).  Saving model ...
Epoch: 4 	Training Loss: 1.101899 	Validation Loss: 0.230515
Validation loss decreased (0.253027 --> 0.230515).  Saving model ...
Epoch: 5 	Training Loss: 1.042276 	Validation Loss: 0.219295
Validation loss decreased (0.230515 --> 0.219295).  Saving model ...
Epoch: 6 	Training Loss: 0.998364 	Validation Loss: 0.218190
Validation loss decreased (0.219295 --> 0.218190).  Saving model ...
Epoch: 7 	Training Loss: 0.959606 	Validation Loss: 0.205033
Validation loss decreased (0.218190 --> 0.205033).  Saving model ...
Epoch: 8 	Training Loss: 0.922122 	Validation Loss: 0.192247
Validation loss decreased (0.205033 --> 0.192247).  Saving model ...
Epoch: 9 	Training Loss: 0.896725 	Validation Loss: 0.192543
Epoch: 10 	Training Loss: 0.866356 	Validation Loss: 0.181182
Validation loss decreased (0.192247 --> 0.181182).  Saving model ...
Epoch: 11 	Training Loss: 0.844359 	Validation Loss: 0.175487
Validation loss decreased (0.181182 --> 0.175487).  Saving model ...
Epoch: 12 	Training Loss: 0.816696 	Validation Loss: 0.169380
Validation loss decreased (0.175487 --> 0.169380).  Saving model ...
Epoch: 13 	Training Loss: 0.801108 	Validation Loss: 0.169029
Validation loss decreased (0.169380 --> 0.169029).  Saving model ...
Epoch: 14 	Training Loss: 0.781189 	Validation Loss: 0.161636
Validation loss decreased (0.169029 --> 0.161636).  Saving model ...
Epoch: 15 	Training Loss: 0.760715 	Validation Loss: 0.172257
Epoch: 16 	Training Loss: 0.748490 	Validation Loss: 0.149092
Validation loss decreased (0.161636 --> 0.149092).  Saving model ...
Epoch: 17 	Training Loss: 0.726720 	Validation Loss: 0.145407
Validation loss decreased (0.149092 --> 0.145407).  Saving model ...
Epoch: 18 	Training Loss: 0.718774 	Validation Loss: 0.149534
Epoch: 19 	Training Loss: 0.700237 	Validation Loss: 0.138107
Validation loss decreased (0.145407 --> 0.138107).  Saving model ...
Test Loss: 0.687946

Test Accuracy of airplane: 85% (200/234)
Test Accuracy of automobile: 87% (215/246)
Test Accuracy of  bird: 64% (180/281)
Test Accuracy of   cat: 55% (141/253)
Test Accuracy of  deer: 70% (159/227)
Test Accuracy of   dog: 58% (147/250)
Test Accuracy of  frog: 79% (196/248)
Test Accuracy of horse: 82% (205/250)
Test Accuracy of  ship: 86% (222/258)
Test Accuracy of truck: 84% (224/265)

Test Accuracy (Overall): 75% (1889/2512)
Epoch: 0 	Training Loss: 1.550981 	Validation Loss: 0.325894
Validation loss decreased (inf --> 0.325894).  Saving model ...
Epoch: 1 	Training Loss: 1.320240 	Validation Loss: 0.290752
Validation loss decreased (0.325894 --> 0.290752).  Saving model ...
Epoch: 2 	Training Loss: 1.209034 	Validation Loss: 0.265664
Validation loss decreased (0.290752 --> 0.265664).  Saving model ...
Epoch: 3 	Training Loss: 1.123624 	Validation Loss: 0.240203
Validation loss decreased (0.265664 --> 0.240203).  Saving model ...
Epoch: 4 	Training Loss: 1.056001 	Validation Loss: 0.229310
Validation loss decreased (0.240203 --> 0.229310).  Saving model ...
Epoch: 5 	Training Loss: 0.987732 	Validation Loss: 0.213532
Validation loss decreased (0.229310 --> 0.213532).  Saving model ...
Epoch: 6 	Training Loss: 0.934583 	Validation Loss: 0.196946
Validation loss decreased (0.213532 --> 0.196946).  Saving model ...
Epoch: 7 	Training Loss: 0.887715 	Validation Loss: 0.181663
Validation loss decreased (0.196946 --> 0.181663).  Saving model ...
Epoch: 8 	Training Loss: 0.851016 	Validation Loss: 0.174475
Validation loss decreased (0.181663 --> 0.174475).  Saving model ...
Epoch: 9 	Training Loss: 0.823529 	Validation Loss: 0.166342
Validation loss decreased (0.174475 --> 0.166342).  Saving model ...
Epoch: 10 	Training Loss: 0.791266 	Validation Loss: 0.158757
Validation loss decreased (0.166342 --> 0.158757).  Saving model ...
Epoch: 11 	Training Loss: 0.765682 	Validation Loss: 0.157085
Validation loss decreased (0.158757 --> 0.157085).  Saving model ...
Epoch: 12 	Training Loss: 0.744888 	Validation Loss: 0.152005
Validation loss decreased (0.157085 --> 0.152005).  Saving model ...
Epoch: 13 	Training Loss: 0.726247 	Validation Loss: 0.147188
Validation loss decreased (0.152005 --> 0.147188).  Saving model ...
Epoch: 14 	Training Loss: 0.707598 	Validation Loss: 0.150389
Epoch: 15 	Training Loss: 0.692991 	Validation Loss: 0.139318
Validation loss decreased (0.147188 --> 0.139318).  Saving model ...
Epoch: 16 	Training Loss: 0.667484 	Validation Loss: 0.141335
Epoch: 17 	Training Loss: 0.659204 	Validation Loss: 0.137364
Validation loss decreased (0.139318 --> 0.137364).  Saving model ...
Epoch: 18 	Training Loss: 0.646324 	Validation Loss: 0.126541
Validation loss decreased (0.137364 --> 0.126541).  Saving model ...
Epoch: 19 	Training Loss: 0.626856 	Validation Loss: 0.129670
Test Loss: 0.650719

Test Accuracy of airplane: 76% (180/234)
Test Accuracy of automobile: 89% (221/246)
Test Accuracy of  bird: 67% (189/281)
Test Accuracy of   cat: 55% (141/253)
Test Accuracy of  deer: 75% (172/227)
Test Accuracy of   dog: 62% (157/250)
Test Accuracy of  frog: 85% (212/248)
Test Accuracy of horse: 88% (222/250)
Test Accuracy of  ship: 86% (223/258)
Test Accuracy of truck: 86% (230/265)

Test Accuracy (Overall): 77% (1947/2512)
Epoch: 0 	Training Loss: 1.457525 	Validation Loss: 0.331139
Validation loss decreased (inf --> 0.331139).  Saving model ...
Epoch: 1 	Training Loss: 1.221050 	Validation Loss: 0.272024
Validation loss decreased (0.331139 --> 0.272024).  Saving model ...
Epoch: 2 	Training Loss: 1.095903 	Validation Loss: 0.244138
Validation loss decreased (0.272024 --> 0.244138).  Saving model ...
Epoch: 3 	Training Loss: 0.994666 	Validation Loss: 0.222023
Validation loss decreased (0.244138 --> 0.222023).  Saving model ...
Epoch: 4 	Training Loss: 0.929539 	Validation Loss: 0.199894
Validation loss decreased (0.222023 --> 0.199894).  Saving model ...
Epoch: 5 	Training Loss: 0.872627 	Validation Loss: 0.191125
Validation loss decreased (0.199894 --> 0.191125).  Saving model ...
Epoch: 6 	Training Loss: 0.833809 	Validation Loss: 0.188980
Validation loss decreased (0.191125 --> 0.188980).  Saving model ...
Epoch: 7 	Training Loss: 0.792663 	Validation Loss: 0.172164
Validation loss decreased (0.188980 --> 0.172164).  Saving model ...
Epoch: 8 	Training Loss: 0.763358 	Validation Loss: 0.175256
Epoch: 9 	Training Loss: 0.732498 	Validation Loss: 0.163013
Validation loss decreased (0.172164 --> 0.163013).  Saving model ...
Epoch: 10 	Training Loss: 0.706294 	Validation Loss: 0.157562
Validation loss decreased (0.163013 --> 0.157562).  Saving model ...
Epoch: 11 	Training Loss: 0.689861 	Validation Loss: 0.143542
Validation loss decreased (0.157562 --> 0.143542).  Saving model ...
Epoch: 12 	Training Loss: 0.660959 	Validation Loss: 0.146222
Epoch: 13 	Training Loss: 0.645156 	Validation Loss: 0.143488
Validation loss decreased (0.143542 --> 0.143488).  Saving model ...
Epoch: 14 	Training Loss: 0.624159 	Validation Loss: 0.136565
Validation loss decreased (0.143488 --> 0.136565).  Saving model ...
Epoch: 15 	Training Loss: 0.612043 	Validation Loss: 0.130323
Validation loss decreased (0.136565 --> 0.130323).  Saving model ...
Epoch: 16 	Training Loss: 0.591125 	Validation Loss: 0.125576
Validation loss decreased (0.130323 --> 0.125576).  Saving model ...
Epoch: 17 	Training Loss: 0.584800 	Validation Loss: 0.124340
Validation loss decreased (0.125576 --> 0.124340).  Saving model ...
Epoch: 18 	Training Loss: 0.562370 	Validation Loss: 0.119568
Validation loss decreased (0.124340 --> 0.119568).  Saving model ...
Epoch: 19 	Training Loss: 0.550013 	Validation Loss: 0.119875
Test Loss: 0.601971

Test Accuracy of airplane: 80% (188/234)
Test Accuracy of automobile: 86% (212/246)
Test Accuracy of  bird: 69% (194/281)
Test Accuracy of   cat: 49% (126/253)
Test Accuracy of  deer: 85% (193/227)
Test Accuracy of   dog: 74% (186/250)
Test Accuracy of  frog: 79% (198/248)
Test Accuracy of horse: 85% (213/250)
Test Accuracy of  ship: 91% (236/258)
Test Accuracy of truck: 87% (233/265)

Test Accuracy (Overall): 78% (1979/2512)
Epoch: 0 	Training Loss: 1.477341 	Validation Loss: 0.314480
Validation loss decreased (inf --> 0.314480).  Saving model ...
Epoch: 1 	Training Loss: 1.262036 	Validation Loss: 0.276700
Validation loss decreased (0.314480 --> 0.276700).  Saving model ...
Epoch: 2 	Training Loss: 1.137531 	Validation Loss: 0.241918
Validation loss decreased (0.276700 --> 0.241918).  Saving model ...
Epoch: 3 	Training Loss: 1.045641 	Validation Loss: 0.224641
Validation loss decreased (0.241918 --> 0.224641).  Saving model ...
Epoch: 4 	Training Loss: 0.980165 	Validation Loss: 0.225197
Epoch: 5 	Training Loss: 0.929886 	Validation Loss: 0.202567
Validation loss decreased (0.224641 --> 0.202567).  Saving model ...
Epoch: 6 	Training Loss: 0.887854 	Validation Loss: 0.184056
Validation loss decreased (0.202567 --> 0.184056).  Saving model ...
Epoch: 7 	Training Loss: 0.851851 	Validation Loss: 0.180506
Validation loss decreased (0.184056 --> 0.180506).  Saving model ...
Epoch: 8 	Training Loss: 0.816178 	Validation Loss: 0.171787
Validation loss decreased (0.180506 --> 0.171787).  Saving model ...
Epoch: 9 	Training Loss: 0.781436 	Validation Loss: 0.168266
Validation loss decreased (0.171787 --> 0.168266).  Saving model ...
Epoch: 10 	Training Loss: 0.761242 	Validation Loss: 0.155400
Validation loss decreased (0.168266 --> 0.155400).  Saving model ...
Epoch: 11 	Training Loss: 0.738508 	Validation Loss: 0.154094
Validation loss decreased (0.155400 --> 0.154094).  Saving model ...
Epoch: 12 	Training Loss: 0.715840 	Validation Loss: 0.144869
Validation loss decreased (0.154094 --> 0.144869).  Saving model ...
Epoch: 13 	Training Loss: 0.700302 	Validation Loss: 0.134566
Validation loss decreased (0.144869 --> 0.134566).  Saving model ...
Epoch: 14 	Training Loss: 0.677589 	Validation Loss: 0.138486
Epoch: 15 	Training Loss: 0.663228 	Validation Loss: 0.133127
Validation loss decreased (0.134566 --> 0.133127).  Saving model ...
Epoch: 16 	Training Loss: 0.649955 	Validation Loss: 0.128182
Validation loss decreased (0.133127 --> 0.128182).  Saving model ...
Epoch: 17 	Training Loss: 0.634680 	Validation Loss: 0.129950
Epoch: 18 	Training Loss: 0.621160 	Validation Loss: 0.132049
Epoch: 19 	Training Loss: 0.610418 	Validation Loss: 0.123865
Validation loss decreased (0.128182 --> 0.123865).  Saving model ...
Test Loss: 0.621069

Test Accuracy of airplane: 81% (190/234)
Test Accuracy of automobile: 85% (210/246)
Test Accuracy of  bird: 70% (199/281)
Test Accuracy of   cat: 61% (156/253)
Test Accuracy of  deer: 77% (177/227)
Test Accuracy of   dog: 56% (140/250)
Test Accuracy of  frog: 84% (209/248)
Test Accuracy of horse: 82% (205/250)
Test Accuracy of  ship: 93% (241/258)
Test Accuracy of truck: 83% (222/265)

Test Accuracy (Overall): 77% (1949/2512)
Epoch: 0 	Training Loss: 1.547373 	Validation Loss: 0.333132
Validation loss decreased (inf --> 0.333132).  Saving model ...
Epoch: 1 	Training Loss: 1.310323 	Validation Loss: 0.302102
Validation loss decreased (0.333132 --> 0.302102).  Saving model ...
Epoch: 2 	Training Loss: 1.193355 	Validation Loss: 0.253096
Validation loss decreased (0.302102 --> 0.253096).  Saving model ...
Epoch: 3 	Training Loss: 1.102997 	Validation Loss: 0.247141
Validation loss decreased (0.253096 --> 0.247141).  Saving model ...
Epoch: 4 	Training Loss: 1.022287 	Validation Loss: 0.221666
Validation loss decreased (0.247141 --> 0.221666).  Saving model ...
Epoch: 5 	Training Loss: 0.952476 	Validation Loss: 0.210814
Validation loss decreased (0.221666 --> 0.210814).  Saving model ...
Epoch: 6 	Training Loss: 0.901813 	Validation Loss: 0.202749
Validation loss decreased (0.210814 --> 0.202749).  Saving model ...
Epoch: 7 	Training Loss: 0.850551 	Validation Loss: 0.192129
Validation loss decreased (0.202749 --> 0.192129).  Saving model ...
Epoch: 8 	Training Loss: 0.809782 	Validation Loss: 0.176590
Validation loss decreased (0.192129 --> 0.176590).  Saving model ...
Epoch: 9 	Training Loss: 0.777695 	Validation Loss: 0.165160
Validation loss decreased (0.176590 --> 0.165160).  Saving model ...
Epoch: 10 	Training Loss: 0.748260 	Validation Loss: 0.168350
Epoch: 11 	Training Loss: 0.717504 	Validation Loss: 0.152462
Validation loss decreased (0.165160 --> 0.152462).  Saving model ...
Epoch: 12 	Training Loss: 0.690075 	Validation Loss: 0.156333
Epoch: 13 	Training Loss: 0.666408 	Validation Loss: 0.140768
Validation loss decreased (0.152462 --> 0.140768).  Saving model ...
Epoch: 14 	Training Loss: 0.644766 	Validation Loss: 0.132462
Validation loss decreased (0.140768 --> 0.132462).  Saving model ...
Epoch: 15 	Training Loss: 0.621986 	Validation Loss: 0.133874
Epoch: 16 	Training Loss: 0.604791 	Validation Loss: 0.130967
Validation loss decreased (0.132462 --> 0.130967).  Saving model ...
Epoch: 17 	Training Loss: 0.591350 	Validation Loss: 0.126611
Validation loss decreased (0.130967 --> 0.126611).  Saving model ...
Epoch: 18 	Training Loss: 0.574819 	Validation Loss: 0.117077
Validation loss decreased (0.126611 --> 0.117077).  Saving model ...
Epoch: 19 	Training Loss: 0.557220 	Validation Loss: 0.121950
Test Loss: 0.603143

Test Accuracy of airplane: 77% (182/234)
Test Accuracy of automobile: 89% (221/246)
Test Accuracy of  bird: 63% (179/281)
Test Accuracy of   cat: 60% (152/253)
Test Accuracy of  deer: 77% (175/227)
Test Accuracy of   dog: 76% (191/250)
Test Accuracy of  frog: 85% (211/248)
Test Accuracy of horse: 84% (211/250)
Test Accuracy of  ship: 90% (234/258)
Test Accuracy of truck: 86% (230/265)

Test Accuracy (Overall): 79% (1986/2512)
Epoch: 0 	Training Loss: 1.499125 	Validation Loss: 0.322463
Validation loss decreased (inf --> 0.322463).  Saving model ...
Epoch: 1 	Training Loss: 1.263455 	Validation Loss: 0.277002
Validation loss decreased (0.322463 --> 0.277002).  Saving model ...
Epoch: 2 	Training Loss: 1.148747 	Validation Loss: 0.247090
Validation loss decreased (0.277002 --> 0.247090).  Saving model ...
Epoch: 3 	Training Loss: 1.050657 	Validation Loss: 0.220438
Validation loss decreased (0.247090 --> 0.220438).  Saving model ...
Epoch: 4 	Training Loss: 0.982496 	Validation Loss: 0.205604
Validation loss decreased (0.220438 --> 0.205604).  Saving model ...
Epoch: 5 	Training Loss: 0.924883 	Validation Loss: 0.202474
Validation loss decreased (0.205604 --> 0.202474).  Saving model ...
Epoch: 6 	Training Loss: 0.882129 	Validation Loss: 0.194663
Validation loss decreased (0.202474 --> 0.194663).  Saving model ...
Epoch: 7 	Training Loss: 0.840945 	Validation Loss: 0.174823
Validation loss decreased (0.194663 --> 0.174823).  Saving model ...
Epoch: 8 	Training Loss: 0.803666 	Validation Loss: 0.166820
Validation loss decreased (0.174823 --> 0.166820).  Saving model ...
Epoch: 9 	Training Loss: 0.776078 	Validation Loss: 0.153665
Validation loss decreased (0.166820 --> 0.153665).  Saving model ...
Epoch: 10 	Training Loss: 0.747439 	Validation Loss: 0.155973
Epoch: 11 	Training Loss: 0.725305 	Validation Loss: 0.141884
Validation loss decreased (0.153665 --> 0.141884).  Saving model ...
Epoch: 12 	Training Loss: 0.698990 	Validation Loss: 0.144141
Epoch: 13 	Training Loss: 0.681096 	Validation Loss: 0.140273
Validation loss decreased (0.141884 --> 0.140273).  Saving model ...
Epoch: 14 	Training Loss: 0.663555 	Validation Loss: 0.132127
Validation loss decreased (0.140273 --> 0.132127).  Saving model ...
Epoch: 15 	Training Loss: 0.642526 	Validation Loss: 0.128582
Validation loss decreased (0.132127 --> 0.128582).  Saving model ...
Epoch: 16 	Training Loss: 0.628097 	Validation Loss: 0.125515
Validation loss decreased (0.128582 --> 0.125515).  Saving model ...
Epoch: 17 	Training Loss: 0.612292 	Validation Loss: 0.123580
Validation loss decreased (0.125515 --> 0.123580).  Saving model ...
Epoch: 18 	Training Loss: 0.605439 	Validation Loss: 0.124143
Epoch: 19 	Training Loss: 0.587470 	Validation Loss: 0.119951
Validation loss decreased (0.123580 --> 0.119951).  Saving model ...
Test Loss: 0.613730

Test Accuracy of airplane: 72% (170/234)
Test Accuracy of automobile: 95% (234/246)
Test Accuracy of  bird: 63% (179/281)
Test Accuracy of   cat: 51% (130/253)
Test Accuracy of  deer: 78% (178/227)
Test Accuracy of   dog: 73% (184/250)
Test Accuracy of  frog: 87% (218/248)
Test Accuracy of horse: 88% (222/250)
Test Accuracy of  ship: 88% (228/258)
Test Accuracy of truck: 82% (218/265)

Test Accuracy (Overall): 78% (1961/2512)
Epoch: 0 	Training Loss: 1.467280 	Validation Loss: 0.309577
Validation loss decreased (inf --> 0.309577).  Saving model ...
Epoch: 1 	Training Loss: 1.242061 	Validation Loss: 0.286015
Validation loss decreased (0.309577 --> 0.286015).  Saving model ...
Epoch: 2 	Training Loss: 1.134314 	Validation Loss: 0.252070
Validation loss decreased (0.286015 --> 0.252070).  Saving model ...
Epoch: 3 	Training Loss: 1.045205 	Validation Loss: 0.233511
Validation loss decreased (0.252070 --> 0.233511).  Saving model ...
Epoch: 4 	Training Loss: 0.961239 	Validation Loss: 0.210703
Validation loss decreased (0.233511 --> 0.210703).  Saving model ...
Epoch: 5 	Training Loss: 0.897918 	Validation Loss: 0.203690
Validation loss decreased (0.210703 --> 0.203690).  Saving model ...
Epoch: 6 	Training Loss: 0.847624 	Validation Loss: 0.197091
Validation loss decreased (0.203690 --> 0.197091).  Saving model ...
Epoch: 7 	Training Loss: 0.799349 	Validation Loss: 0.175759
Validation loss decreased (0.197091 --> 0.175759).  Saving model ...
Epoch: 8 	Training Loss: 0.763244 	Validation Loss: 0.171284
Validation loss decreased (0.175759 --> 0.171284).  Saving model ...
Epoch: 9 	Training Loss: 0.728595 	Validation Loss: 0.157389
Validation loss decreased (0.171284 --> 0.157389).  Saving model ...
Epoch: 10 	Training Loss: 0.699532 	Validation Loss: 0.155134
Validation loss decreased (0.157389 --> 0.155134).  Saving model ...
Epoch: 11 	Training Loss: 0.666597 	Validation Loss: 0.143525
Validation loss decreased (0.155134 --> 0.143525).  Saving model ...
Epoch: 12 	Training Loss: 0.646306 	Validation Loss: 0.142895
Validation loss decreased (0.143525 --> 0.142895).  Saving model ...
Epoch: 13 	Training Loss: 0.626083 	Validation Loss: 0.140932
Validation loss decreased (0.142895 --> 0.140932).  Saving model ...
Epoch: 14 	Training Loss: 0.602930 	Validation Loss: 0.129629
Validation loss decreased (0.140932 --> 0.129629).  Saving model ...
Epoch: 15 	Training Loss: 0.583690 	Validation Loss: 0.139425
Epoch: 16 	Training Loss: 0.570965 	Validation Loss: 0.128743
Validation loss decreased (0.129629 --> 0.128743).  Saving model ...
Epoch: 17 	Training Loss: 0.551236 	Validation Loss: 0.121329
Validation loss decreased (0.128743 --> 0.121329).  Saving model ...
Epoch: 18 	Training Loss: 0.535806 	Validation Loss: 0.122362
Epoch: 19 	Training Loss: 0.525037 	Validation Loss: 0.115501
Validation loss decreased (0.121329 --> 0.115501).  Saving model ...
Test Loss: 0.589380

Test Accuracy of airplane: 81% (191/234)
Test Accuracy of automobile: 91% (225/246)
Test Accuracy of  bird: 70% (198/281)
Test Accuracy of   cat: 63% (161/253)
Test Accuracy of  deer: 77% (175/227)
Test Accuracy of   dog: 72% (182/250)
Test Accuracy of  frog: 82% (204/248)
Test Accuracy of horse: 80% (202/250)
Test Accuracy of  ship: 93% (240/258)
Test Accuracy of truck: 84% (225/265)

Test Accuracy (Overall): 79% (2003/2512)
Epoch: 0 	Training Loss: 1.543225 	Validation Loss: 0.319375
Validation loss decreased (inf --> 0.319375).  Saving model ...
Epoch: 1 	Training Loss: 1.300888 	Validation Loss: 0.279620
Validation loss decreased (0.319375 --> 0.279620).  Saving model ...
Epoch: 2 	Training Loss: 1.190498 	Validation Loss: 0.249358
Validation loss decreased (0.279620 --> 0.249358).  Saving model ...
Epoch: 3 	Training Loss: 1.095330 	Validation Loss: 0.224338
Validation loss decreased (0.249358 --> 0.224338).  Saving model ...
Epoch: 4 	Training Loss: 1.018693 	Validation Loss: 0.212676
Validation loss decreased (0.224338 --> 0.212676).  Saving model ...
Epoch: 5 	Training Loss: 0.961494 	Validation Loss: 0.196586
Validation loss decreased (0.212676 --> 0.196586).  Saving model ...
Epoch: 6 	Training Loss: 0.910661 	Validation Loss: 0.190780
Validation loss decreased (0.196586 --> 0.190780).  Saving model ...
Epoch: 7 	Training Loss: 0.868810 	Validation Loss: 0.177977
Validation loss decreased (0.190780 --> 0.177977).  Saving model ...
Epoch: 8 	Training Loss: 0.835860 	Validation Loss: 0.169524
Validation loss decreased (0.177977 --> 0.169524).  Saving model ...
Epoch: 9 	Training Loss: 0.803090 	Validation Loss: 0.163080
Validation loss decreased (0.169524 --> 0.163080).  Saving model ...
Epoch: 10 	Training Loss: 0.765817 	Validation Loss: 0.162159
Validation loss decreased (0.163080 --> 0.162159).  Saving model ...
Epoch: 11 	Training Loss: 0.741508 	Validation Loss: 0.149464
Validation loss decreased (0.162159 --> 0.149464).  Saving model ...
Epoch: 12 	Training Loss: 0.712750 	Validation Loss: 0.141004
Validation loss decreased (0.149464 --> 0.141004).  Saving model ...
Epoch: 13 	Training Loss: 0.688943 	Validation Loss: 0.139726
Validation loss decreased (0.141004 --> 0.139726).  Saving model ...
Epoch: 14 	Training Loss: 0.679742 	Validation Loss: 0.136192
Validation loss decreased (0.139726 --> 0.136192).  Saving model ...
Epoch: 15 	Training Loss: 0.652947 	Validation Loss: 0.128979
Validation loss decreased (0.136192 --> 0.128979).  Saving model ...
Epoch: 16 	Training Loss: 0.634622 	Validation Loss: 0.127781
Validation loss decreased (0.128979 --> 0.127781).  Saving model ...
Epoch: 17 	Training Loss: 0.619513 	Validation Loss: 0.123564
Validation loss decreased (0.127781 --> 0.123564).  Saving model ...
Epoch: 18 	Training Loss: 0.606828 	Validation Loss: 0.121264
Validation loss decreased (0.123564 --> 0.121264).  Saving model ...
Epoch: 19 	Training Loss: 0.591448 	Validation Loss: 0.116362
Validation loss decreased (0.121264 --> 0.116362).  Saving model ...
Test Loss: 0.579625

Test Accuracy of airplane: 79% (187/234)
Test Accuracy of automobile: 90% (222/246)
Test Accuracy of  bird: 75% (213/281)
Test Accuracy of   cat: 55% (140/253)
Test Accuracy of  deer: 85% (193/227)
Test Accuracy of   dog: 70% (175/250)
Test Accuracy of  frog: 80% (199/248)
Test Accuracy of horse: 83% (208/250)
Test Accuracy of  ship: 91% (235/258)
Test Accuracy of truck: 86% (228/265)

Test Accuracy (Overall): 79% (2000/2512)
Epoch: 0 	Training Loss: 1.466104 	Validation Loss: 0.314785
Validation loss decreased (inf --> 0.314785).  Saving model ...
Epoch: 1 	Training Loss: 1.206518 	Validation Loss: 0.268221
Validation loss decreased (0.314785 --> 0.268221).  Saving model ...
Epoch: 2 	Training Loss: 1.065729 	Validation Loss: 0.258093
Validation loss decreased (0.268221 --> 0.258093).  Saving model ...
Epoch: 3 	Training Loss: 0.949272 	Validation Loss: 0.202330
Validation loss decreased (0.258093 --> 0.202330).  Saving model ...
Epoch: 4 	Training Loss: 0.858272 	Validation Loss: 0.195203
Validation loss decreased (0.202330 --> 0.195203).  Saving model ...
Epoch: 5 	Training Loss: 0.789189 	Validation Loss: 0.173683
Validation loss decreased (0.195203 --> 0.173683).  Saving model ...
Epoch: 6 	Training Loss: 0.729919 	Validation Loss: 0.157287
Validation loss decreased (0.173683 --> 0.157287).  Saving model ...
Epoch: 7 	Training Loss: 0.678520 	Validation Loss: 0.146225
Validation loss decreased (0.157287 --> 0.146225).  Saving model ...
Epoch: 8 	Training Loss: 0.642796 	Validation Loss: 0.154144
Epoch: 9 	Training Loss: 0.615919 	Validation Loss: 0.139052
Validation loss decreased (0.146225 --> 0.139052).  Saving model ...
Epoch: 10 	Training Loss: 0.580284 	Validation Loss: 0.122341
Validation loss decreased (0.139052 --> 0.122341).  Saving model ...
Epoch: 11 	Training Loss: 0.556569 	Validation Loss: 0.119225
Validation loss decreased (0.122341 --> 0.119225).  Saving model ...
Epoch: 12 	Training Loss: 0.533400 	Validation Loss: 0.123696
Epoch: 13 	Training Loss: 0.510451 	Validation Loss: 0.117986
Validation loss decreased (0.119225 --> 0.117986).  Saving model ...
Epoch: 14 	Training Loss: 0.493386 	Validation Loss: 0.112333
Validation loss decreased (0.117986 --> 0.112333).  Saving model ...
Epoch: 15 	Training Loss: 0.476137 	Validation Loss: 0.125153
Epoch: 16 	Training Loss: 0.460756 	Validation Loss: 0.110450
Validation loss decreased (0.112333 --> 0.110450).  Saving model ...
Epoch: 17 	Training Loss: 0.447809 	Validation Loss: 0.109149
Validation loss decreased (0.110450 --> 0.109149).  Saving model ...
Epoch: 18 	Training Loss: 0.439601 	Validation Loss: 0.103235
Validation loss decreased (0.109149 --> 0.103235).  Saving model ...
Epoch: 19 	Training Loss: 0.424368 	Validation Loss: 0.104647
Test Loss: 0.528324

Test Accuracy of airplane: 91% (215/234)
Test Accuracy of automobile: 93% (231/246)
Test Accuracy of  bird: 65% (183/281)
Test Accuracy of   cat: 59% (150/253)
Test Accuracy of  deer: 87% (199/227)
Test Accuracy of   dog: 70% (175/250)
Test Accuracy of  frog: 89% (222/248)
Test Accuracy of horse: 87% (219/250)
Test Accuracy of  ship: 89% (232/258)
Test Accuracy of truck: 83% (221/265)

Test Accuracy (Overall): 81% (2047/2512)
Epoch: 0 	Training Loss: 1.503538 	Validation Loss: 0.335917
Validation loss decreased (inf --> 0.335917).  Saving model ...
Epoch: 1 	Training Loss: 1.263923 	Validation Loss: 0.282028
Validation loss decreased (0.335917 --> 0.282028).  Saving model ...
Epoch: 2 	Training Loss: 1.143719 	Validation Loss: 0.247267
Validation loss decreased (0.282028 --> 0.247267).  Saving model ...
Epoch: 3 	Training Loss: 1.027448 	Validation Loss: 0.221403
Validation loss decreased (0.247267 --> 0.221403).  Saving model ...
Epoch: 4 	Training Loss: 0.936195 	Validation Loss: 0.197669
Validation loss decreased (0.221403 --> 0.197669).  Saving model ...
Epoch: 5 	Training Loss: 0.869816 	Validation Loss: 0.186479
Validation loss decreased (0.197669 --> 0.186479).  Saving model ...
Epoch: 6 	Training Loss: 0.816619 	Validation Loss: 0.172083
Validation loss decreased (0.186479 --> 0.172083).  Saving model ...
Epoch: 7 	Training Loss: 0.768626 	Validation Loss: 0.162426
Validation loss decreased (0.172083 --> 0.162426).  Saving model ...
Epoch: 8 	Training Loss: 0.728682 	Validation Loss: 0.153606
Validation loss decreased (0.162426 --> 0.153606).  Saving model ...
Epoch: 9 	Training Loss: 0.691947 	Validation Loss: 0.146408
Validation loss decreased (0.153606 --> 0.146408).  Saving model ...
Epoch: 10 	Training Loss: 0.661920 	Validation Loss: 0.146476
Epoch: 11 	Training Loss: 0.640783 	Validation Loss: 0.134583
Validation loss decreased (0.146408 --> 0.134583).  Saving model ...
Epoch: 12 	Training Loss: 0.610680 	Validation Loss: 0.133692
Validation loss decreased (0.134583 --> 0.133692).  Saving model ...
Epoch: 13 	Training Loss: 0.588787 	Validation Loss: 0.123334
Validation loss decreased (0.133692 --> 0.123334).  Saving model ...
Epoch: 14 	Training Loss: 0.566342 	Validation Loss: 0.126583
Epoch: 15 	Training Loss: 0.551298 	Validation Loss: 0.117680
Validation loss decreased (0.123334 --> 0.117680).  Saving model ...
Epoch: 16 	Training Loss: 0.538115 	Validation Loss: 0.112839
Validation loss decreased (0.117680 --> 0.112839).  Saving model ...
Epoch: 17 	Training Loss: 0.520610 	Validation Loss: 0.114137
Epoch: 18 	Training Loss: 0.506336 	Validation Loss: 0.112781
Validation loss decreased (0.112839 --> 0.112781).  Saving model ...
Epoch: 19 	Training Loss: 0.491476 	Validation Loss: 0.113245
Test Loss: 0.568401

Test Accuracy of airplane: 87% (205/234)
Test Accuracy of automobile: 94% (232/246)
Test Accuracy of  bird: 60% (170/281)
Test Accuracy of   cat: 62% (159/253)
Test Accuracy of  deer: 84% (191/227)
Test Accuracy of   dog: 68% (170/250)
Test Accuracy of  frog: 90% (224/248)
Test Accuracy of horse: 89% (223/250)
Test Accuracy of  ship: 94% (244/258)
Test Accuracy of truck: 79% (211/265)

Test Accuracy (Overall): 80% (2029/2512)
Epoch: 0 	Training Loss: 1.455886 	Validation Loss: 0.310031
Validation loss decreased (inf --> 0.310031).  Saving model ...
Epoch: 1 	Training Loss: 1.227362 	Validation Loss: 0.271243
Validation loss decreased (0.310031 --> 0.271243).  Saving model ...
Epoch: 2 	Training Loss: 1.106897 	Validation Loss: 0.246543
Validation loss decreased (0.271243 --> 0.246543).  Saving model ...
Epoch: 3 	Training Loss: 1.012269 	Validation Loss: 0.220417
Validation loss decreased (0.246543 --> 0.220417).  Saving model ...
Epoch: 4 	Training Loss: 0.933312 	Validation Loss: 0.202480
Validation loss decreased (0.220417 --> 0.202480).  Saving model ...
Epoch: 5 	Training Loss: 0.881333 	Validation Loss: 0.187987
Validation loss decreased (0.202480 --> 0.187987).  Saving model ...
Epoch: 6 	Training Loss: 0.824668 	Validation Loss: 0.181007
Validation loss decreased (0.187987 --> 0.181007).  Saving model ...
Epoch: 7 	Training Loss: 0.792566 	Validation Loss: 0.169058
Validation loss decreased (0.181007 --> 0.169058).  Saving model ...
Epoch: 8 	Training Loss: 0.753040 	Validation Loss: 0.165525
Validation loss decreased (0.169058 --> 0.165525).  Saving model ...
Epoch: 9 	Training Loss: 0.719034 	Validation Loss: 0.155077
Validation loss decreased (0.165525 --> 0.155077).  Saving model ...
Epoch: 10 	Training Loss: 0.689883 	Validation Loss: 0.149266
Validation loss decreased (0.155077 --> 0.149266).  Saving model ...
Epoch: 11 	Training Loss: 0.662904 	Validation Loss: 0.142079
Validation loss decreased (0.149266 --> 0.142079).  Saving model ...
Epoch: 12 	Training Loss: 0.639484 	Validation Loss: 0.134655
Validation loss decreased (0.142079 --> 0.134655).  Saving model ...
Epoch: 13 	Training Loss: 0.615823 	Validation Loss: 0.136636
Epoch: 14 	Training Loss: 0.598951 	Validation Loss: 0.130029
Validation loss decreased (0.134655 --> 0.130029).  Saving model ...
Epoch: 15 	Training Loss: 0.575650 	Validation Loss: 0.136735
Epoch: 16 	Training Loss: 0.562818 	Validation Loss: 0.123642
Validation loss decreased (0.130029 --> 0.123642).  Saving model ...
Epoch: 17 	Training Loss: 0.546481 	Validation Loss: 0.130329
Epoch: 18 	Training Loss: 0.534602 	Validation Loss: 0.117248
Validation loss decreased (0.123642 --> 0.117248).  Saving model ...
Epoch: 19 	Training Loss: 0.516473 	Validation Loss: 0.115477
Validation loss decreased (0.117248 --> 0.115477).  Saving model ...
Test Loss: 0.582503

Test Accuracy of airplane: 88% (208/234)
Test Accuracy of automobile: 95% (236/246)
Test Accuracy of  bird: 65% (185/281)
Test Accuracy of   cat: 54% (139/253)
Test Accuracy of  deer: 87% (198/227)
Test Accuracy of   dog: 62% (155/250)
Test Accuracy of  frog: 91% (227/248)
Test Accuracy of horse: 88% (222/250)
Test Accuracy of  ship: 90% (233/258)
Test Accuracy of truck: 82% (219/265)

Test Accuracy (Overall): 80% (2022/2512)
Epoch: 0 	Training Loss: 1.487933 	Validation Loss: 0.310236
Validation loss decreased (inf --> 0.310236).  Saving model ...
Epoch: 1 	Training Loss: 1.255177 	Validation Loss: 0.271587
Validation loss decreased (0.310236 --> 0.271587).  Saving model ...
Epoch: 2 	Training Loss: 1.151529 	Validation Loss: 0.259862
Validation loss decreased (0.271587 --> 0.259862).  Saving model ...
Epoch: 3 	Training Loss: 1.069422 	Validation Loss: 0.229842
Validation loss decreased (0.259862 --> 0.229842).  Saving model ...
Epoch: 4 	Training Loss: 0.993204 	Validation Loss: 0.215622
Validation loss decreased (0.229842 --> 0.215622).  Saving model ...
Epoch: 5 	Training Loss: 0.932117 	Validation Loss: 0.192375
Validation loss decreased (0.215622 --> 0.192375).  Saving model ...
Epoch: 6 	Training Loss: 0.882891 	Validation Loss: 0.181569
Validation loss decreased (0.192375 --> 0.181569).  Saving model ...
Epoch: 7 	Training Loss: 0.845271 	Validation Loss: 0.176013
Validation loss decreased (0.181569 --> 0.176013).  Saving model ...
Epoch: 8 	Training Loss: 0.813433 	Validation Loss: 0.171240
Validation loss decreased (0.176013 --> 0.171240).  Saving model ...
Epoch: 9 	Training Loss: 0.786782 	Validation Loss: 0.169352
Validation loss decreased (0.171240 --> 0.169352).  Saving model ...
Epoch: 10 	Training Loss: 0.765060 	Validation Loss: 0.167690
Validation loss decreased (0.169352 --> 0.167690).  Saving model ...
Epoch: 11 	Training Loss: 0.741407 	Validation Loss: 0.156072
Validation loss decreased (0.167690 --> 0.156072).  Saving model ...
Epoch: 12 	Training Loss: 0.720994 	Validation Loss: 0.161929
Epoch: 13 	Training Loss: 0.707377 	Validation Loss: 0.146267
Validation loss decreased (0.156072 --> 0.146267).  Saving model ...
Epoch: 14 	Training Loss: 0.686394 	Validation Loss: 0.143374
Validation loss decreased (0.146267 --> 0.143374).  Saving model ...
Epoch: 15 	Training Loss: 0.671272 	Validation Loss: 0.140369
Validation loss decreased (0.143374 --> 0.140369).  Saving model ...
Epoch: 16 	Training Loss: 0.658780 	Validation Loss: 0.140751
Epoch: 17 	Training Loss: 0.647538 	Validation Loss: 0.138529
Validation loss decreased (0.140369 --> 0.138529).  Saving model ...
Epoch: 18 	Training Loss: 0.632606 	Validation Loss: 0.131927
Validation loss decreased (0.138529 --> 0.131927).  Saving model ...
Epoch: 19 	Training Loss: 0.622482 	Validation Loss: 0.130303
Validation loss decreased (0.131927 --> 0.130303).  Saving model ...
Test Loss: 0.654696

Test Accuracy of airplane: 83% (196/234)
Test Accuracy of automobile: 93% (231/246)
Test Accuracy of  bird: 52% (147/281)
Test Accuracy of   cat: 43% (110/253)
Test Accuracy of  deer: 73% (167/227)
Test Accuracy of   dog: 73% (184/250)
Test Accuracy of  frog: 85% (211/248)
Test Accuracy of horse: 86% (215/250)
Test Accuracy of  ship: 90% (233/258)
Test Accuracy of truck: 88% (234/265)

Test Accuracy (Overall): 76% (1928/2512)
Epoch: 0 	Training Loss: 1.486859 	Validation Loss: 0.319139
Validation loss decreased (inf --> 0.319139).  Saving model ...
Epoch: 1 	Training Loss: 1.258066 	Validation Loss: 0.276359
Validation loss decreased (0.319139 --> 0.276359).  Saving model ...
Epoch: 2 	Training Loss: 1.146870 	Validation Loss: 0.260429
Validation loss decreased (0.276359 --> 0.260429).  Saving model ...
Epoch: 3 	Training Loss: 1.045028 	Validation Loss: 0.233278
Validation loss decreased (0.260429 --> 0.233278).  Saving model ...
Epoch: 4 	Training Loss: 0.973004 	Validation Loss: 0.222122
Validation loss decreased (0.233278 --> 0.222122).  Saving model ...
Epoch: 5 	Training Loss: 0.913483 	Validation Loss: 0.188415
Validation loss decreased (0.222122 --> 0.188415).  Saving model ...
Epoch: 6 	Training Loss: 0.857417 	Validation Loss: 0.179988
Validation loss decreased (0.188415 --> 0.179988).  Saving model ...
Epoch: 7 	Training Loss: 0.821361 	Validation Loss: 0.177197
Validation loss decreased (0.179988 --> 0.177197).  Saving model ...
Epoch: 8 	Training Loss: 0.784962 	Validation Loss: 0.182050
Epoch: 9 	Training Loss: 0.755261 	Validation Loss: 0.157061
Validation loss decreased (0.177197 --> 0.157061).  Saving model ...
Epoch: 10 	Training Loss: 0.728009 	Validation Loss: 0.159596
Epoch: 11 	Training Loss: 0.703249 	Validation Loss: 0.142062
Validation loss decreased (0.157061 --> 0.142062).  Saving model ...
Epoch: 12 	Training Loss: 0.684369 	Validation Loss: 0.142309
Epoch: 13 	Training Loss: 0.659860 	Validation Loss: 0.137602
Validation loss decreased (0.142062 --> 0.137602).  Saving model ...
Epoch: 14 	Training Loss: 0.646636 	Validation Loss: 0.134506
Validation loss decreased (0.137602 --> 0.134506).  Saving model ...
Epoch: 15 	Training Loss: 0.629853 	Validation Loss: 0.133712
Validation loss decreased (0.134506 --> 0.133712).  Saving model ...
Epoch: 16 	Training Loss: 0.612487 	Validation Loss: 0.148643
Epoch: 17 	Training Loss: 0.598927 	Validation Loss: 0.118571
Validation loss decreased (0.133712 --> 0.118571).  Saving model ...
Epoch: 18 	Training Loss: 0.584066 	Validation Loss: 0.118153
Validation loss decreased (0.118571 --> 0.118153).  Saving model ...
Epoch: 19 	Training Loss: 0.576016 	Validation Loss: 0.119176
Test Loss: 0.601695

Test Accuracy of airplane: 90% (211/234)
Test Accuracy of automobile: 95% (235/246)
Test Accuracy of  bird: 74% (208/281)
Test Accuracy of   cat: 69% (176/253)
Test Accuracy of  deer: 77% (175/227)
Test Accuracy of   dog: 62% (155/250)
Test Accuracy of  frog: 79% (197/248)
Test Accuracy of horse: 83% (209/250)
Test Accuracy of  ship: 87% (226/258)
Test Accuracy of truck: 76% (204/265)

Test Accuracy (Overall): 79% (1996/2512)
Epoch: 0 	Training Loss: 1.450226 	Validation Loss: 0.309342
Validation loss decreased (inf --> 0.309342).  Saving model ...
Epoch: 1 	Training Loss: 1.200704 	Validation Loss: 0.259337
Validation loss decreased (0.309342 --> 0.259337).  Saving model ...
Epoch: 2 	Training Loss: 1.066366 	Validation Loss: 0.226236
Validation loss decreased (0.259337 --> 0.226236).  Saving model ...
Epoch: 3 	Training Loss: 0.965563 	Validation Loss: 0.206465
Validation loss decreased (0.226236 --> 0.206465).  Saving model ...
Epoch: 4 	Training Loss: 0.885368 	Validation Loss: 0.194689
Validation loss decreased (0.206465 --> 0.194689).  Saving model ...
Epoch: 5 	Training Loss: 0.835620 	Validation Loss: 0.177156
Validation loss decreased (0.194689 --> 0.177156).  Saving model ...
Epoch: 6 	Training Loss: 0.788745 	Validation Loss: 0.167387
Validation loss decreased (0.177156 --> 0.167387).  Saving model ...
Epoch: 7 	Training Loss: 0.753010 	Validation Loss: 0.161927
Validation loss decreased (0.167387 --> 0.161927).  Saving model ...
Epoch: 8 	Training Loss: 0.708767 	Validation Loss: 0.155227
Validation loss decreased (0.161927 --> 0.155227).  Saving model ...
Epoch: 9 	Training Loss: 0.681083 	Validation Loss: 0.144150
Validation loss decreased (0.155227 --> 0.144150).  Saving model ...
Epoch: 10 	Training Loss: 0.651496 	Validation Loss: 0.141181
Validation loss decreased (0.144150 --> 0.141181).  Saving model ...
Epoch: 11 	Training Loss: 0.629414 	Validation Loss: 0.140134
Validation loss decreased (0.141181 --> 0.140134).  Saving model ...
Epoch: 12 	Training Loss: 0.599760 	Validation Loss: 0.127570
Validation loss decreased (0.140134 --> 0.127570).  Saving model ...
Epoch: 13 	Training Loss: 0.586665 	Validation Loss: 0.126551
Validation loss decreased (0.127570 --> 0.126551).  Saving model ...
Epoch: 14 	Training Loss: 0.568109 	Validation Loss: 0.123388
Validation loss decreased (0.126551 --> 0.123388).  Saving model ...
Epoch: 15 	Training Loss: 0.548828 	Validation Loss: 0.120468
Validation loss decreased (0.123388 --> 0.120468).  Saving model ...
Epoch: 16 	Training Loss: 0.536353 	Validation Loss: 0.115387
Validation loss decreased (0.120468 --> 0.115387).  Saving model ...
Epoch: 17 	Training Loss: 0.511445 	Validation Loss: 0.114517
Validation loss decreased (0.115387 --> 0.114517).  Saving model ...
Epoch: 18 	Training Loss: 0.506237 	Validation Loss: 0.112763
Validation loss decreased (0.114517 --> 0.112763).  Saving model ...
Epoch: 19 	Training Loss: 0.493827 	Validation Loss: 0.108295
Validation loss decreased (0.112763 --> 0.108295).  Saving model ...
Test Loss: 0.555053

Test Accuracy of airplane: 91% (214/234)
Test Accuracy of automobile: 94% (232/246)
Test Accuracy of  bird: 64% (181/281)
Test Accuracy of   cat: 64% (163/253)
Test Accuracy of  deer: 77% (175/227)
Test Accuracy of   dog: 70% (176/250)
Test Accuracy of  frog: 83% (206/248)
Test Accuracy of horse: 91% (228/250)
Test Accuracy of  ship: 84% (218/258)
Test Accuracy of truck: 84% (225/265)

Test Accuracy (Overall): 80% (2018/2512)
Epoch: 0 	Training Loss: 1.515357 	Validation Loss: 0.353372
Validation loss decreased (inf --> 0.353372).  Saving model ...
Epoch: 1 	Training Loss: 1.294088 	Validation Loss: 0.286208
Validation loss decreased (0.353372 --> 0.286208).  Saving model ...
Epoch: 2 	Training Loss: 1.185520 	Validation Loss: 0.254138
Validation loss decreased (0.286208 --> 0.254138).  Saving model ...
Epoch: 3 	Training Loss: 1.100948 	Validation Loss: 0.245481
Validation loss decreased (0.254138 --> 0.245481).  Saving model ...
Epoch: 4 	Training Loss: 1.018819 	Validation Loss: 0.263051
Epoch: 5 	Training Loss: 0.963562 	Validation Loss: 0.207690
Validation loss decreased (0.245481 --> 0.207690).  Saving model ...
Epoch: 6 	Training Loss: 0.904448 	Validation Loss: 0.197163
Validation loss decreased (0.207690 --> 0.197163).  Saving model ...
Epoch: 7 	Training Loss: 0.856846 	Validation Loss: 0.184020
Validation loss decreased (0.197163 --> 0.184020).  Saving model ...
Epoch: 8 	Training Loss: 0.822267 	Validation Loss: 0.171086
Validation loss decreased (0.184020 --> 0.171086).  Saving model ...
Epoch: 9 	Training Loss: 0.778798 	Validation Loss: 0.183065
Epoch: 10 	Training Loss: 0.748155 	Validation Loss: 0.171102
Epoch: 11 	Training Loss: 0.722536 	Validation Loss: 0.148542
Validation loss decreased (0.171086 --> 0.148542).  Saving model ...
Epoch: 12 	Training Loss: 0.692714 	Validation Loss: 0.137735
Validation loss decreased (0.148542 --> 0.137735).  Saving model ...
Epoch: 13 	Training Loss: 0.667784 	Validation Loss: 0.154153
Epoch: 14 	Training Loss: 0.651665 	Validation Loss: 0.133389
Validation loss decreased (0.137735 --> 0.133389).  Saving model ...
Epoch: 15 	Training Loss: 0.636033 	Validation Loss: 0.131888
Validation loss decreased (0.133389 --> 0.131888).  Saving model ...
Epoch: 16 	Training Loss: 0.614288 	Validation Loss: 0.127504
Validation loss decreased (0.131888 --> 0.127504).  Saving model ...
Epoch: 17 	Training Loss: 0.600518 	Validation Loss: 0.128735
Epoch: 18 	Training Loss: 0.585585 	Validation Loss: 0.129847
Epoch: 19 	Training Loss: 0.572732 	Validation Loss: 0.121430
Validation loss decreased (0.127504 --> 0.121430).  Saving model ...
Test Loss: 0.600914

Test Accuracy of airplane: 87% (205/234)
Test Accuracy of automobile: 89% (221/246)
Test Accuracy of  bird: 71% (202/281)
Test Accuracy of   cat: 61% (155/253)
Test Accuracy of  deer: 76% (173/227)
Test Accuracy of   dog: 58% (145/250)
Test Accuracy of  frog: 84% (210/248)
Test Accuracy of horse: 80% (201/250)
Test Accuracy of  ship: 93% (242/258)
Test Accuracy of truck: 88% (234/265)

Test Accuracy (Overall): 79% (1988/2512)
Epoch: 0 	Training Loss: 1.467464 	Validation Loss: 0.297985
Validation loss decreased (inf --> 0.297985).  Saving model ...
Epoch: 1 	Training Loss: 1.228112 	Validation Loss: 0.262089
Validation loss decreased (0.297985 --> 0.262089).  Saving model ...
Epoch: 2 	Training Loss: 1.105422 	Validation Loss: 0.241425
Validation loss decreased (0.262089 --> 0.241425).  Saving model ...
Epoch: 3 	Training Loss: 1.004616 	Validation Loss: 0.213433
Validation loss decreased (0.241425 --> 0.213433).  Saving model ...
Epoch: 4 	Training Loss: 0.937259 	Validation Loss: 0.206214
Validation loss decreased (0.213433 --> 0.206214).  Saving model ...
Epoch: 5 	Training Loss: 0.881571 	Validation Loss: 0.189029
Validation loss decreased (0.206214 --> 0.189029).  Saving model ...
Epoch: 6 	Training Loss: 0.836519 	Validation Loss: 0.181793
Validation loss decreased (0.189029 --> 0.181793).  Saving model ...
Epoch: 7 	Training Loss: 0.797661 	Validation Loss: 0.168375
Validation loss decreased (0.181793 --> 0.168375).  Saving model ...
Epoch: 8 	Training Loss: 0.761671 	Validation Loss: 0.156541
Validation loss decreased (0.168375 --> 0.156541).  Saving model ...
Epoch: 9 	Training Loss: 0.726206 	Validation Loss: 0.154301
Validation loss decreased (0.156541 --> 0.154301).  Saving model ...
Epoch: 10 	Training Loss: 0.701658 	Validation Loss: 0.142545
Validation loss decreased (0.154301 --> 0.142545).  Saving model ...
Epoch: 11 	Training Loss: 0.674706 	Validation Loss: 0.136453
Validation loss decreased (0.142545 --> 0.136453).  Saving model ...
Epoch: 12 	Training Loss: 0.651501 	Validation Loss: 0.140382
Epoch: 13 	Training Loss: 0.636913 	Validation Loss: 0.135184
Validation loss decreased (0.136453 --> 0.135184).  Saving model ...
Epoch: 14 	Training Loss: 0.613532 	Validation Loss: 0.126103
Validation loss decreased (0.135184 --> 0.126103).  Saving model ...
Epoch: 15 	Training Loss: 0.598383 	Validation Loss: 0.119685
Validation loss decreased (0.126103 --> 0.119685).  Saving model ...
Epoch: 16 	Training Loss: 0.578634 	Validation Loss: 0.128336
Epoch: 17 	Training Loss: 0.563459 	Validation Loss: 0.126796
Epoch: 18 	Training Loss: 0.551467 	Validation Loss: 0.120602
Epoch: 19 	Training Loss: 0.540707 	Validation Loss: 0.114065
Validation loss decreased (0.119685 --> 0.114065).  Saving model ...
Test Loss: 0.586017

Test Accuracy of airplane: 85% (199/234)
Test Accuracy of automobile: 91% (225/246)
Test Accuracy of  bird: 65% (184/281)
Test Accuracy of   cat: 46% (118/253)
Test Accuracy of  deer: 89% (203/227)
Test Accuracy of   dog: 72% (180/250)
Test Accuracy of  frog: 82% (205/248)
Test Accuracy of horse: 83% (208/250)
Test Accuracy of  ship: 95% (246/258)
Test Accuracy of truck: 87% (232/265)

Test Accuracy (Overall): 79% (2000/2512)
Epoch: 0 	Training Loss: 1.506489 	Validation Loss: 0.318494
Validation loss decreased (inf --> 0.318494).  Saving model ...
Epoch: 1 	Training Loss: 1.270805 	Validation Loss: 0.280171
Validation loss decreased (0.318494 --> 0.280171).  Saving model ...
Epoch: 2 	Training Loss: 1.153380 	Validation Loss: 0.255412
Validation loss decreased (0.280171 --> 0.255412).  Saving model ...
Epoch: 3 	Training Loss: 1.060514 	Validation Loss: 0.229390
Validation loss decreased (0.255412 --> 0.229390).  Saving model ...
Epoch: 4 	Training Loss: 0.979415 	Validation Loss: 0.215068
Validation loss decreased (0.229390 --> 0.215068).  Saving model ...
Epoch: 5 	Training Loss: 0.925513 	Validation Loss: 0.194586
Validation loss decreased (0.215068 --> 0.194586).  Saving model ...
Epoch: 6 	Training Loss: 0.872349 	Validation Loss: 0.189411
Validation loss decreased (0.194586 --> 0.189411).  Saving model ...
Epoch: 7 	Training Loss: 0.828564 	Validation Loss: 0.175109
Validation loss decreased (0.189411 --> 0.175109).  Saving model ...
Epoch: 8 	Training Loss: 0.799503 	Validation Loss: 0.170631
Validation loss decreased (0.175109 --> 0.170631).  Saving model ...
Epoch: 9 	Training Loss: 0.773163 	Validation Loss: 0.163722
Validation loss decreased (0.170631 --> 0.163722).  Saving model ...
Epoch: 10 	Training Loss: 0.746643 	Validation Loss: 0.154876
Validation loss decreased (0.163722 --> 0.154876).  Saving model ...
Epoch: 11 	Training Loss: 0.722240 	Validation Loss: 0.153984
Validation loss decreased (0.154876 --> 0.153984).  Saving model ...
Epoch: 12 	Training Loss: 0.701769 	Validation Loss: 0.149738
Validation loss decreased (0.153984 --> 0.149738).  Saving model ...
Epoch: 13 	Training Loss: 0.680163 	Validation Loss: 0.144849
Validation loss decreased (0.149738 --> 0.144849).  Saving model ...
Epoch: 14 	Training Loss: 0.663278 	Validation Loss: 0.138885
Validation loss decreased (0.144849 --> 0.138885).  Saving model ...
Epoch: 15 	Training Loss: 0.641264 	Validation Loss: 0.133596
Validation loss decreased (0.138885 --> 0.133596).  Saving model ...
Epoch: 16 	Training Loss: 0.630024 	Validation Loss: 0.133385
Validation loss decreased (0.133596 --> 0.133385).  Saving model ...
Epoch: 17 	Training Loss: 0.615334 	Validation Loss: 0.128195
Validation loss decreased (0.133385 --> 0.128195).  Saving model ...
Epoch: 18 	Training Loss: 0.600244 	Validation Loss: 0.138809
Epoch: 19 	Training Loss: 0.588929 	Validation Loss: 0.122410
Validation loss decreased (0.128195 --> 0.122410).  Saving model ...
Test Loss: 0.619059

Test Accuracy of airplane: 89% (210/234)
Test Accuracy of automobile: 95% (234/246)
Test Accuracy of  bird: 61% (173/281)
Test Accuracy of   cat: 57% (146/253)
Test Accuracy of  deer: 75% (171/227)
Test Accuracy of   dog: 65% (164/250)
Test Accuracy of  frog: 88% (219/248)
Test Accuracy of horse: 82% (205/250)
Test Accuracy of  ship: 89% (231/258)
Test Accuracy of truck: 80% (212/265)

Test Accuracy (Overall): 78% (1965/2512)
Epoch: 0 	Training Loss: 1.494144 	Validation Loss: 0.318633
Validation loss decreased (inf --> 0.318633).  Saving model ...
Epoch: 1 	Training Loss: 1.247141 	Validation Loss: 0.279939
Validation loss decreased (0.318633 --> 0.279939).  Saving model ...
Epoch: 2 	Training Loss: 1.128384 	Validation Loss: 0.259712
Validation loss decreased (0.279939 --> 0.259712).  Saving model ...
Epoch: 3 	Training Loss: 1.028936 	Validation Loss: 0.239982
Validation loss decreased (0.259712 --> 0.239982).  Saving model ...
Epoch: 4 	Training Loss: 0.943708 	Validation Loss: 0.209022
Validation loss decreased (0.239982 --> 0.209022).  Saving model ...
Epoch: 5 	Training Loss: 0.889369 	Validation Loss: 0.187657
Validation loss decreased (0.209022 --> 0.187657).  Saving model ...
Epoch: 6 	Training Loss: 0.837787 	Validation Loss: 0.188804
Epoch: 7 	Training Loss: 0.796071 	Validation Loss: 0.179100
Validation loss decreased (0.187657 --> 0.179100).  Saving model ...
Epoch: 8 	Training Loss: 0.760154 	Validation Loss: 0.161087
Validation loss decreased (0.179100 --> 0.161087).  Saving model ...
Epoch: 9 	Training Loss: 0.735664 	Validation Loss: 0.156485
Validation loss decreased (0.161087 --> 0.156485).  Saving model ...
Epoch: 10 	Training Loss: 0.702230 	Validation Loss: 0.143950
Validation loss decreased (0.156485 --> 0.143950).  Saving model ...
Epoch: 11 	Training Loss: 0.674893 	Validation Loss: 0.148334
Epoch: 12 	Training Loss: 0.656194 	Validation Loss: 0.146094
Epoch: 13 	Training Loss: 0.628284 	Validation Loss: 0.136794
Validation loss decreased (0.143950 --> 0.136794).  Saving model ...
Epoch: 14 	Training Loss: 0.610188 	Validation Loss: 0.132675
Validation loss decreased (0.136794 --> 0.132675).  Saving model ...
Epoch: 15 	Training Loss: 0.594272 	Validation Loss: 0.126936
Validation loss decreased (0.132675 --> 0.126936).  Saving model ...
Epoch: 16 	Training Loss: 0.577340 	Validation Loss: 0.127306
Epoch: 17 	Training Loss: 0.559807 	Validation Loss: 0.131544
Epoch: 18 	Training Loss: 0.540119 	Validation Loss: 0.116648
Validation loss decreased (0.126936 --> 0.116648).  Saving model ...
Epoch: 19 	Training Loss: 0.531412 	Validation Loss: 0.114312
Validation loss decreased (0.116648 --> 0.114312).  Saving model ...
Test Loss: 0.566954

Test Accuracy of airplane: 84% (198/234)
Test Accuracy of automobile: 92% (228/246)
Test Accuracy of  bird: 70% (197/281)
Test Accuracy of   cat: 52% (134/253)
Test Accuracy of  deer: 89% (203/227)
Test Accuracy of   dog: 66% (167/250)
Test Accuracy of  frog: 86% (214/248)
Test Accuracy of horse: 88% (222/250)
Test Accuracy of  ship: 89% (230/258)
Test Accuracy of truck: 88% (234/265)

Test Accuracy (Overall): 80% (2027/2512)
Epoch: 0 	Training Loss: 1.535691 	Validation Loss: 0.325524
Validation loss decreased (inf --> 0.325524).  Saving model ...
Epoch: 1 	Training Loss: 1.300499 	Validation Loss: 0.284182
Validation loss decreased (0.325524 --> 0.284182).  Saving model ...
Epoch: 2 	Training Loss: 1.188063 	Validation Loss: 0.271910
Validation loss decreased (0.284182 --> 0.271910).  Saving model ...
Epoch: 3 	Training Loss: 1.093629 	Validation Loss: 0.234452
Validation loss decreased (0.271910 --> 0.234452).  Saving model ...
Epoch: 4 	Training Loss: 1.012470 	Validation Loss: 0.220376
Validation loss decreased (0.234452 --> 0.220376).  Saving model ...
Epoch: 5 	Training Loss: 0.943639 	Validation Loss: 0.199209
Validation loss decreased (0.220376 --> 0.199209).  Saving model ...
Epoch: 6 	Training Loss: 0.901939 	Validation Loss: 0.195086
Validation loss decreased (0.199209 --> 0.195086).  Saving model ...
Epoch: 7 	Training Loss: 0.862776 	Validation Loss: 0.188186
Validation loss decreased (0.195086 --> 0.188186).  Saving model ...
Epoch: 8 	Training Loss: 0.825691 	Validation Loss: 0.169320
Validation loss decreased (0.188186 --> 0.169320).  Saving model ...
Epoch: 9 	Training Loss: 0.792920 	Validation Loss: 0.165482
Validation loss decreased (0.169320 --> 0.165482).  Saving model ...
Epoch: 10 	Training Loss: 0.773890 	Validation Loss: 0.171095
Epoch: 11 	Training Loss: 0.744180 	Validation Loss: 0.153827
Validation loss decreased (0.165482 --> 0.153827).  Saving model ...
Epoch: 12 	Training Loss: 0.718992 	Validation Loss: 0.150783
Validation loss decreased (0.153827 --> 0.150783).  Saving model ...
Epoch: 13 	Training Loss: 0.700280 	Validation Loss: 0.143197
Validation loss decreased (0.150783 --> 0.143197).  Saving model ...
Epoch: 14 	Training Loss: 0.677778 	Validation Loss: 0.140164
Validation loss decreased (0.143197 --> 0.140164).  Saving model ...
Epoch: 15 	Training Loss: 0.658724 	Validation Loss: 0.135039
Validation loss decreased (0.140164 --> 0.135039).  Saving model ...
Epoch: 16 	Training Loss: 0.638486 	Validation Loss: 0.128726
Validation loss decreased (0.135039 --> 0.128726).  Saving model ...
Epoch: 17 	Training Loss: 0.619454 	Validation Loss: 0.127826
Validation loss decreased (0.128726 --> 0.127826).  Saving model ...
Epoch: 18 	Training Loss: 0.606579 	Validation Loss: 0.139346
Epoch: 19 	Training Loss: 0.589957 	Validation Loss: 0.123459
Validation loss decreased (0.127826 --> 0.123459).  Saving model ...
Test Loss: 0.611613

Test Accuracy of airplane: 79% (187/234)
Test Accuracy of automobile: 89% (220/246)
Test Accuracy of  bird: 66% (188/281)
Test Accuracy of   cat: 58% (148/253)
Test Accuracy of  deer: 77% (176/227)
Test Accuracy of   dog: 65% (163/250)
Test Accuracy of  frog: 77% (193/248)
Test Accuracy of horse: 90% (225/250)
Test Accuracy of  ship: 90% (233/258)
Test Accuracy of truck: 89% (238/265)

Test Accuracy (Overall): 78% (1971/2512)
Epoch: 0 	Training Loss: 1.473310 	Validation Loss: 0.311593
Validation loss decreased (inf --> 0.311593).  Saving model ...
Epoch: 1 	Training Loss: 1.240716 	Validation Loss: 0.306155
Validation loss decreased (0.311593 --> 0.306155).  Saving model ...
Epoch: 2 	Training Loss: 1.134360 	Validation Loss: 0.252532
Validation loss decreased (0.306155 --> 0.252532).  Saving model ...
Epoch: 3 	Training Loss: 1.046387 	Validation Loss: 0.267565
Epoch: 4 	Training Loss: 0.977280 	Validation Loss: 0.213222
Validation loss decreased (0.252532 --> 0.213222).  Saving model ...
Epoch: 5 	Training Loss: 0.922273 	Validation Loss: 0.203443
Validation loss decreased (0.213222 --> 0.203443).  Saving model ...
Epoch: 6 	Training Loss: 0.870688 	Validation Loss: 0.190856
Validation loss decreased (0.203443 --> 0.190856).  Saving model ...
Epoch: 7 	Training Loss: 0.832976 	Validation Loss: 0.184775
Validation loss decreased (0.190856 --> 0.184775).  Saving model ...
Epoch: 8 	Training Loss: 0.797250 	Validation Loss: 0.175509
Validation loss decreased (0.184775 --> 0.175509).  Saving model ...
Epoch: 9 	Training Loss: 0.769209 	Validation Loss: 0.167192
Validation loss decreased (0.175509 --> 0.167192).  Saving model ...
Epoch: 10 	Training Loss: 0.734697 	Validation Loss: 0.158823
Validation loss decreased (0.167192 --> 0.158823).  Saving model ...
Epoch: 11 	Training Loss: 0.714074 	Validation Loss: 0.148006
Validation loss decreased (0.158823 --> 0.148006).  Saving model ...
Epoch: 12 	Training Loss: 0.694218 	Validation Loss: 0.144794
Validation loss decreased (0.148006 --> 0.144794).  Saving model ...
Epoch: 13 	Training Loss: 0.666200 	Validation Loss: 0.144774
Validation loss decreased (0.144794 --> 0.144774).  Saving model ...
Epoch: 14 	Training Loss: 0.649425 	Validation Loss: 0.139770
Validation loss decreased (0.144774 --> 0.139770).  Saving model ...
Epoch: 15 	Training Loss: 0.632008 	Validation Loss: 0.141278
Epoch: 16 	Training Loss: 0.612888 	Validation Loss: 0.132089
Validation loss decreased (0.139770 --> 0.132089).  Saving model ...
Epoch: 17 	Training Loss: 0.599722 	Validation Loss: 0.129895
Validation loss decreased (0.132089 --> 0.129895).  Saving model ...
Epoch: 18 	Training Loss: 0.587384 	Validation Loss: 0.124777
Validation loss decreased (0.129895 --> 0.124777).  Saving model ...
Epoch: 19 	Training Loss: 0.569736 	Validation Loss: 0.119827
Validation loss decreased (0.124777 --> 0.119827).  Saving model ...
Test Loss: 0.606643

Test Accuracy of airplane: 83% (195/234)
Test Accuracy of automobile: 93% (230/246)
Test Accuracy of  bird: 76% (216/281)
Test Accuracy of   cat: 59% (151/253)
Test Accuracy of  deer: 78% (179/227)
Test Accuracy of   dog: 59% (149/250)
Test Accuracy of  frog: 75% (187/248)
Test Accuracy of horse: 89% (223/250)
Test Accuracy of  ship: 92% (239/258)
Test Accuracy of truck: 81% (215/265)

Test Accuracy (Overall): 78% (1984/2512)
Epoch: 0 	Training Loss: 1.465514 	Validation Loss: 0.315927
Validation loss decreased (inf --> 0.315927).  Saving model ...
Epoch: 1 	Training Loss: 1.244200 	Validation Loss: 0.283180
Validation loss decreased (0.315927 --> 0.283180).  Saving model ...
Epoch: 2 	Training Loss: 1.122096 	Validation Loss: 0.250864
Validation loss decreased (0.283180 --> 0.250864).  Saving model ...
Epoch: 3 	Training Loss: 1.026505 	Validation Loss: 0.214880
Validation loss decreased (0.250864 --> 0.214880).  Saving model ...
Epoch: 4 	Training Loss: 0.954804 	Validation Loss: 0.201977
Validation loss decreased (0.214880 --> 0.201977).  Saving model ...
Epoch: 5 	Training Loss: 0.907753 	Validation Loss: 0.191815
Validation loss decreased (0.201977 --> 0.191815).  Saving model ...
Epoch: 6 	Training Loss: 0.850551 	Validation Loss: 0.175537
Validation loss decreased (0.191815 --> 0.175537).  Saving model ...
Epoch: 7 	Training Loss: 0.817156 	Validation Loss: 0.177192
Epoch: 8 	Training Loss: 0.784385 	Validation Loss: 0.174015
Validation loss decreased (0.175537 --> 0.174015).  Saving model ...
Epoch: 9 	Training Loss: 0.756110 	Validation Loss: 0.175924
Epoch: 10 	Training Loss: 0.723763 	Validation Loss: 0.153674
Validation loss decreased (0.174015 --> 0.153674).  Saving model ...
Epoch: 11 	Training Loss: 0.696177 	Validation Loss: 0.142709
Validation loss decreased (0.153674 --> 0.142709).  Saving model ...
Epoch: 12 	Training Loss: 0.676179 	Validation Loss: 0.140305
Validation loss decreased (0.142709 --> 0.140305).  Saving model ...
Epoch: 13 	Training Loss: 0.656541 	Validation Loss: 0.134811
Validation loss decreased (0.140305 --> 0.134811).  Saving model ...
Epoch: 14 	Training Loss: 0.633562 	Validation Loss: 0.128028
Validation loss decreased (0.134811 --> 0.128028).  Saving model ...
Epoch: 15 	Training Loss: 0.617935 	Validation Loss: 0.133596
Epoch: 16 	Training Loss: 0.604997 	Validation Loss: 0.134328
Epoch: 17 	Training Loss: 0.589609 	Validation Loss: 0.124909
Validation loss decreased (0.128028 --> 0.124909).  Saving model ...
Epoch: 18 	Training Loss: 0.568336 	Validation Loss: 0.118581
Validation loss decreased (0.124909 --> 0.118581).  Saving model ...
Epoch: 19 	Training Loss: 0.567289 	Validation Loss: 0.120530
Test Loss: 0.601830

Test Accuracy of airplane: 83% (195/234)
Test Accuracy of automobile: 86% (212/246)
Test Accuracy of  bird: 76% (214/281)
Test Accuracy of   cat: 64% (164/253)
Test Accuracy of  deer: 85% (195/227)
Test Accuracy of   dog: 62% (157/250)
Test Accuracy of  frog: 87% (216/248)
Test Accuracy of horse: 78% (195/250)
Test Accuracy of  ship: 91% (236/258)
Test Accuracy of truck: 87% (233/265)

Test Accuracy (Overall): 80% (2017/2512)
Epoch: 0 	Training Loss: 1.460391 	Validation Loss: 0.315974
Validation loss decreased (inf --> 0.315974).  Saving model ...
Epoch: 1 	Training Loss: 1.194403 	Validation Loss: 0.256801
Validation loss decreased (0.315974 --> 0.256801).  Saving model ...
Epoch: 2 	Training Loss: 1.051901 	Validation Loss: 0.227167
Validation loss decreased (0.256801 --> 0.227167).  Saving model ...
Epoch: 3 	Training Loss: 0.945322 	Validation Loss: 0.200850
Validation loss decreased (0.227167 --> 0.200850).  Saving model ...
Epoch: 4 	Training Loss: 0.866087 	Validation Loss: 0.184121
Validation loss decreased (0.200850 --> 0.184121).  Saving model ...
Epoch: 5 	Training Loss: 0.800910 	Validation Loss: 0.179544
Validation loss decreased (0.184121 --> 0.179544).  Saving model ...
Epoch: 6 	Training Loss: 0.755266 	Validation Loss: 0.161626
Validation loss decreased (0.179544 --> 0.161626).  Saving model ...
Epoch: 7 	Training Loss: 0.704785 	Validation Loss: 0.153467
Validation loss decreased (0.161626 --> 0.153467).  Saving model ...
Epoch: 8 	Training Loss: 0.667401 	Validation Loss: 0.142798
Validation loss decreased (0.153467 --> 0.142798).  Saving model ...
Epoch: 9 	Training Loss: 0.634229 	Validation Loss: 0.133409
Validation loss decreased (0.142798 --> 0.133409).  Saving model ...
Epoch: 10 	Training Loss: 0.607374 	Validation Loss: 0.139725
Epoch: 11 	Training Loss: 0.579838 	Validation Loss: 0.133904
Epoch: 12 	Training Loss: 0.560416 	Validation Loss: 0.124035
Validation loss decreased (0.133409 --> 0.124035).  Saving model ...
Epoch: 13 	Training Loss: 0.545460 	Validation Loss: 0.120978
Validation loss decreased (0.124035 --> 0.120978).  Saving model ...
Epoch: 14 	Training Loss: 0.529370 	Validation Loss: 0.119731
Validation loss decreased (0.120978 --> 0.119731).  Saving model ...
Epoch: 15 	Training Loss: 0.505729 	Validation Loss: 0.113319
Validation loss decreased (0.119731 --> 0.113319).  Saving model ...
Epoch: 16 	Training Loss: 0.491033 	Validation Loss: 0.115556
Epoch: 17 	Training Loss: 0.476316 	Validation Loss: 0.109380
Validation loss decreased (0.113319 --> 0.109380).  Saving model ...
Epoch: 18 	Training Loss: 0.464809 	Validation Loss: 0.104853
Validation loss decreased (0.109380 --> 0.104853).  Saving model ...
Epoch: 19 	Training Loss: 0.456573 	Validation Loss: 0.107913
Test Loss: 0.541668

Test Accuracy of airplane: 76% (178/234)
Test Accuracy of automobile: 90% (223/246)
Test Accuracy of  bird: 73% (206/281)
Test Accuracy of   cat: 66% (167/253)
Test Accuracy of  deer: 84% (191/227)
Test Accuracy of   dog: 71% (178/250)
Test Accuracy of  frog: 81% (201/248)
Test Accuracy of horse: 91% (228/250)
Test Accuracy of  ship: 91% (235/258)
Test Accuracy of truck: 92% (244/265)

Test Accuracy (Overall): 81% (2051/2512)
Epoch: 0 	Training Loss: 1.539251 	Validation Loss: 0.346200
Validation loss decreased (inf --> 0.346200).  Saving model ...
Epoch: 1 	Training Loss: 1.320772 	Validation Loss: 0.295923
Validation loss decreased (0.346200 --> 0.295923).  Saving model ...
Epoch: 2 	Training Loss: 1.211450 	Validation Loss: 0.274263
Validation loss decreased (0.295923 --> 0.274263).  Saving model ...
Epoch: 3 	Training Loss: 1.130940 	Validation Loss: 0.240639
Validation loss decreased (0.274263 --> 0.240639).  Saving model ...
Epoch: 4 	Training Loss: 1.062256 	Validation Loss: 0.223241
Validation loss decreased (0.240639 --> 0.223241).  Saving model ...
Epoch: 5 	Training Loss: 0.999101 	Validation Loss: 0.224981
Epoch: 6 	Training Loss: 0.949912 	Validation Loss: 0.196408
Validation loss decreased (0.223241 --> 0.196408).  Saving model ...
Epoch: 7 	Training Loss: 0.910206 	Validation Loss: 0.181601
Validation loss decreased (0.196408 --> 0.181601).  Saving model ...
Epoch: 8 	Training Loss: 0.866470 	Validation Loss: 0.181839
Epoch: 9 	Training Loss: 0.834743 	Validation Loss: 0.166984
Validation loss decreased (0.181601 --> 0.166984).  Saving model ...
Epoch: 10 	Training Loss: 0.806521 	Validation Loss: 0.172279
Epoch: 11 	Training Loss: 0.773266 	Validation Loss: 0.162639
Validation loss decreased (0.166984 --> 0.162639).  Saving model ...
Epoch: 12 	Training Loss: 0.757903 	Validation Loss: 0.150433
Validation loss decreased (0.162639 --> 0.150433).  Saving model ...
Epoch: 13 	Training Loss: 0.733911 	Validation Loss: 0.146256
Validation loss decreased (0.150433 --> 0.146256).  Saving model ...
Epoch: 14 	Training Loss: 0.705219 	Validation Loss: 0.142805
Validation loss decreased (0.146256 --> 0.142805).  Saving model ...
Epoch: 15 	Training Loss: 0.695737 	Validation Loss: 0.154365
Epoch: 16 	Training Loss: 0.672909 	Validation Loss: 0.135198
Validation loss decreased (0.142805 --> 0.135198).  Saving model ...
Epoch: 17 	Training Loss: 0.656096 	Validation Loss: 0.128994
Validation loss decreased (0.135198 --> 0.128994).  Saving model ...
Epoch: 18 	Training Loss: 0.645958 	Validation Loss: 0.136311
Epoch: 19 	Training Loss: 0.626632 	Validation Loss: 0.130006
Test Loss: 0.644634

Test Accuracy of airplane: 76% (179/234)
Test Accuracy of automobile: 89% (219/246)
Test Accuracy of  bird: 79% (223/281)
Test Accuracy of   cat: 63% (161/253)
Test Accuracy of  deer: 73% (166/227)
Test Accuracy of   dog: 53% (134/250)
Test Accuracy of  frog: 84% (210/248)
Test Accuracy of horse: 83% (208/250)
Test Accuracy of  ship: 89% (232/258)
Test Accuracy of truck: 82% (219/265)

Test Accuracy (Overall): 77% (1951/2512)
Epoch: 0 	Training Loss: 1.533481 	Validation Loss: 0.346045
Validation loss decreased (inf --> 0.346045).  Saving model ...
Epoch: 1 	Training Loss: 1.314677 	Validation Loss: 0.312042
Validation loss decreased (0.346045 --> 0.312042).  Saving model ...
Epoch: 2 	Training Loss: 1.201234 	Validation Loss: 0.267594
Validation loss decreased (0.312042 --> 0.267594).  Saving model ...
Epoch: 3 	Training Loss: 1.103849 	Validation Loss: 0.263272
Validation loss decreased (0.267594 --> 0.263272).  Saving model ...
Epoch: 4 	Training Loss: 1.019317 	Validation Loss: 0.236061
Validation loss decreased (0.263272 --> 0.236061).  Saving model ...
Epoch: 5 	Training Loss: 0.952860 	Validation Loss: 0.212181
Validation loss decreased (0.236061 --> 0.212181).  Saving model ...
Epoch: 6 	Training Loss: 0.898563 	Validation Loss: 0.214300
Epoch: 7 	Training Loss: 0.849908 	Validation Loss: 0.192849
Validation loss decreased (0.212181 --> 0.192849).  Saving model ...
Epoch: 8 	Training Loss: 0.816640 	Validation Loss: 0.181297
Validation loss decreased (0.192849 --> 0.181297).  Saving model ...
Epoch: 9 	Training Loss: 0.784713 	Validation Loss: 0.175323
Validation loss decreased (0.181297 --> 0.175323).  Saving model ...
Epoch: 10 	Training Loss: 0.749503 	Validation Loss: 0.164735
Validation loss decreased (0.175323 --> 0.164735).  Saving model ...
Epoch: 11 	Training Loss: 0.725359 	Validation Loss: 0.161904
Validation loss decreased (0.164735 --> 0.161904).  Saving model ...
Epoch: 12 	Training Loss: 0.700391 	Validation Loss: 0.152858
Validation loss decreased (0.161904 --> 0.152858).  Saving model ...
Epoch: 13 	Training Loss: 0.672570 	Validation Loss: 0.147020
Validation loss decreased (0.152858 --> 0.147020).  Saving model ...
Epoch: 14 	Training Loss: 0.652135 	Validation Loss: 0.144002
Validation loss decreased (0.147020 --> 0.144002).  Saving model ...
Epoch: 15 	Training Loss: 0.632218 	Validation Loss: 0.138475
Validation loss decreased (0.144002 --> 0.138475).  Saving model ...
Epoch: 16 	Training Loss: 0.611838 	Validation Loss: 0.142579
Epoch: 17 	Training Loss: 0.591347 	Validation Loss: 0.131661
Validation loss decreased (0.138475 --> 0.131661).  Saving model ...
Epoch: 18 	Training Loss: 0.581118 	Validation Loss: 0.131337
Validation loss decreased (0.131661 --> 0.131337).  Saving model ...
Epoch: 19 	Training Loss: 0.556039 	Validation Loss: 0.124604
Validation loss decreased (0.131337 --> 0.124604).  Saving model ...
Test Loss: 0.629436

Test Accuracy of airplane: 76% (178/234)
Test Accuracy of automobile: 91% (226/246)
Test Accuracy of  bird: 70% (197/281)
Test Accuracy of   cat: 59% (150/253)
Test Accuracy of  deer: 78% (178/227)
Test Accuracy of   dog: 66% (167/250)
Test Accuracy of  frog: 71% (177/248)
Test Accuracy of horse: 84% (211/250)
Test Accuracy of  ship: 91% (236/258)
Test Accuracy of truck: 86% (229/265)

Test Accuracy (Overall): 77% (1949/2512)
Epoch: 0 	Training Loss: 1.463822 	Validation Loss: 0.331254
Validation loss decreased (inf --> 0.331254).  Saving model ...
Epoch: 1 	Training Loss: 1.230493 	Validation Loss: 0.294690
Validation loss decreased (0.331254 --> 0.294690).  Saving model ...
Epoch: 2 	Training Loss: 1.102922 	Validation Loss: 0.255431
Validation loss decreased (0.294690 --> 0.255431).  Saving model ...
Epoch: 3 	Training Loss: 1.003870 	Validation Loss: 0.212444
Validation loss decreased (0.255431 --> 0.212444).  Saving model ...
Epoch: 4 	Training Loss: 0.935759 	Validation Loss: 0.203290
Validation loss decreased (0.212444 --> 0.203290).  Saving model ...
Epoch: 5 	Training Loss: 0.878174 	Validation Loss: 0.189880
Validation loss decreased (0.203290 --> 0.189880).  Saving model ...
Epoch: 6 	Training Loss: 0.833475 	Validation Loss: 0.179065
Validation loss decreased (0.189880 --> 0.179065).  Saving model ...
Epoch: 7 	Training Loss: 0.793922 	Validation Loss: 0.173440
Validation loss decreased (0.179065 --> 0.173440).  Saving model ...
Epoch: 8 	Training Loss: 0.761415 	Validation Loss: 0.160118
Validation loss decreased (0.173440 --> 0.160118).  Saving model ...
Epoch: 9 	Training Loss: 0.726742 	Validation Loss: 0.153698
Validation loss decreased (0.160118 --> 0.153698).  Saving model ...
Epoch: 10 	Training Loss: 0.697965 	Validation Loss: 0.146532
Validation loss decreased (0.153698 --> 0.146532).  Saving model ...
Epoch: 11 	Training Loss: 0.678730 	Validation Loss: 0.135657
Validation loss decreased (0.146532 --> 0.135657).  Saving model ...
Epoch: 12 	Training Loss: 0.647830 	Validation Loss: 0.132235
Validation loss decreased (0.135657 --> 0.132235).  Saving model ...
Epoch: 13 	Training Loss: 0.631927 	Validation Loss: 0.129483
Validation loss decreased (0.132235 --> 0.129483).  Saving model ...
Epoch: 14 	Training Loss: 0.611427 	Validation Loss: 0.122771
Validation loss decreased (0.129483 --> 0.122771).  Saving model ...
Epoch: 15 	Training Loss: 0.598278 	Validation Loss: 0.124087
Epoch: 16 	Training Loss: 0.576059 	Validation Loss: 0.122088
Validation loss decreased (0.122771 --> 0.122088).  Saving model ...
Epoch: 17 	Training Loss: 0.569452 	Validation Loss: 0.116111
Validation loss decreased (0.122088 --> 0.116111).  Saving model ...
Epoch: 18 	Training Loss: 0.549358 	Validation Loss: 0.114804
Validation loss decreased (0.116111 --> 0.114804).  Saving model ...
Epoch: 19 	Training Loss: 0.537567 	Validation Loss: 0.116654
Test Loss: 0.575182

Test Accuracy of airplane: 77% (181/234)
Test Accuracy of automobile: 86% (214/246)
Test Accuracy of  bird: 63% (178/281)
Test Accuracy of   cat: 69% (176/253)
Test Accuracy of  deer: 83% (190/227)
Test Accuracy of   dog: 64% (161/250)
Test Accuracy of  frog: 85% (213/248)
Test Accuracy of horse: 85% (213/250)
Test Accuracy of  ship: 96% (248/258)
Test Accuracy of truck: 88% (234/265)

Test Accuracy (Overall): 79% (2008/2512)
Epoch: 0 	Training Loss: 1.560704 	Validation Loss: 0.324438
Validation loss decreased (inf --> 0.324438).  Saving model ...
Epoch: 1 	Training Loss: 1.299750 	Validation Loss: 0.285533
Validation loss decreased (0.324438 --> 0.285533).  Saving model ...
Epoch: 2 	Training Loss: 1.183164 	Validation Loss: 0.259483
Validation loss decreased (0.285533 --> 0.259483).  Saving model ...
Epoch: 3 	Training Loss: 1.101887 	Validation Loss: 0.254681
Validation loss decreased (0.259483 --> 0.254681).  Saving model ...
Epoch: 4 	Training Loss: 1.034105 	Validation Loss: 0.216127
Validation loss decreased (0.254681 --> 0.216127).  Saving model ...
Epoch: 5 	Training Loss: 0.970104 	Validation Loss: 0.217468
Epoch: 6 	Training Loss: 0.913972 	Validation Loss: 0.193720
Validation loss decreased (0.216127 --> 0.193720).  Saving model ...
Epoch: 7 	Training Loss: 0.875435 	Validation Loss: 0.186746
Validation loss decreased (0.193720 --> 0.186746).  Saving model ...
Epoch: 8 	Training Loss: 0.832823 	Validation Loss: 0.173243
Validation loss decreased (0.186746 --> 0.173243).  Saving model ...
Epoch: 9 	Training Loss: 0.797975 	Validation Loss: 0.169051
Validation loss decreased (0.173243 --> 0.169051).  Saving model ...
Epoch: 10 	Training Loss: 0.770407 	Validation Loss: 0.170894
Epoch: 11 	Training Loss: 0.747702 	Validation Loss: 0.155449
Validation loss decreased (0.169051 --> 0.155449).  Saving model ...
Epoch: 12 	Training Loss: 0.715941 	Validation Loss: 0.151439
Validation loss decreased (0.155449 --> 0.151439).  Saving model ...
Epoch: 13 	Training Loss: 0.701009 	Validation Loss: 0.146654
Validation loss decreased (0.151439 --> 0.146654).  Saving model ...
Epoch: 14 	Training Loss: 0.683293 	Validation Loss: 0.143565
Validation loss decreased (0.146654 --> 0.143565).  Saving model ...
Epoch: 15 	Training Loss: 0.661165 	Validation Loss: 0.133225
Validation loss decreased (0.143565 --> 0.133225).  Saving model ...
Epoch: 16 	Training Loss: 0.643953 	Validation Loss: 0.136321
Epoch: 17 	Training Loss: 0.630214 	Validation Loss: 0.131908
Validation loss decreased (0.133225 --> 0.131908).  Saving model ...
Epoch: 18 	Training Loss: 0.610054 	Validation Loss: 0.127157
Validation loss decreased (0.131908 --> 0.127157).  Saving model ...
Epoch: 19 	Training Loss: 0.599171 	Validation Loss: 0.129292
Test Loss: 0.654875

Test Accuracy of airplane: 79% (185/234)
Test Accuracy of automobile: 88% (218/246)
Test Accuracy of  bird: 61% (172/281)
Test Accuracy of   cat: 54% (139/253)
Test Accuracy of  deer: 71% (163/227)
Test Accuracy of   dog: 64% (161/250)
Test Accuracy of  frog: 94% (234/248)
Test Accuracy of horse: 89% (224/250)
Test Accuracy of  ship: 93% (241/258)
Test Accuracy of truck: 84% (225/265)

Test Accuracy (Overall): 78% (1962/2512)
Epoch: 0 	Training Loss: 1.464451 	Validation Loss: 0.301624
Validation loss decreased (inf --> 0.301624).  Saving model ...
Epoch: 1 	Training Loss: 1.232378 	Validation Loss: 0.285663
Validation loss decreased (0.301624 --> 0.285663).  Saving model ...
Epoch: 2 	Training Loss: 1.100423 	Validation Loss: 0.240263
Validation loss decreased (0.285663 --> 0.240263).  Saving model ...
Epoch: 3 	Training Loss: 1.005262 	Validation Loss: 0.213393
Validation loss decreased (0.240263 --> 0.213393).  Saving model ...
Epoch: 4 	Training Loss: 0.933485 	Validation Loss: 0.197487
Validation loss decreased (0.213393 --> 0.197487).  Saving model ...
Epoch: 5 	Training Loss: 0.864832 	Validation Loss: 0.186072
Validation loss decreased (0.197487 --> 0.186072).  Saving model ...
Epoch: 6 	Training Loss: 0.822466 	Validation Loss: 0.189189
Epoch: 7 	Training Loss: 0.785013 	Validation Loss: 0.169484
Validation loss decreased (0.186072 --> 0.169484).  Saving model ...
Epoch: 8 	Training Loss: 0.751074 	Validation Loss: 0.169753
Epoch: 9 	Training Loss: 0.723788 	Validation Loss: 0.150161
Validation loss decreased (0.169484 --> 0.150161).  Saving model ...
Epoch: 10 	Training Loss: 0.697737 	Validation Loss: 0.150674
Epoch: 11 	Training Loss: 0.670244 	Validation Loss: 0.139679
Validation loss decreased (0.150161 --> 0.139679).  Saving model ...
Epoch: 12 	Training Loss: 0.655073 	Validation Loss: 0.134764
Validation loss decreased (0.139679 --> 0.134764).  Saving model ...
Epoch: 13 	Training Loss: 0.629321 	Validation Loss: 0.140161
Epoch: 14 	Training Loss: 0.610777 	Validation Loss: 0.126697
Validation loss decreased (0.134764 --> 0.126697).  Saving model ...
Epoch: 15 	Training Loss: 0.597192 	Validation Loss: 0.130810
Epoch: 16 	Training Loss: 0.577472 	Validation Loss: 0.138938
Epoch: 17 	Training Loss: 0.558944 	Validation Loss: 0.118395
Validation loss decreased (0.126697 --> 0.118395).  Saving model ...
Epoch: 18 	Training Loss: 0.548788 	Validation Loss: 0.116285
Validation loss decreased (0.118395 --> 0.116285).  Saving model ...
Epoch: 19 	Training Loss: 0.535641 	Validation Loss: 0.119776
Test Loss: 0.603859

Test Accuracy of airplane: 81% (190/234)
Test Accuracy of automobile: 89% (220/246)
Test Accuracy of  bird: 73% (207/281)
Test Accuracy of   cat: 55% (141/253)
Test Accuracy of  deer: 82% (188/227)
Test Accuracy of   dog: 75% (188/250)
Test Accuracy of  frog: 76% (189/248)
Test Accuracy of horse: 74% (187/250)
Test Accuracy of  ship: 95% (247/258)
Test Accuracy of truck: 87% (231/265)

Test Accuracy (Overall): 79% (1988/2512)
Generation Number # 0


Epoch: 0 	Training Loss: 1.459657 	Validation Loss: 0.314366
Validation loss decreased (inf --> 0.314366).  Saving model ...
Epoch: 1 	Training Loss: 1.208357 	Validation Loss: 0.265131
Validation loss decreased (0.314366 --> 0.265131).  Saving model ...
Epoch: 2 	Training Loss: 1.081942 	Validation Loss: 0.236169
Validation loss decreased (0.265131 --> 0.236169).  Saving model ...
Epoch: 3 	Training Loss: 0.988009 	Validation Loss: 0.214085
Validation loss decreased (0.236169 --> 0.214085).  Saving model ...
Epoch: 4 	Training Loss: 0.917525 	Validation Loss: 0.194377
Validation loss decreased (0.214085 --> 0.194377).  Saving model ...
Epoch: 5 	Training Loss: 0.858535 	Validation Loss: 0.187965
Validation loss decreased (0.194377 --> 0.187965).  Saving model ...
Epoch: 6 	Training Loss: 0.807965 	Validation Loss: 0.173628
Validation loss decreased (0.187965 --> 0.173628).  Saving model ...
Epoch: 7 	Training Loss: 0.762278 	Validation Loss: 0.168602
Validation loss decreased (0.173628 --> 0.168602).  Saving model ...
Epoch: 8 	Training Loss: 0.727895 	Validation Loss: 0.151170
Validation loss decreased (0.168602 --> 0.151170).  Saving model ...
Epoch: 9 	Training Loss: 0.689252 	Validation Loss: 0.146022
Validation loss decreased (0.151170 --> 0.146022).  Saving model ...
Epoch: 10 	Training Loss: 0.662714 	Validation Loss: 0.149154
Epoch: 11 	Training Loss: 0.644909 	Validation Loss: 0.136390
Validation loss decreased (0.146022 --> 0.136390).  Saving model ...
Epoch: 12 	Training Loss: 0.618457 	Validation Loss: 0.129970
Validation loss decreased (0.136390 --> 0.129970).  Saving model ...
Epoch: 13 	Training Loss: 0.597147 	Validation Loss: 0.130216
Epoch: 14 	Training Loss: 0.582579 	Validation Loss: 0.130734
Epoch: 15 	Training Loss: 0.565730 	Validation Loss: 0.124433
Validation loss decreased (0.129970 --> 0.124433).  Saving model ...
Epoch: 16 	Training Loss: 0.542623 	Validation Loss: 0.123731
Validation loss decreased (0.124433 --> 0.123731).  Saving model ...
Epoch: 17 	Training Loss: 0.529322 	Validation Loss: 0.126121
Epoch: 18 	Training Loss: 0.515376 	Validation Loss: 0.114718
Validation loss decreased (0.123731 --> 0.114718).  Saving model ...
Epoch: 19 	Training Loss: 0.507665 	Validation Loss: 0.121546
Test Loss: 0.615948

Test Accuracy of airplane: 85% (200/234)
Test Accuracy of automobile: 90% (223/246)
Test Accuracy of  bird: 54% (152/281)
Test Accuracy of   cat: 43% (110/253)
Test Accuracy of  deer: 87% (198/227)
Test Accuracy of   dog: 72% (182/250)
Test Accuracy of  frog: 89% (221/248)
Test Accuracy of horse: 87% (219/250)
Test Accuracy of  ship: 89% (231/258)
Test Accuracy of truck: 88% (235/265)

Test Accuracy (Overall): 78% (1971/2512)
Epoch: 0 	Training Loss: 1.447000 	Validation Loss: 0.304553
Validation loss decreased (inf --> 0.304553).  Saving model ...
Epoch: 1 	Training Loss: 1.232485 	Validation Loss: 0.276625
Validation loss decreased (0.304553 --> 0.276625).  Saving model ...
Epoch: 2 	Training Loss: 1.129342 	Validation Loss: 0.251614
Validation loss decreased (0.276625 --> 0.251614).  Saving model ...
Epoch: 3 	Training Loss: 1.040668 	Validation Loss: 0.226994
Validation loss decreased (0.251614 --> 0.226994).  Saving model ...
Epoch: 4 	Training Loss: 0.969667 	Validation Loss: 0.220786
Validation loss decreased (0.226994 --> 0.220786).  Saving model ...
Epoch: 5 	Training Loss: 0.906625 	Validation Loss: 0.192380
Validation loss decreased (0.220786 --> 0.192380).  Saving model ...
Epoch: 6 	Training Loss: 0.866142 	Validation Loss: 0.195490
Epoch: 7 	Training Loss: 0.821866 	Validation Loss: 0.190512
Validation loss decreased (0.192380 --> 0.190512).  Saving model ...
Epoch: 8 	Training Loss: 0.788125 	Validation Loss: 0.173662
Validation loss decreased (0.190512 --> 0.173662).  Saving model ...
Epoch: 9 	Training Loss: 0.754578 	Validation Loss: 0.157773
Validation loss decreased (0.173662 --> 0.157773).  Saving model ...
Epoch: 10 	Training Loss: 0.726275 	Validation Loss: 0.153648
Validation loss decreased (0.157773 --> 0.153648).  Saving model ...
Epoch: 11 	Training Loss: 0.700456 	Validation Loss: 0.146694
Validation loss decreased (0.153648 --> 0.146694).  Saving model ...
Epoch: 12 	Training Loss: 0.681131 	Validation Loss: 0.149979
Epoch: 13 	Training Loss: 0.662043 	Validation Loss: 0.139403
Validation loss decreased (0.146694 --> 0.139403).  Saving model ...
Epoch: 14 	Training Loss: 0.648595 	Validation Loss: 0.137655
Validation loss decreased (0.139403 --> 0.137655).  Saving model ...
Epoch: 15 	Training Loss: 0.624668 	Validation Loss: 0.132712
Validation loss decreased (0.137655 --> 0.132712).  Saving model ...
Epoch: 16 	Training Loss: 0.605019 	Validation Loss: 0.128061
Validation loss decreased (0.132712 --> 0.128061).  Saving model ...
Epoch: 17 	Training Loss: 0.596074 	Validation Loss: 0.131454
Epoch: 18 	Training Loss: 0.582421 	Validation Loss: 0.127478
Validation loss decreased (0.128061 --> 0.127478).  Saving model ...
Epoch: 19 	Training Loss: 0.574647 	Validation Loss: 0.120970
Validation loss decreased (0.127478 --> 0.120970).  Saving model ...
Test Loss: 0.591258

Test Accuracy of airplane: 83% (195/234)
Test Accuracy of automobile: 88% (217/246)
Test Accuracy of  bird: 68% (192/281)
Test Accuracy of   cat: 56% (144/253)
Test Accuracy of  deer: 78% (179/227)
Test Accuracy of   dog: 69% (173/250)
Test Accuracy of  frog: 82% (205/248)
Test Accuracy of horse: 86% (217/250)
Test Accuracy of  ship: 89% (231/258)
Test Accuracy of truck: 87% (231/265)

Test Accuracy (Overall): 78% (1984/2512)
Traceback (most recent call last):
  File "main.py", line 18, in <module>
    ga.evolve()
  File "/home2020/home/uha/mjali/NAS-FRAMEWORK/GA/ga.py", line 83, in evolve
    fitn_off = self.offsprings_fitness[min_list_par]
IndexError: list index out of range
