Files already downloaded and verified
Files already downloaded and verified
Generation Number # 0


In crossover
0.5707536549539929
0.9
yes
yes

Epoch: 0
Loss: 2.346 | Acc: 11.935% (4774/40000)
Loss: 2.477 | Acc: 10.070% (1007/10000)

Epoch: 1
Loss: 2.167 | Acc: 17.490% (6996/40000)
Loss: 2.097 | Acc: 20.970% (2097/10000)

Epoch: 2
Loss: 2.046 | Acc: 21.457% (8583/40000)
Loss: 2.012 | Acc: 22.550% (2255/10000)

Epoch: 3
Loss: 1.965 | Acc: 22.945% (9178/40000)
Loss: 1.953 | Acc: 24.040% (2404/10000)

Epoch: 4
Loss: 1.917 | Acc: 24.848% (9939/40000)
Loss: 1.826 | Acc: 28.140% (2814/10000)

Epoch: 5
Loss: 1.865 | Acc: 27.407% (10963/40000)
Loss: 1.803 | Acc: 30.650% (3065/10000)

Epoch: 6
Loss: 1.817 | Acc: 29.670% (11868/40000)
Loss: 1.752 | Acc: 33.080% (3308/10000)

Epoch: 7
Loss: 1.775 | Acc: 31.642% (12657/40000)
Loss: 1.794 | Acc: 32.660% (3266/10000)

Epoch: 8
Loss: 1.734 | Acc: 33.490% (13396/40000)
Loss: 1.748 | Acc: 35.880% (3588/10000)

Epoch: 9
Loss: 1.703 | Acc: 34.962% (13985/40000)
Loss: 1.622 | Acc: 38.160% (3816/10000)

Epoch: 10
Loss: 1.671 | Acc: 36.752% (14701/40000)
Loss: 1.577 | Acc: 40.360% (4036/10000)

Epoch: 11
Loss: 1.632 | Acc: 38.682% (15473/40000)
Loss: 1.541 | Acc: 43.260% (4326/10000)

Epoch: 12
Loss: 1.595 | Acc: 40.163% (16065/40000)
Loss: 1.614 | Acc: 41.490% (4149/10000)

Epoch: 13
Loss: 1.561 | Acc: 41.795% (16718/40000)
Loss: 1.460 | Acc: 46.110% (4611/10000)

Epoch: 14
Loss: 1.533 | Acc: 42.970% (17188/40000)
Loss: 1.399 | Acc: 48.430% (4843/10000)

Epoch: 15
Loss: 1.501 | Acc: 44.278% (17711/40000)
Loss: 1.374 | Acc: 49.480% (4948/10000)

Epoch: 16
Loss: 1.467 | Acc: 45.955% (18382/40000)
Loss: 1.428 | Acc: 48.790% (4879/10000)

Epoch: 17
Loss: 1.438 | Acc: 47.388% (18955/40000)
Loss: 1.356 | Acc: 50.610% (5061/10000)

Epoch: 18
Loss: 1.408 | Acc: 48.627% (19451/40000)
Loss: 1.241 | Acc: 54.800% (5480/10000)

Epoch: 19
Loss: 1.380 | Acc: 49.765% (19906/40000)
Loss: 1.299 | Acc: 52.480% (5248/10000)

Epoch: 20
Loss: 1.357 | Acc: 50.763% (20305/40000)
Loss: 1.287 | Acc: 54.050% (5405/10000)

Epoch: 21
Loss: 1.330 | Acc: 51.388% (20555/40000)
Loss: 1.250 | Acc: 54.580% (5458/10000)

Epoch: 22
Loss: 1.313 | Acc: 52.505% (21002/40000)
Loss: 1.166 | Acc: 57.670% (5767/10000)

Epoch: 23
Loss: 1.291 | Acc: 53.278% (21311/40000)
Loss: 1.172 | Acc: 58.110% (5811/10000)

Epoch: 24
Loss: 1.272 | Acc: 54.367% (21747/40000)
Loss: 1.175 | Acc: 57.770% (5777/10000)

Epoch: 25
Loss: 1.249 | Acc: 54.955% (21982/40000)
Loss: 1.144 | Acc: 59.310% (5931/10000)

Epoch: 26
Loss: 1.229 | Acc: 55.875% (22350/40000)
Loss: 1.101 | Acc: 60.130% (6013/10000)

Epoch: 27
Loss: 1.211 | Acc: 56.590% (22636/40000)
Loss: 1.122 | Acc: 60.020% (6002/10000)

Epoch: 28
Loss: 1.192 | Acc: 57.252% (22901/40000)
Loss: 1.072 | Acc: 62.240% (6224/10000)

Epoch: 29
Loss: 1.180 | Acc: 58.070% (23228/40000)
Loss: 1.055 | Acc: 62.460% (6246/10000)

Epoch: 30
Loss: 1.159 | Acc: 58.373% (23349/40000)
Loss: 1.076 | Acc: 62.060% (6206/10000)

Epoch: 31
Loss: 1.144 | Acc: 59.032% (23613/40000)
Loss: 1.082 | Acc: 62.020% (6202/10000)

Epoch: 32
Loss: 1.133 | Acc: 59.590% (23836/40000)
Loss: 1.138 | Acc: 60.960% (6096/10000)

Epoch: 33
Loss: 1.111 | Acc: 60.490% (24196/40000)
Loss: 1.041 | Acc: 64.000% (6400/10000)

Epoch: 34
Loss: 1.104 | Acc: 60.660% (24264/40000)
Loss: 1.061 | Acc: 62.020% (6202/10000)

Epoch: 35
Loss: 1.085 | Acc: 61.508% (24603/40000)
Loss: 1.058 | Acc: 63.030% (6303/10000)

Epoch: 36
Loss: 1.070 | Acc: 61.940% (24776/40000)
Loss: 1.018 | Acc: 64.820% (6482/10000)

Epoch: 37
Loss: 1.066 | Acc: 62.090% (24836/40000)
Loss: 0.974 | Acc: 65.760% (6576/10000)

Epoch: 38
Loss: 1.043 | Acc: 63.148% (25259/40000)
Loss: 0.929 | Acc: 66.820% (6682/10000)

Epoch: 39
Loss: 1.040 | Acc: 63.417% (25367/40000)
Loss: 0.963 | Acc: 66.100% (6610/10000)

Epoch: 40
Loss: 1.028 | Acc: 64.030% (25612/40000)
Loss: 0.922 | Acc: 67.940% (6794/10000)

Epoch: 41
Loss: 1.008 | Acc: 64.520% (25808/40000)
Loss: 0.867 | Acc: 68.850% (6885/10000)

Epoch: 42
Loss: 1.004 | Acc: 64.562% (25825/40000)
Loss: 0.910 | Acc: 67.960% (6796/10000)

Epoch: 43
Loss: 0.990 | Acc: 65.075% (26030/40000)
Loss: 0.901 | Acc: 68.200% (6820/10000)

Epoch: 44
Loss: 0.981 | Acc: 65.498% (26199/40000)
Loss: 0.890 | Acc: 68.460% (6846/10000)

Epoch: 45
Loss: 0.977 | Acc: 65.710% (26284/40000)
Loss: 0.949 | Acc: 67.230% (6723/10000)

Epoch: 46
Loss: 0.966 | Acc: 66.235% (26494/40000)
Loss: 0.942 | Acc: 67.480% (6748/10000)

Epoch: 47
Loss: 0.952 | Acc: 66.590% (26636/40000)
Loss: 0.881 | Acc: 69.020% (6902/10000)

Epoch: 48
Loss: 0.940 | Acc: 66.785% (26714/40000)
Loss: 0.922 | Acc: 68.810% (6881/10000)

Epoch: 49
Loss: 0.939 | Acc: 66.782% (26713/40000)
Loss: 0.857 | Acc: 69.960% (6996/10000)

Epoch: 50
Loss: 0.919 | Acc: 67.785% (27114/40000)
Loss: 0.887 | Acc: 70.130% (7013/10000)

Epoch: 51
Loss: 0.915 | Acc: 67.925% (27170/40000)
Loss: 0.850 | Acc: 70.630% (7063/10000)

Epoch: 52
Loss: 0.911 | Acc: 68.305% (27322/40000)
Loss: 0.857 | Acc: 70.530% (7053/10000)

Epoch: 53
Loss: 0.894 | Acc: 68.778% (27511/40000)
Loss: 0.874 | Acc: 70.150% (7015/10000)

Epoch: 54
Loss: 0.889 | Acc: 69.192% (27677/40000)
Loss: 0.797 | Acc: 72.210% (7221/10000)

Epoch: 55
Loss: 0.877 | Acc: 69.608% (27843/40000)
Loss: 0.777 | Acc: 73.670% (7367/10000)

Epoch: 56
Loss: 0.875 | Acc: 69.640% (27856/40000)
Loss: 0.795 | Acc: 72.930% (7293/10000)

Epoch: 57
Loss: 0.864 | Acc: 69.990% (27996/40000)
Loss: 0.748 | Acc: 74.440% (7444/10000)

Epoch: 58
Loss: 0.854 | Acc: 70.308% (28123/40000)
Loss: 0.734 | Acc: 74.790% (7479/10000)

Epoch: 59
Loss: 0.849 | Acc: 70.302% (28121/40000)
Loss: 0.752 | Acc: 73.910% (7391/10000)

Epoch: 60
Loss: 0.842 | Acc: 70.885% (28354/40000)
Loss: 0.796 | Acc: 72.220% (7222/10000)

Epoch: 61
Loss: 0.826 | Acc: 71.520% (28608/40000)
Loss: 0.708 | Acc: 75.310% (7531/10000)

Epoch: 62
Loss: 0.829 | Acc: 71.248% (28499/40000)
Loss: 0.721 | Acc: 75.120% (7512/10000)

Epoch: 63
Loss: 0.816 | Acc: 71.938% (28775/40000)
Loss: 0.777 | Acc: 73.690% (7369/10000)

Epoch: 64
Loss: 0.806 | Acc: 72.198% (28879/40000)
Loss: 0.715 | Acc: 75.190% (7519/10000)

Epoch: 65
Loss: 0.801 | Acc: 72.430% (28972/40000)
Loss: 0.722 | Acc: 75.120% (7512/10000)

Epoch: 66
Loss: 0.798 | Acc: 72.375% (28950/40000)
Loss: 0.768 | Acc: 73.940% (7394/10000)

Epoch: 67
Loss: 0.793 | Acc: 72.707% (29083/40000)
Loss: 0.732 | Acc: 75.110% (7511/10000)

Epoch: 68
Loss: 0.783 | Acc: 73.078% (29231/40000)
Loss: 0.775 | Acc: 74.030% (7403/10000)

Epoch: 69
Loss: 0.772 | Acc: 73.573% (29429/40000)
Loss: 0.733 | Acc: 75.300% (7530/10000)

Epoch: 70
Loss: 0.766 | Acc: 73.608% (29443/40000)
Loss: 0.787 | Acc: 73.310% (7331/10000)

Epoch: 71
Loss: 0.764 | Acc: 73.640% (29456/40000)
Loss: 0.730 | Acc: 75.410% (7541/10000)

Epoch: 72
Loss: 0.751 | Acc: 74.222% (29689/40000)
Loss: 0.701 | Acc: 76.120% (7612/10000)

Epoch: 73
Loss: 0.748 | Acc: 74.355% (29742/40000)
Loss: 0.672 | Acc: 76.730% (7673/10000)

Epoch: 74
Loss: 0.743 | Acc: 74.407% (29763/40000)
Loss: 0.621 | Acc: 78.880% (7888/10000)

Epoch: 75
Loss: 0.739 | Acc: 74.627% (29851/40000)
Loss: 0.666 | Acc: 77.440% (7744/10000)

Epoch: 76
Loss: 0.727 | Acc: 75.325% (30130/40000)
Loss: 0.656 | Acc: 77.610% (7761/10000)

Epoch: 77
Loss: 0.717 | Acc: 75.610% (30244/40000)
Loss: 0.639 | Acc: 78.220% (7822/10000)

Epoch: 78
Loss: 0.714 | Acc: 75.578% (30231/40000)
Loss: 0.646 | Acc: 78.500% (7850/10000)

Epoch: 79
Loss: 0.714 | Acc: 75.472% (30189/40000)
Loss: 0.610 | Acc: 79.340% (7934/10000)

Epoch: 80
Loss: 0.707 | Acc: 75.858% (30343/40000)
Loss: 0.647 | Acc: 78.070% (7807/10000)

Epoch: 81
Loss: 0.702 | Acc: 76.370% (30548/40000)
Loss: 0.666 | Acc: 77.920% (7792/10000)

Epoch: 82
Loss: 0.691 | Acc: 76.287% (30515/40000)
Loss: 0.622 | Acc: 79.120% (7912/10000)

Epoch: 83
Loss: 0.683 | Acc: 76.715% (30686/40000)
Loss: 0.598 | Acc: 80.060% (8006/10000)

Epoch: 84
Loss: 0.688 | Acc: 76.267% (30507/40000)
Loss: 0.589 | Acc: 80.150% (8015/10000)

Epoch: 85
Loss: 0.677 | Acc: 76.885% (30754/40000)
Loss: 0.636 | Acc: 78.600% (7860/10000)

Epoch: 86
Loss: 0.671 | Acc: 76.948% (30779/40000)
Loss: 0.555 | Acc: 81.280% (8128/10000)

Epoch: 87
Loss: 0.656 | Acc: 77.450% (30980/40000)
Loss: 0.607 | Acc: 79.490% (7949/10000)

Epoch: 88
Loss: 0.659 | Acc: 77.123% (30849/40000)
Loss: 0.624 | Acc: 79.270% (7927/10000)

Epoch: 89
Loss: 0.658 | Acc: 77.528% (31011/40000)
Loss: 0.625 | Acc: 79.200% (7920/10000)

Epoch: 90
Loss: 0.648 | Acc: 78.070% (31228/40000)
Loss: 0.608 | Acc: 79.570% (7957/10000)

Epoch: 91
Loss: 0.643 | Acc: 78.150% (31260/40000)
Loss: 0.644 | Acc: 78.700% (7870/10000)

Epoch: 92
Loss: 0.638 | Acc: 78.103% (31241/40000)
Loss: 0.580 | Acc: 80.530% (8053/10000)

Epoch: 93
Loss: 0.639 | Acc: 78.220% (31288/40000)
Loss: 0.583 | Acc: 80.110% (8011/10000)

Epoch: 94
Loss: 0.626 | Acc: 78.683% (31473/40000)
Loss: 0.561 | Acc: 81.930% (8193/10000)

Epoch: 95
Loss: 0.625 | Acc: 78.728% (31491/40000)
Loss: 0.541 | Acc: 81.860% (8186/10000)

Epoch: 96
Loss: 0.621 | Acc: 78.797% (31519/40000)
Loss: 0.520 | Acc: 82.130% (8213/10000)

Epoch: 97
Loss: 0.620 | Acc: 78.817% (31527/40000)
Loss: 0.518 | Acc: 82.630% (8263/10000)

Epoch: 98
Loss: 0.618 | Acc: 78.812% (31525/40000)
Loss: 0.609 | Acc: 79.650% (7965/10000)

Epoch: 99
Loss: 0.608 | Acc: 79.213% (31685/40000)
Loss: 0.532 | Acc: 81.880% (8188/10000)

Epoch: 100
Loss: 0.606 | Acc: 79.350% (31740/40000)
Loss: 0.523 | Acc: 82.730% (8273/10000)

Epoch: 101
Loss: 0.601 | Acc: 79.710% (31884/40000)
Loss: 0.562 | Acc: 81.590% (8159/10000)

Epoch: 102
Loss: 0.598 | Acc: 79.725% (31890/40000)
Loss: 0.562 | Acc: 81.250% (8125/10000)

Epoch: 103
Loss: 0.592 | Acc: 79.735% (31894/40000)
Loss: 0.539 | Acc: 81.480% (8148/10000)

Epoch: 104
Loss: 0.590 | Acc: 80.050% (32020/40000)
Loss: 0.565 | Acc: 80.740% (8074/10000)

Epoch: 105
Loss: 0.590 | Acc: 79.780% (31912/40000)
Loss: 0.574 | Acc: 81.120% (8112/10000)

Epoch: 106
Loss: 0.581 | Acc: 80.290% (32116/40000)
Loss: 0.527 | Acc: 82.540% (8254/10000)

Epoch: 107
Loss: 0.585 | Acc: 80.020% (32008/40000)
Loss: 0.506 | Acc: 82.790% (8279/10000)

Epoch: 108
Loss: 0.576 | Acc: 80.415% (32166/40000)
Loss: 0.522 | Acc: 82.350% (8235/10000)

Epoch: 109
Loss: 0.567 | Acc: 80.847% (32339/40000)
Loss: 0.561 | Acc: 81.160% (8116/10000)

Epoch: 110
Loss: 0.571 | Acc: 80.567% (32227/40000)
Loss: 0.517 | Acc: 82.120% (8212/10000)

Epoch: 111
Loss: 0.563 | Acc: 80.802% (32321/40000)
Loss: 0.528 | Acc: 81.790% (8179/10000)

Epoch: 112
Loss: 0.558 | Acc: 81.058% (32423/40000)
Loss: 0.530 | Acc: 82.220% (8222/10000)

Epoch: 113
Loss: 0.562 | Acc: 80.795% (32318/40000)
Loss: 0.482 | Acc: 83.560% (8356/10000)

Epoch: 114
Loss: 0.557 | Acc: 80.888% (32355/40000)
Loss: 0.516 | Acc: 82.850% (8285/10000)

Epoch: 115
Loss: 0.553 | Acc: 81.080% (32432/40000)
Loss: 0.492 | Acc: 83.320% (8332/10000)

Epoch: 116
Loss: 0.548 | Acc: 81.422% (32569/40000)
Loss: 0.494 | Acc: 83.490% (8349/10000)

Epoch: 117
Loss: 0.545 | Acc: 81.465% (32586/40000)
Loss: 0.475 | Acc: 83.910% (8391/10000)

Epoch: 118
Loss: 0.543 | Acc: 81.600% (32640/40000)
Loss: 0.513 | Acc: 82.840% (8284/10000)

Epoch: 119
Loss: 0.546 | Acc: 81.210% (32484/40000)
Loss: 0.517 | Acc: 82.890% (8289/10000)

Epoch: 120
Loss: 0.540 | Acc: 81.600% (32640/40000)
Loss: 0.505 | Acc: 83.540% (8354/10000)

Epoch: 121
Loss: 0.537 | Acc: 81.653% (32661/40000)
Loss: 0.484 | Acc: 83.950% (8395/10000)

Epoch: 122
Loss: 0.536 | Acc: 81.770% (32708/40000)
Loss: 0.490 | Acc: 83.490% (8349/10000)

Epoch: 123
Loss: 0.529 | Acc: 81.890% (32756/40000)
Loss: 0.476 | Acc: 83.900% (8390/10000)

Epoch: 124
Loss: 0.528 | Acc: 82.135% (32854/40000)
Loss: 0.488 | Acc: 84.100% (8410/10000)

Epoch: 125
Loss: 0.524 | Acc: 82.153% (32861/40000)
Loss: 0.473 | Acc: 84.270% (8427/10000)

Epoch: 126
Loss: 0.523 | Acc: 82.037% (32815/40000)
Loss: 0.461 | Acc: 84.610% (8461/10000)

Epoch: 127
Loss: 0.518 | Acc: 82.160% (32864/40000)
Loss: 0.550 | Acc: 82.120% (8212/10000)

Epoch: 128
Loss: 0.521 | Acc: 82.265% (32906/40000)
Loss: 0.493 | Acc: 83.260% (8326/10000)

Epoch: 129
Loss: 0.521 | Acc: 82.103% (32841/40000)
Loss: 0.548 | Acc: 81.840% (8184/10000)

Epoch: 130
Loss: 0.514 | Acc: 82.295% (32918/40000)
Loss: 0.488 | Acc: 83.770% (8377/10000)

Epoch: 131
Loss: 0.513 | Acc: 82.358% (32943/40000)
Loss: 0.438 | Acc: 84.820% (8482/10000)

Epoch: 132
Loss: 0.512 | Acc: 82.422% (32969/40000)
Loss: 0.483 | Acc: 83.820% (8382/10000)

Epoch: 133
Loss: 0.498 | Acc: 82.910% (33164/40000)
Loss: 0.517 | Acc: 83.120% (8312/10000)

Epoch: 134
Loss: 0.497 | Acc: 82.993% (33197/40000)
Loss: 0.468 | Acc: 84.650% (8465/10000)

Epoch: 135
Loss: 0.494 | Acc: 82.953% (33181/40000)
Loss: 0.486 | Acc: 83.760% (8376/10000)

Epoch: 136
Loss: 0.503 | Acc: 82.730% (33092/40000)
Loss: 0.505 | Acc: 82.900% (8290/10000)

Epoch: 137
Loss: 0.497 | Acc: 82.897% (33159/40000)
Loss: 0.477 | Acc: 84.210% (8421/10000)

Epoch: 138
Loss: 0.493 | Acc: 83.065% (33226/40000)
Loss: 0.505 | Acc: 83.200% (8320/10000)

Epoch: 139
Loss: 0.484 | Acc: 83.450% (33380/40000)
Loss: 0.520 | Acc: 82.990% (8299/10000)

Epoch: 140
Loss: 0.483 | Acc: 83.570% (33428/40000)
Loss: 0.465 | Acc: 84.650% (8465/10000)

Epoch: 141
Loss: 0.481 | Acc: 83.578% (33431/40000)
Loss: 0.493 | Acc: 83.940% (8394/10000)

Epoch: 142
Loss: 0.483 | Acc: 83.312% (33325/40000)
Loss: 0.457 | Acc: 84.850% (8485/10000)

Epoch: 143
Loss: 0.476 | Acc: 83.955% (33582/40000)
Loss: 0.437 | Acc: 85.680% (8568/10000)

Epoch: 144
Loss: 0.468 | Acc: 84.130% (33652/40000)
Loss: 0.468 | Acc: 84.350% (8435/10000)

Epoch: 145
Loss: 0.474 | Acc: 83.912% (33565/40000)
Loss: 0.466 | Acc: 84.400% (8440/10000)

Epoch: 146
Loss: 0.468 | Acc: 83.845% (33538/40000)
Loss: 0.432 | Acc: 86.010% (8601/10000)

Epoch: 147
Loss: 0.465 | Acc: 83.823% (33529/40000)
Loss: 0.483 | Acc: 83.730% (8373/10000)

Epoch: 148
Loss: 0.466 | Acc: 83.945% (33578/40000)
Loss: 0.472 | Acc: 84.140% (8414/10000)

Epoch: 149
Loss: 0.465 | Acc: 84.037% (33615/40000)
Loss: 0.480 | Acc: 84.200% (8420/10000)

Epoch: 150
Loss: 0.465 | Acc: 83.918% (33567/40000)
Loss: 0.419 | Acc: 86.140% (8614/10000)

Epoch: 151
Loss: 0.458 | Acc: 84.293% (33717/40000)
Loss: 0.448 | Acc: 85.240% (8524/10000)

Epoch: 152
Loss: 0.457 | Acc: 84.230% (33692/40000)
Loss: 0.452 | Acc: 84.940% (8494/10000)

Epoch: 153
Loss: 0.457 | Acc: 84.370% (33748/40000)
Loss: 0.426 | Acc: 85.890% (8589/10000)

Epoch: 154
Loss: 0.462 | Acc: 84.145% (33658/40000)
Loss: 0.434 | Acc: 85.640% (8564/10000)

Epoch: 155
Loss: 0.451 | Acc: 84.438% (33775/40000)
Loss: 0.452 | Acc: 84.930% (8493/10000)

Epoch: 156
Loss: 0.453 | Acc: 84.410% (33764/40000)
Loss: 0.443 | Acc: 85.640% (8564/10000)

Epoch: 157
Loss: 0.451 | Acc: 84.582% (33833/40000)
Loss: 0.443 | Acc: 85.830% (8583/10000)

Epoch: 158
Loss: 0.439 | Acc: 85.082% (34033/40000)
Loss: 0.434 | Acc: 85.810% (8581/10000)

Epoch: 159
Loss: 0.442 | Acc: 84.907% (33963/40000)
Loss: 0.466 | Acc: 84.800% (8480/10000)

Epoch: 160
Loss: 0.446 | Acc: 84.618% (33847/40000)
Loss: 0.442 | Acc: 85.400% (8540/10000)

Epoch: 161
Loss: 0.445 | Acc: 84.860% (33944/40000)
Loss: 0.448 | Acc: 85.410% (8541/10000)

Epoch: 162
Loss: 0.435 | Acc: 85.075% (34030/40000)
Loss: 0.432 | Acc: 85.640% (8564/10000)

Epoch: 163
Loss: 0.433 | Acc: 85.145% (34058/40000)
Loss: 0.424 | Acc: 86.150% (8615/10000)

Epoch: 164
Loss: 0.432 | Acc: 85.142% (34057/40000)
Loss: 0.457 | Acc: 84.940% (8494/10000)

Epoch: 165
Loss: 0.429 | Acc: 85.240% (34096/40000)
Loss: 0.456 | Acc: 84.940% (8494/10000)

Epoch: 166
Loss: 0.425 | Acc: 85.425% (34170/40000)
Loss: 0.435 | Acc: 86.020% (8602/10000)

Epoch: 167
Loss: 0.428 | Acc: 85.460% (34184/40000)
Loss: 0.462 | Acc: 84.930% (8493/10000)

Epoch: 168
Loss: 0.426 | Acc: 85.502% (34201/40000)
Loss: 0.412 | Acc: 86.630% (8663/10000)

Epoch: 169
Loss: 0.427 | Acc: 85.160% (34064/40000)
Loss: 0.428 | Acc: 85.860% (8586/10000)

Epoch: 170
Loss: 0.422 | Acc: 85.567% (34227/40000)
Loss: 0.466 | Acc: 84.810% (8481/10000)

Epoch: 171
Loss: 0.420 | Acc: 85.487% (34195/40000)
Loss: 0.412 | Acc: 86.060% (8606/10000)

Epoch: 172
Loss: 0.421 | Acc: 85.570% (34228/40000)
Loss: 0.406 | Acc: 86.710% (8671/10000)

Epoch: 173
Loss: 0.414 | Acc: 85.685% (34274/40000)
Loss: 0.431 | Acc: 85.880% (8588/10000)

Epoch: 174
Loss: 0.411 | Acc: 85.905% (34362/40000)
Loss: 0.440 | Acc: 85.620% (8562/10000)

Epoch: 175
Loss: 0.414 | Acc: 85.855% (34342/40000)
Loss: 0.417 | Acc: 86.390% (8639/10000)

Epoch: 176
Loss: 0.409 | Acc: 85.968% (34387/40000)
Loss: 0.420 | Acc: 86.540% (8654/10000)

Epoch: 177
Loss: 0.411 | Acc: 85.920% (34368/40000)
Loss: 0.431 | Acc: 85.760% (8576/10000)

Epoch: 178
Loss: 0.405 | Acc: 86.188% (34475/40000)
Loss: 0.430 | Acc: 86.130% (8613/10000)

Epoch: 179
Loss: 0.406 | Acc: 85.915% (34366/40000)
Loss: 0.423 | Acc: 85.830% (8583/10000)

Epoch: 180
Loss: 0.404 | Acc: 86.145% (34458/40000)
Loss: 0.433 | Acc: 85.860% (8586/10000)

Epoch: 181
Loss: 0.404 | Acc: 86.130% (34452/40000)
Loss: 0.418 | Acc: 86.220% (8622/10000)

Epoch: 182
Loss: 0.403 | Acc: 86.082% (34433/40000)
Loss: 0.395 | Acc: 86.980% (8698/10000)

Epoch: 183
Loss: 0.396 | Acc: 86.360% (34544/40000)
Loss: 0.433 | Acc: 85.630% (8563/10000)

Epoch: 184
Loss: 0.395 | Acc: 86.505% (34602/40000)
Loss: 0.422 | Acc: 86.040% (8604/10000)

Epoch: 185
Loss: 0.399 | Acc: 86.233% (34493/40000)
Loss: 0.408 | Acc: 86.320% (8632/10000)

Epoch: 186
Loss: 0.392 | Acc: 86.562% (34625/40000)
Loss: 0.389 | Acc: 86.880% (8688/10000)

Epoch: 187
Loss: 0.389 | Acc: 86.470% (34588/40000)
Loss: 0.398 | Acc: 86.810% (8681/10000)

Epoch: 188
Loss: 0.392 | Acc: 86.312% (34525/40000)
Loss: 0.374 | Acc: 87.560% (8756/10000)

Epoch: 189
Loss: 0.389 | Acc: 86.677% (34671/40000)
Loss: 0.397 | Acc: 87.150% (8715/10000)

Epoch: 190
Loss: 0.382 | Acc: 86.737% (34695/40000)
Loss: 0.419 | Acc: 86.700% (8670/10000)

Epoch: 191
Loss: 0.394 | Acc: 86.438% (34575/40000)
Loss: 0.489 | Acc: 84.510% (8451/10000)

Epoch: 192
Loss: 0.391 | Acc: 86.427% (34571/40000)
Loss: 0.416 | Acc: 86.220% (8622/10000)

Epoch: 193
Loss: 0.386 | Acc: 86.888% (34755/40000)
Loss: 0.408 | Acc: 86.950% (8695/10000)

Epoch: 194
Loss: 0.382 | Acc: 86.845% (34738/40000)
Loss: 0.434 | Acc: 86.170% (8617/10000)

Epoch: 195
Loss: 0.383 | Acc: 86.808% (34723/40000)
Loss: 0.464 | Acc: 85.320% (8532/10000)

Epoch: 196
Loss: 0.384 | Acc: 86.757% (34703/40000)
Loss: 0.395 | Acc: 86.920% (8692/10000)

Epoch: 197
Loss: 0.380 | Acc: 86.995% (34798/40000)
Loss: 0.444 | Acc: 85.890% (8589/10000)

Epoch: 198
Loss: 0.373 | Acc: 87.225% (34890/40000)
Loss: 0.396 | Acc: 86.900% (8690/10000)

Epoch: 199
Loss: 0.377 | Acc: 87.043% (34817/40000)
Loss: 0.408 | Acc: 87.050% (8705/10000)

Epoch: 0
Loss: 2.327 | Acc: 10.393% (4157/40000)
Loss: 2.329 | Acc: 10.010% (1001/10000)

Epoch: 1
Loss: 2.225 | Acc: 15.100% (6040/40000)
Loss: 2.046 | Acc: 22.530% (2253/10000)

Epoch: 2
Loss: 2.061 | Acc: 22.168% (8867/40000)
Loss: 2.043 | Acc: 25.370% (2537/10000)

Epoch: 3
Loss: 1.962 | Acc: 25.465% (10186/40000)
Loss: 1.938 | Acc: 28.680% (2868/10000)

Epoch: 4
Loss: 1.905 | Acc: 27.020% (10808/40000)
Loss: 1.845 | Acc: 29.900% (2990/10000)

Epoch: 5
Loss: 1.860 | Acc: 29.067% (11627/40000)
Loss: 1.822 | Acc: 31.420% (3142/10000)

Epoch: 6
Loss: 1.815 | Acc: 31.210% (12484/40000)
Loss: 1.749 | Acc: 35.630% (3563/10000)

Epoch: 7
Loss: 1.762 | Acc: 33.245% (13298/40000)
Loss: 1.613 | Acc: 40.020% (4002/10000)

Epoch: 8
Loss: 1.710 | Acc: 35.883% (14353/40000)
Loss: 1.574 | Acc: 41.650% (4165/10000)

Epoch: 9
Loss: 1.667 | Acc: 37.530% (15012/40000)
Loss: 1.544 | Acc: 41.860% (4186/10000)

Epoch: 10
Loss: 1.626 | Acc: 39.428% (15771/40000)
Loss: 1.455 | Acc: 46.230% (4623/10000)

Epoch: 11
Loss: 1.594 | Acc: 40.977% (16391/40000)
Loss: 1.446 | Acc: 46.070% (4607/10000)

Epoch: 12
Loss: 1.545 | Acc: 43.355% (17342/40000)
Loss: 1.387 | Acc: 48.310% (4831/10000)

Epoch: 13
Loss: 1.501 | Acc: 44.862% (17945/40000)
Loss: 1.340 | Acc: 50.700% (5070/10000)

Epoch: 14
Loss: 1.462 | Acc: 46.480% (18592/40000)
Loss: 1.313 | Acc: 52.110% (5211/10000)

Epoch: 15
Loss: 1.420 | Acc: 47.968% (19187/40000)
Loss: 1.247 | Acc: 54.660% (5466/10000)

Epoch: 16
Loss: 1.371 | Acc: 50.263% (20105/40000)
Loss: 1.212 | Acc: 56.290% (5629/10000)

Epoch: 17
Loss: 1.320 | Acc: 52.440% (20976/40000)
Loss: 1.189 | Acc: 57.250% (5725/10000)

Epoch: 18
Loss: 1.275 | Acc: 53.968% (21587/40000)
Loss: 1.128 | Acc: 60.020% (6002/10000)

Epoch: 19
Loss: 1.237 | Acc: 55.695% (22278/40000)
Loss: 1.077 | Acc: 61.750% (6175/10000)

Epoch: 20
Loss: 1.193 | Acc: 57.395% (22958/40000)
Loss: 1.053 | Acc: 63.070% (6307/10000)

Epoch: 21
Loss: 1.153 | Acc: 58.758% (23503/40000)
Loss: 1.017 | Acc: 64.770% (6477/10000)

Epoch: 22
Loss: 1.116 | Acc: 60.553% (24221/40000)
Loss: 0.960 | Acc: 66.060% (6606/10000)

Epoch: 23
Loss: 1.081 | Acc: 62.093% (24837/40000)
Loss: 0.919 | Acc: 67.790% (6779/10000)

Epoch: 24
Loss: 1.050 | Acc: 62.888% (25155/40000)
Loss: 0.869 | Acc: 69.880% (6988/10000)

Epoch: 25
Loss: 1.016 | Acc: 64.280% (25712/40000)
Loss: 0.877 | Acc: 69.270% (6927/10000)

Epoch: 26
Loss: 0.988 | Acc: 65.368% (26147/40000)
Loss: 0.834 | Acc: 70.950% (7095/10000)

Epoch: 27
Loss: 0.960 | Acc: 66.475% (26590/40000)
Loss: 0.827 | Acc: 70.890% (7089/10000)

Epoch: 28
Loss: 0.940 | Acc: 67.055% (26822/40000)
Loss: 0.793 | Acc: 72.220% (7222/10000)

Epoch: 29
Loss: 0.914 | Acc: 68.448% (27379/40000)
Loss: 0.755 | Acc: 74.310% (7431/10000)

Epoch: 30
Loss: 0.882 | Acc: 69.290% (27716/40000)
Loss: 0.739 | Acc: 74.400% (7440/10000)

Epoch: 31
Loss: 0.862 | Acc: 69.935% (27974/40000)
Loss: 0.740 | Acc: 74.260% (7426/10000)

Epoch: 32
Loss: 0.843 | Acc: 70.750% (28300/40000)
Loss: 0.753 | Acc: 74.430% (7443/10000)

Epoch: 33
Loss: 0.823 | Acc: 71.483% (28593/40000)
Loss: 0.764 | Acc: 73.520% (7352/10000)

Epoch: 34
Loss: 0.795 | Acc: 72.410% (28964/40000)
Loss: 0.736 | Acc: 75.210% (7521/10000)

Epoch: 35
Loss: 0.786 | Acc: 72.660% (29064/40000)
Loss: 0.668 | Acc: 77.360% (7736/10000)

Epoch: 36
Loss: 0.774 | Acc: 73.605% (29442/40000)
Loss: 0.665 | Acc: 77.530% (7753/10000)

Epoch: 37
Loss: 0.755 | Acc: 73.800% (29520/40000)
Loss: 0.688 | Acc: 77.040% (7704/10000)

Epoch: 38
Loss: 0.738 | Acc: 74.680% (29872/40000)
Loss: 0.639 | Acc: 78.520% (7852/10000)

Epoch: 39
Loss: 0.727 | Acc: 75.010% (30004/40000)
Loss: 0.622 | Acc: 79.080% (7908/10000)

Epoch: 40
Loss: 0.710 | Acc: 75.507% (30203/40000)
Loss: 0.643 | Acc: 78.570% (7857/10000)

Epoch: 41
Loss: 0.702 | Acc: 75.815% (30326/40000)
Loss: 0.596 | Acc: 79.440% (7944/10000)

Epoch: 42
Loss: 0.685 | Acc: 76.312% (30525/40000)
Loss: 0.630 | Acc: 79.150% (7915/10000)

Epoch: 43
Loss: 0.678 | Acc: 76.593% (30637/40000)
Loss: 0.578 | Acc: 80.610% (8061/10000)

Epoch: 44
Loss: 0.668 | Acc: 77.025% (30810/40000)
Loss: 0.571 | Acc: 80.660% (8066/10000)

Epoch: 45
Loss: 0.653 | Acc: 77.585% (31034/40000)
Loss: 0.552 | Acc: 81.320% (8132/10000)

Epoch: 46
Loss: 0.638 | Acc: 77.987% (31195/40000)
Loss: 0.619 | Acc: 79.250% (7925/10000)

Epoch: 47
Loss: 0.633 | Acc: 78.095% (31238/40000)
Loss: 0.568 | Acc: 81.250% (8125/10000)

Epoch: 48
Loss: 0.628 | Acc: 78.302% (31321/40000)
Loss: 0.551 | Acc: 81.260% (8126/10000)

Epoch: 49
Loss: 0.618 | Acc: 78.812% (31525/40000)
Loss: 0.536 | Acc: 81.960% (8196/10000)

Epoch: 50
Loss: 0.606 | Acc: 79.030% (31612/40000)
Loss: 0.533 | Acc: 81.830% (8183/10000)

Epoch: 51
Loss: 0.599 | Acc: 79.328% (31731/40000)
Loss: 0.542 | Acc: 82.110% (8211/10000)

Epoch: 52
Loss: 0.585 | Acc: 79.823% (31929/40000)
Loss: 0.528 | Acc: 82.410% (8241/10000)

Epoch: 53
Loss: 0.577 | Acc: 80.062% (32025/40000)
Loss: 0.549 | Acc: 81.980% (8198/10000)

Epoch: 54
Loss: 0.573 | Acc: 80.195% (32078/40000)
Loss: 0.536 | Acc: 82.250% (8225/10000)

Epoch: 55
Loss: 0.565 | Acc: 80.668% (32267/40000)
Loss: 0.528 | Acc: 82.230% (8223/10000)

Epoch: 56
Loss: 0.559 | Acc: 80.745% (32298/40000)
Loss: 0.505 | Acc: 82.950% (8295/10000)

Epoch: 57
Loss: 0.550 | Acc: 81.235% (32494/40000)
Loss: 0.534 | Acc: 82.310% (8231/10000)

Epoch: 58
Loss: 0.546 | Acc: 81.222% (32489/40000)
Loss: 0.515 | Acc: 82.480% (8248/10000)

Epoch: 59
Loss: 0.537 | Acc: 81.707% (32683/40000)
Loss: 0.505 | Acc: 83.100% (8310/10000)

Epoch: 60
Loss: 0.531 | Acc: 81.675% (32670/40000)
Loss: 0.499 | Acc: 83.850% (8385/10000)

Epoch: 61
Loss: 0.527 | Acc: 81.647% (32659/40000)
Loss: 0.484 | Acc: 83.970% (8397/10000)

Epoch: 62
Loss: 0.514 | Acc: 82.320% (32928/40000)
Loss: 0.532 | Acc: 82.360% (8236/10000)

Epoch: 63
Loss: 0.514 | Acc: 82.093% (32837/40000)
Loss: 0.465 | Acc: 84.460% (8446/10000)

Epoch: 64
Loss: 0.508 | Acc: 82.560% (33024/40000)
Loss: 0.490 | Acc: 84.090% (8409/10000)

Epoch: 65
Loss: 0.498 | Acc: 82.688% (33075/40000)
Loss: 0.485 | Acc: 84.220% (8422/10000)

Epoch: 66
Loss: 0.499 | Acc: 82.963% (33185/40000)
Loss: 0.515 | Acc: 83.670% (8367/10000)

Epoch: 67
Loss: 0.496 | Acc: 83.073% (33229/40000)
Loss: 0.480 | Acc: 84.580% (8458/10000)

Epoch: 68
Loss: 0.484 | Acc: 83.233% (33293/40000)
Loss: 0.463 | Acc: 84.710% (8471/10000)

Epoch: 69
Loss: 0.487 | Acc: 83.248% (33299/40000)
Loss: 0.500 | Acc: 83.770% (8377/10000)

Epoch: 70
Loss: 0.483 | Acc: 83.310% (33324/40000)
Loss: 0.458 | Acc: 84.880% (8488/10000)

Epoch: 71
Loss: 0.471 | Acc: 83.920% (33568/40000)
Loss: 0.433 | Acc: 85.870% (8587/10000)

Epoch: 72
Loss: 0.475 | Acc: 83.737% (33495/40000)
Loss: 0.462 | Acc: 84.980% (8498/10000)

Epoch: 73
Loss: 0.471 | Acc: 84.062% (33625/40000)
Loss: 0.425 | Acc: 85.910% (8591/10000)

Epoch: 74
Loss: 0.459 | Acc: 84.320% (33728/40000)
Loss: 0.434 | Acc: 85.850% (8585/10000)

Epoch: 75
Loss: 0.454 | Acc: 84.355% (33742/40000)
Loss: 0.454 | Acc: 85.300% (8530/10000)

Epoch: 76
Loss: 0.453 | Acc: 84.255% (33702/40000)
Loss: 0.423 | Acc: 86.130% (8613/10000)

Epoch: 77
Loss: 0.448 | Acc: 84.422% (33769/40000)
Loss: 0.437 | Acc: 85.650% (8565/10000)

Epoch: 78
Loss: 0.445 | Acc: 84.815% (33926/40000)
Loss: 0.428 | Acc: 85.880% (8588/10000)

Epoch: 79
Loss: 0.445 | Acc: 84.647% (33859/40000)
Loss: 0.439 | Acc: 85.650% (8565/10000)

Epoch: 80
Loss: 0.439 | Acc: 84.770% (33908/40000)
Loss: 0.415 | Acc: 86.320% (8632/10000)

Epoch: 81
Loss: 0.437 | Acc: 85.020% (34008/40000)
Loss: 0.434 | Acc: 85.410% (8541/10000)

Epoch: 82
Loss: 0.434 | Acc: 85.218% (34087/40000)
Loss: 0.417 | Acc: 85.860% (8586/10000)

Epoch: 83
Loss: 0.428 | Acc: 85.420% (34168/40000)
Loss: 0.413 | Acc: 86.290% (8629/10000)

Epoch: 84
Loss: 0.420 | Acc: 85.817% (34327/40000)
Loss: 0.421 | Acc: 86.580% (8658/10000)

Epoch: 85
Loss: 0.423 | Acc: 85.640% (34256/40000)
Loss: 0.391 | Acc: 86.670% (8667/10000)

Epoch: 86
Loss: 0.420 | Acc: 85.785% (34314/40000)
Loss: 0.420 | Acc: 86.410% (8641/10000)

Epoch: 87
Loss: 0.418 | Acc: 85.778% (34311/40000)
Loss: 0.428 | Acc: 86.190% (8619/10000)

Epoch: 88
Loss: 0.408 | Acc: 86.017% (34407/40000)
Loss: 0.413 | Acc: 86.780% (8678/10000)

Epoch: 89
Loss: 0.406 | Acc: 86.005% (34402/40000)
Loss: 0.401 | Acc: 86.970% (8697/10000)

Epoch: 90
Loss: 0.410 | Acc: 85.890% (34356/40000)
Loss: 0.442 | Acc: 85.700% (8570/10000)

Epoch: 91
Loss: 0.406 | Acc: 86.150% (34460/40000)
Loss: 0.407 | Acc: 86.710% (8671/10000)

Epoch: 92
Loss: 0.400 | Acc: 86.410% (34564/40000)
Loss: 0.397 | Acc: 86.800% (8680/10000)

Epoch: 93
Loss: 0.401 | Acc: 86.190% (34476/40000)
Loss: 0.423 | Acc: 85.740% (8574/10000)

Epoch: 94
Loss: 0.401 | Acc: 86.250% (34500/40000)
Loss: 0.404 | Acc: 86.910% (8691/10000)

Epoch: 95
Loss: 0.396 | Acc: 86.385% (34554/40000)
Loss: 0.454 | Acc: 85.570% (8557/10000)

Epoch: 96
Loss: 0.396 | Acc: 86.365% (34546/40000)
Loss: 0.398 | Acc: 87.220% (8722/10000)

Epoch: 97
Loss: 0.390 | Acc: 86.567% (34627/40000)
Loss: 0.398 | Acc: 87.110% (8711/10000)

Epoch: 98
Loss: 0.387 | Acc: 86.565% (34626/40000)
Loss: 0.389 | Acc: 87.610% (8761/10000)

Epoch: 99
Loss: 0.382 | Acc: 86.983% (34793/40000)
Loss: 0.391 | Acc: 87.190% (8719/10000)

Epoch: 100
Loss: 0.380 | Acc: 86.990% (34796/40000)
Loss: 0.394 | Acc: 86.920% (8692/10000)

Epoch: 101
Loss: 0.377 | Acc: 87.112% (34845/40000)
Loss: 0.378 | Acc: 87.780% (8778/10000)

Epoch: 102
Loss: 0.376 | Acc: 87.050% (34820/40000)
Loss: 0.416 | Acc: 86.700% (8670/10000)

Epoch: 103
Loss: 0.374 | Acc: 87.320% (34928/40000)
Loss: 0.366 | Acc: 87.970% (8797/10000)

Epoch: 104
Loss: 0.372 | Acc: 87.017% (34807/40000)
Loss: 0.422 | Acc: 86.830% (8683/10000)

Epoch: 105
Loss: 0.370 | Acc: 87.323% (34929/40000)
Loss: 0.405 | Acc: 86.890% (8689/10000)

Epoch: 106
Loss: 0.365 | Acc: 87.528% (35011/40000)
Loss: 0.405 | Acc: 86.860% (8686/10000)

Epoch: 107
Loss: 0.367 | Acc: 87.410% (34964/40000)
Loss: 0.373 | Acc: 87.690% (8769/10000)

Epoch: 108
Loss: 0.363 | Acc: 87.530% (35012/40000)
Loss: 0.380 | Acc: 87.570% (8757/10000)

Epoch: 109
Loss: 0.358 | Acc: 87.793% (35117/40000)
Loss: 0.384 | Acc: 87.620% (8762/10000)

Epoch: 110
Loss: 0.361 | Acc: 87.532% (35013/40000)
Loss: 0.381 | Acc: 87.800% (8780/10000)

Epoch: 111
Loss: 0.361 | Acc: 87.532% (35013/40000)
Loss: 0.371 | Acc: 87.950% (8795/10000)

Epoch: 112
Loss: 0.359 | Acc: 87.570% (35028/40000)
Loss: 0.374 | Acc: 87.630% (8763/10000)

Epoch: 113
Loss: 0.355 | Acc: 87.750% (35100/40000)
Loss: 0.378 | Acc: 87.800% (8780/10000)

Epoch: 114
Loss: 0.352 | Acc: 87.890% (35156/40000)
Loss: 0.388 | Acc: 87.640% (8764/10000)

Epoch: 115
Loss: 0.351 | Acc: 87.888% (35155/40000)
Loss: 0.352 | Acc: 88.640% (8864/10000)

Epoch: 116
Loss: 0.348 | Acc: 88.183% (35273/40000)
Loss: 0.373 | Acc: 88.350% (8835/10000)

Epoch: 117
Loss: 0.347 | Acc: 88.140% (35256/40000)
Loss: 0.430 | Acc: 86.280% (8628/10000)

Epoch: 118
Loss: 0.351 | Acc: 87.907% (35163/40000)
Loss: 0.395 | Acc: 87.540% (8754/10000)

Epoch: 119
Loss: 0.342 | Acc: 88.500% (35400/40000)
Loss: 0.373 | Acc: 88.000% (8800/10000)

Epoch: 120
Loss: 0.342 | Acc: 88.165% (35266/40000)
Loss: 0.400 | Acc: 87.080% (8708/10000)

Epoch: 121
Loss: 0.343 | Acc: 88.263% (35305/40000)
Loss: 0.387 | Acc: 87.860% (8786/10000)

Epoch: 122
Loss: 0.334 | Acc: 88.468% (35387/40000)
Loss: 0.377 | Acc: 88.380% (8838/10000)

Epoch: 123
Loss: 0.343 | Acc: 88.200% (35280/40000)
Loss: 0.390 | Acc: 87.640% (8764/10000)

Epoch: 124
Loss: 0.342 | Acc: 88.097% (35239/40000)
Loss: 0.363 | Acc: 88.160% (8816/10000)

Epoch: 125
Loss: 0.332 | Acc: 88.662% (35465/40000)
Loss: 0.369 | Acc: 88.010% (8801/10000)

Epoch: 126
Loss: 0.329 | Acc: 88.640% (35456/40000)
Loss: 0.378 | Acc: 88.020% (8802/10000)

Epoch: 127
Loss: 0.332 | Acc: 88.713% (35485/40000)
Loss: 0.360 | Acc: 88.710% (8871/10000)

Epoch: 128
Loss: 0.333 | Acc: 88.653% (35461/40000)
Loss: 0.357 | Acc: 88.630% (8863/10000)

Epoch: 129
Loss: 0.331 | Acc: 88.683% (35473/40000)
Loss: 0.364 | Acc: 87.980% (8798/10000)

Epoch: 130
Loss: 0.332 | Acc: 88.632% (35453/40000)
Loss: 0.364 | Acc: 88.960% (8896/10000)

Epoch: 131
Loss: 0.325 | Acc: 88.772% (35509/40000)
Loss: 0.349 | Acc: 88.950% (8895/10000)

Epoch: 132
Loss: 0.322 | Acc: 88.925% (35570/40000)
Loss: 0.377 | Acc: 87.980% (8798/10000)

Epoch: 133
Loss: 0.325 | Acc: 88.835% (35534/40000)
Loss: 0.351 | Acc: 88.800% (8880/10000)

Epoch: 134
Loss: 0.323 | Acc: 89.105% (35642/40000)
Loss: 0.369 | Acc: 88.170% (8817/10000)

Epoch: 135
Loss: 0.327 | Acc: 89.005% (35602/40000)
Loss: 0.362 | Acc: 88.160% (8816/10000)

Epoch: 136
Loss: 0.317 | Acc: 89.095% (35638/40000)
Loss: 0.375 | Acc: 88.670% (8867/10000)

Epoch: 137
Loss: 0.322 | Acc: 89.067% (35627/40000)
Loss: 0.369 | Acc: 88.450% (8845/10000)

Epoch: 138
Loss: 0.319 | Acc: 89.075% (35630/40000)
Loss: 0.349 | Acc: 88.760% (8876/10000)

Epoch: 139
Loss: 0.315 | Acc: 89.305% (35722/40000)
Loss: 0.340 | Acc: 88.930% (8893/10000)

Epoch: 140
Loss: 0.315 | Acc: 89.103% (35641/40000)
Loss: 0.372 | Acc: 88.770% (8877/10000)

Epoch: 141
Loss: 0.320 | Acc: 89.125% (35650/40000)
Loss: 0.391 | Acc: 87.650% (8765/10000)

Epoch: 142
Loss: 0.311 | Acc: 89.435% (35774/40000)
Loss: 0.363 | Acc: 88.700% (8870/10000)

Epoch: 143
Loss: 0.312 | Acc: 89.162% (35665/40000)
Loss: 0.379 | Acc: 88.130% (8813/10000)

Epoch: 144
Loss: 0.309 | Acc: 89.460% (35784/40000)
Loss: 0.366 | Acc: 88.550% (8855/10000)

Epoch: 145
Loss: 0.311 | Acc: 89.382% (35753/40000)
Loss: 0.362 | Acc: 88.740% (8874/10000)

Epoch: 146
Loss: 0.302 | Acc: 89.700% (35880/40000)
Loss: 0.344 | Acc: 89.360% (8936/10000)

Epoch: 147
Loss: 0.303 | Acc: 89.638% (35855/40000)
Loss: 0.341 | Acc: 89.420% (8942/10000)

Epoch: 148
Loss: 0.307 | Acc: 89.593% (35837/40000)
Loss: 0.388 | Acc: 88.240% (8824/10000)

Epoch: 149
Loss: 0.305 | Acc: 89.470% (35788/40000)
Loss: 0.360 | Acc: 88.610% (8861/10000)

Epoch: 150
Loss: 0.306 | Acc: 89.433% (35773/40000)
Loss: 0.360 | Acc: 88.570% (8857/10000)

Epoch: 151
Loss: 0.300 | Acc: 89.707% (35883/40000)
Loss: 0.348 | Acc: 88.900% (8890/10000)

Epoch: 152
Loss: 0.302 | Acc: 89.590% (35836/40000)
Loss: 0.358 | Acc: 88.460% (8846/10000)

Epoch: 153
Loss: 0.296 | Acc: 89.945% (35978/40000)
Loss: 0.348 | Acc: 89.230% (8923/10000)

Epoch: 154
Loss: 0.302 | Acc: 89.735% (35894/40000)
Loss: 0.341 | Acc: 89.070% (8907/10000)

Epoch: 155
Loss: 0.303 | Acc: 89.720% (35888/40000)
Loss: 0.356 | Acc: 89.240% (8924/10000)

Epoch: 156
Loss: 0.290 | Acc: 90.127% (36051/40000)
Loss: 0.369 | Acc: 88.230% (8823/10000)

Epoch: 157
Loss: 0.295 | Acc: 89.780% (35912/40000)
Loss: 0.374 | Acc: 88.390% (8839/10000)

Epoch: 158
Loss: 0.300 | Acc: 89.815% (35926/40000)
Loss: 0.331 | Acc: 89.580% (8958/10000)

Epoch: 159
Loss: 0.296 | Acc: 89.865% (35946/40000)
Loss: 0.355 | Acc: 88.910% (8891/10000)

Epoch: 160
Loss: 0.294 | Acc: 89.910% (35964/40000)
Loss: 0.350 | Acc: 89.100% (8910/10000)

Epoch: 161
Loss: 0.287 | Acc: 90.205% (36082/40000)
Loss: 0.373 | Acc: 88.770% (8877/10000)

Epoch: 162
Loss: 0.296 | Acc: 89.885% (35954/40000)
Loss: 0.362 | Acc: 88.800% (8880/10000)

Epoch: 163
Loss: 0.291 | Acc: 89.945% (35978/40000)
Loss: 0.336 | Acc: 89.500% (8950/10000)

Epoch: 164
Loss: 0.296 | Acc: 89.770% (35908/40000)
Loss: 0.358 | Acc: 88.620% (8862/10000)

Epoch: 165
Loss: 0.286 | Acc: 90.305% (36122/40000)
Loss: 0.346 | Acc: 89.080% (8908/10000)

Epoch: 166
Loss: 0.289 | Acc: 90.005% (36002/40000)
Loss: 0.360 | Acc: 88.670% (8867/10000)

Epoch: 167
Loss: 0.288 | Acc: 90.123% (36049/40000)
Loss: 0.368 | Acc: 88.750% (8875/10000)

Epoch: 168
Loss: 0.282 | Acc: 90.255% (36102/40000)
Loss: 0.345 | Acc: 89.210% (8921/10000)

Epoch: 169
Loss: 0.282 | Acc: 90.255% (36102/40000)
Loss: 0.331 | Acc: 89.760% (8976/10000)

Epoch: 170
Loss: 0.280 | Acc: 90.487% (36195/40000)
Loss: 0.362 | Acc: 88.940% (8894/10000)

Epoch: 171
Loss: 0.285 | Acc: 90.317% (36127/40000)
Loss: 0.372 | Acc: 88.730% (8873/10000)

Epoch: 172
Loss: 0.287 | Acc: 90.180% (36072/40000)
Loss: 0.360 | Acc: 88.670% (8867/10000)

Epoch: 173
Loss: 0.281 | Acc: 90.463% (36185/40000)
Loss: 0.356 | Acc: 89.250% (8925/10000)

Epoch: 174
Loss: 0.282 | Acc: 90.403% (36161/40000)
Loss: 0.359 | Acc: 88.870% (8887/10000)

Epoch: 175
Loss: 0.283 | Acc: 90.308% (36123/40000)
Loss: 0.338 | Acc: 89.580% (8958/10000)

Epoch: 176
Loss: 0.279 | Acc: 90.478% (36191/40000)
Loss: 0.359 | Acc: 89.200% (8920/10000)

Epoch: 177
Loss: 0.273 | Acc: 90.715% (36286/40000)
Loss: 0.358 | Acc: 88.790% (8879/10000)

Epoch: 178
Loss: 0.277 | Acc: 90.435% (36174/40000)
Loss: 0.361 | Acc: 89.100% (8910/10000)

Epoch: 179
Loss: 0.277 | Acc: 90.528% (36211/40000)
Loss: 0.372 | Acc: 88.470% (8847/10000)

Epoch: 180
Loss: 0.278 | Acc: 90.470% (36188/40000)
Loss: 0.340 | Acc: 89.450% (8945/10000)

Epoch: 181
Loss: 0.276 | Acc: 90.797% (36319/40000)
Loss: 0.367 | Acc: 88.530% (8853/10000)

Epoch: 182
Loss: 0.281 | Acc: 90.517% (36207/40000)
Loss: 0.341 | Acc: 89.270% (8927/10000)

Epoch: 183
Loss: 0.271 | Acc: 90.650% (36260/40000)
Loss: 0.356 | Acc: 89.330% (8933/10000)

Epoch: 184
Loss: 0.278 | Acc: 90.532% (36213/40000)
Loss: 0.343 | Acc: 89.110% (8911/10000)

Epoch: 185
Loss: 0.267 | Acc: 90.890% (36356/40000)
Loss: 0.340 | Acc: 89.680% (8968/10000)

Epoch: 186
Loss: 0.276 | Acc: 90.418% (36167/40000)
Loss: 0.328 | Acc: 90.160% (9016/10000)

Epoch: 187
Loss: 0.268 | Acc: 90.905% (36362/40000)
Loss: 0.353 | Acc: 89.430% (8943/10000)

Epoch: 188
Loss: 0.269 | Acc: 90.970% (36388/40000)
Loss: 0.344 | Acc: 89.460% (8946/10000)

Epoch: 189
Loss: 0.264 | Acc: 90.835% (36334/40000)
Loss: 0.322 | Acc: 89.970% (8997/10000)

Epoch: 190
Loss: 0.263 | Acc: 90.985% (36394/40000)
Loss: 0.322 | Acc: 89.960% (8996/10000)

Epoch: 191
Loss: 0.263 | Acc: 91.125% (36450/40000)
Loss: 0.368 | Acc: 89.030% (8903/10000)

Epoch: 192
Loss: 0.268 | Acc: 90.725% (36290/40000)
Loss: 0.375 | Acc: 88.420% (8842/10000)

Epoch: 193
Loss: 0.265 | Acc: 90.987% (36395/40000)
Loss: 0.326 | Acc: 89.860% (8986/10000)

Epoch: 194
Loss: 0.261 | Acc: 91.127% (36451/40000)
Loss: 0.370 | Acc: 88.640% (8864/10000)

Epoch: 195
Loss: 0.268 | Acc: 91.050% (36420/40000)
Loss: 0.335 | Acc: 89.460% (8946/10000)

Epoch: 196
Loss: 0.269 | Acc: 90.720% (36288/40000)
Loss: 0.336 | Acc: 89.830% (8983/10000)

Epoch: 197
Loss: 0.259 | Acc: 91.130% (36452/40000)
Loss: 0.345 | Acc: 89.610% (8961/10000)

Epoch: 198
Loss: 0.262 | Acc: 91.177% (36471/40000)
Loss: 0.342 | Acc: 89.560% (8956/10000)

Epoch: 199
Loss: 0.263 | Acc: 90.922% (36369/40000)
Loss: 0.324 | Acc: 90.090% (9009/10000)
Traceback (most recent call last):
  File "/home2020/home/uha/mjali/NAS-FRAMEWORK/GA/main.py", line 18, in <module>
    ga.evolve()
  File "/home2020/home/uha/mjali/NAS-FRAMEWORK/GA/ga.py", line 176, in evolve
    pd.DataFrame(bestfitnesses).to_csv(os.path.join(os.path.join(os.getcwd(),'logs'), "offsprings_logs_"+str(now)+".csv"),mode='w',index=False)
UnboundLocalError: local variable 'now' referenced before assignment
