Files already downloaded and verified
Files already downloaded and verified
Epoch: 0 	Training Loss: 1.425723 	Validation Loss: 0.310524
Validation loss decreased (inf --> 0.310524).  Saving model ...
Epoch: 1 	Training Loss: 1.182630 	Validation Loss: 0.264033
Validation loss decreased (0.310524 --> 0.264033).  Saving model ...
Epoch: 2 	Training Loss: 1.045494 	Validation Loss: 0.225468
Validation loss decreased (0.264033 --> 0.225468).  Saving model ...
Epoch: 3 	Training Loss: 0.944745 	Validation Loss: 0.193349
Validation loss decreased (0.225468 --> 0.193349).  Saving model ...
Epoch: 4 	Training Loss: 0.874895 	Validation Loss: 0.185127
Validation loss decreased (0.193349 --> 0.185127).  Saving model ...
Epoch: 5 	Training Loss: 0.823661 	Validation Loss: 0.195981
Epoch: 6 	Training Loss: 0.778448 	Validation Loss: 0.182723
Validation loss decreased (0.185127 --> 0.182723).  Saving model ...
Epoch: 7 	Training Loss: 0.743547 	Validation Loss: 0.150847
Validation loss decreased (0.182723 --> 0.150847).  Saving model ...
Epoch: 8 	Training Loss: 0.706537 	Validation Loss: 0.144162
Validation loss decreased (0.150847 --> 0.144162).  Saving model ...
Epoch: 9 	Training Loss: 0.678380 	Validation Loss: 0.137807
Validation loss decreased (0.144162 --> 0.137807).  Saving model ...
Epoch: 10 	Training Loss: 0.652478 	Validation Loss: 0.137555
Validation loss decreased (0.137807 --> 0.137555).  Saving model ...
Epoch: 11 	Training Loss: 0.629249 	Validation Loss: 0.128761
Validation loss decreased (0.137555 --> 0.128761).  Saving model ...
Epoch: 12 	Training Loss: 0.603249 	Validation Loss: 0.129610
Epoch: 13 	Training Loss: 0.585577 	Validation Loss: 0.125341
Validation loss decreased (0.128761 --> 0.125341).  Saving model ...
Epoch: 14 	Training Loss: 0.569764 	Validation Loss: 0.125067
Validation loss decreased (0.125341 --> 0.125067).  Saving model ...
Epoch: 15 	Training Loss: 0.554172 	Validation Loss: 0.122761
Validation loss decreased (0.125067 --> 0.122761).  Saving model ...
Epoch: 16 	Training Loss: 0.541465 	Validation Loss: 0.111143
Validation loss decreased (0.122761 --> 0.111143).  Saving model ...
Epoch: 17 	Training Loss: 0.525719 	Validation Loss: 0.120587
Epoch: 18 	Training Loss: 0.512657 	Validation Loss: 0.115365
Epoch: 19 	Training Loss: 0.504132 	Validation Loss: 0.112204
Test Loss: 0.581783

Test Accuracy of airplane: 69% (162/234)
Test Accuracy of automobile: 90% (222/246)
Test Accuracy of  bird: 71% (201/281)
Test Accuracy of   cat: 65% (166/253)
Test Accuracy of  deer: 87% (199/227)
Test Accuracy of   dog: 64% (161/250)
Test Accuracy of  frog: 89% (223/248)
Test Accuracy of horse: 86% (217/250)
Test Accuracy of  ship: 87% (225/258)
Test Accuracy of truck: 92% (246/265)

Test Accuracy (Overall): 80% (2022/2512)
Epoch: 0 	Training Loss: 1.468418 	Validation Loss: 0.305529
Validation loss decreased (inf --> 0.305529).  Saving model ...
Epoch: 1 	Training Loss: 1.228078 	Validation Loss: 0.257251
Validation loss decreased (0.305529 --> 0.257251).  Saving model ...
Epoch: 2 	Training Loss: 1.102884 	Validation Loss: 0.238355
Validation loss decreased (0.257251 --> 0.238355).  Saving model ...
Epoch: 3 	Training Loss: 1.009291 	Validation Loss: 0.214607
Validation loss decreased (0.238355 --> 0.214607).  Saving model ...
Epoch: 4 	Training Loss: 0.934903 	Validation Loss: 0.194712
Validation loss decreased (0.214607 --> 0.194712).  Saving model ...
Epoch: 5 	Training Loss: 0.873872 	Validation Loss: 0.191587
Validation loss decreased (0.194712 --> 0.191587).  Saving model ...
Epoch: 6 	Training Loss: 0.824577 	Validation Loss: 0.180957
Validation loss decreased (0.191587 --> 0.180957).  Saving model ...
Epoch: 7 	Training Loss: 0.787740 	Validation Loss: 0.163148
Validation loss decreased (0.180957 --> 0.163148).  Saving model ...
Epoch: 8 	Training Loss: 0.754968 	Validation Loss: 0.156932
Validation loss decreased (0.163148 --> 0.156932).  Saving model ...
Epoch: 9 	Training Loss: 0.725975 	Validation Loss: 0.142854
Validation loss decreased (0.156932 --> 0.142854).  Saving model ...
Epoch: 10 	Training Loss: 0.696852 	Validation Loss: 0.142277
Validation loss decreased (0.142854 --> 0.142277).  Saving model ...
Epoch: 11 	Training Loss: 0.670552 	Validation Loss: 0.148634
Epoch: 12 	Training Loss: 0.645939 	Validation Loss: 0.131460
Validation loss decreased (0.142277 --> 0.131460).  Saving model ...
Epoch: 13 	Training Loss: 0.626703 	Validation Loss: 0.133130
Epoch: 14 	Training Loss: 0.605601 	Validation Loss: 0.129174
Validation loss decreased (0.131460 --> 0.129174).  Saving model ...
Epoch: 15 	Training Loss: 0.590013 	Validation Loss: 0.120211
Validation loss decreased (0.129174 --> 0.120211).  Saving model ...
Epoch: 16 	Training Loss: 0.574588 	Validation Loss: 0.123227
Epoch: 17 	Training Loss: 0.556543 	Validation Loss: 0.109132
Validation loss decreased (0.120211 --> 0.109132).  Saving model ...
Epoch: 18 	Training Loss: 0.547256 	Validation Loss: 0.108983
Validation loss decreased (0.109132 --> 0.108983).  Saving model ...
Epoch: 19 	Training Loss: 0.529634 	Validation Loss: 0.118629
Test Loss: 0.610427

Test Accuracy of airplane: 87% (204/234)
Test Accuracy of automobile: 87% (216/246)
Test Accuracy of  bird: 70% (199/281)
Test Accuracy of   cat: 65% (165/253)
Test Accuracy of  deer: 71% (162/227)
Test Accuracy of   dog: 60% (152/250)
Test Accuracy of  frog: 75% (188/248)
Test Accuracy of horse: 84% (210/250)
Test Accuracy of  ship: 95% (247/258)
Test Accuracy of truck: 86% (228/265)

Test Accuracy (Overall): 78% (1971/2512)
Epoch: 0 	Training Loss: 1.453717 	Validation Loss: 0.323728
Validation loss decreased (inf --> 0.323728).  Saving model ...
Epoch: 1 	Training Loss: 1.210133 	Validation Loss: 0.262764
Validation loss decreased (0.323728 --> 0.262764).  Saving model ...
Epoch: 2 	Training Loss: 1.077039 	Validation Loss: 0.230807
Validation loss decreased (0.262764 --> 0.230807).  Saving model ...
Epoch: 3 	Training Loss: 0.981598 	Validation Loss: 0.216026
Validation loss decreased (0.230807 --> 0.216026).  Saving model ...
Epoch: 4 	Training Loss: 0.908075 	Validation Loss: 0.190704
Validation loss decreased (0.216026 --> 0.190704).  Saving model ...
Epoch: 5 	Training Loss: 0.847095 	Validation Loss: 0.193200
Epoch: 6 	Training Loss: 0.800758 	Validation Loss: 0.181085
Validation loss decreased (0.190704 --> 0.181085).  Saving model ...
Epoch: 7 	Training Loss: 0.764094 	Validation Loss: 0.161230
Validation loss decreased (0.181085 --> 0.161230).  Saving model ...
Epoch: 8 	Training Loss: 0.730223 	Validation Loss: 0.159904
Validation loss decreased (0.161230 --> 0.159904).  Saving model ...
Epoch: 9 	Training Loss: 0.700891 	Validation Loss: 0.150457
Validation loss decreased (0.159904 --> 0.150457).  Saving model ...
Epoch: 10 	Training Loss: 0.673417 	Validation Loss: 0.149077
Validation loss decreased (0.150457 --> 0.149077).  Saving model ...
Epoch: 11 	Training Loss: 0.648810 	Validation Loss: 0.136067
Validation loss decreased (0.149077 --> 0.136067).  Saving model ...
Epoch: 12 	Training Loss: 0.630847 	Validation Loss: 0.136246
Epoch: 13 	Training Loss: 0.613852 	Validation Loss: 0.128444
Validation loss decreased (0.136067 --> 0.128444).  Saving model ...
Epoch: 14 	Training Loss: 0.591009 	Validation Loss: 0.126959
Validation loss decreased (0.128444 --> 0.126959).  Saving model ...
Epoch: 15 	Training Loss: 0.578769 	Validation Loss: 0.122592
Validation loss decreased (0.126959 --> 0.122592).  Saving model ...
Epoch: 16 	Training Loss: 0.561991 	Validation Loss: 0.118809
Validation loss decreased (0.122592 --> 0.118809).  Saving model ...
Epoch: 17 	Training Loss: 0.544388 	Validation Loss: 0.115533
Validation loss decreased (0.118809 --> 0.115533).  Saving model ...
Epoch: 18 	Training Loss: 0.534070 	Validation Loss: 0.117355
Epoch: 19 	Training Loss: 0.521507 	Validation Loss: 0.114990
Validation loss decreased (0.115533 --> 0.114990).  Saving model ...
Test Loss: 0.602698

Test Accuracy of airplane: 74% (174/234)
Test Accuracy of automobile: 93% (231/246)
Test Accuracy of  bird: 62% (177/281)
Test Accuracy of   cat: 52% (133/253)
Test Accuracy of  deer: 84% (191/227)
Test Accuracy of   dog: 66% (167/250)
Test Accuracy of  frog: 89% (222/248)
Test Accuracy of horse: 82% (206/250)
Test Accuracy of  ship: 91% (236/258)
Test Accuracy of truck: 86% (228/265)

Test Accuracy (Overall): 78% (1965/2512)
Epoch: 0 	Training Loss: 1.475606 	Validation Loss: 0.315326
Validation loss decreased (inf --> 0.315326).  Saving model ...
Epoch: 1 	Training Loss: 1.249375 	Validation Loss: 0.262104
Validation loss decreased (0.315326 --> 0.262104).  Saving model ...
Epoch: 2 	Training Loss: 1.116071 	Validation Loss: 0.225433
Validation loss decreased (0.262104 --> 0.225433).  Saving model ...
Epoch: 3 	Training Loss: 1.018903 	Validation Loss: 0.232047
Epoch: 4 	Training Loss: 0.942218 	Validation Loss: 0.210503
Validation loss decreased (0.225433 --> 0.210503).  Saving model ...
Epoch: 5 	Training Loss: 0.882633 	Validation Loss: 0.190023
Validation loss decreased (0.210503 --> 0.190023).  Saving model ...
Epoch: 6 	Training Loss: 0.845500 	Validation Loss: 0.178237
Validation loss decreased (0.190023 --> 0.178237).  Saving model ...
Epoch: 7 	Training Loss: 0.813318 	Validation Loss: 0.169622
Validation loss decreased (0.178237 --> 0.169622).  Saving model ...
Epoch: 8 	Training Loss: 0.784147 	Validation Loss: 0.168318
Validation loss decreased (0.169622 --> 0.168318).  Saving model ...
Epoch: 9 	Training Loss: 0.757030 	Validation Loss: 0.175118
Epoch: 10 	Training Loss: 0.735314 	Validation Loss: 0.164279
Validation loss decreased (0.168318 --> 0.164279).  Saving model ...
Epoch: 11 	Training Loss: 0.707108 	Validation Loss: 0.141392
Validation loss decreased (0.164279 --> 0.141392).  Saving model ...
Epoch: 12 	Training Loss: 0.692041 	Validation Loss: 0.139562
Validation loss decreased (0.141392 --> 0.139562).  Saving model ...
Epoch: 13 	Training Loss: 0.674809 	Validation Loss: 0.140022
Epoch: 14 	Training Loss: 0.652423 	Validation Loss: 0.138766
Validation loss decreased (0.139562 --> 0.138766).  Saving model ...
Epoch: 15 	Training Loss: 0.642434 	Validation Loss: 0.134841
Validation loss decreased (0.138766 --> 0.134841).  Saving model ...
Epoch: 16 	Training Loss: 0.630145 	Validation Loss: 0.122345
Validation loss decreased (0.134841 --> 0.122345).  Saving model ...
Epoch: 17 	Training Loss: 0.612964 	Validation Loss: 0.126647
Epoch: 18 	Training Loss: 0.598470 	Validation Loss: 0.125427
Epoch: 19 	Training Loss: 0.586244 	Validation Loss: 0.116995
Validation loss decreased (0.122345 --> 0.116995).  Saving model ...
Test Loss: 0.603665

Test Accuracy of airplane: 81% (191/234)
Test Accuracy of automobile: 91% (224/246)
Test Accuracy of  bird: 74% (210/281)
Test Accuracy of   cat: 46% (118/253)
Test Accuracy of  deer: 81% (186/227)
Test Accuracy of   dog: 73% (183/250)
Test Accuracy of  frog: 84% (209/248)
Test Accuracy of horse: 81% (203/250)
Test Accuracy of  ship: 92% (239/258)
Test Accuracy of truck: 85% (226/265)

Test Accuracy (Overall): 79% (1989/2512)
Epoch: 0 	Training Loss: 1.533813 	Validation Loss: 0.318060
Validation loss decreased (inf --> 0.318060).  Saving model ...
Epoch: 1 	Training Loss: 1.298898 	Validation Loss: 0.289332
Validation loss decreased (0.318060 --> 0.289332).  Saving model ...
Epoch: 2 	Training Loss: 1.194938 	Validation Loss: 0.261097
Validation loss decreased (0.289332 --> 0.261097).  Saving model ...
Epoch: 3 	Training Loss: 1.110864 	Validation Loss: 0.245130
Validation loss decreased (0.261097 --> 0.245130).  Saving model ...
Epoch: 4 	Training Loss: 1.033119 	Validation Loss: 0.216297
Validation loss decreased (0.245130 --> 0.216297).  Saving model ...
Epoch: 5 	Training Loss: 0.959656 	Validation Loss: 0.203402
Validation loss decreased (0.216297 --> 0.203402).  Saving model ...
Epoch: 6 	Training Loss: 0.901150 	Validation Loss: 0.183748
Validation loss decreased (0.203402 --> 0.183748).  Saving model ...
Epoch: 7 	Training Loss: 0.859344 	Validation Loss: 0.177398
Validation loss decreased (0.183748 --> 0.177398).  Saving model ...
Epoch: 8 	Training Loss: 0.816590 	Validation Loss: 0.167362
Validation loss decreased (0.177398 --> 0.167362).  Saving model ...
Epoch: 9 	Training Loss: 0.786660 	Validation Loss: 0.157540
Validation loss decreased (0.167362 --> 0.157540).  Saving model ...
Epoch: 10 	Training Loss: 0.757903 	Validation Loss: 0.152808
Validation loss decreased (0.157540 --> 0.152808).  Saving model ...
Epoch: 11 	Training Loss: 0.733285 	Validation Loss: 0.156272
Epoch: 12 	Training Loss: 0.705518 	Validation Loss: 0.148861
Validation loss decreased (0.152808 --> 0.148861).  Saving model ...
Epoch: 13 	Training Loss: 0.681675 	Validation Loss: 0.138307
Validation loss decreased (0.148861 --> 0.138307).  Saving model ...
Epoch: 14 	Training Loss: 0.663227 	Validation Loss: 0.130958
Validation loss decreased (0.138307 --> 0.130958).  Saving model ...
Epoch: 15 	Training Loss: 0.645233 	Validation Loss: 0.133022
Epoch: 16 	Training Loss: 0.625820 	Validation Loss: 0.126376
Validation loss decreased (0.130958 --> 0.126376).  Saving model ...
Epoch: 17 	Training Loss: 0.616481 	Validation Loss: 0.128516
Epoch: 18 	Training Loss: 0.602571 	Validation Loss: 0.128378
Epoch: 19 	Training Loss: 0.584887 	Validation Loss: 0.118819
Validation loss decreased (0.126376 --> 0.118819).  Saving model ...
Test Loss: 0.600193

Test Accuracy of airplane: 79% (186/234)
Test Accuracy of automobile: 88% (218/246)
Test Accuracy of  bird: 62% (177/281)
Test Accuracy of   cat: 58% (148/253)
Test Accuracy of  deer: 80% (182/227)
Test Accuracy of   dog: 67% (168/250)
Test Accuracy of  frog: 90% (225/248)
Test Accuracy of horse: 89% (224/250)
Test Accuracy of  ship: 92% (239/258)
Test Accuracy of truck: 87% (232/265)

Test Accuracy (Overall): 79% (1999/2512)
Epoch: 0 	Training Loss: 1.480816 	Validation Loss: 0.320612
Validation loss decreased (inf --> 0.320612).  Saving model ...
Epoch: 1 	Training Loss: 1.238575 	Validation Loss: 0.265251
Validation loss decreased (0.320612 --> 0.265251).  Saving model ...
Epoch: 2 	Training Loss: 1.106058 	Validation Loss: 0.248309
Validation loss decreased (0.265251 --> 0.248309).  Saving model ...
Epoch: 3 	Training Loss: 1.006579 	Validation Loss: 0.213230
Validation loss decreased (0.248309 --> 0.213230).  Saving model ...
Epoch: 4 	Training Loss: 0.937783 	Validation Loss: 0.204079
Validation loss decreased (0.213230 --> 0.204079).  Saving model ...
Epoch: 5 	Training Loss: 0.878685 	Validation Loss: 0.188447
Validation loss decreased (0.204079 --> 0.188447).  Saving model ...
Epoch: 6 	Training Loss: 0.829114 	Validation Loss: 0.169506
Validation loss decreased (0.188447 --> 0.169506).  Saving model ...
Epoch: 7 	Training Loss: 0.796231 	Validation Loss: 0.173190
Epoch: 8 	Training Loss: 0.763963 	Validation Loss: 0.164162
Validation loss decreased (0.169506 --> 0.164162).  Saving model ...
Epoch: 9 	Training Loss: 0.734057 	Validation Loss: 0.149218
Validation loss decreased (0.164162 --> 0.149218).  Saving model ...
Epoch: 10 	Training Loss: 0.705402 	Validation Loss: 0.143113
Validation loss decreased (0.149218 --> 0.143113).  Saving model ...
Epoch: 11 	Training Loss: 0.678067 	Validation Loss: 0.143487
Epoch: 12 	Training Loss: 0.655491 	Validation Loss: 0.130993
Validation loss decreased (0.143113 --> 0.130993).  Saving model ...
Epoch: 13 	Training Loss: 0.632218 	Validation Loss: 0.125554
Validation loss decreased (0.130993 --> 0.125554).  Saving model ...
Epoch: 14 	Training Loss: 0.614408 	Validation Loss: 0.123848
Validation loss decreased (0.125554 --> 0.123848).  Saving model ...
Epoch: 15 	Training Loss: 0.593115 	Validation Loss: 0.121676
Validation loss decreased (0.123848 --> 0.121676).  Saving model ...
Epoch: 16 	Training Loss: 0.583279 	Validation Loss: 0.114000
Validation loss decreased (0.121676 --> 0.114000).  Saving model ...
Epoch: 17 	Training Loss: 0.565865 	Validation Loss: 0.115591
Epoch: 18 	Training Loss: 0.547250 	Validation Loss: 0.113190
Validation loss decreased (0.114000 --> 0.113190).  Saving model ...
Epoch: 19 	Training Loss: 0.542614 	Validation Loss: 0.111004
Validation loss decreased (0.113190 --> 0.111004).  Saving model ...
Test Loss: 0.572483

Test Accuracy of airplane: 82% (193/234)
Test Accuracy of automobile: 91% (225/246)
Test Accuracy of  bird: 67% (190/281)
Test Accuracy of   cat: 65% (165/253)
Test Accuracy of  deer: 88% (201/227)
Test Accuracy of   dog: 67% (168/250)
Test Accuracy of  frog: 78% (195/248)
Test Accuracy of horse: 81% (203/250)
Test Accuracy of  ship: 88% (228/258)
Test Accuracy of truck: 92% (245/265)

Test Accuracy (Overall): 80% (2013/2512)
Epoch: 0 	Training Loss: 1.425922 	Validation Loss: 0.310627
Validation loss decreased (inf --> 0.310627).  Saving model ...
Epoch: 1 	Training Loss: 1.193570 	Validation Loss: 0.260829
Validation loss decreased (0.310627 --> 0.260829).  Saving model ...
Epoch: 2 	Training Loss: 1.057561 	Validation Loss: 0.228543
Validation loss decreased (0.260829 --> 0.228543).  Saving model ...
Epoch: 3 	Training Loss: 0.943724 	Validation Loss: 0.202552
Validation loss decreased (0.228543 --> 0.202552).  Saving model ...
Epoch: 4 	Training Loss: 0.861977 	Validation Loss: 0.179527
Validation loss decreased (0.202552 --> 0.179527).  Saving model ...
Epoch: 5 	Training Loss: 0.809325 	Validation Loss: 0.166595
Validation loss decreased (0.179527 --> 0.166595).  Saving model ...
Epoch: 6 	Training Loss: 0.758970 	Validation Loss: 0.159754
Validation loss decreased (0.166595 --> 0.159754).  Saving model ...
Epoch: 7 	Training Loss: 0.723918 	Validation Loss: 0.153678
Validation loss decreased (0.159754 --> 0.153678).  Saving model ...
Epoch: 8 	Training Loss: 0.689777 	Validation Loss: 0.143067
Validation loss decreased (0.153678 --> 0.143067).  Saving model ...
Epoch: 9 	Training Loss: 0.656168 	Validation Loss: 0.142433
Validation loss decreased (0.143067 --> 0.142433).  Saving model ...
Epoch: 10 	Training Loss: 0.629462 	Validation Loss: 0.137528
Validation loss decreased (0.142433 --> 0.137528).  Saving model ...
Epoch: 11 	Training Loss: 0.607293 	Validation Loss: 0.127817
Validation loss decreased (0.137528 --> 0.127817).  Saving model ...
Epoch: 12 	Training Loss: 0.583364 	Validation Loss: 0.119240
Validation loss decreased (0.127817 --> 0.119240).  Saving model ...
Epoch: 13 	Training Loss: 0.565712 	Validation Loss: 0.120648
Epoch: 14 	Training Loss: 0.547940 	Validation Loss: 0.117307
Validation loss decreased (0.119240 --> 0.117307).  Saving model ...
Epoch: 15 	Training Loss: 0.532171 	Validation Loss: 0.112359
Validation loss decreased (0.117307 --> 0.112359).  Saving model ...
Epoch: 16 	Training Loss: 0.513073 	Validation Loss: 0.106318
Validation loss decreased (0.112359 --> 0.106318).  Saving model ...
Epoch: 17 	Training Loss: 0.498861 	Validation Loss: 0.112396
Epoch: 18 	Training Loss: 0.487685 	Validation Loss: 0.100514
Validation loss decreased (0.106318 --> 0.100514).  Saving model ...
Epoch: 19 	Training Loss: 0.476620 	Validation Loss: 0.103246
Test Loss: 0.534298

Test Accuracy of airplane: 88% (206/234)
Test Accuracy of automobile: 92% (228/246)
Test Accuracy of  bird: 72% (205/281)
Test Accuracy of   cat: 45% (115/253)
Test Accuracy of  deer: 86% (196/227)
Test Accuracy of   dog: 70% (176/250)
Test Accuracy of  frog: 88% (220/248)
Test Accuracy of horse: 87% (219/250)
Test Accuracy of  ship: 91% (237/258)
Test Accuracy of truck: 85% (226/265)

Test Accuracy (Overall): 80% (2028/2512)
Epoch: 0 	Training Loss: 1.480293 	Validation Loss: 0.309561
Validation loss decreased (inf --> 0.309561).  Saving model ...
Epoch: 1 	Training Loss: 1.248163 	Validation Loss: 0.270029
Validation loss decreased (0.309561 --> 0.270029).  Saving model ...
Epoch: 2 	Training Loss: 1.125593 	Validation Loss: 0.231098
Validation loss decreased (0.270029 --> 0.231098).  Saving model ...
Epoch: 3 	Training Loss: 1.029113 	Validation Loss: 0.221123
Validation loss decreased (0.231098 --> 0.221123).  Saving model ...
Epoch: 4 	Training Loss: 0.946594 	Validation Loss: 0.193451
Validation loss decreased (0.221123 --> 0.193451).  Saving model ...
Epoch: 5 	Training Loss: 0.886166 	Validation Loss: 0.182092
Validation loss decreased (0.193451 --> 0.182092).  Saving model ...
Epoch: 6 	Training Loss: 0.836923 	Validation Loss: 0.166990
Validation loss decreased (0.182092 --> 0.166990).  Saving model ...
Epoch: 7 	Training Loss: 0.801145 	Validation Loss: 0.158787
Validation loss decreased (0.166990 --> 0.158787).  Saving model ...
Epoch: 8 	Training Loss: 0.769581 	Validation Loss: 0.150988
Validation loss decreased (0.158787 --> 0.150988).  Saving model ...
Epoch: 9 	Training Loss: 0.734438 	Validation Loss: 0.147162
Validation loss decreased (0.150988 --> 0.147162).  Saving model ...
Epoch: 10 	Training Loss: 0.706027 	Validation Loss: 0.144879
Validation loss decreased (0.147162 --> 0.144879).  Saving model ...
Epoch: 11 	Training Loss: 0.687021 	Validation Loss: 0.139685
Validation loss decreased (0.144879 --> 0.139685).  Saving model ...
Epoch: 12 	Training Loss: 0.658726 	Validation Loss: 0.136142
Validation loss decreased (0.139685 --> 0.136142).  Saving model ...
Epoch: 13 	Training Loss: 0.644900 	Validation Loss: 0.138416
Epoch: 14 	Training Loss: 0.624968 	Validation Loss: 0.127414
Validation loss decreased (0.136142 --> 0.127414).  Saving model ...
Epoch: 15 	Training Loss: 0.607700 	Validation Loss: 0.131224
Epoch: 16 	Training Loss: 0.594538 	Validation Loss: 0.117219
Validation loss decreased (0.127414 --> 0.117219).  Saving model ...
Epoch: 17 	Training Loss: 0.576501 	Validation Loss: 0.122198
Epoch: 18 	Training Loss: 0.561548 	Validation Loss: 0.111728
Validation loss decreased (0.117219 --> 0.111728).  Saving model ...
Epoch: 19 	Training Loss: 0.553793 	Validation Loss: 0.125003
Test Loss: 0.650165

Test Accuracy of airplane: 84% (197/234)
Test Accuracy of automobile: 97% (241/246)
Test Accuracy of  bird: 69% (196/281)
Test Accuracy of   cat: 48% (123/253)
Test Accuracy of  deer: 63% (144/227)
Test Accuracy of   dog: 56% (140/250)
Test Accuracy of  frog: 93% (232/248)
Test Accuracy of horse: 87% (218/250)
Test Accuracy of  ship: 94% (244/258)
Test Accuracy of truck: 81% (216/265)

Test Accuracy (Overall): 77% (1951/2512)
Epoch: 0 	Training Loss: 1.504055 	Validation Loss: 0.335049
Validation loss decreased (inf --> 0.335049).  Saving model ...
Epoch: 1 	Training Loss: 1.284717 	Validation Loss: 0.286838
Validation loss decreased (0.335049 --> 0.286838).  Saving model ...
Epoch: 2 	Training Loss: 1.184604 	Validation Loss: 0.256994
Validation loss decreased (0.286838 --> 0.256994).  Saving model ...
Epoch: 3 	Training Loss: 1.109726 	Validation Loss: 0.267106
Epoch: 4 	Training Loss: 1.035206 	Validation Loss: 0.231732
Validation loss decreased (0.256994 --> 0.231732).  Saving model ...
Epoch: 5 	Training Loss: 0.972012 	Validation Loss: 0.204560
Validation loss decreased (0.231732 --> 0.204560).  Saving model ...
Epoch: 6 	Training Loss: 0.920664 	Validation Loss: 0.192999
Validation loss decreased (0.204560 --> 0.192999).  Saving model ...
Epoch: 7 	Training Loss: 0.885405 	Validation Loss: 0.185513
Validation loss decreased (0.192999 --> 0.185513).  Saving model ...
Epoch: 8 	Training Loss: 0.852798 	Validation Loss: 0.170434
Validation loss decreased (0.185513 --> 0.170434).  Saving model ...
Epoch: 9 	Training Loss: 0.815429 	Validation Loss: 0.170812
Epoch: 10 	Training Loss: 0.785427 	Validation Loss: 0.158632
Validation loss decreased (0.170434 --> 0.158632).  Saving model ...
Epoch: 11 	Training Loss: 0.759190 	Validation Loss: 0.167801
Epoch: 12 	Training Loss: 0.734741 	Validation Loss: 0.148265
Validation loss decreased (0.158632 --> 0.148265).  Saving model ...
Epoch: 13 	Training Loss: 0.718383 	Validation Loss: 0.147837
Validation loss decreased (0.148265 --> 0.147837).  Saving model ...
Epoch: 14 	Training Loss: 0.696987 	Validation Loss: 0.138518
Validation loss decreased (0.147837 --> 0.138518).  Saving model ...
Epoch: 15 	Training Loss: 0.675916 	Validation Loss: 0.134894
Validation loss decreased (0.138518 --> 0.134894).  Saving model ...
Epoch: 16 	Training Loss: 0.664141 	Validation Loss: 0.146121
Epoch: 17 	Training Loss: 0.646610 	Validation Loss: 0.131102
Validation loss decreased (0.134894 --> 0.131102).  Saving model ...
Epoch: 18 	Training Loss: 0.636190 	Validation Loss: 0.128775
Validation loss decreased (0.131102 --> 0.128775).  Saving model ...
Epoch: 19 	Training Loss: 0.621726 	Validation Loss: 0.119696
Validation loss decreased (0.128775 --> 0.119696).  Saving model ...
Test Loss: 0.628212

Test Accuracy of airplane: 81% (190/234)
Test Accuracy of automobile: 93% (230/246)
Test Accuracy of  bird: 70% (199/281)
Test Accuracy of   cat: 66% (167/253)
Test Accuracy of  deer: 77% (175/227)
Test Accuracy of   dog: 64% (161/250)
Test Accuracy of  frog: 82% (205/248)
Test Accuracy of horse: 76% (190/250)
Test Accuracy of  ship: 89% (232/258)
Test Accuracy of truck: 82% (218/265)

Test Accuracy (Overall): 78% (1967/2512)
Epoch: 0 	Training Loss: 1.475071 	Validation Loss: 0.302097
Validation loss decreased (inf --> 0.302097).  Saving model ...
Epoch: 1 	Training Loss: 1.248515 	Validation Loss: 0.262095
Validation loss decreased (0.302097 --> 0.262095).  Saving model ...
Epoch: 2 	Training Loss: 1.138199 	Validation Loss: 0.236052
Validation loss decreased (0.262095 --> 0.236052).  Saving model ...
Epoch: 3 	Training Loss: 1.056705 	Validation Loss: 0.220736
Validation loss decreased (0.236052 --> 0.220736).  Saving model ...
Epoch: 4 	Training Loss: 0.985613 	Validation Loss: 0.201598
Validation loss decreased (0.220736 --> 0.201598).  Saving model ...
Epoch: 5 	Training Loss: 0.935641 	Validation Loss: 0.196594
Validation loss decreased (0.201598 --> 0.196594).  Saving model ...
Epoch: 6 	Training Loss: 0.890413 	Validation Loss: 0.180189
Validation loss decreased (0.196594 --> 0.180189).  Saving model ...
Epoch: 7 	Training Loss: 0.854394 	Validation Loss: 0.176708
Validation loss decreased (0.180189 --> 0.176708).  Saving model ...
Epoch: 8 	Training Loss: 0.823968 	Validation Loss: 0.175090
Validation loss decreased (0.176708 --> 0.175090).  Saving model ...
Epoch: 9 	Training Loss: 0.793139 	Validation Loss: 0.165394
Validation loss decreased (0.175090 --> 0.165394).  Saving model ...
Epoch: 10 	Training Loss: 0.773213 	Validation Loss: 0.165868
Epoch: 11 	Training Loss: 0.748887 	Validation Loss: 0.165243
Validation loss decreased (0.165394 --> 0.165243).  Saving model ...
Epoch: 12 	Training Loss: 0.728242 	Validation Loss: 0.151214
Validation loss decreased (0.165243 --> 0.151214).  Saving model ...
Epoch: 13 	Training Loss: 0.708873 	Validation Loss: 0.147938
Validation loss decreased (0.151214 --> 0.147938).  Saving model ...
Epoch: 14 	Training Loss: 0.686789 	Validation Loss: 0.148540
Epoch: 15 	Training Loss: 0.672818 	Validation Loss: 0.142001
Validation loss decreased (0.147938 --> 0.142001).  Saving model ...
Epoch: 16 	Training Loss: 0.653098 	Validation Loss: 0.138417
Validation loss decreased (0.142001 --> 0.138417).  Saving model ...
Epoch: 17 	Training Loss: 0.640377 	Validation Loss: 0.134210
Validation loss decreased (0.138417 --> 0.134210).  Saving model ...
Epoch: 18 	Training Loss: 0.622862 	Validation Loss: 0.129573
Validation loss decreased (0.134210 --> 0.129573).  Saving model ...
Epoch: 19 	Training Loss: 0.613766 	Validation Loss: 0.123599
Validation loss decreased (0.129573 --> 0.123599).  Saving model ...
Test Loss: 0.638931

Test Accuracy of airplane: 84% (198/234)
Test Accuracy of automobile: 95% (235/246)
Test Accuracy of  bird: 58% (164/281)
Test Accuracy of   cat: 54% (139/253)
Test Accuracy of  deer: 69% (158/227)
Test Accuracy of   dog: 78% (196/250)
Test Accuracy of  frog: 78% (195/248)
Test Accuracy of horse: 83% (209/250)
Test Accuracy of  ship: 89% (230/258)
Test Accuracy of truck: 86% (228/265)

Test Accuracy (Overall): 77% (1952/2512)
Epoch: 0 	Training Loss: 1.504207 	Validation Loss: 0.321721
Validation loss decreased (inf --> 0.321721).  Saving model ...
Epoch: 1 	Training Loss: 1.295893 	Validation Loss: 0.290857
Validation loss decreased (0.321721 --> 0.290857).  Saving model ...
Epoch: 2 	Training Loss: 1.198420 	Validation Loss: 0.253130
Validation loss decreased (0.290857 --> 0.253130).  Saving model ...
Epoch: 3 	Training Loss: 1.117585 	Validation Loss: 0.249379
Validation loss decreased (0.253130 --> 0.249379).  Saving model ...
Epoch: 4 	Training Loss: 1.042535 	Validation Loss: 0.215651
Validation loss decreased (0.249379 --> 0.215651).  Saving model ...
Epoch: 5 	Training Loss: 0.978743 	Validation Loss: 0.203929
Validation loss decreased (0.215651 --> 0.203929).  Saving model ...
Epoch: 6 	Training Loss: 0.923556 	Validation Loss: 0.192402
Validation loss decreased (0.203929 --> 0.192402).  Saving model ...
Epoch: 7 	Training Loss: 0.881164 	Validation Loss: 0.188459
Validation loss decreased (0.192402 --> 0.188459).  Saving model ...
Epoch: 8 	Training Loss: 0.844508 	Validation Loss: 0.169991
Validation loss decreased (0.188459 --> 0.169991).  Saving model ...
Epoch: 9 	Training Loss: 0.812531 	Validation Loss: 0.177797
Epoch: 10 	Training Loss: 0.781793 	Validation Loss: 0.159342
Validation loss decreased (0.169991 --> 0.159342).  Saving model ...
Epoch: 11 	Training Loss: 0.754106 	Validation Loss: 0.153790
Validation loss decreased (0.159342 --> 0.153790).  Saving model ...
Epoch: 12 	Training Loss: 0.722381 	Validation Loss: 0.142436
Validation loss decreased (0.153790 --> 0.142436).  Saving model ...
Epoch: 13 	Training Loss: 0.695004 	Validation Loss: 0.135203
Validation loss decreased (0.142436 --> 0.135203).  Saving model ...
Epoch: 14 	Training Loss: 0.678575 	Validation Loss: 0.133356
Validation loss decreased (0.135203 --> 0.133356).  Saving model ...
Epoch: 15 	Training Loss: 0.659578 	Validation Loss: 0.130989
Validation loss decreased (0.133356 --> 0.130989).  Saving model ...
Epoch: 16 	Training Loss: 0.640395 	Validation Loss: 0.121218
Validation loss decreased (0.130989 --> 0.121218).  Saving model ...
Epoch: 17 	Training Loss: 0.623803 	Validation Loss: 0.119086
Validation loss decreased (0.121218 --> 0.119086).  Saving model ...
Epoch: 18 	Training Loss: 0.606686 	Validation Loss: 0.120229
Epoch: 19 	Training Loss: 0.595040 	Validation Loss: 0.116276
Validation loss decreased (0.119086 --> 0.116276).  Saving model ...
Test Loss: 0.599910

Test Accuracy of airplane: 82% (194/234)
Test Accuracy of automobile: 95% (235/246)
Test Accuracy of  bird: 66% (187/281)
Test Accuracy of   cat: 55% (140/253)
Test Accuracy of  deer: 81% (185/227)
Test Accuracy of   dog: 80% (200/250)
Test Accuracy of  frog: 84% (209/248)
Test Accuracy of horse: 80% (200/250)
Test Accuracy of  ship: 93% (242/258)
Test Accuracy of truck: 80% (213/265)

Test Accuracy (Overall): 79% (2005/2512)
Epoch: 0 	Training Loss: 1.512961 	Validation Loss: 0.318169
Validation loss decreased (inf --> 0.318169).  Saving model ...
Epoch: 1 	Training Loss: 1.275658 	Validation Loss: 0.268177
Validation loss decreased (0.318169 --> 0.268177).  Saving model ...
Epoch: 2 	Training Loss: 1.157161 	Validation Loss: 0.240314
Validation loss decreased (0.268177 --> 0.240314).  Saving model ...
Epoch: 3 	Training Loss: 1.067061 	Validation Loss: 0.224985
Validation loss decreased (0.240314 --> 0.224985).  Saving model ...
Epoch: 4 	Training Loss: 0.997914 	Validation Loss: 0.215005
Validation loss decreased (0.224985 --> 0.215005).  Saving model ...
Epoch: 5 	Training Loss: 0.937890 	Validation Loss: 0.190746
Validation loss decreased (0.215005 --> 0.190746).  Saving model ...
Epoch: 6 	Training Loss: 0.895176 	Validation Loss: 0.180380
Validation loss decreased (0.190746 --> 0.180380).  Saving model ...
Epoch: 7 	Training Loss: 0.858893 	Validation Loss: 0.175456
Validation loss decreased (0.180380 --> 0.175456).  Saving model ...
Epoch: 8 	Training Loss: 0.825338 	Validation Loss: 0.171962
Validation loss decreased (0.175456 --> 0.171962).  Saving model ...
Epoch: 9 	Training Loss: 0.797580 	Validation Loss: 0.159459
Validation loss decreased (0.171962 --> 0.159459).  Saving model ...
Epoch: 10 	Training Loss: 0.766869 	Validation Loss: 0.154986
Validation loss decreased (0.159459 --> 0.154986).  Saving model ...
Epoch: 11 	Training Loss: 0.752213 	Validation Loss: 0.157448
Epoch: 12 	Training Loss: 0.731175 	Validation Loss: 0.154372
Validation loss decreased (0.154986 --> 0.154372).  Saving model ...
Epoch: 13 	Training Loss: 0.709004 	Validation Loss: 0.139320
Validation loss decreased (0.154372 --> 0.139320).  Saving model ...
Epoch: 14 	Training Loss: 0.688332 	Validation Loss: 0.144648
Epoch: 15 	Training Loss: 0.676052 	Validation Loss: 0.130927
Validation loss decreased (0.139320 --> 0.130927).  Saving model ...
Epoch: 16 	Training Loss: 0.660635 	Validation Loss: 0.129758
Validation loss decreased (0.130927 --> 0.129758).  Saving model ...
Epoch: 17 	Training Loss: 0.646085 	Validation Loss: 0.134348
Epoch: 18 	Training Loss: 0.638565 	Validation Loss: 0.120732
Validation loss decreased (0.129758 --> 0.120732).  Saving model ...
Epoch: 19 	Training Loss: 0.626887 	Validation Loss: 0.123282
Test Loss: 0.627117

Test Accuracy of airplane: 79% (185/234)
Test Accuracy of automobile: 88% (217/246)
Test Accuracy of  bird: 68% (193/281)
Test Accuracy of   cat: 58% (148/253)
Test Accuracy of  deer: 82% (188/227)
Test Accuracy of   dog: 67% (168/250)
Test Accuracy of  frog: 87% (217/248)
Test Accuracy of horse: 83% (208/250)
Test Accuracy of  ship: 91% (235/258)
Test Accuracy of truck: 78% (207/265)

Test Accuracy (Overall): 78% (1966/2512)
Epoch: 0 	Training Loss: 1.441650 	Validation Loss: 0.299671
Validation loss decreased (inf --> 0.299671).  Saving model ...
Epoch: 1 	Training Loss: 1.200971 	Validation Loss: 0.264060
Validation loss decreased (0.299671 --> 0.264060).  Saving model ...
Epoch: 2 	Training Loss: 1.066473 	Validation Loss: 0.242700
Validation loss decreased (0.264060 --> 0.242700).  Saving model ...
Epoch: 3 	Training Loss: 0.968499 	Validation Loss: 0.205407
Validation loss decreased (0.242700 --> 0.205407).  Saving model ...
Epoch: 4 	Training Loss: 0.897366 	Validation Loss: 0.193497
Validation loss decreased (0.205407 --> 0.193497).  Saving model ...
Epoch: 5 	Training Loss: 0.845789 	Validation Loss: 0.192560
Validation loss decreased (0.193497 --> 0.192560).  Saving model ...
Epoch: 6 	Training Loss: 0.805538 	Validation Loss: 0.175522
Validation loss decreased (0.192560 --> 0.175522).  Saving model ...
Epoch: 7 	Training Loss: 0.773532 	Validation Loss: 0.179801
Epoch: 8 	Training Loss: 0.737629 	Validation Loss: 0.162960
Validation loss decreased (0.175522 --> 0.162960).  Saving model ...
Epoch: 9 	Training Loss: 0.711436 	Validation Loss: 0.153330
Validation loss decreased (0.162960 --> 0.153330).  Saving model ...
Epoch: 10 	Training Loss: 0.684396 	Validation Loss: 0.147991
Validation loss decreased (0.153330 --> 0.147991).  Saving model ...
Epoch: 11 	Training Loss: 0.664116 	Validation Loss: 0.148908
Epoch: 12 	Training Loss: 0.638251 	Validation Loss: 0.135065
Validation loss decreased (0.147991 --> 0.135065).  Saving model ...
Epoch: 13 	Training Loss: 0.623131 	Validation Loss: 0.134046
Validation loss decreased (0.135065 --> 0.134046).  Saving model ...
Epoch: 14 	Training Loss: 0.603928 	Validation Loss: 0.126561
Validation loss decreased (0.134046 --> 0.126561).  Saving model ...
Epoch: 15 	Training Loss: 0.589491 	Validation Loss: 0.130044
Epoch: 16 	Training Loss: 0.569582 	Validation Loss: 0.126235
Validation loss decreased (0.126561 --> 0.126235).  Saving model ...
Epoch: 17 	Training Loss: 0.557134 	Validation Loss: 0.115754
Validation loss decreased (0.126235 --> 0.115754).  Saving model ...
Epoch: 18 	Training Loss: 0.545290 	Validation Loss: 0.123276
Epoch: 19 	Training Loss: 0.533522 	Validation Loss: 0.132965
Test Loss: 0.691621

Test Accuracy of airplane: 84% (198/234)
Test Accuracy of automobile: 91% (224/246)
Test Accuracy of  bird: 44% (126/281)
Test Accuracy of   cat: 43% (109/253)
Test Accuracy of  deer: 84% (192/227)
Test Accuracy of   dog: 70% (175/250)
Test Accuracy of  frog: 87% (216/248)
Test Accuracy of horse: 87% (219/250)
Test Accuracy of  ship: 79% (206/258)
Test Accuracy of truck: 93% (248/265)

Test Accuracy (Overall): 76% (1913/2512)
Epoch: 0 	Training Loss: 1.500418 	Validation Loss: 0.308519
Validation loss decreased (inf --> 0.308519).  Saving model ...
Epoch: 1 	Training Loss: 1.278147 	Validation Loss: 0.287338
Validation loss decreased (0.308519 --> 0.287338).  Saving model ...
Epoch: 2 	Training Loss: 1.156204 	Validation Loss: 0.238597
Validation loss decreased (0.287338 --> 0.238597).  Saving model ...
Epoch: 3 	Training Loss: 1.059744 	Validation Loss: 0.225242
Validation loss decreased (0.238597 --> 0.225242).  Saving model ...
Epoch: 4 	Training Loss: 0.984041 	Validation Loss: 0.212311
Validation loss decreased (0.225242 --> 0.212311).  Saving model ...
Epoch: 5 	Training Loss: 0.928275 	Validation Loss: 0.193914
Validation loss decreased (0.212311 --> 0.193914).  Saving model ...
Epoch: 6 	Training Loss: 0.881063 	Validation Loss: 0.183313
Validation loss decreased (0.193914 --> 0.183313).  Saving model ...
Epoch: 7 	Training Loss: 0.849957 	Validation Loss: 0.168453
Validation loss decreased (0.183313 --> 0.168453).  Saving model ...
Epoch: 8 	Training Loss: 0.813618 	Validation Loss: 0.165116
Validation loss decreased (0.168453 --> 0.165116).  Saving model ...
Epoch: 9 	Training Loss: 0.780976 	Validation Loss: 0.162911
Validation loss decreased (0.165116 --> 0.162911).  Saving model ...
Epoch: 10 	Training Loss: 0.755911 	Validation Loss: 0.151559
Validation loss decreased (0.162911 --> 0.151559).  Saving model ...
Epoch: 11 	Training Loss: 0.733489 	Validation Loss: 0.153678
Epoch: 12 	Training Loss: 0.707540 	Validation Loss: 0.138966
Validation loss decreased (0.151559 --> 0.138966).  Saving model ...
Epoch: 13 	Training Loss: 0.687338 	Validation Loss: 0.133992
Validation loss decreased (0.138966 --> 0.133992).  Saving model ...
Epoch: 14 	Training Loss: 0.672438 	Validation Loss: 0.134813
Epoch: 15 	Training Loss: 0.649418 	Validation Loss: 0.131022
Validation loss decreased (0.133992 --> 0.131022).  Saving model ...
Epoch: 16 	Training Loss: 0.636434 	Validation Loss: 0.124702
Validation loss decreased (0.131022 --> 0.124702).  Saving model ...
Epoch: 17 	Training Loss: 0.618871 	Validation Loss: 0.119794
Validation loss decreased (0.124702 --> 0.119794).  Saving model ...
Epoch: 18 	Training Loss: 0.603725 	Validation Loss: 0.124552
Epoch: 19 	Training Loss: 0.590890 	Validation Loss: 0.119138
Validation loss decreased (0.119794 --> 0.119138).  Saving model ...
Test Loss: 0.618728

Test Accuracy of airplane: 88% (208/234)
Test Accuracy of automobile: 93% (231/246)
Test Accuracy of  bird: 61% (174/281)
Test Accuracy of   cat: 50% (127/253)
Test Accuracy of  deer: 84% (191/227)
Test Accuracy of   dog: 70% (175/250)
Test Accuracy of  frog: 88% (219/248)
Test Accuracy of horse: 88% (222/250)
Test Accuracy of  ship: 83% (216/258)
Test Accuracy of truck: 80% (214/265)

Test Accuracy (Overall): 78% (1977/2512)
Epoch: 0 	Training Loss: 1.524856 	Validation Loss: 0.324269
Validation loss decreased (inf --> 0.324269).  Saving model ...
Epoch: 1 	Training Loss: 1.304583 	Validation Loss: 0.296614
Validation loss decreased (0.324269 --> 0.296614).  Saving model ...
Epoch: 2 	Training Loss: 1.204647 	Validation Loss: 0.260272
Validation loss decreased (0.296614 --> 0.260272).  Saving model ...
Epoch: 3 	Training Loss: 1.129849 	Validation Loss: 0.242560
Validation loss decreased (0.260272 --> 0.242560).  Saving model ...
Epoch: 4 	Training Loss: 1.065597 	Validation Loss: 0.224645
Validation loss decreased (0.242560 --> 0.224645).  Saving model ...
Epoch: 5 	Training Loss: 1.001051 	Validation Loss: 0.209573
Validation loss decreased (0.224645 --> 0.209573).  Saving model ...
Epoch: 6 	Training Loss: 0.950965 	Validation Loss: 0.195347
Validation loss decreased (0.209573 --> 0.195347).  Saving model ...
Epoch: 7 	Training Loss: 0.908550 	Validation Loss: 0.190354
Validation loss decreased (0.195347 --> 0.190354).  Saving model ...
Epoch: 8 	Training Loss: 0.875354 	Validation Loss: 0.179583
Validation loss decreased (0.190354 --> 0.179583).  Saving model ...
Epoch: 9 	Training Loss: 0.840766 	Validation Loss: 0.172120
Validation loss decreased (0.179583 --> 0.172120).  Saving model ...
Epoch: 10 	Training Loss: 0.813277 	Validation Loss: 0.166682
Validation loss decreased (0.172120 --> 0.166682).  Saving model ...
Epoch: 11 	Training Loss: 0.793376 	Validation Loss: 0.164166
Validation loss decreased (0.166682 --> 0.164166).  Saving model ...
Epoch: 12 	Training Loss: 0.775686 	Validation Loss: 0.169095
Epoch: 13 	Training Loss: 0.757004 	Validation Loss: 0.155753
Validation loss decreased (0.164166 --> 0.155753).  Saving model ...
Epoch: 14 	Training Loss: 0.733396 	Validation Loss: 0.158531
Epoch: 15 	Training Loss: 0.721275 	Validation Loss: 0.151503
Validation loss decreased (0.155753 --> 0.151503).  Saving model ...
Epoch: 16 	Training Loss: 0.702181 	Validation Loss: 0.141116
Validation loss decreased (0.151503 --> 0.141116).  Saving model ...
Epoch: 17 	Training Loss: 0.687161 	Validation Loss: 0.141620
Epoch: 18 	Training Loss: 0.666835 	Validation Loss: 0.148300
Epoch: 19 	Training Loss: 0.658131 	Validation Loss: 0.141223
Test Loss: 0.718045

Test Accuracy of airplane: 71% (168/234)
Test Accuracy of automobile: 84% (209/246)
Test Accuracy of  bird: 53% (150/281)
Test Accuracy of   cat: 47% (121/253)
Test Accuracy of  deer: 77% (177/227)
Test Accuracy of   dog: 74% (186/250)
Test Accuracy of  frog: 83% (206/248)
Test Accuracy of horse: 81% (204/250)
Test Accuracy of  ship: 89% (232/258)
Test Accuracy of truck: 89% (236/265)

Test Accuracy (Overall): 75% (1889/2512)
Epoch: 0 	Training Loss: 1.574803 	Validation Loss: 0.321466
Validation loss decreased (inf --> 0.321466).  Saving model ...
Epoch: 1 	Training Loss: 1.319560 	Validation Loss: 0.283399
Validation loss decreased (0.321466 --> 0.283399).  Saving model ...
Epoch: 2 	Training Loss: 1.203746 	Validation Loss: 0.269038
Validation loss decreased (0.283399 --> 0.269038).  Saving model ...
Epoch: 3 	Training Loss: 1.122250 	Validation Loss: 0.249499
Validation loss decreased (0.269038 --> 0.249499).  Saving model ...
Epoch: 4 	Training Loss: 1.055838 	Validation Loss: 0.238402
Validation loss decreased (0.249499 --> 0.238402).  Saving model ...
Epoch: 5 	Training Loss: 1.003602 	Validation Loss: 0.211188
Validation loss decreased (0.238402 --> 0.211188).  Saving model ...
Epoch: 6 	Training Loss: 0.952432 	Validation Loss: 0.200910
Validation loss decreased (0.211188 --> 0.200910).  Saving model ...
Epoch: 7 	Training Loss: 0.906051 	Validation Loss: 0.192537
Validation loss decreased (0.200910 --> 0.192537).  Saving model ...
Epoch: 8 	Training Loss: 0.864014 	Validation Loss: 0.196639
Epoch: 9 	Training Loss: 0.828850 	Validation Loss: 0.169012
Validation loss decreased (0.192537 --> 0.169012).  Saving model ...
Epoch: 10 	Training Loss: 0.799640 	Validation Loss: 0.163989
Validation loss decreased (0.169012 --> 0.163989).  Saving model ...
Epoch: 11 	Training Loss: 0.775545 	Validation Loss: 0.164139
Epoch: 12 	Training Loss: 0.751999 	Validation Loss: 0.166999
Epoch: 13 	Training Loss: 0.724367 	Validation Loss: 0.152203
Validation loss decreased (0.163989 --> 0.152203).  Saving model ...
Epoch: 14 	Training Loss: 0.702401 	Validation Loss: 0.158117
Epoch: 15 	Training Loss: 0.679762 	Validation Loss: 0.137257
Validation loss decreased (0.152203 --> 0.137257).  Saving model ...
Epoch: 16 	Training Loss: 0.664493 	Validation Loss: 0.139036
Epoch: 17 	Training Loss: 0.648673 	Validation Loss: 0.136619
Validation loss decreased (0.137257 --> 0.136619).  Saving model ...
Epoch: 18 	Training Loss: 0.635838 	Validation Loss: 0.133908
Validation loss decreased (0.136619 --> 0.133908).  Saving model ...
Epoch: 19 	Training Loss: 0.616032 	Validation Loss: 0.129411
Validation loss decreased (0.133908 --> 0.129411).  Saving model ...
Test Loss: 0.660612

Test Accuracy of airplane: 79% (186/234)
Test Accuracy of automobile: 89% (221/246)
Test Accuracy of  bird: 72% (203/281)
Test Accuracy of   cat: 61% (155/253)
Test Accuracy of  deer: 68% (156/227)
Test Accuracy of   dog: 74% (187/250)
Test Accuracy of  frog: 80% (200/248)
Test Accuracy of horse: 76% (190/250)
Test Accuracy of  ship: 84% (217/258)
Test Accuracy of truck: 83% (220/265)

Test Accuracy (Overall): 77% (1935/2512)
Epoch: 0 	Training Loss: 1.489993 	Validation Loss: 0.317948
Validation loss decreased (inf --> 0.317948).  Saving model ...
Epoch: 1 	Training Loss: 1.248919 	Validation Loss: 0.283710
Validation loss decreased (0.317948 --> 0.283710).  Saving model ...
Epoch: 2 	Training Loss: 1.135795 	Validation Loss: 0.256390
Validation loss decreased (0.283710 --> 0.256390).  Saving model ...
Epoch: 3 	Training Loss: 1.040847 	Validation Loss: 0.225019
Validation loss decreased (0.256390 --> 0.225019).  Saving model ...
Epoch: 4 	Training Loss: 0.963387 	Validation Loss: 0.214790
Validation loss decreased (0.225019 --> 0.214790).  Saving model ...
Epoch: 5 	Training Loss: 0.906124 	Validation Loss: 0.189543
Validation loss decreased (0.214790 --> 0.189543).  Saving model ...
Epoch: 6 	Training Loss: 0.855357 	Validation Loss: 0.199244
Epoch: 7 	Training Loss: 0.806820 	Validation Loss: 0.165860
Validation loss decreased (0.189543 --> 0.165860).  Saving model ...
Epoch: 8 	Training Loss: 0.764074 	Validation Loss: 0.169356
Epoch: 9 	Training Loss: 0.744231 	Validation Loss: 0.157824
Validation loss decreased (0.165860 --> 0.157824).  Saving model ...
Epoch: 10 	Training Loss: 0.709962 	Validation Loss: 0.151318
Validation loss decreased (0.157824 --> 0.151318).  Saving model ...
Epoch: 11 	Training Loss: 0.683095 	Validation Loss: 0.145225
Validation loss decreased (0.151318 --> 0.145225).  Saving model ...
Epoch: 12 	Training Loss: 0.661139 	Validation Loss: 0.135658
Validation loss decreased (0.145225 --> 0.135658).  Saving model ...
Epoch: 13 	Training Loss: 0.640676 	Validation Loss: 0.133089
Validation loss decreased (0.135658 --> 0.133089).  Saving model ...
Epoch: 14 	Training Loss: 0.621418 	Validation Loss: 0.137250
Epoch: 15 	Training Loss: 0.602686 	Validation Loss: 0.131663
Validation loss decreased (0.133089 --> 0.131663).  Saving model ...
Epoch: 16 	Training Loss: 0.584302 	Validation Loss: 0.128998
Validation loss decreased (0.131663 --> 0.128998).  Saving model ...
Epoch: 17 	Training Loss: 0.573974 	Validation Loss: 0.120318
Validation loss decreased (0.128998 --> 0.120318).  Saving model ...
Epoch: 18 	Training Loss: 0.560020 	Validation Loss: 0.123750
Epoch: 19 	Training Loss: 0.552981 	Validation Loss: 0.115759
Validation loss decreased (0.120318 --> 0.115759).  Saving model ...
Test Loss: 0.605101

Test Accuracy of airplane: 80% (188/234)
Test Accuracy of automobile: 87% (216/246)
Test Accuracy of  bird: 75% (212/281)
Test Accuracy of   cat: 65% (166/253)
Test Accuracy of  deer: 75% (171/227)
Test Accuracy of   dog: 60% (150/250)
Test Accuracy of  frog: 80% (199/248)
Test Accuracy of horse: 80% (202/250)
Test Accuracy of  ship: 95% (246/258)
Test Accuracy of truck: 85% (227/265)

Test Accuracy (Overall): 78% (1977/2512)
Epoch: 0 	Training Loss: 1.443975 	Validation Loss: 0.292118
Validation loss decreased (inf --> 0.292118).  Saving model ...
Epoch: 1 	Training Loss: 1.206091 	Validation Loss: 0.257312
Validation loss decreased (0.292118 --> 0.257312).  Saving model ...
Epoch: 2 	Training Loss: 1.086201 	Validation Loss: 0.218047
Validation loss decreased (0.257312 --> 0.218047).  Saving model ...
Epoch: 3 	Training Loss: 1.001512 	Validation Loss: 0.216662
Validation loss decreased (0.218047 --> 0.216662).  Saving model ...
Epoch: 4 	Training Loss: 0.947107 	Validation Loss: 0.195336
Validation loss decreased (0.216662 --> 0.195336).  Saving model ...
Epoch: 5 	Training Loss: 0.898041 	Validation Loss: 0.188825
Validation loss decreased (0.195336 --> 0.188825).  Saving model ...
Epoch: 6 	Training Loss: 0.857183 	Validation Loss: 0.195604
Epoch: 7 	Training Loss: 0.824073 	Validation Loss: 0.163429
Validation loss decreased (0.188825 --> 0.163429).  Saving model ...
Epoch: 8 	Training Loss: 0.796253 	Validation Loss: 0.167629
Epoch: 9 	Training Loss: 0.764469 	Validation Loss: 0.157375
Validation loss decreased (0.163429 --> 0.157375).  Saving model ...
Epoch: 10 	Training Loss: 0.740961 	Validation Loss: 0.161935
Epoch: 11 	Training Loss: 0.723410 	Validation Loss: 0.141559
Validation loss decreased (0.157375 --> 0.141559).  Saving model ...
Epoch: 12 	Training Loss: 0.697320 	Validation Loss: 0.138906
Validation loss decreased (0.141559 --> 0.138906).  Saving model ...
Epoch: 13 	Training Loss: 0.680281 	Validation Loss: 0.136581
Validation loss decreased (0.138906 --> 0.136581).  Saving model ...
Epoch: 14 	Training Loss: 0.660314 	Validation Loss: 0.138435
Epoch: 15 	Training Loss: 0.648203 	Validation Loss: 0.126973
Validation loss decreased (0.136581 --> 0.126973).  Saving model ...
Epoch: 16 	Training Loss: 0.634692 	Validation Loss: 0.129498
Epoch: 17 	Training Loss: 0.622310 	Validation Loss: 0.125182
Validation loss decreased (0.126973 --> 0.125182).  Saving model ...
Epoch: 18 	Training Loss: 0.609059 	Validation Loss: 0.123801
Validation loss decreased (0.125182 --> 0.123801).  Saving model ...
Epoch: 19 	Training Loss: 0.600210 	Validation Loss: 0.129268
Test Loss: 0.665891

Test Accuracy of airplane: 84% (197/234)
Test Accuracy of automobile: 86% (212/246)
Test Accuracy of  bird: 72% (205/281)
Test Accuracy of   cat: 50% (129/253)
Test Accuracy of  deer: 75% (172/227)
Test Accuracy of   dog: 58% (145/250)
Test Accuracy of  frog: 77% (193/248)
Test Accuracy of horse: 90% (226/250)
Test Accuracy of  ship: 91% (237/258)
Test Accuracy of truck: 82% (219/265)

Test Accuracy (Overall): 77% (1935/2512)
Epoch: 0 	Training Loss: 1.511904 	Validation Loss: 0.323623
Validation loss decreased (inf --> 0.323623).  Saving model ...
Epoch: 1 	Training Loss: 1.280310 	Validation Loss: 0.289195
Validation loss decreased (0.323623 --> 0.289195).  Saving model ...
Epoch: 2 	Training Loss: 1.161241 	Validation Loss: 0.247984
Validation loss decreased (0.289195 --> 0.247984).  Saving model ...
Epoch: 3 	Training Loss: 1.060977 	Validation Loss: 0.220994
Validation loss decreased (0.247984 --> 0.220994).  Saving model ...
Epoch: 4 	Training Loss: 0.979241 	Validation Loss: 0.207688
Validation loss decreased (0.220994 --> 0.207688).  Saving model ...
Epoch: 5 	Training Loss: 0.918837 	Validation Loss: 0.189818
Validation loss decreased (0.207688 --> 0.189818).  Saving model ...
Epoch: 6 	Training Loss: 0.861893 	Validation Loss: 0.179965
Validation loss decreased (0.189818 --> 0.179965).  Saving model ...
Epoch: 7 	Training Loss: 0.822519 	Validation Loss: 0.170964
Validation loss decreased (0.179965 --> 0.170964).  Saving model ...
Epoch: 8 	Training Loss: 0.781481 	Validation Loss: 0.162294
Validation loss decreased (0.170964 --> 0.162294).  Saving model ...
Epoch: 9 	Training Loss: 0.756746 	Validation Loss: 0.158300
Validation loss decreased (0.162294 --> 0.158300).  Saving model ...
Epoch: 10 	Training Loss: 0.720408 	Validation Loss: 0.145745
Validation loss decreased (0.158300 --> 0.145745).  Saving model ...
Epoch: 11 	Training Loss: 0.700175 	Validation Loss: 0.148018
Epoch: 12 	Training Loss: 0.673361 	Validation Loss: 0.145491
Validation loss decreased (0.145745 --> 0.145491).  Saving model ...
Epoch: 13 	Training Loss: 0.648603 	Validation Loss: 0.139855
Validation loss decreased (0.145491 --> 0.139855).  Saving model ...
Epoch: 14 	Training Loss: 0.635491 	Validation Loss: 0.137028
Validation loss decreased (0.139855 --> 0.137028).  Saving model ...
Epoch: 15 	Training Loss: 0.610968 	Validation Loss: 0.124333
Validation loss decreased (0.137028 --> 0.124333).  Saving model ...
Epoch: 16 	Training Loss: 0.595292 	Validation Loss: 0.125779
Epoch: 17 	Training Loss: 0.581788 	Validation Loss: 0.127902
Epoch: 18 	Training Loss: 0.569668 	Validation Loss: 0.117669
Validation loss decreased (0.124333 --> 0.117669).  Saving model ...
Epoch: 19 	Training Loss: 0.550919 	Validation Loss: 0.118073
Test Loss: 0.605884

Test Accuracy of airplane: 76% (180/234)
Test Accuracy of automobile: 91% (224/246)
Test Accuracy of  bird: 61% (173/281)
Test Accuracy of   cat: 59% (150/253)
Test Accuracy of  deer: 79% (180/227)
Test Accuracy of   dog: 67% (169/250)
Test Accuracy of  frog: 87% (217/248)
Test Accuracy of horse: 86% (215/250)
Test Accuracy of  ship: 93% (241/258)
Test Accuracy of truck: 83% (220/265)

Test Accuracy (Overall): 78% (1969/2512)
Epoch: 0 	Training Loss: 1.483052 	Validation Loss: 0.323516
Validation loss decreased (inf --> 0.323516).  Saving model ...
Epoch: 1 	Training Loss: 1.264197 	Validation Loss: 0.285024
Validation loss decreased (0.323516 --> 0.285024).  Saving model ...
Epoch: 2 	Training Loss: 1.150658 	Validation Loss: 0.245275
Validation loss decreased (0.285024 --> 0.245275).  Saving model ...
Epoch: 3 	Training Loss: 1.066766 	Validation Loss: 0.229108
Validation loss decreased (0.245275 --> 0.229108).  Saving model ...
Epoch: 4 	Training Loss: 0.990800 	Validation Loss: 0.209033
Validation loss decreased (0.229108 --> 0.209033).  Saving model ...
Epoch: 5 	Training Loss: 0.936083 	Validation Loss: 0.212319
Epoch: 6 	Training Loss: 0.890617 	Validation Loss: 0.185921
Validation loss decreased (0.209033 --> 0.185921).  Saving model ...
Epoch: 7 	Training Loss: 0.847122 	Validation Loss: 0.175777
Validation loss decreased (0.185921 --> 0.175777).  Saving model ...
Epoch: 8 	Training Loss: 0.813818 	Validation Loss: 0.173463
Validation loss decreased (0.175777 --> 0.173463).  Saving model ...
Epoch: 9 	Training Loss: 0.786008 	Validation Loss: 0.167376
Validation loss decreased (0.173463 --> 0.167376).  Saving model ...
Epoch: 10 	Training Loss: 0.760934 	Validation Loss: 0.155109
Validation loss decreased (0.167376 --> 0.155109).  Saving model ...
Epoch: 11 	Training Loss: 0.732965 	Validation Loss: 0.151331
Validation loss decreased (0.155109 --> 0.151331).  Saving model ...
Epoch: 12 	Training Loss: 0.709627 	Validation Loss: 0.160594
Epoch: 13 	Training Loss: 0.695974 	Validation Loss: 0.150756
Validation loss decreased (0.151331 --> 0.150756).  Saving model ...
Epoch: 14 	Training Loss: 0.675291 	Validation Loss: 0.144866
Validation loss decreased (0.150756 --> 0.144866).  Saving model ...
Epoch: 15 	Training Loss: 0.659409 	Validation Loss: 0.133854
Validation loss decreased (0.144866 --> 0.133854).  Saving model ...
Epoch: 16 	Training Loss: 0.644853 	Validation Loss: 0.128490
Validation loss decreased (0.133854 --> 0.128490).  Saving model ...
Epoch: 17 	Training Loss: 0.627491 	Validation Loss: 0.124042
Validation loss decreased (0.128490 --> 0.124042).  Saving model ...
Epoch: 18 	Training Loss: 0.615731 	Validation Loss: 0.130682
Epoch: 19 	Training Loss: 0.598811 	Validation Loss: 0.126049
Test Loss: 0.651734

Test Accuracy of airplane: 78% (184/234)
Test Accuracy of automobile: 84% (207/246)
Test Accuracy of  bird: 57% (161/281)
Test Accuracy of   cat: 56% (144/253)
Test Accuracy of  deer: 83% (190/227)
Test Accuracy of   dog: 72% (182/250)
Test Accuracy of  frog: 87% (218/248)
Test Accuracy of horse: 78% (195/250)
Test Accuracy of  ship: 91% (235/258)
Test Accuracy of truck: 85% (226/265)

Test Accuracy (Overall): 77% (1942/2512)
Epoch: 0 	Training Loss: 1.450848 	Validation Loss: 0.332082
Validation loss decreased (inf --> 0.332082).  Saving model ...
Epoch: 1 	Training Loss: 1.223401 	Validation Loss: 0.265178
Validation loss decreased (0.332082 --> 0.265178).  Saving model ...
Epoch: 2 	Training Loss: 1.101746 	Validation Loss: 0.252346
Validation loss decreased (0.265178 --> 0.252346).  Saving model ...
Epoch: 3 	Training Loss: 1.002839 	Validation Loss: 0.211100
Validation loss decreased (0.252346 --> 0.211100).  Saving model ...
Epoch: 4 	Training Loss: 0.924477 	Validation Loss: 0.190847
Validation loss decreased (0.211100 --> 0.190847).  Saving model ...
Epoch: 5 	Training Loss: 0.855634 	Validation Loss: 0.190256
Validation loss decreased (0.190847 --> 0.190256).  Saving model ...
Epoch: 6 	Training Loss: 0.810079 	Validation Loss: 0.172344
Validation loss decreased (0.190256 --> 0.172344).  Saving model ...
Epoch: 7 	Training Loss: 0.768057 	Validation Loss: 0.159306
Validation loss decreased (0.172344 --> 0.159306).  Saving model ...
Epoch: 8 	Training Loss: 0.742664 	Validation Loss: 0.158895
Validation loss decreased (0.159306 --> 0.158895).  Saving model ...
Epoch: 9 	Training Loss: 0.712520 	Validation Loss: 0.146506
Validation loss decreased (0.158895 --> 0.146506).  Saving model ...
Epoch: 10 	Training Loss: 0.689611 	Validation Loss: 0.153957
Epoch: 11 	Training Loss: 0.658117 	Validation Loss: 0.140482
Validation loss decreased (0.146506 --> 0.140482).  Saving model ...
Epoch: 12 	Training Loss: 0.637482 	Validation Loss: 0.137016
Validation loss decreased (0.140482 --> 0.137016).  Saving model ...
Epoch: 13 	Training Loss: 0.615718 	Validation Loss: 0.130385
Validation loss decreased (0.137016 --> 0.130385).  Saving model ...
Epoch: 14 	Training Loss: 0.598771 	Validation Loss: 0.126630
Validation loss decreased (0.130385 --> 0.126630).  Saving model ...
Epoch: 15 	Training Loss: 0.573987 	Validation Loss: 0.124810
Validation loss decreased (0.126630 --> 0.124810).  Saving model ...
Epoch: 16 	Training Loss: 0.558563 	Validation Loss: 0.123801
Validation loss decreased (0.124810 --> 0.123801).  Saving model ...
Epoch: 17 	Training Loss: 0.542466 	Validation Loss: 0.113293
Validation loss decreased (0.123801 --> 0.113293).  Saving model ...
Epoch: 18 	Training Loss: 0.535788 	Validation Loss: 0.112149
Validation loss decreased (0.113293 --> 0.112149).  Saving model ...
Epoch: 19 	Training Loss: 0.521373 	Validation Loss: 0.106946
Validation loss decreased (0.112149 --> 0.106946).  Saving model ...
Test Loss: 0.541455

Test Accuracy of airplane: 84% (198/234)
Test Accuracy of automobile: 95% (234/246)
Test Accuracy of  bird: 76% (216/281)
Test Accuracy of   cat: 63% (160/253)
Test Accuracy of  deer: 79% (181/227)
Test Accuracy of   dog: 74% (185/250)
Test Accuracy of  frog: 82% (205/248)
Test Accuracy of horse: 86% (215/250)
Test Accuracy of  ship: 90% (234/258)
Test Accuracy of truck: 78% (209/265)

Test Accuracy (Overall): 81% (2037/2512)
Epoch: 0 	Training Loss: 1.457715 	Validation Loss: 0.306647
Validation loss decreased (inf --> 0.306647).  Saving model ...
Epoch: 1 	Training Loss: 1.226329 	Validation Loss: 0.304956
Validation loss decreased (0.306647 --> 0.304956).  Saving model ...
Epoch: 2 	Training Loss: 1.112663 	Validation Loss: 0.235877
Validation loss decreased (0.304956 --> 0.235877).  Saving model ...
Epoch: 3 	Training Loss: 1.017174 	Validation Loss: 0.213727
Validation loss decreased (0.235877 --> 0.213727).  Saving model ...
Epoch: 4 	Training Loss: 0.948272 	Validation Loss: 0.194254
Validation loss decreased (0.213727 --> 0.194254).  Saving model ...
Epoch: 5 	Training Loss: 0.890855 	Validation Loss: 0.211603
Epoch: 6 	Training Loss: 0.842384 	Validation Loss: 0.183189
Validation loss decreased (0.194254 --> 0.183189).  Saving model ...
Epoch: 7 	Training Loss: 0.800594 	Validation Loss: 0.172277
Validation loss decreased (0.183189 --> 0.172277).  Saving model ...
Epoch: 8 	Training Loss: 0.763282 	Validation Loss: 0.170383
Validation loss decreased (0.172277 --> 0.170383).  Saving model ...
Epoch: 9 	Training Loss: 0.733378 	Validation Loss: 0.154137
Validation loss decreased (0.170383 --> 0.154137).  Saving model ...
Epoch: 10 	Training Loss: 0.704748 	Validation Loss: 0.135419
Validation loss decreased (0.154137 --> 0.135419).  Saving model ...
Epoch: 11 	Training Loss: 0.676774 	Validation Loss: 0.147943
Epoch: 12 	Training Loss: 0.656338 	Validation Loss: 0.143042
Epoch: 13 	Training Loss: 0.635296 	Validation Loss: 0.170548
Epoch: 14 	Training Loss: 0.623445 	Validation Loss: 0.125042
Validation loss decreased (0.135419 --> 0.125042).  Saving model ...
Epoch: 15 	Training Loss: 0.602422 	Validation Loss: 0.127186
Epoch: 16 	Training Loss: 0.589616 	Validation Loss: 0.126965
Epoch: 17 	Training Loss: 0.573375 	Validation Loss: 0.122993
Validation loss decreased (0.125042 --> 0.122993).  Saving model ...
Epoch: 18 	Training Loss: 0.564069 	Validation Loss: 0.115411
Validation loss decreased (0.122993 --> 0.115411).  Saving model ...
Epoch: 19 	Training Loss: 0.552560 	Validation Loss: 0.114200
Validation loss decreased (0.115411 --> 0.114200).  Saving model ...
Test Loss: 0.578139

Test Accuracy of airplane: 75% (176/234)
Test Accuracy of automobile: 91% (224/246)
Test Accuracy of  bird: 66% (186/281)
Test Accuracy of   cat: 61% (156/253)
Test Accuracy of  deer: 85% (195/227)
Test Accuracy of   dog: 68% (171/250)
Test Accuracy of  frog: 90% (225/248)
Test Accuracy of horse: 81% (204/250)
Test Accuracy of  ship: 93% (242/258)
Test Accuracy of truck: 84% (225/265)

Test Accuracy (Overall): 79% (2004/2512)
Epoch: 0 	Training Loss: 1.599734 	Validation Loss: 0.382714
Validation loss decreased (inf --> 0.382714).  Saving model ...
Epoch: 1 	Training Loss: 1.379094 	Validation Loss: 0.311172
Validation loss decreased (0.382714 --> 0.311172).  Saving model ...
Epoch: 2 	Training Loss: 1.274177 	Validation Loss: 0.279129
Validation loss decreased (0.311172 --> 0.279129).  Saving model ...
Epoch: 3 	Training Loss: 1.180643 	Validation Loss: 0.252907
Validation loss decreased (0.279129 --> 0.252907).  Saving model ...
Epoch: 4 	Training Loss: 1.098841 	Validation Loss: 0.237282
Validation loss decreased (0.252907 --> 0.237282).  Saving model ...
Epoch: 5 	Training Loss: 1.024917 	Validation Loss: 0.228917
Validation loss decreased (0.237282 --> 0.228917).  Saving model ...
Epoch: 6 	Training Loss: 0.960360 	Validation Loss: 0.196693
Validation loss decreased (0.228917 --> 0.196693).  Saving model ...
Epoch: 7 	Training Loss: 0.900410 	Validation Loss: 0.193085
Validation loss decreased (0.196693 --> 0.193085).  Saving model ...
Epoch: 8 	Training Loss: 0.858776 	Validation Loss: 0.188521
Validation loss decreased (0.193085 --> 0.188521).  Saving model ...
Epoch: 9 	Training Loss: 0.821470 	Validation Loss: 0.176048
Validation loss decreased (0.188521 --> 0.176048).  Saving model ...
Epoch: 10 	Training Loss: 0.783153 	Validation Loss: 0.161799
Validation loss decreased (0.176048 --> 0.161799).  Saving model ...
Epoch: 11 	Training Loss: 0.749664 	Validation Loss: 0.154667
Validation loss decreased (0.161799 --> 0.154667).  Saving model ...
Epoch: 12 	Training Loss: 0.731439 	Validation Loss: 0.148654
Validation loss decreased (0.154667 --> 0.148654).  Saving model ...
Epoch: 13 	Training Loss: 0.701501 	Validation Loss: 0.168727
Epoch: 14 	Training Loss: 0.675730 	Validation Loss: 0.143523
Validation loss decreased (0.148654 --> 0.143523).  Saving model ...
Epoch: 15 	Training Loss: 0.656198 	Validation Loss: 0.142753
Validation loss decreased (0.143523 --> 0.142753).  Saving model ...
Epoch: 16 	Training Loss: 0.644474 	Validation Loss: 0.127232
Validation loss decreased (0.142753 --> 0.127232).  Saving model ...
Epoch: 17 	Training Loss: 0.619572 	Validation Loss: 0.131593
Epoch: 18 	Training Loss: 0.605926 	Validation Loss: 0.122128
Validation loss decreased (0.127232 --> 0.122128).  Saving model ...
Epoch: 19 	Training Loss: 0.591021 	Validation Loss: 0.122176
Test Loss: 0.618384

Test Accuracy of airplane: 77% (181/234)
Test Accuracy of automobile: 87% (216/246)
Test Accuracy of  bird: 74% (210/281)
Test Accuracy of   cat: 61% (155/253)
Test Accuracy of  deer: 77% (175/227)
Test Accuracy of   dog: 65% (163/250)
Test Accuracy of  frog: 85% (213/248)
Test Accuracy of horse: 80% (201/250)
Test Accuracy of  ship: 91% (235/258)
Test Accuracy of truck: 86% (228/265)

Test Accuracy (Overall): 78% (1977/2512)
Epoch: 0 	Training Loss: 1.568484 	Validation Loss: 0.360768
Validation loss decreased (inf --> 0.360768).  Saving model ...
Epoch: 1 	Training Loss: 1.318670 	Validation Loss: 0.300826
Validation loss decreased (0.360768 --> 0.300826).  Saving model ...
Epoch: 2 	Training Loss: 1.203294 	Validation Loss: 0.266774
Validation loss decreased (0.300826 --> 0.266774).  Saving model ...
Epoch: 3 	Training Loss: 1.108151 	Validation Loss: 0.234204
Validation loss decreased (0.266774 --> 0.234204).  Saving model ...
Epoch: 4 	Training Loss: 1.027356 	Validation Loss: 0.221963
Validation loss decreased (0.234204 --> 0.221963).  Saving model ...
Epoch: 5 	Training Loss: 0.957634 	Validation Loss: 0.198641
Validation loss decreased (0.221963 --> 0.198641).  Saving model ...
Epoch: 6 	Training Loss: 0.905724 	Validation Loss: 0.187452
Validation loss decreased (0.198641 --> 0.187452).  Saving model ...
Epoch: 7 	Training Loss: 0.859190 	Validation Loss: 0.182485
Validation loss decreased (0.187452 --> 0.182485).  Saving model ...
Epoch: 8 	Training Loss: 0.815205 	Validation Loss: 0.181994
Validation loss decreased (0.182485 --> 0.181994).  Saving model ...
Epoch: 9 	Training Loss: 0.785101 	Validation Loss: 0.163591
Validation loss decreased (0.181994 --> 0.163591).  Saving model ...
Epoch: 10 	Training Loss: 0.748134 	Validation Loss: 0.160707
Validation loss decreased (0.163591 --> 0.160707).  Saving model ...
Epoch: 11 	Training Loss: 0.724000 	Validation Loss: 0.148508
Validation loss decreased (0.160707 --> 0.148508).  Saving model ...
Epoch: 12 	Training Loss: 0.691639 	Validation Loss: 0.149284
Epoch: 13 	Training Loss: 0.670677 	Validation Loss: 0.134267
Validation loss decreased (0.148508 --> 0.134267).  Saving model ...
Epoch: 14 	Training Loss: 0.644767 	Validation Loss: 0.144623
Epoch: 15 	Training Loss: 0.623677 	Validation Loss: 0.134036
Validation loss decreased (0.134267 --> 0.134036).  Saving model ...
Epoch: 16 	Training Loss: 0.601506 	Validation Loss: 0.123102
Validation loss decreased (0.134036 --> 0.123102).  Saving model ...
Epoch: 17 	Training Loss: 0.586350 	Validation Loss: 0.123602
Epoch: 18 	Training Loss: 0.569700 	Validation Loss: 0.122771
Validation loss decreased (0.123102 --> 0.122771).  Saving model ...
Epoch: 19 	Training Loss: 0.556497 	Validation Loss: 0.118414
Validation loss decreased (0.122771 --> 0.118414).  Saving model ...
Test Loss: 0.609247

Test Accuracy of airplane: 75% (176/234)
Test Accuracy of automobile: 89% (221/246)
Test Accuracy of  bird: 74% (210/281)
Test Accuracy of   cat: 49% (125/253)
Test Accuracy of  deer: 77% (176/227)
Test Accuracy of   dog: 78% (196/250)
Test Accuracy of  frog: 77% (191/248)
Test Accuracy of horse: 84% (211/250)
Test Accuracy of  ship: 95% (246/258)
Test Accuracy of truck: 85% (227/265)

Test Accuracy (Overall): 78% (1979/2512)
Epoch: 0 	Training Loss: 1.533933 	Validation Loss: 0.342511
Validation loss decreased (inf --> 0.342511).  Saving model ...
Epoch: 1 	Training Loss: 1.289447 	Validation Loss: 0.293568
Validation loss decreased (0.342511 --> 0.293568).  Saving model ...
Epoch: 2 	Training Loss: 1.181987 	Validation Loss: 0.262426
Validation loss decreased (0.293568 --> 0.262426).  Saving model ...
Epoch: 3 	Training Loss: 1.098851 	Validation Loss: 0.236039
Validation loss decreased (0.262426 --> 0.236039).  Saving model ...
Epoch: 4 	Training Loss: 1.020225 	Validation Loss: 0.217736
Validation loss decreased (0.236039 --> 0.217736).  Saving model ...
Epoch: 5 	Training Loss: 0.948714 	Validation Loss: 0.213375
Validation loss decreased (0.217736 --> 0.213375).  Saving model ...
Epoch: 6 	Training Loss: 0.897386 	Validation Loss: 0.197868
Validation loss decreased (0.213375 --> 0.197868).  Saving model ...
Epoch: 7 	Training Loss: 0.842491 	Validation Loss: 0.194437
Validation loss decreased (0.197868 --> 0.194437).  Saving model ...
Epoch: 8 	Training Loss: 0.813926 	Validation Loss: 0.169819
Validation loss decreased (0.194437 --> 0.169819).  Saving model ...
Epoch: 9 	Training Loss: 0.776310 	Validation Loss: 0.183573
Epoch: 10 	Training Loss: 0.744498 	Validation Loss: 0.156518
Validation loss decreased (0.169819 --> 0.156518).  Saving model ...
Epoch: 11 	Training Loss: 0.720973 	Validation Loss: 0.154526
Validation loss decreased (0.156518 --> 0.154526).  Saving model ...
Epoch: 12 	Training Loss: 0.689376 	Validation Loss: 0.145225
Validation loss decreased (0.154526 --> 0.145225).  Saving model ...
Epoch: 13 	Training Loss: 0.670120 	Validation Loss: 0.143842
Validation loss decreased (0.145225 --> 0.143842).  Saving model ...
Epoch: 14 	Training Loss: 0.650621 	Validation Loss: 0.140664
Validation loss decreased (0.143842 --> 0.140664).  Saving model ...
Epoch: 15 	Training Loss: 0.632900 	Validation Loss: 0.131093
Validation loss decreased (0.140664 --> 0.131093).  Saving model ...
Epoch: 16 	Training Loss: 0.609904 	Validation Loss: 0.131866
Epoch: 17 	Training Loss: 0.594194 	Validation Loss: 0.132454
Epoch: 18 	Training Loss: 0.577856 	Validation Loss: 0.126990
Validation loss decreased (0.131093 --> 0.126990).  Saving model ...
Epoch: 19 	Training Loss: 0.561459 	Validation Loss: 0.118738
Validation loss decreased (0.126990 --> 0.118738).  Saving model ...
Test Loss: 0.608498

Test Accuracy of airplane: 81% (191/234)
Test Accuracy of automobile: 91% (224/246)
Test Accuracy of  bird: 70% (199/281)
Test Accuracy of   cat: 53% (135/253)
Test Accuracy of  deer: 82% (188/227)
Test Accuracy of   dog: 65% (164/250)
Test Accuracy of  frog: 88% (219/248)
Test Accuracy of horse: 81% (204/250)
Test Accuracy of  ship: 89% (231/258)
Test Accuracy of truck: 85% (227/265)

Test Accuracy (Overall): 78% (1982/2512)
Epoch: 0 	Training Loss: 1.534346 	Validation Loss: 0.326607
Validation loss decreased (inf --> 0.326607).  Saving model ...
Epoch: 1 	Training Loss: 1.317592 	Validation Loss: 0.293954
Validation loss decreased (0.326607 --> 0.293954).  Saving model ...
Epoch: 2 	Training Loss: 1.212330 	Validation Loss: 0.264956
Validation loss decreased (0.293954 --> 0.264956).  Saving model ...
Epoch: 3 	Training Loss: 1.133664 	Validation Loss: 0.245289
Validation loss decreased (0.264956 --> 0.245289).  Saving model ...
Epoch: 4 	Training Loss: 1.059088 	Validation Loss: 0.233414
Validation loss decreased (0.245289 --> 0.233414).  Saving model ...
Epoch: 5 	Training Loss: 1.002337 	Validation Loss: 0.201978
Validation loss decreased (0.233414 --> 0.201978).  Saving model ...
Epoch: 6 	Training Loss: 0.961387 	Validation Loss: 0.203092
Epoch: 7 	Training Loss: 0.921746 	Validation Loss: 0.184333
Validation loss decreased (0.201978 --> 0.184333).  Saving model ...
Epoch: 8 	Training Loss: 0.887623 	Validation Loss: 0.193344
Epoch: 9 	Training Loss: 0.859328 	Validation Loss: 0.171842
Validation loss decreased (0.184333 --> 0.171842).  Saving model ...
Epoch: 10 	Training Loss: 0.832772 	Validation Loss: 0.166257
Validation loss decreased (0.171842 --> 0.166257).  Saving model ...
Epoch: 11 	Training Loss: 0.808238 	Validation Loss: 0.164748
Validation loss decreased (0.166257 --> 0.164748).  Saving model ...
Epoch: 12 	Training Loss: 0.785923 	Validation Loss: 0.155662
Validation loss decreased (0.164748 --> 0.155662).  Saving model ...
Epoch: 13 	Training Loss: 0.765413 	Validation Loss: 0.159281
Epoch: 14 	Training Loss: 0.746888 	Validation Loss: 0.151531
Validation loss decreased (0.155662 --> 0.151531).  Saving model ...
Epoch: 15 	Training Loss: 0.726193 	Validation Loss: 0.140841
Validation loss decreased (0.151531 --> 0.140841).  Saving model ...
Epoch: 16 	Training Loss: 0.709357 	Validation Loss: 0.145823
Epoch: 17 	Training Loss: 0.695862 	Validation Loss: 0.140065
Validation loss decreased (0.140841 --> 0.140065).  Saving model ...
Epoch: 18 	Training Loss: 0.683390 	Validation Loss: 0.130213
Validation loss decreased (0.140065 --> 0.130213).  Saving model ...
Epoch: 19 	Training Loss: 0.667710 	Validation Loss: 0.131983
Test Loss: 0.682562

Test Accuracy of airplane: 76% (178/234)
Test Accuracy of automobile: 83% (205/246)
Test Accuracy of  bird: 66% (187/281)
Test Accuracy of   cat: 60% (154/253)
Test Accuracy of  deer: 76% (174/227)
Test Accuracy of   dog: 60% (151/250)
Test Accuracy of  frog: 80% (200/248)
Test Accuracy of horse: 75% (189/250)
Test Accuracy of  ship: 87% (227/258)
Test Accuracy of truck: 89% (237/265)

Test Accuracy (Overall): 75% (1902/2512)
Epoch: 0 	Training Loss: 1.531754 	Validation Loss: 0.313299
Validation loss decreased (inf --> 0.313299).  Saving model ...
Epoch: 1 	Training Loss: 1.300659 	Validation Loss: 0.284392
Validation loss decreased (0.313299 --> 0.284392).  Saving model ...
Epoch: 2 	Training Loss: 1.190314 	Validation Loss: 0.241683
Validation loss decreased (0.284392 --> 0.241683).  Saving model ...
Epoch: 3 	Training Loss: 1.102064 	Validation Loss: 0.227887
Validation loss decreased (0.241683 --> 0.227887).  Saving model ...
Epoch: 4 	Training Loss: 1.034483 	Validation Loss: 0.210338
Validation loss decreased (0.227887 --> 0.210338).  Saving model ...
Epoch: 5 	Training Loss: 0.978330 	Validation Loss: 0.196343
Validation loss decreased (0.210338 --> 0.196343).  Saving model ...
Epoch: 6 	Training Loss: 0.933022 	Validation Loss: 0.185312
Validation loss decreased (0.196343 --> 0.185312).  Saving model ...
Epoch: 7 	Training Loss: 0.900495 	Validation Loss: 0.188632
Epoch: 8 	Training Loss: 0.866781 	Validation Loss: 0.175512
Validation loss decreased (0.185312 --> 0.175512).  Saving model ...
Epoch: 9 	Training Loss: 0.845777 	Validation Loss: 0.178157
Epoch: 10 	Training Loss: 0.819236 	Validation Loss: 0.170041
Validation loss decreased (0.175512 --> 0.170041).  Saving model ...
Epoch: 11 	Training Loss: 0.794677 	Validation Loss: 0.164055
Validation loss decreased (0.170041 --> 0.164055).  Saving model ...
Epoch: 12 	Training Loss: 0.784428 	Validation Loss: 0.151996
Validation loss decreased (0.164055 --> 0.151996).  Saving model ...
Epoch: 13 	Training Loss: 0.763504 	Validation Loss: 0.154356
Epoch: 14 	Training Loss: 0.743063 	Validation Loss: 0.144988
Validation loss decreased (0.151996 --> 0.144988).  Saving model ...
Epoch: 15 	Training Loss: 0.735549 	Validation Loss: 0.151257
Epoch: 16 	Training Loss: 0.717854 	Validation Loss: 0.145977
Epoch: 17 	Training Loss: 0.702438 	Validation Loss: 0.154527
Epoch: 18 	Training Loss: 0.686517 	Validation Loss: 0.143141
Validation loss decreased (0.144988 --> 0.143141).  Saving model ...
Epoch: 19 	Training Loss: 0.673696 	Validation Loss: 0.134969
Validation loss decreased (0.143141 --> 0.134969).  Saving model ...
Test Loss: 0.694317

Test Accuracy of airplane: 73% (172/234)
Test Accuracy of automobile: 94% (232/246)
Test Accuracy of  bird: 76% (215/281)
Test Accuracy of   cat: 45% (116/253)
Test Accuracy of  deer: 67% (153/227)
Test Accuracy of   dog: 64% (160/250)
Test Accuracy of  frog: 82% (205/248)
Test Accuracy of horse: 82% (206/250)
Test Accuracy of  ship: 85% (220/258)
Test Accuracy of truck: 80% (212/265)

Test Accuracy (Overall): 75% (1891/2512)
Epoch: 0 	Training Loss: 1.403498 	Validation Loss: 0.310284
Validation loss decreased (inf --> 0.310284).  Saving model ...
Epoch: 1 	Training Loss: 1.161821 	Validation Loss: 0.255462
Validation loss decreased (0.310284 --> 0.255462).  Saving model ...
Epoch: 2 	Training Loss: 1.032499 	Validation Loss: 0.221597
Validation loss decreased (0.255462 --> 0.221597).  Saving model ...
Epoch: 3 	Training Loss: 0.934983 	Validation Loss: 0.189873
Validation loss decreased (0.221597 --> 0.189873).  Saving model ...
Epoch: 4 	Training Loss: 0.869485 	Validation Loss: 0.190611
Epoch: 5 	Training Loss: 0.818886 	Validation Loss: 0.172834
Validation loss decreased (0.189873 --> 0.172834).  Saving model ...
Epoch: 6 	Training Loss: 0.771899 	Validation Loss: 0.163694
Validation loss decreased (0.172834 --> 0.163694).  Saving model ...
Epoch: 7 	Training Loss: 0.736496 	Validation Loss: 0.153271
Validation loss decreased (0.163694 --> 0.153271).  Saving model ...
Epoch: 8 	Training Loss: 0.700671 	Validation Loss: 0.145328
Validation loss decreased (0.153271 --> 0.145328).  Saving model ...
Epoch: 9 	Training Loss: 0.670388 	Validation Loss: 0.136573
Validation loss decreased (0.145328 --> 0.136573).  Saving model ...
Epoch: 10 	Training Loss: 0.643891 	Validation Loss: 0.136630
Epoch: 11 	Training Loss: 0.618840 	Validation Loss: 0.125955
Validation loss decreased (0.136573 --> 0.125955).  Saving model ...
Epoch: 12 	Training Loss: 0.603054 	Validation Loss: 0.122907
Validation loss decreased (0.125955 --> 0.122907).  Saving model ...
Epoch: 13 	Training Loss: 0.580075 	Validation Loss: 0.123806
Epoch: 14 	Training Loss: 0.566004 	Validation Loss: 0.125893
Epoch: 15 	Training Loss: 0.550250 	Validation Loss: 0.120993
Validation loss decreased (0.122907 --> 0.120993).  Saving model ...
Epoch: 16 	Training Loss: 0.535369 	Validation Loss: 0.107619
Validation loss decreased (0.120993 --> 0.107619).  Saving model ...
Epoch: 17 	Training Loss: 0.525134 	Validation Loss: 0.110290
Epoch: 18 	Training Loss: 0.512662 	Validation Loss: 0.106906
Validation loss decreased (0.107619 --> 0.106906).  Saving model ...
Epoch: 19 	Training Loss: 0.501611 	Validation Loss: 0.110855
Test Loss: 0.583094

Test Accuracy of airplane: 80% (189/234)
Test Accuracy of automobile: 91% (225/246)
Test Accuracy of  bird: 61% (174/281)
Test Accuracy of   cat: 60% (152/253)
Test Accuracy of  deer: 80% (182/227)
Test Accuracy of   dog: 78% (197/250)
Test Accuracy of  frog: 78% (195/248)
Test Accuracy of horse: 86% (216/250)
Test Accuracy of  ship: 87% (227/258)
Test Accuracy of truck: 91% (243/265)

Test Accuracy (Overall): 79% (2000/2512)
Epoch: 0 	Training Loss: 1.496245 	Validation Loss: 0.322528
Validation loss decreased (inf --> 0.322528).  Saving model ...
Epoch: 1 	Training Loss: 1.251985 	Validation Loss: 0.268209
Validation loss decreased (0.322528 --> 0.268209).  Saving model ...
Epoch: 2 	Training Loss: 1.130657 	Validation Loss: 0.240812
Validation loss decreased (0.268209 --> 0.240812).  Saving model ...
Epoch: 3 	Training Loss: 1.037170 	Validation Loss: 0.241411
Epoch: 4 	Training Loss: 0.959263 	Validation Loss: 0.199804
Validation loss decreased (0.240812 --> 0.199804).  Saving model ...
Epoch: 5 	Training Loss: 0.894770 	Validation Loss: 0.193196
Validation loss decreased (0.199804 --> 0.193196).  Saving model ...
Epoch: 6 	Training Loss: 0.847855 	Validation Loss: 0.178981
Validation loss decreased (0.193196 --> 0.178981).  Saving model ...
Epoch: 7 	Training Loss: 0.813402 	Validation Loss: 0.170439
Validation loss decreased (0.178981 --> 0.170439).  Saving model ...
Epoch: 8 	Training Loss: 0.770155 	Validation Loss: 0.168969
Validation loss decreased (0.170439 --> 0.168969).  Saving model ...
Epoch: 9 	Training Loss: 0.744792 	Validation Loss: 0.161979
Validation loss decreased (0.168969 --> 0.161979).  Saving model ...
Epoch: 10 	Training Loss: 0.716579 	Validation Loss: 0.148858
Validation loss decreased (0.161979 --> 0.148858).  Saving model ...
Epoch: 11 	Training Loss: 0.695246 	Validation Loss: 0.142681
Validation loss decreased (0.148858 --> 0.142681).  Saving model ...
Epoch: 12 	Training Loss: 0.669727 	Validation Loss: 0.145577
Epoch: 13 	Training Loss: 0.646648 	Validation Loss: 0.131893
Validation loss decreased (0.142681 --> 0.131893).  Saving model ...
Epoch: 14 	Training Loss: 0.625542 	Validation Loss: 0.129706
Validation loss decreased (0.131893 --> 0.129706).  Saving model ...
Epoch: 15 	Training Loss: 0.608818 	Validation Loss: 0.131655
Epoch: 16 	Training Loss: 0.588031 	Validation Loss: 0.128492
Validation loss decreased (0.129706 --> 0.128492).  Saving model ...
Epoch: 17 	Training Loss: 0.575701 	Validation Loss: 0.116343
Validation loss decreased (0.128492 --> 0.116343).  Saving model ...
Epoch: 18 	Training Loss: 0.561872 	Validation Loss: 0.119756
Epoch: 19 	Training Loss: 0.545553 	Validation Loss: 0.113623
Validation loss decreased (0.116343 --> 0.113623).  Saving model ...
Test Loss: 0.576136

Test Accuracy of airplane: 80% (188/234)
Test Accuracy of automobile: 89% (221/246)
Test Accuracy of  bird: 66% (188/281)
Test Accuracy of   cat: 60% (154/253)
Test Accuracy of  deer: 77% (175/227)
Test Accuracy of   dog: 76% (190/250)
Test Accuracy of  frog: 87% (216/248)
Test Accuracy of horse: 86% (217/250)
Test Accuracy of  ship: 91% (236/258)
Test Accuracy of truck: 86% (229/265)

Test Accuracy (Overall): 80% (2014/2512)
Epoch: 0 	Training Loss: 1.526232 	Validation Loss: 0.355846
Validation loss decreased (inf --> 0.355846).  Saving model ...
Epoch: 1 	Training Loss: 1.294671 	Validation Loss: 0.289452
Validation loss decreased (0.355846 --> 0.289452).  Saving model ...
Epoch: 2 	Training Loss: 1.179893 	Validation Loss: 0.272078
Validation loss decreased (0.289452 --> 0.272078).  Saving model ...
Epoch: 3 	Training Loss: 1.082602 	Validation Loss: 0.229315
Validation loss decreased (0.272078 --> 0.229315).  Saving model ...
Epoch: 4 	Training Loss: 1.005463 	Validation Loss: 0.209359
Validation loss decreased (0.229315 --> 0.209359).  Saving model ...
Epoch: 5 	Training Loss: 0.942865 	Validation Loss: 0.197792
Validation loss decreased (0.209359 --> 0.197792).  Saving model ...
Epoch: 6 	Training Loss: 0.883841 	Validation Loss: 0.181303
Validation loss decreased (0.197792 --> 0.181303).  Saving model ...
Epoch: 7 	Training Loss: 0.848504 	Validation Loss: 0.181290
Validation loss decreased (0.181303 --> 0.181290).  Saving model ...
Epoch: 8 	Training Loss: 0.809854 	Validation Loss: 0.168057
Validation loss decreased (0.181290 --> 0.168057).  Saving model ...
Epoch: 9 	Training Loss: 0.779116 	Validation Loss: 0.170318
Epoch: 10 	Training Loss: 0.753656 	Validation Loss: 0.152592
Validation loss decreased (0.168057 --> 0.152592).  Saving model ...
Epoch: 11 	Training Loss: 0.724014 	Validation Loss: 0.152506
Validation loss decreased (0.152592 --> 0.152506).  Saving model ...
Epoch: 12 	Training Loss: 0.711970 	Validation Loss: 0.146811
Validation loss decreased (0.152506 --> 0.146811).  Saving model ...
Epoch: 13 	Training Loss: 0.681408 	Validation Loss: 0.146004
Validation loss decreased (0.146811 --> 0.146004).  Saving model ...
Epoch: 14 	Training Loss: 0.666069 	Validation Loss: 0.136129
Validation loss decreased (0.146004 --> 0.136129).  Saving model ...
Epoch: 15 	Training Loss: 0.645488 	Validation Loss: 0.134831
Validation loss decreased (0.136129 --> 0.134831).  Saving model ...
Epoch: 16 	Training Loss: 0.630655 	Validation Loss: 0.128370
Validation loss decreased (0.134831 --> 0.128370).  Saving model ...
Epoch: 17 	Training Loss: 0.613725 	Validation Loss: 0.132827
Epoch: 18 	Training Loss: 0.589644 	Validation Loss: 0.121079
Validation loss decreased (0.128370 --> 0.121079).  Saving model ...
Epoch: 19 	Training Loss: 0.581858 	Validation Loss: 0.123884
Test Loss: 0.632488

Test Accuracy of airplane: 83% (195/234)
Test Accuracy of automobile: 90% (223/246)
Test Accuracy of  bird: 80% (227/281)
Test Accuracy of   cat: 54% (137/253)
Test Accuracy of  deer: 80% (183/227)
Test Accuracy of   dog: 49% (123/250)
Test Accuracy of  frog: 83% (208/248)
Test Accuracy of horse: 84% (212/250)
Test Accuracy of  ship: 92% (238/258)
Test Accuracy of truck: 78% (209/265)

Test Accuracy (Overall): 77% (1955/2512)
Generation Number # 0


Epoch: 0 	Training Loss: 1.543985 	Validation Loss: 0.389610
Validation loss decreased (inf --> 0.389610).  Saving model ...
Epoch: 1 	Training Loss: 1.325704 	Validation Loss: 0.330614
Validation loss decreased (0.389610 --> 0.330614).  Saving model ...
Epoch: 2 	Training Loss: 1.210759 	Validation Loss: 0.280698
Validation loss decreased (0.330614 --> 0.280698).  Saving model ...
Epoch: 3 	Training Loss: 1.122267 	Validation Loss: 0.247605
Validation loss decreased (0.280698 --> 0.247605).  Saving model ...
Epoch: 4 	Training Loss: 1.044026 	Validation Loss: 0.220472
Validation loss decreased (0.247605 --> 0.220472).  Saving model ...
Epoch: 5 	Training Loss: 0.971791 	Validation Loss: 0.232320
Epoch: 6 	Training Loss: 0.910712 	Validation Loss: 0.210723
Validation loss decreased (0.220472 --> 0.210723).  Saving model ...
Epoch: 7 	Training Loss: 0.853588 	Validation Loss: 0.189879
Validation loss decreased (0.210723 --> 0.189879).  Saving model ...
Epoch: 8 	Training Loss: 0.814857 	Validation Loss: 0.174914
Validation loss decreased (0.189879 --> 0.174914).  Saving model ...
Epoch: 9 	Training Loss: 0.771290 	Validation Loss: 0.171756
Validation loss decreased (0.174914 --> 0.171756).  Saving model ...
Epoch: 10 	Training Loss: 0.735654 	Validation Loss: 0.176125
Epoch: 11 	Training Loss: 0.706435 	Validation Loss: 0.157728
Validation loss decreased (0.171756 --> 0.157728).  Saving model ...
Epoch: 12 	Training Loss: 0.675180 	Validation Loss: 0.142246
Validation loss decreased (0.157728 --> 0.142246).  Saving model ...
Epoch: 13 	Training Loss: 0.649969 	Validation Loss: 0.139151
Validation loss decreased (0.142246 --> 0.139151).  Saving model ...
Epoch: 14 	Training Loss: 0.629720 	Validation Loss: 0.134881
Validation loss decreased (0.139151 --> 0.134881).  Saving model ...
Epoch: 15 	Training Loss: 0.601095 	Validation Loss: 0.132161
Validation loss decreased (0.134881 --> 0.132161).  Saving model ...
Epoch: 16 	Training Loss: 0.585118 	Validation Loss: 0.129958
Validation loss decreased (0.132161 --> 0.129958).  Saving model ...
Epoch: 17 	Training Loss: 0.566267 	Validation Loss: 0.128280
Validation loss decreased (0.129958 --> 0.128280).  Saving model ...
Epoch: 18 	Training Loss: 0.552201 	Validation Loss: 0.130647
Epoch: 19 	Training Loss: 0.533343 	Validation Loss: 0.113644
Validation loss decreased (0.128280 --> 0.113644).  Saving model ...
Test Loss: 0.588236

Test Accuracy of airplane: 87% (204/234)
Test Accuracy of automobile: 90% (223/246)
Test Accuracy of  bird: 69% (194/281)
Test Accuracy of   cat: 56% (142/253)
Test Accuracy of  deer: 77% (175/227)
Test Accuracy of   dog: 71% (179/250)
Test Accuracy of  frog: 86% (215/248)
Test Accuracy of horse: 85% (213/250)
Test Accuracy of  ship: 89% (230/258)
Test Accuracy of truck: 83% (220/265)

Test Accuracy (Overall): 79% (1995/2512)
Epoch: 0 	Training Loss: 1.578235 	Validation Loss: 0.361716
Validation loss decreased (inf --> 0.361716).  Saving model ...
Epoch: 1 	Training Loss: 1.379985 	Validation Loss: 0.319829
Validation loss decreased (0.361716 --> 0.319829).  Saving model ...
Epoch: 2 	Training Loss: 1.279743 	Validation Loss: 0.297347
Validation loss decreased (0.319829 --> 0.297347).  Saving model ...
Epoch: 3 	Training Loss: 1.199139 	Validation Loss: 0.267287
Validation loss decreased (0.297347 --> 0.267287).  Saving model ...
Epoch: 4 	Training Loss: 1.128948 	Validation Loss: 0.246576
Validation loss decreased (0.267287 --> 0.246576).  Saving model ...
Epoch: 5 	Training Loss: 1.059756 	Validation Loss: 0.226779
Validation loss decreased (0.246576 --> 0.226779).  Saving model ...
Epoch: 6 	Training Loss: 0.998592 	Validation Loss: 0.199555
Validation loss decreased (0.226779 --> 0.199555).  Saving model ...
Epoch: 7 	Training Loss: 0.941672 	Validation Loss: 0.195595
Validation loss decreased (0.199555 --> 0.195595).  Saving model ...
Epoch: 8 	Training Loss: 0.894939 	Validation Loss: 0.186127
Validation loss decreased (0.195595 --> 0.186127).  Saving model ...
Epoch: 9 	Training Loss: 0.852258 	Validation Loss: 0.173418
Validation loss decreased (0.186127 --> 0.173418).  Saving model ...
Epoch: 10 	Training Loss: 0.815102 	Validation Loss: 0.166074
Validation loss decreased (0.173418 --> 0.166074).  Saving model ...
Epoch: 11 	Training Loss: 0.780294 	Validation Loss: 0.156743
Validation loss decreased (0.166074 --> 0.156743).  Saving model ...
Epoch: 12 	Training Loss: 0.755869 	Validation Loss: 0.153488
Validation loss decreased (0.156743 --> 0.153488).  Saving model ...
Epoch: 13 	Training Loss: 0.732708 	Validation Loss: 0.143156
Validation loss decreased (0.153488 --> 0.143156).  Saving model ...
Epoch: 14 	Training Loss: 0.703811 	Validation Loss: 0.137636
Validation loss decreased (0.143156 --> 0.137636).  Saving model ...
Epoch: 15 	Training Loss: 0.684623 	Validation Loss: 0.139764
Epoch: 16 	Training Loss: 0.665201 	Validation Loss: 0.138410
Epoch: 17 	Training Loss: 0.647000 	Validation Loss: 0.136085
Validation loss decreased (0.137636 --> 0.136085).  Saving model ...
Epoch: 18 	Training Loss: 0.632989 	Validation Loss: 0.123143
Validation loss decreased (0.136085 --> 0.123143).  Saving model ...
Epoch: 19 	Training Loss: 0.620580 	Validation Loss: 0.124784
Test Loss: 0.635354

Test Accuracy of airplane: 81% (190/234)
Test Accuracy of automobile: 93% (231/246)
Test Accuracy of  bird: 78% (221/281)
Test Accuracy of   cat: 45% (116/253)
Test Accuracy of  deer: 82% (188/227)
Test Accuracy of   dog: 69% (174/250)
Test Accuracy of  frog: 82% (204/248)
Test Accuracy of horse: 80% (202/250)
Test Accuracy of  ship: 90% (233/258)
Test Accuracy of truck: 79% (210/265)

Test Accuracy (Overall): 78% (1969/2512)
Traceback (most recent call last):
  File "main.py", line 18, in <module>
    ga.evolve()
  File "/home2020/home/uha/mjali/NAS-FRAMEWORK/GA/ga.py", line 83, in evolve
    fitn_off = self.offsprings_fitness[min_list_par]
IndexError: list index out of range
