Files already downloaded and verified
Files already downloaded and verified
Epoch: 0 	Training Loss: 1.445163 	Validation Loss: 0.305318
Validation loss decreased (inf --> 0.305318).  Saving model ...
Epoch: 1 	Training Loss: 1.209709 	Validation Loss: 0.264834
Validation loss decreased (0.305318 --> 0.264834).  Saving model ...
Epoch: 2 	Training Loss: 1.080511 	Validation Loss: 0.249556
Validation loss decreased (0.264834 --> 0.249556).  Saving model ...
Epoch: 3 	Training Loss: 0.982734 	Validation Loss: 0.229770
Validation loss decreased (0.249556 --> 0.229770).  Saving model ...
Epoch: 4 	Training Loss: 0.907590 	Validation Loss: 0.203447
Validation loss decreased (0.229770 --> 0.203447).  Saving model ...
Epoch: 5 	Training Loss: 0.847109 	Validation Loss: 0.187062
Validation loss decreased (0.203447 --> 0.187062).  Saving model ...
Epoch: 6 	Training Loss: 0.802510 	Validation Loss: 0.176927
Validation loss decreased (0.187062 --> 0.176927).  Saving model ...
Epoch: 7 	Training Loss: 0.768285 	Validation Loss: 0.162842
Validation loss decreased (0.176927 --> 0.162842).  Saving model ...
Epoch: 8 	Training Loss: 0.732725 	Validation Loss: 0.159653
Validation loss decreased (0.162842 --> 0.159653).  Saving model ...
Epoch: 9 	Training Loss: 0.703083 	Validation Loss: 0.145848
Validation loss decreased (0.159653 --> 0.145848).  Saving model ...
Epoch: 10 	Training Loss: 0.676371 	Validation Loss: 0.150007
Epoch: 11 	Training Loss: 0.651903 	Validation Loss: 0.150005
Epoch: 12 	Training Loss: 0.631998 	Validation Loss: 0.136692
Validation loss decreased (0.145848 --> 0.136692).  Saving model ...
Epoch: 13 	Training Loss: 0.612912 	Validation Loss: 0.138556
Epoch: 14 	Training Loss: 0.592225 	Validation Loss: 0.124198
Validation loss decreased (0.136692 --> 0.124198).  Saving model ...
Epoch: 15 	Training Loss: 0.570720 	Validation Loss: 0.125818
Epoch: 16 	Training Loss: 0.556792 	Validation Loss: 0.118875
Validation loss decreased (0.124198 --> 0.118875).  Saving model ...
Epoch: 17 	Training Loss: 0.537436 	Validation Loss: 0.121311
Epoch: 18 	Training Loss: 0.530521 	Validation Loss: 0.113695
Validation loss decreased (0.118875 --> 0.113695).  Saving model ...
Epoch: 19 	Training Loss: 0.506971 	Validation Loss: 0.109694
Validation loss decreased (0.113695 --> 0.109694).  Saving model ...
Test Loss: 0.570063

Test Accuracy of airplane: 79% (186/234)
Test Accuracy of automobile: 93% (230/246)
Test Accuracy of  bird: 68% (192/281)
Test Accuracy of   cat: 57% (146/253)
Test Accuracy of  deer: 83% (190/227)
Test Accuracy of   dog: 63% (158/250)
Test Accuracy of  frog: 86% (215/248)
Test Accuracy of horse: 87% (219/250)
Test Accuracy of  ship: 92% (239/258)
Test Accuracy of truck: 86% (229/265)

Test Accuracy (Overall): 79% (2004/2512)
Epoch: 0 	Training Loss: 1.472891 	Validation Loss: 0.316098
Validation loss decreased (inf --> 0.316098).  Saving model ...
Epoch: 1 	Training Loss: 1.261034 	Validation Loss: 0.277709
Validation loss decreased (0.316098 --> 0.277709).  Saving model ...
Epoch: 2 	Training Loss: 1.159243 	Validation Loss: 0.244747
Validation loss decreased (0.277709 --> 0.244747).  Saving model ...
Epoch: 3 	Training Loss: 1.074185 	Validation Loss: 0.221243
Validation loss decreased (0.244747 --> 0.221243).  Saving model ...
Epoch: 4 	Training Loss: 0.997323 	Validation Loss: 0.202368
Validation loss decreased (0.221243 --> 0.202368).  Saving model ...
Epoch: 5 	Training Loss: 0.937346 	Validation Loss: 0.192587
Validation loss decreased (0.202368 --> 0.192587).  Saving model ...
Epoch: 6 	Training Loss: 0.891194 	Validation Loss: 0.177302
Validation loss decreased (0.192587 --> 0.177302).  Saving model ...
Epoch: 7 	Training Loss: 0.852695 	Validation Loss: 0.172387
Validation loss decreased (0.177302 --> 0.172387).  Saving model ...
Epoch: 8 	Training Loss: 0.817096 	Validation Loss: 0.175911
Epoch: 9 	Training Loss: 0.785653 	Validation Loss: 0.166260
Validation loss decreased (0.172387 --> 0.166260).  Saving model ...
Epoch: 10 	Training Loss: 0.765776 	Validation Loss: 0.159825
Validation loss decreased (0.166260 --> 0.159825).  Saving model ...
Epoch: 11 	Training Loss: 0.742184 	Validation Loss: 0.152862
Validation loss decreased (0.159825 --> 0.152862).  Saving model ...
Epoch: 12 	Training Loss: 0.719998 	Validation Loss: 0.147820
Validation loss decreased (0.152862 --> 0.147820).  Saving model ...
Epoch: 13 	Training Loss: 0.697098 	Validation Loss: 0.157348
Epoch: 14 	Training Loss: 0.679252 	Validation Loss: 0.135830
Validation loss decreased (0.147820 --> 0.135830).  Saving model ...
Epoch: 15 	Training Loss: 0.665733 	Validation Loss: 0.140725
Epoch: 16 	Training Loss: 0.648077 	Validation Loss: 0.138440
Epoch: 17 	Training Loss: 0.629190 	Validation Loss: 0.136839
Epoch: 18 	Training Loss: 0.616100 	Validation Loss: 0.134734
Validation loss decreased (0.135830 --> 0.134734).  Saving model ...
Epoch: 19 	Training Loss: 0.601812 	Validation Loss: 0.121078
Validation loss decreased (0.134734 --> 0.121078).  Saving model ...
Test Loss: 0.631965

Test Accuracy of airplane: 80% (188/234)
Test Accuracy of automobile: 92% (227/246)
Test Accuracy of  bird: 66% (188/281)
Test Accuracy of   cat: 59% (150/253)
Test Accuracy of  deer: 68% (155/227)
Test Accuracy of   dog: 64% (160/250)
Test Accuracy of  frog: 86% (214/248)
Test Accuracy of horse: 80% (200/250)
Test Accuracy of  ship: 90% (233/258)
Test Accuracy of truck: 88% (234/265)

Test Accuracy (Overall): 77% (1949/2512)
Epoch: 0 	Training Loss: 1.486563 	Validation Loss: 0.317980
Validation loss decreased (inf --> 0.317980).  Saving model ...
Epoch: 1 	Training Loss: 1.270539 	Validation Loss: 0.281289
Validation loss decreased (0.317980 --> 0.281289).  Saving model ...
Epoch: 2 	Training Loss: 1.168112 	Validation Loss: 0.270485
Validation loss decreased (0.281289 --> 0.270485).  Saving model ...
Epoch: 3 	Training Loss: 1.075454 	Validation Loss: 0.236568
Validation loss decreased (0.270485 --> 0.236568).  Saving model ...
Epoch: 4 	Training Loss: 0.998065 	Validation Loss: 0.231039
Validation loss decreased (0.236568 --> 0.231039).  Saving model ...
Epoch: 5 	Training Loss: 0.929980 	Validation Loss: 0.202283
Validation loss decreased (0.231039 --> 0.202283).  Saving model ...
Epoch: 6 	Training Loss: 0.881139 	Validation Loss: 0.185232
Validation loss decreased (0.202283 --> 0.185232).  Saving model ...
Epoch: 7 	Training Loss: 0.840951 	Validation Loss: 0.183145
Validation loss decreased (0.185232 --> 0.183145).  Saving model ...
Epoch: 8 	Training Loss: 0.801233 	Validation Loss: 0.175500
Validation loss decreased (0.183145 --> 0.175500).  Saving model ...
Epoch: 9 	Training Loss: 0.773327 	Validation Loss: 0.166867
Validation loss decreased (0.175500 --> 0.166867).  Saving model ...
Epoch: 10 	Training Loss: 0.748086 	Validation Loss: 0.162001
Validation loss decreased (0.166867 --> 0.162001).  Saving model ...
Epoch: 11 	Training Loss: 0.719992 	Validation Loss: 0.155884
Validation loss decreased (0.162001 --> 0.155884).  Saving model ...
Epoch: 12 	Training Loss: 0.703464 	Validation Loss: 0.147840
Validation loss decreased (0.155884 --> 0.147840).  Saving model ...
Epoch: 13 	Training Loss: 0.677738 	Validation Loss: 0.150014
Epoch: 14 	Training Loss: 0.657508 	Validation Loss: 0.143633
Validation loss decreased (0.147840 --> 0.143633).  Saving model ...
Epoch: 15 	Training Loss: 0.639817 	Validation Loss: 0.145151
Epoch: 16 	Training Loss: 0.619956 	Validation Loss: 0.142806
Validation loss decreased (0.143633 --> 0.142806).  Saving model ...
Epoch: 17 	Training Loss: 0.606038 	Validation Loss: 0.132737
Validation loss decreased (0.142806 --> 0.132737).  Saving model ...
Epoch: 18 	Training Loss: 0.593436 	Validation Loss: 0.126852
Validation loss decreased (0.132737 --> 0.126852).  Saving model ...
Epoch: 19 	Training Loss: 0.578813 	Validation Loss: 0.132316
Test Loss: 0.687085

Test Accuracy of airplane: 79% (187/234)
Test Accuracy of automobile: 91% (225/246)
Test Accuracy of  bird: 61% (174/281)
Test Accuracy of   cat: 36% (93/253)
Test Accuracy of  deer: 75% (171/227)
Test Accuracy of   dog: 80% (202/250)
Test Accuracy of  frog: 79% (196/248)
Test Accuracy of horse: 82% (205/250)
Test Accuracy of  ship: 89% (230/258)
Test Accuracy of truck: 83% (220/265)

Test Accuracy (Overall): 75% (1903/2512)
Epoch: 0 	Training Loss: 1.497404 	Validation Loss: 0.334982
Validation loss decreased (inf --> 0.334982).  Saving model ...
Epoch: 1 	Training Loss: 1.268503 	Validation Loss: 0.272888
Validation loss decreased (0.334982 --> 0.272888).  Saving model ...
Epoch: 2 	Training Loss: 1.147041 	Validation Loss: 0.249844
Validation loss decreased (0.272888 --> 0.249844).  Saving model ...
Epoch: 3 	Training Loss: 1.048143 	Validation Loss: 0.229264
Validation loss decreased (0.249844 --> 0.229264).  Saving model ...
Epoch: 4 	Training Loss: 0.970266 	Validation Loss: 0.203445
Validation loss decreased (0.229264 --> 0.203445).  Saving model ...
Epoch: 5 	Training Loss: 0.908122 	Validation Loss: 0.188495
Validation loss decreased (0.203445 --> 0.188495).  Saving model ...
Epoch: 6 	Training Loss: 0.865358 	Validation Loss: 0.187614
Validation loss decreased (0.188495 --> 0.187614).  Saving model ...
Epoch: 7 	Training Loss: 0.827740 	Validation Loss: 0.190548
Epoch: 8 	Training Loss: 0.789358 	Validation Loss: 0.161990
Validation loss decreased (0.187614 --> 0.161990).  Saving model ...
Epoch: 9 	Training Loss: 0.763301 	Validation Loss: 0.153405
Validation loss decreased (0.161990 --> 0.153405).  Saving model ...
Epoch: 10 	Training Loss: 0.732058 	Validation Loss: 0.150272
Validation loss decreased (0.153405 --> 0.150272).  Saving model ...
Epoch: 11 	Training Loss: 0.703162 	Validation Loss: 0.151127
Epoch: 12 	Training Loss: 0.682758 	Validation Loss: 0.144520
Validation loss decreased (0.150272 --> 0.144520).  Saving model ...
Epoch: 13 	Training Loss: 0.655761 	Validation Loss: 0.135296
Validation loss decreased (0.144520 --> 0.135296).  Saving model ...
Epoch: 14 	Training Loss: 0.638120 	Validation Loss: 0.124742
Validation loss decreased (0.135296 --> 0.124742).  Saving model ...
Epoch: 15 	Training Loss: 0.628596 	Validation Loss: 0.123900
Validation loss decreased (0.124742 --> 0.123900).  Saving model ...
Epoch: 16 	Training Loss: 0.601640 	Validation Loss: 0.130739
Epoch: 17 	Training Loss: 0.585929 	Validation Loss: 0.115795
Validation loss decreased (0.123900 --> 0.115795).  Saving model ...
Epoch: 18 	Training Loss: 0.571421 	Validation Loss: 0.121932
Epoch: 19 	Training Loss: 0.558102 	Validation Loss: 0.114642
Validation loss decreased (0.115795 --> 0.114642).  Saving model ...
Test Loss: 0.573534

Test Accuracy of airplane: 87% (204/234)
Test Accuracy of automobile: 85% (211/246)
Test Accuracy of  bird: 72% (204/281)
Test Accuracy of   cat: 65% (165/253)
Test Accuracy of  deer: 76% (173/227)
Test Accuracy of   dog: 64% (162/250)
Test Accuracy of  frog: 85% (212/248)
Test Accuracy of horse: 80% (201/250)
Test Accuracy of  ship: 92% (238/258)
Test Accuracy of truck: 90% (240/265)

Test Accuracy (Overall): 80% (2010/2512)
Epoch: 0 	Training Loss: 1.494428 	Validation Loss: 0.316576
Validation loss decreased (inf --> 0.316576).  Saving model ...
Epoch: 1 	Training Loss: 1.275718 	Validation Loss: 0.275323
Validation loss decreased (0.316576 --> 0.275323).  Saving model ...
Epoch: 2 	Training Loss: 1.157977 	Validation Loss: 0.239370
Validation loss decreased (0.275323 --> 0.239370).  Saving model ...
Epoch: 3 	Training Loss: 1.054873 	Validation Loss: 0.215416
Validation loss decreased (0.239370 --> 0.215416).  Saving model ...
Epoch: 4 	Training Loss: 0.972652 	Validation Loss: 0.206185
Validation loss decreased (0.215416 --> 0.206185).  Saving model ...
Epoch: 5 	Training Loss: 0.909065 	Validation Loss: 0.217703
Epoch: 6 	Training Loss: 0.863518 	Validation Loss: 0.172265
Validation loss decreased (0.206185 --> 0.172265).  Saving model ...
Epoch: 7 	Training Loss: 0.815640 	Validation Loss: 0.163258
Validation loss decreased (0.172265 --> 0.163258).  Saving model ...
Epoch: 8 	Training Loss: 0.787010 	Validation Loss: 0.173544
Epoch: 9 	Training Loss: 0.755583 	Validation Loss: 0.159174
Validation loss decreased (0.163258 --> 0.159174).  Saving model ...
Epoch: 10 	Training Loss: 0.729116 	Validation Loss: 0.160929
Epoch: 11 	Training Loss: 0.701674 	Validation Loss: 0.145409
Validation loss decreased (0.159174 --> 0.145409).  Saving model ...
Epoch: 12 	Training Loss: 0.679640 	Validation Loss: 0.136805
Validation loss decreased (0.145409 --> 0.136805).  Saving model ...
Epoch: 13 	Training Loss: 0.661845 	Validation Loss: 0.138750
Epoch: 14 	Training Loss: 0.640193 	Validation Loss: 0.128304
Validation loss decreased (0.136805 --> 0.128304).  Saving model ...
Epoch: 15 	Training Loss: 0.625937 	Validation Loss: 0.134335
Epoch: 16 	Training Loss: 0.607777 	Validation Loss: 0.119687
Validation loss decreased (0.128304 --> 0.119687).  Saving model ...
Epoch: 17 	Training Loss: 0.594295 	Validation Loss: 0.126037
Epoch: 18 	Training Loss: 0.585919 	Validation Loss: 0.117378
Validation loss decreased (0.119687 --> 0.117378).  Saving model ...
Epoch: 19 	Training Loss: 0.565558 	Validation Loss: 0.116953
Validation loss decreased (0.117378 --> 0.116953).  Saving model ...
Test Loss: 0.594841

Test Accuracy of airplane: 82% (193/234)
Test Accuracy of automobile: 91% (224/246)
Test Accuracy of  bird: 67% (191/281)
Test Accuracy of   cat: 60% (153/253)
Test Accuracy of  deer: 83% (190/227)
Test Accuracy of   dog: 64% (161/250)
Test Accuracy of  frog: 89% (223/248)
Test Accuracy of horse: 80% (202/250)
Test Accuracy of  ship: 92% (238/258)
Test Accuracy of truck: 84% (225/265)

Test Accuracy (Overall): 79% (2000/2512)
Epoch: 0 	Training Loss: 1.467850 	Validation Loss: 0.301026
Validation loss decreased (inf --> 0.301026).  Saving model ...
Epoch: 1 	Training Loss: 1.242144 	Validation Loss: 0.265581
Validation loss decreased (0.301026 --> 0.265581).  Saving model ...
Epoch: 2 	Training Loss: 1.115329 	Validation Loss: 0.225259
Validation loss decreased (0.265581 --> 0.225259).  Saving model ...
Epoch: 3 	Training Loss: 1.001348 	Validation Loss: 0.211641
Validation loss decreased (0.225259 --> 0.211641).  Saving model ...
Epoch: 4 	Training Loss: 0.923806 	Validation Loss: 0.184151
Validation loss decreased (0.211641 --> 0.184151).  Saving model ...
Epoch: 5 	Training Loss: 0.867999 	Validation Loss: 0.194328
Epoch: 6 	Training Loss: 0.822117 	Validation Loss: 0.171861
Validation loss decreased (0.184151 --> 0.171861).  Saving model ...
Epoch: 7 	Training Loss: 0.781367 	Validation Loss: 0.155803
Validation loss decreased (0.171861 --> 0.155803).  Saving model ...
Epoch: 8 	Training Loss: 0.740758 	Validation Loss: 0.156557
Epoch: 9 	Training Loss: 0.712275 	Validation Loss: 0.144185
Validation loss decreased (0.155803 --> 0.144185).  Saving model ...
Epoch: 10 	Training Loss: 0.680153 	Validation Loss: 0.133758
Validation loss decreased (0.144185 --> 0.133758).  Saving model ...
Epoch: 11 	Training Loss: 0.655738 	Validation Loss: 0.125305
Validation loss decreased (0.133758 --> 0.125305).  Saving model ...
Epoch: 12 	Training Loss: 0.635817 	Validation Loss: 0.142221
Epoch: 13 	Training Loss: 0.615300 	Validation Loss: 0.124305
Validation loss decreased (0.125305 --> 0.124305).  Saving model ...
Epoch: 14 	Training Loss: 0.598758 	Validation Loss: 0.119697
Validation loss decreased (0.124305 --> 0.119697).  Saving model ...
Epoch: 15 	Training Loss: 0.581040 	Validation Loss: 0.113182
Validation loss decreased (0.119697 --> 0.113182).  Saving model ...
Epoch: 16 	Training Loss: 0.576168 	Validation Loss: 0.111273
Validation loss decreased (0.113182 --> 0.111273).  Saving model ...
Epoch: 17 	Training Loss: 0.556907 	Validation Loss: 0.110002
Validation loss decreased (0.111273 --> 0.110002).  Saving model ...
Epoch: 18 	Training Loss: 0.544832 	Validation Loss: 0.126564
Epoch: 19 	Training Loss: 0.529883 	Validation Loss: 0.108918
Validation loss decreased (0.110002 --> 0.108918).  Saving model ...
Test Loss: 0.568507

Test Accuracy of airplane: 80% (188/234)
Test Accuracy of automobile: 93% (231/246)
Test Accuracy of  bird: 67% (190/281)
Test Accuracy of   cat: 52% (134/253)
Test Accuracy of  deer: 85% (193/227)
Test Accuracy of   dog: 70% (175/250)
Test Accuracy of  frog: 87% (218/248)
Test Accuracy of horse: 89% (223/250)
Test Accuracy of  ship: 93% (241/258)
Test Accuracy of truck: 85% (226/265)

Test Accuracy (Overall): 80% (2019/2512)
Epoch: 0 	Training Loss: 1.495281 	Validation Loss: 0.309990
Validation loss decreased (inf --> 0.309990).  Saving model ...
Epoch: 1 	Training Loss: 1.274681 	Validation Loss: 0.275631
Validation loss decreased (0.309990 --> 0.275631).  Saving model ...
Epoch: 2 	Training Loss: 1.159686 	Validation Loss: 0.250611
Validation loss decreased (0.275631 --> 0.250611).  Saving model ...
Epoch: 3 	Training Loss: 1.065067 	Validation Loss: 0.227693
Validation loss decreased (0.250611 --> 0.227693).  Saving model ...
Epoch: 4 	Training Loss: 0.985671 	Validation Loss: 0.228179
Epoch: 5 	Training Loss: 0.926064 	Validation Loss: 0.201165
Validation loss decreased (0.227693 --> 0.201165).  Saving model ...
Epoch: 6 	Training Loss: 0.883229 	Validation Loss: 0.177669
Validation loss decreased (0.201165 --> 0.177669).  Saving model ...
Epoch: 7 	Training Loss: 0.845062 	Validation Loss: 0.181445
Epoch: 8 	Training Loss: 0.808865 	Validation Loss: 0.168353
Validation loss decreased (0.177669 --> 0.168353).  Saving model ...
Epoch: 9 	Training Loss: 0.779739 	Validation Loss: 0.156236
Validation loss decreased (0.168353 --> 0.156236).  Saving model ...
Epoch: 10 	Training Loss: 0.746892 	Validation Loss: 0.150422
Validation loss decreased (0.156236 --> 0.150422).  Saving model ...
Epoch: 11 	Training Loss: 0.721253 	Validation Loss: 0.142494
Validation loss decreased (0.150422 --> 0.142494).  Saving model ...
Epoch: 12 	Training Loss: 0.703145 	Validation Loss: 0.139843
Validation loss decreased (0.142494 --> 0.139843).  Saving model ...
Epoch: 13 	Training Loss: 0.682669 	Validation Loss: 0.135418
Validation loss decreased (0.139843 --> 0.135418).  Saving model ...
Epoch: 14 	Training Loss: 0.659530 	Validation Loss: 0.131377
Validation loss decreased (0.135418 --> 0.131377).  Saving model ...
Epoch: 15 	Training Loss: 0.644628 	Validation Loss: 0.132007
Epoch: 16 	Training Loss: 0.629391 	Validation Loss: 0.119537
Validation loss decreased (0.131377 --> 0.119537).  Saving model ...
Epoch: 17 	Training Loss: 0.615550 	Validation Loss: 0.122573
Epoch: 18 	Training Loss: 0.597695 	Validation Loss: 0.116567
Validation loss decreased (0.119537 --> 0.116567).  Saving model ...
Epoch: 19 	Training Loss: 0.580844 	Validation Loss: 0.112637
Validation loss decreased (0.116567 --> 0.112637).  Saving model ...
Test Loss: 0.584448

Test Accuracy of airplane: 76% (179/234)
Test Accuracy of automobile: 91% (225/246)
Test Accuracy of  bird: 71% (201/281)
Test Accuracy of   cat: 64% (163/253)
Test Accuracy of  deer: 78% (178/227)
Test Accuracy of   dog: 59% (149/250)
Test Accuracy of  frog: 85% (212/248)
Test Accuracy of horse: 89% (224/250)
Test Accuracy of  ship: 89% (231/258)
Test Accuracy of truck: 87% (232/265)

Test Accuracy (Overall): 79% (1994/2512)
Epoch: 0 	Training Loss: 1.577842 	Validation Loss: 0.350821
Validation loss decreased (inf --> 0.350821).  Saving model ...
Epoch: 1 	Training Loss: 1.385114 	Validation Loss: 0.316911
Validation loss decreased (0.350821 --> 0.316911).  Saving model ...
Epoch: 2 	Training Loss: 1.284991 	Validation Loss: 0.279474
Validation loss decreased (0.316911 --> 0.279474).  Saving model ...
Epoch: 3 	Training Loss: 1.209404 	Validation Loss: 0.268989
Validation loss decreased (0.279474 --> 0.268989).  Saving model ...
Epoch: 4 	Training Loss: 1.141876 	Validation Loss: 0.234213
Validation loss decreased (0.268989 --> 0.234213).  Saving model ...
Epoch: 5 	Training Loss: 1.071765 	Validation Loss: 0.226137
Validation loss decreased (0.234213 --> 0.226137).  Saving model ...
Epoch: 6 	Training Loss: 1.019688 	Validation Loss: 0.208298
Validation loss decreased (0.226137 --> 0.208298).  Saving model ...
Epoch: 7 	Training Loss: 0.971313 	Validation Loss: 0.192340
Validation loss decreased (0.208298 --> 0.192340).  Saving model ...
Epoch: 8 	Training Loss: 0.933447 	Validation Loss: 0.191417
Validation loss decreased (0.192340 --> 0.191417).  Saving model ...
Epoch: 9 	Training Loss: 0.895657 	Validation Loss: 0.178187
Validation loss decreased (0.191417 --> 0.178187).  Saving model ...
Epoch: 10 	Training Loss: 0.868503 	Validation Loss: 0.172364
Validation loss decreased (0.178187 --> 0.172364).  Saving model ...
Epoch: 11 	Training Loss: 0.838425 	Validation Loss: 0.171230
Validation loss decreased (0.172364 --> 0.171230).  Saving model ...
Epoch: 12 	Training Loss: 0.818512 	Validation Loss: 0.167223
Validation loss decreased (0.171230 --> 0.167223).  Saving model ...
Epoch: 13 	Training Loss: 0.792978 	Validation Loss: 0.155206
Validation loss decreased (0.167223 --> 0.155206).  Saving model ...
Epoch: 14 	Training Loss: 0.765727 	Validation Loss: 0.153934
Validation loss decreased (0.155206 --> 0.153934).  Saving model ...
Epoch: 15 	Training Loss: 0.751894 	Validation Loss: 0.147997
Validation loss decreased (0.153934 --> 0.147997).  Saving model ...
Epoch: 16 	Training Loss: 0.739681 	Validation Loss: 0.148234
Epoch: 17 	Training Loss: 0.720966 	Validation Loss: 0.137146
Validation loss decreased (0.147997 --> 0.137146).  Saving model ...
Epoch: 18 	Training Loss: 0.701184 	Validation Loss: 0.145480
Epoch: 19 	Training Loss: 0.682297 	Validation Loss: 0.142638
Test Loss: 0.724753

Test Accuracy of airplane: 72% (170/234)
Test Accuracy of automobile: 84% (209/246)
Test Accuracy of  bird: 64% (181/281)
Test Accuracy of   cat: 45% (114/253)
Test Accuracy of  deer: 79% (181/227)
Test Accuracy of   dog: 70% (175/250)
Test Accuracy of  frog: 83% (208/248)
Test Accuracy of horse: 78% (197/250)
Test Accuracy of  ship: 86% (222/258)
Test Accuracy of truck: 79% (211/265)

Test Accuracy (Overall): 74% (1868/2512)
Epoch: 0 	Training Loss: 1.514988 	Validation Loss: 0.320305
Validation loss decreased (inf --> 0.320305).  Saving model ...
Epoch: 1 	Training Loss: 1.283245 	Validation Loss: 0.277545
Validation loss decreased (0.320305 --> 0.277545).  Saving model ...
Epoch: 2 	Training Loss: 1.171364 	Validation Loss: 0.240656
Validation loss decreased (0.277545 --> 0.240656).  Saving model ...
Epoch: 3 	Training Loss: 1.078604 	Validation Loss: 0.229455
Validation loss decreased (0.240656 --> 0.229455).  Saving model ...
Epoch: 4 	Training Loss: 1.013701 	Validation Loss: 0.225190
Validation loss decreased (0.229455 --> 0.225190).  Saving model ...
Epoch: 5 	Training Loss: 0.960752 	Validation Loss: 0.200825
Validation loss decreased (0.225190 --> 0.200825).  Saving model ...
Epoch: 6 	Training Loss: 0.912325 	Validation Loss: 0.183158
Validation loss decreased (0.200825 --> 0.183158).  Saving model ...
Epoch: 7 	Training Loss: 0.876880 	Validation Loss: 0.195067
Epoch: 8 	Training Loss: 0.846314 	Validation Loss: 0.169212
Validation loss decreased (0.183158 --> 0.169212).  Saving model ...
Epoch: 9 	Training Loss: 0.817496 	Validation Loss: 0.164007
Validation loss decreased (0.169212 --> 0.164007).  Saving model ...
Epoch: 10 	Training Loss: 0.796188 	Validation Loss: 0.156985
Validation loss decreased (0.164007 --> 0.156985).  Saving model ...
Epoch: 11 	Training Loss: 0.776759 	Validation Loss: 0.157135
Epoch: 12 	Training Loss: 0.759483 	Validation Loss: 0.151297
Validation loss decreased (0.156985 --> 0.151297).  Saving model ...
Epoch: 13 	Training Loss: 0.735674 	Validation Loss: 0.159268
Epoch: 14 	Training Loss: 0.718450 	Validation Loss: 0.195211
Epoch: 15 	Training Loss: 0.704064 	Validation Loss: 0.138546
Validation loss decreased (0.151297 --> 0.138546).  Saving model ...
Epoch: 16 	Training Loss: 0.687988 	Validation Loss: 0.134272
Validation loss decreased (0.138546 --> 0.134272).  Saving model ...
Epoch: 17 	Training Loss: 0.669433 	Validation Loss: 0.130062
Validation loss decreased (0.134272 --> 0.130062).  Saving model ...
Epoch: 18 	Training Loss: 0.650040 	Validation Loss: 0.125251
Validation loss decreased (0.130062 --> 0.125251).  Saving model ...
Epoch: 19 	Training Loss: 0.639362 	Validation Loss: 0.135085
Test Loss: 0.703343

Test Accuracy of airplane: 83% (196/234)
Test Accuracy of automobile: 86% (214/246)
Test Accuracy of  bird: 55% (156/281)
Test Accuracy of   cat: 49% (125/253)
Test Accuracy of  deer: 89% (203/227)
Test Accuracy of   dog: 58% (147/250)
Test Accuracy of  frog: 87% (218/248)
Test Accuracy of horse: 76% (190/250)
Test Accuracy of  ship: 87% (225/258)
Test Accuracy of truck: 90% (240/265)

Test Accuracy (Overall): 76% (1914/2512)
Epoch: 0 	Training Loss: 1.557002 	Validation Loss: 0.319366
Validation loss decreased (inf --> 0.319366).  Saving model ...
Epoch: 1 	Training Loss: 1.344542 	Validation Loss: 0.288152
Validation loss decreased (0.319366 --> 0.288152).  Saving model ...
Epoch: 2 	Training Loss: 1.253451 	Validation Loss: 0.266652
Validation loss decreased (0.288152 --> 0.266652).  Saving model ...
Epoch: 3 	Training Loss: 1.176491 	Validation Loss: 0.246211
Validation loss decreased (0.266652 --> 0.246211).  Saving model ...
Epoch: 4 	Training Loss: 1.116437 	Validation Loss: 0.224610
Validation loss decreased (0.246211 --> 0.224610).  Saving model ...
Epoch: 5 	Training Loss: 1.059557 	Validation Loss: 0.222605
Validation loss decreased (0.224610 --> 0.222605).  Saving model ...
Epoch: 6 	Training Loss: 1.014394 	Validation Loss: 0.212702
Validation loss decreased (0.222605 --> 0.212702).  Saving model ...
Epoch: 7 	Training Loss: 0.972515 	Validation Loss: 0.194529
Validation loss decreased (0.212702 --> 0.194529).  Saving model ...
Epoch: 8 	Training Loss: 0.933658 	Validation Loss: 0.188412
Validation loss decreased (0.194529 --> 0.188412).  Saving model ...
Epoch: 9 	Training Loss: 0.903277 	Validation Loss: 0.185353
Validation loss decreased (0.188412 --> 0.185353).  Saving model ...
Epoch: 10 	Training Loss: 0.879995 	Validation Loss: 0.180313
Validation loss decreased (0.185353 --> 0.180313).  Saving model ...
Epoch: 11 	Training Loss: 0.857282 	Validation Loss: 0.166963
Validation loss decreased (0.180313 --> 0.166963).  Saving model ...
Epoch: 12 	Training Loss: 0.830333 	Validation Loss: 0.162568
Validation loss decreased (0.166963 --> 0.162568).  Saving model ...
Epoch: 13 	Training Loss: 0.808161 	Validation Loss: 0.169342
Epoch: 14 	Training Loss: 0.789316 	Validation Loss: 0.164996
Epoch: 15 	Training Loss: 0.765090 	Validation Loss: 0.151212
Validation loss decreased (0.162568 --> 0.151212).  Saving model ...
Epoch: 16 	Training Loss: 0.756997 	Validation Loss: 0.140577
Validation loss decreased (0.151212 --> 0.140577).  Saving model ...
Epoch: 17 	Training Loss: 0.740072 	Validation Loss: 0.145812
Epoch: 18 	Training Loss: 0.722126 	Validation Loss: 0.137710
Validation loss decreased (0.140577 --> 0.137710).  Saving model ...
Epoch: 19 	Training Loss: 0.703421 	Validation Loss: 0.147981
Test Loss: 0.755950

Test Accuracy of airplane: 78% (183/234)
Test Accuracy of automobile: 97% (241/246)
Test Accuracy of  bird: 68% (193/281)
Test Accuracy of   cat: 50% (129/253)
Test Accuracy of  deer: 67% (153/227)
Test Accuracy of   dog: 56% (140/250)
Test Accuracy of  frog: 84% (210/248)
Test Accuracy of horse: 84% (211/250)
Test Accuracy of  ship: 86% (222/258)
Test Accuracy of truck: 60% (159/265)

Test Accuracy (Overall): 73% (1841/2512)
Epoch: 0 	Training Loss: 1.443967 	Validation Loss: 0.288852
Validation loss decreased (inf --> 0.288852).  Saving model ...
Epoch: 1 	Training Loss: 1.212196 	Validation Loss: 0.252781
Validation loss decreased (0.288852 --> 0.252781).  Saving model ...
Epoch: 2 	Training Loss: 1.089964 	Validation Loss: 0.227513
Validation loss decreased (0.252781 --> 0.227513).  Saving model ...
Epoch: 3 	Training Loss: 0.993612 	Validation Loss: 0.215531
Validation loss decreased (0.227513 --> 0.215531).  Saving model ...
Epoch: 4 	Training Loss: 0.923520 	Validation Loss: 0.202285
Validation loss decreased (0.215531 --> 0.202285).  Saving model ...
Epoch: 5 	Training Loss: 0.871870 	Validation Loss: 0.186672
Validation loss decreased (0.202285 --> 0.186672).  Saving model ...
Epoch: 6 	Training Loss: 0.816520 	Validation Loss: 0.172784
Validation loss decreased (0.186672 --> 0.172784).  Saving model ...
Epoch: 7 	Training Loss: 0.771983 	Validation Loss: 0.159991
Validation loss decreased (0.172784 --> 0.159991).  Saving model ...
Epoch: 8 	Training Loss: 0.731388 	Validation Loss: 0.146732
Validation loss decreased (0.159991 --> 0.146732).  Saving model ...
Epoch: 9 	Training Loss: 0.702352 	Validation Loss: 0.137646
Validation loss decreased (0.146732 --> 0.137646).  Saving model ...
Epoch: 10 	Training Loss: 0.677940 	Validation Loss: 0.133353
Validation loss decreased (0.137646 --> 0.133353).  Saving model ...
Epoch: 11 	Training Loss: 0.645151 	Validation Loss: 0.126167
Validation loss decreased (0.133353 --> 0.126167).  Saving model ...
Epoch: 12 	Training Loss: 0.620813 	Validation Loss: 0.121081
Validation loss decreased (0.126167 --> 0.121081).  Saving model ...
Epoch: 13 	Training Loss: 0.601833 	Validation Loss: 0.124135
Epoch: 14 	Training Loss: 0.584804 	Validation Loss: 0.122239
Epoch: 15 	Training Loss: 0.569793 	Validation Loss: 0.115875
Validation loss decreased (0.121081 --> 0.115875).  Saving model ...
Epoch: 16 	Training Loss: 0.550002 	Validation Loss: 0.114629
Validation loss decreased (0.115875 --> 0.114629).  Saving model ...
Epoch: 17 	Training Loss: 0.540728 	Validation Loss: 0.115958
Epoch: 18 	Training Loss: 0.524106 	Validation Loss: 0.111997
Validation loss decreased (0.114629 --> 0.111997).  Saving model ...
Epoch: 19 	Training Loss: 0.512558 	Validation Loss: 0.107377
Validation loss decreased (0.111997 --> 0.107377).  Saving model ...
Test Loss: 0.552917

Test Accuracy of airplane: 78% (184/234)
Test Accuracy of automobile: 93% (230/246)
Test Accuracy of  bird: 70% (197/281)
Test Accuracy of   cat: 62% (158/253)
Test Accuracy of  deer: 86% (196/227)
Test Accuracy of   dog: 68% (171/250)
Test Accuracy of  frog: 87% (218/248)
Test Accuracy of horse: 87% (218/250)
Test Accuracy of  ship: 91% (237/258)
Test Accuracy of truck: 89% (236/265)

Test Accuracy (Overall): 81% (2045/2512)
Epoch: 0 	Training Loss: 1.469926 	Validation Loss: 0.306345
Validation loss decreased (inf --> 0.306345).  Saving model ...
Epoch: 1 	Training Loss: 1.206930 	Validation Loss: 0.262253
Validation loss decreased (0.306345 --> 0.262253).  Saving model ...
Epoch: 2 	Training Loss: 1.063890 	Validation Loss: 0.218152
Validation loss decreased (0.262253 --> 0.218152).  Saving model ...
Epoch: 3 	Training Loss: 0.959053 	Validation Loss: 0.219642
Epoch: 4 	Training Loss: 0.869136 	Validation Loss: 0.175082
Validation loss decreased (0.218152 --> 0.175082).  Saving model ...
Epoch: 5 	Training Loss: 0.799375 	Validation Loss: 0.173629
Validation loss decreased (0.175082 --> 0.173629).  Saving model ...
Epoch: 6 	Training Loss: 0.742803 	Validation Loss: 0.159267
Validation loss decreased (0.173629 --> 0.159267).  Saving model ...
Epoch: 7 	Training Loss: 0.699595 	Validation Loss: 0.155489
Validation loss decreased (0.159267 --> 0.155489).  Saving model ...
Epoch: 8 	Training Loss: 0.659238 	Validation Loss: 0.144006
Validation loss decreased (0.155489 --> 0.144006).  Saving model ...
Epoch: 9 	Training Loss: 0.623221 	Validation Loss: 0.135734
Validation loss decreased (0.144006 --> 0.135734).  Saving model ...
Epoch: 10 	Training Loss: 0.597163 	Validation Loss: 0.126204
Validation loss decreased (0.135734 --> 0.126204).  Saving model ...
Epoch: 11 	Training Loss: 0.568782 	Validation Loss: 0.126812
Epoch: 12 	Training Loss: 0.546221 	Validation Loss: 0.129461
Epoch: 13 	Training Loss: 0.522152 	Validation Loss: 0.117656
Validation loss decreased (0.126204 --> 0.117656).  Saving model ...
Epoch: 14 	Training Loss: 0.502953 	Validation Loss: 0.113233
Validation loss decreased (0.117656 --> 0.113233).  Saving model ...
Epoch: 15 	Training Loss: 0.489802 	Validation Loss: 0.111396
Validation loss decreased (0.113233 --> 0.111396).  Saving model ...
Epoch: 16 	Training Loss: 0.475359 	Validation Loss: 0.108296
Validation loss decreased (0.111396 --> 0.108296).  Saving model ...
Epoch: 17 	Training Loss: 0.454434 	Validation Loss: 0.108027
Validation loss decreased (0.108296 --> 0.108027).  Saving model ...
Epoch: 18 	Training Loss: 0.443262 	Validation Loss: 0.107419
Validation loss decreased (0.108027 --> 0.107419).  Saving model ...
Epoch: 19 	Training Loss: 0.429452 	Validation Loss: 0.102522
Validation loss decreased (0.107419 --> 0.102522).  Saving model ...
Test Loss: 0.516720

Test Accuracy of airplane: 92% (216/234)
Test Accuracy of automobile: 93% (229/246)
Test Accuracy of  bird: 69% (196/281)
Test Accuracy of   cat: 64% (162/253)
Test Accuracy of  deer: 85% (193/227)
Test Accuracy of   dog: 67% (169/250)
Test Accuracy of  frog: 85% (211/248)
Test Accuracy of horse: 90% (225/250)
Test Accuracy of  ship: 93% (240/258)
Test Accuracy of truck: 86% (230/265)

Test Accuracy (Overall): 82% (2071/2512)
Epoch: 0 	Training Loss: 1.496464 	Validation Loss: 0.318719
Validation loss decreased (inf --> 0.318719).  Saving model ...
Epoch: 1 	Training Loss: 1.249987 	Validation Loss: 0.268896
Validation loss decreased (0.318719 --> 0.268896).  Saving model ...
Epoch: 2 	Training Loss: 1.120084 	Validation Loss: 0.236902
Validation loss decreased (0.268896 --> 0.236902).  Saving model ...
Epoch: 3 	Training Loss: 1.023801 	Validation Loss: 0.206036
Validation loss decreased (0.236902 --> 0.206036).  Saving model ...
Epoch: 4 	Training Loss: 0.955049 	Validation Loss: 0.200080
Validation loss decreased (0.206036 --> 0.200080).  Saving model ...
Epoch: 5 	Training Loss: 0.890538 	Validation Loss: 0.193553
Validation loss decreased (0.200080 --> 0.193553).  Saving model ...
Epoch: 6 	Training Loss: 0.842795 	Validation Loss: 0.189599
Validation loss decreased (0.193553 --> 0.189599).  Saving model ...
Epoch: 7 	Training Loss: 0.806695 	Validation Loss: 0.171117
Validation loss decreased (0.189599 --> 0.171117).  Saving model ...
Epoch: 8 	Training Loss: 0.769750 	Validation Loss: 0.152364
Validation loss decreased (0.171117 --> 0.152364).  Saving model ...
Epoch: 9 	Training Loss: 0.743918 	Validation Loss: 0.157723
Epoch: 10 	Training Loss: 0.708574 	Validation Loss: 0.142487
Validation loss decreased (0.152364 --> 0.142487).  Saving model ...
Epoch: 11 	Training Loss: 0.684257 	Validation Loss: 0.135740
Validation loss decreased (0.142487 --> 0.135740).  Saving model ...
Epoch: 12 	Training Loss: 0.666499 	Validation Loss: 0.130553
Validation loss decreased (0.135740 --> 0.130553).  Saving model ...
Epoch: 13 	Training Loss: 0.640602 	Validation Loss: 0.130185
Validation loss decreased (0.130553 --> 0.130185).  Saving model ...
Epoch: 14 	Training Loss: 0.623019 	Validation Loss: 0.130026
Validation loss decreased (0.130185 --> 0.130026).  Saving model ...
Epoch: 15 	Training Loss: 0.603752 	Validation Loss: 0.119971
Validation loss decreased (0.130026 --> 0.119971).  Saving model ...
Epoch: 16 	Training Loss: 0.586094 	Validation Loss: 0.115967
Validation loss decreased (0.119971 --> 0.115967).  Saving model ...
Epoch: 17 	Training Loss: 0.576955 	Validation Loss: 0.127544
Epoch: 18 	Training Loss: 0.563924 	Validation Loss: 0.115082
Validation loss decreased (0.115967 --> 0.115082).  Saving model ...
Epoch: 19 	Training Loss: 0.548034 	Validation Loss: 0.114261
Validation loss decreased (0.115082 --> 0.114261).  Saving model ...
Test Loss: 0.593862

Test Accuracy of airplane: 81% (191/234)
Test Accuracy of automobile: 88% (218/246)
Test Accuracy of  bird: 69% (195/281)
Test Accuracy of   cat: 52% (133/253)
Test Accuracy of  deer: 85% (195/227)
Test Accuracy of   dog: 74% (186/250)
Test Accuracy of  frog: 86% (214/248)
Test Accuracy of horse: 78% (195/250)
Test Accuracy of  ship: 90% (233/258)
Test Accuracy of truck: 86% (229/265)

Test Accuracy (Overall): 79% (1989/2512)
Epoch: 0 	Training Loss: 1.463387 	Validation Loss: 0.310864
Validation loss decreased (inf --> 0.310864).  Saving model ...
Epoch: 1 	Training Loss: 1.234862 	Validation Loss: 0.261613
Validation loss decreased (0.310864 --> 0.261613).  Saving model ...
Epoch: 2 	Training Loss: 1.132137 	Validation Loss: 0.238199
Validation loss decreased (0.261613 --> 0.238199).  Saving model ...
Epoch: 3 	Training Loss: 1.019503 	Validation Loss: 0.219931
Validation loss decreased (0.238199 --> 0.219931).  Saving model ...
Epoch: 4 	Training Loss: 0.937170 	Validation Loss: 0.190799
Validation loss decreased (0.219931 --> 0.190799).  Saving model ...
Epoch: 5 	Training Loss: 0.877442 	Validation Loss: 0.190615
Validation loss decreased (0.190799 --> 0.190615).  Saving model ...
Epoch: 6 	Training Loss: 0.821444 	Validation Loss: 0.172187
Validation loss decreased (0.190615 --> 0.172187).  Saving model ...
Epoch: 7 	Training Loss: 0.782895 	Validation Loss: 0.157432
Validation loss decreased (0.172187 --> 0.157432).  Saving model ...
Epoch: 8 	Training Loss: 0.743954 	Validation Loss: 0.167093
Epoch: 9 	Training Loss: 0.709757 	Validation Loss: 0.142481
Validation loss decreased (0.157432 --> 0.142481).  Saving model ...
Epoch: 10 	Training Loss: 0.683738 	Validation Loss: 0.138467
Validation loss decreased (0.142481 --> 0.138467).  Saving model ...
Epoch: 11 	Training Loss: 0.652774 	Validation Loss: 0.135672
Validation loss decreased (0.138467 --> 0.135672).  Saving model ...
Epoch: 12 	Training Loss: 0.636340 	Validation Loss: 0.125314
Validation loss decreased (0.135672 --> 0.125314).  Saving model ...
Epoch: 13 	Training Loss: 0.615208 	Validation Loss: 0.131757
Epoch: 14 	Training Loss: 0.598310 	Validation Loss: 0.119069
Validation loss decreased (0.125314 --> 0.119069).  Saving model ...
Epoch: 15 	Training Loss: 0.583453 	Validation Loss: 0.113780
Validation loss decreased (0.119069 --> 0.113780).  Saving model ...
Epoch: 16 	Training Loss: 0.566435 	Validation Loss: 0.116181
Epoch: 17 	Training Loss: 0.551908 	Validation Loss: 0.109075
Validation loss decreased (0.113780 --> 0.109075).  Saving model ...
Epoch: 18 	Training Loss: 0.534859 	Validation Loss: 0.111245
Epoch: 19 	Training Loss: 0.522816 	Validation Loss: 0.105637
Validation loss decreased (0.109075 --> 0.105637).  Saving model ...
Test Loss: 0.533177

Test Accuracy of airplane: 88% (207/234)
Test Accuracy of automobile: 97% (239/246)
Test Accuracy of  bird: 67% (191/281)
Test Accuracy of   cat: 62% (159/253)
Test Accuracy of  deer: 77% (176/227)
Test Accuracy of   dog: 74% (187/250)
Test Accuracy of  frog: 82% (205/248)
Test Accuracy of horse: 88% (220/250)
Test Accuracy of  ship: 92% (239/258)
Test Accuracy of truck: 81% (215/265)

Test Accuracy (Overall): 81% (2038/2512)
Epoch: 0 	Training Loss: 1.552155 	Validation Loss: 0.341125
Validation loss decreased (inf --> 0.341125).  Saving model ...
Epoch: 1 	Training Loss: 1.326696 	Validation Loss: 0.287289
Validation loss decreased (0.341125 --> 0.287289).  Saving model ...
Epoch: 2 	Training Loss: 1.217764 	Validation Loss: 0.257889
Validation loss decreased (0.287289 --> 0.257889).  Saving model ...
Epoch: 3 	Training Loss: 1.126001 	Validation Loss: 0.244070
Validation loss decreased (0.257889 --> 0.244070).  Saving model ...
Epoch: 4 	Training Loss: 1.057170 	Validation Loss: 0.216262
Validation loss decreased (0.244070 --> 0.216262).  Saving model ...
Epoch: 5 	Training Loss: 1.002280 	Validation Loss: 0.197619
Validation loss decreased (0.216262 --> 0.197619).  Saving model ...
Epoch: 6 	Training Loss: 0.951779 	Validation Loss: 0.201497
Epoch: 7 	Training Loss: 0.918246 	Validation Loss: 0.194090
Validation loss decreased (0.197619 --> 0.194090).  Saving model ...
Epoch: 8 	Training Loss: 0.885991 	Validation Loss: 0.173596
Validation loss decreased (0.194090 --> 0.173596).  Saving model ...
Epoch: 9 	Training Loss: 0.860163 	Validation Loss: 0.170204
Validation loss decreased (0.173596 --> 0.170204).  Saving model ...
Epoch: 10 	Training Loss: 0.837487 	Validation Loss: 0.160371
Validation loss decreased (0.170204 --> 0.160371).  Saving model ...
Epoch: 11 	Training Loss: 0.812271 	Validation Loss: 0.154876
Validation loss decreased (0.160371 --> 0.154876).  Saving model ...
Epoch: 12 	Training Loss: 0.785667 	Validation Loss: 0.156475
Epoch: 13 	Training Loss: 0.773999 	Validation Loss: 0.147501
Validation loss decreased (0.154876 --> 0.147501).  Saving model ...
Epoch: 14 	Training Loss: 0.748079 	Validation Loss: 0.144713
Validation loss decreased (0.147501 --> 0.144713).  Saving model ...
Epoch: 15 	Training Loss: 0.729144 	Validation Loss: 0.142119
Validation loss decreased (0.144713 --> 0.142119).  Saving model ...
Epoch: 16 	Training Loss: 0.713517 	Validation Loss: 0.135856
Validation loss decreased (0.142119 --> 0.135856).  Saving model ...
Epoch: 17 	Training Loss: 0.690807 	Validation Loss: 0.128041
Validation loss decreased (0.135856 --> 0.128041).  Saving model ...
Epoch: 18 	Training Loss: 0.687421 	Validation Loss: 0.131524
Epoch: 19 	Training Loss: 0.671827 	Validation Loss: 0.126161
Validation loss decreased (0.128041 --> 0.126161).  Saving model ...
Test Loss: 0.651796

Test Accuracy of airplane: 85% (201/234)
Test Accuracy of automobile: 91% (225/246)
Test Accuracy of  bird: 74% (208/281)
Test Accuracy of   cat: 54% (137/253)
Test Accuracy of  deer: 61% (139/227)
Test Accuracy of   dog: 66% (167/250)
Test Accuracy of  frog: 84% (210/248)
Test Accuracy of horse: 86% (215/250)
Test Accuracy of  ship: 86% (224/258)
Test Accuracy of truck: 82% (219/265)

Test Accuracy (Overall): 77% (1945/2512)
Epoch: 0 	Training Loss: 1.500411 	Validation Loss: 0.316392
Validation loss decreased (inf --> 0.316392).  Saving model ...
Epoch: 1 	Training Loss: 1.268650 	Validation Loss: 0.292137
Validation loss decreased (0.316392 --> 0.292137).  Saving model ...
Epoch: 2 	Training Loss: 1.133156 	Validation Loss: 0.237951
Validation loss decreased (0.292137 --> 0.237951).  Saving model ...
Epoch: 3 	Training Loss: 1.033908 	Validation Loss: 0.215205
Validation loss decreased (0.237951 --> 0.215205).  Saving model ...
Epoch: 4 	Training Loss: 0.953869 	Validation Loss: 0.195346
Validation loss decreased (0.215205 --> 0.195346).  Saving model ...
Epoch: 5 	Training Loss: 0.891246 	Validation Loss: 0.185999
Validation loss decreased (0.195346 --> 0.185999).  Saving model ...
Epoch: 6 	Training Loss: 0.845161 	Validation Loss: 0.171115
Validation loss decreased (0.185999 --> 0.171115).  Saving model ...
Epoch: 7 	Training Loss: 0.808454 	Validation Loss: 0.172490
Epoch: 8 	Training Loss: 0.772402 	Validation Loss: 0.172437
Epoch: 9 	Training Loss: 0.741248 	Validation Loss: 0.153839
Validation loss decreased (0.171115 --> 0.153839).  Saving model ...
Epoch: 10 	Training Loss: 0.709695 	Validation Loss: 0.138474
Validation loss decreased (0.153839 --> 0.138474).  Saving model ...
Epoch: 11 	Training Loss: 0.687581 	Validation Loss: 0.143588
Epoch: 12 	Training Loss: 0.658522 	Validation Loss: 0.134742
Validation loss decreased (0.138474 --> 0.134742).  Saving model ...
Epoch: 13 	Training Loss: 0.638825 	Validation Loss: 0.128060
Validation loss decreased (0.134742 --> 0.128060).  Saving model ...
Epoch: 14 	Training Loss: 0.615142 	Validation Loss: 0.119664
Validation loss decreased (0.128060 --> 0.119664).  Saving model ...
Epoch: 15 	Training Loss: 0.597727 	Validation Loss: 0.121836
Epoch: 16 	Training Loss: 0.578495 	Validation Loss: 0.116085
Validation loss decreased (0.119664 --> 0.116085).  Saving model ...
Epoch: 17 	Training Loss: 0.566321 	Validation Loss: 0.112035
Validation loss decreased (0.116085 --> 0.112035).  Saving model ...
Epoch: 18 	Training Loss: 0.551445 	Validation Loss: 0.107783
Validation loss decreased (0.112035 --> 0.107783).  Saving model ...
Epoch: 19 	Training Loss: 0.538619 	Validation Loss: 0.113662
Test Loss: 0.581282

Test Accuracy of airplane: 79% (187/234)
Test Accuracy of automobile: 92% (228/246)
Test Accuracy of  bird: 68% (192/281)
Test Accuracy of   cat: 50% (128/253)
Test Accuracy of  deer: 85% (194/227)
Test Accuracy of   dog: 78% (197/250)
Test Accuracy of  frog: 91% (226/248)
Test Accuracy of horse: 82% (205/250)
Test Accuracy of  ship: 88% (229/258)
Test Accuracy of truck: 86% (229/265)

Test Accuracy (Overall): 80% (2015/2512)
Epoch: 0 	Training Loss: 1.494997 	Validation Loss: 0.324286
Validation loss decreased (inf --> 0.324286).  Saving model ...
Epoch: 1 	Training Loss: 1.272182 	Validation Loss: 0.297616
Validation loss decreased (0.324286 --> 0.297616).  Saving model ...
Epoch: 2 	Training Loss: 1.164649 	Validation Loss: 0.252785
Validation loss decreased (0.297616 --> 0.252785).  Saving model ...
Epoch: 3 	Training Loss: 1.073874 	Validation Loss: 0.229678
Validation loss decreased (0.252785 --> 0.229678).  Saving model ...
Epoch: 4 	Training Loss: 1.002155 	Validation Loss: 0.227073
Validation loss decreased (0.229678 --> 0.227073).  Saving model ...
Epoch: 5 	Training Loss: 0.947335 	Validation Loss: 0.188982
Validation loss decreased (0.227073 --> 0.188982).  Saving model ...
Epoch: 6 	Training Loss: 0.892011 	Validation Loss: 0.180652
Validation loss decreased (0.188982 --> 0.180652).  Saving model ...
Epoch: 7 	Training Loss: 0.841634 	Validation Loss: 0.175243
Validation loss decreased (0.180652 --> 0.175243).  Saving model ...
Epoch: 8 	Training Loss: 0.802961 	Validation Loss: 0.168088
Validation loss decreased (0.175243 --> 0.168088).  Saving model ...
Epoch: 9 	Training Loss: 0.771178 	Validation Loss: 0.153715
Validation loss decreased (0.168088 --> 0.153715).  Saving model ...
Epoch: 10 	Training Loss: 0.735586 	Validation Loss: 0.144753
Validation loss decreased (0.153715 --> 0.144753).  Saving model ...
Epoch: 11 	Training Loss: 0.708268 	Validation Loss: 0.140653
Validation loss decreased (0.144753 --> 0.140653).  Saving model ...
Epoch: 12 	Training Loss: 0.681145 	Validation Loss: 0.149288
Epoch: 13 	Training Loss: 0.659119 	Validation Loss: 0.131549
Validation loss decreased (0.140653 --> 0.131549).  Saving model ...
Epoch: 14 	Training Loss: 0.636394 	Validation Loss: 0.124313
Validation loss decreased (0.131549 --> 0.124313).  Saving model ...
Epoch: 15 	Training Loss: 0.619646 	Validation Loss: 0.121740
Validation loss decreased (0.124313 --> 0.121740).  Saving model ...
Epoch: 16 	Training Loss: 0.601954 	Validation Loss: 0.120631
Validation loss decreased (0.121740 --> 0.120631).  Saving model ...
Epoch: 17 	Training Loss: 0.585773 	Validation Loss: 0.131637
Epoch: 18 	Training Loss: 0.567677 	Validation Loss: 0.123611
Epoch: 19 	Training Loss: 0.557807 	Validation Loss: 0.107482
Validation loss decreased (0.120631 --> 0.107482).  Saving model ...
Test Loss: 0.560987

Test Accuracy of airplane: 81% (190/234)
Test Accuracy of automobile: 89% (219/246)
Test Accuracy of  bird: 69% (194/281)
Test Accuracy of   cat: 62% (159/253)
Test Accuracy of  deer: 85% (195/227)
Test Accuracy of   dog: 65% (164/250)
Test Accuracy of  frog: 86% (215/248)
Test Accuracy of horse: 82% (207/250)
Test Accuracy of  ship: 92% (238/258)
Test Accuracy of truck: 90% (240/265)

Test Accuracy (Overall): 80% (2021/2512)
Epoch: 0 	Training Loss: 1.416602 	Validation Loss: 0.307115
Validation loss decreased (inf --> 0.307115).  Saving model ...
Epoch: 1 	Training Loss: 1.148859 	Validation Loss: 0.262322
Validation loss decreased (0.307115 --> 0.262322).  Saving model ...
Epoch: 2 	Training Loss: 1.007820 	Validation Loss: 0.208259
Validation loss decreased (0.262322 --> 0.208259).  Saving model ...
Epoch: 3 	Training Loss: 0.907638 	Validation Loss: 0.198867
Validation loss decreased (0.208259 --> 0.198867).  Saving model ...
Epoch: 4 	Training Loss: 0.831512 	Validation Loss: 0.172827
Validation loss decreased (0.198867 --> 0.172827).  Saving model ...
Epoch: 5 	Training Loss: 0.774829 	Validation Loss: 0.168211
Validation loss decreased (0.172827 --> 0.168211).  Saving model ...
Epoch: 6 	Training Loss: 0.730350 	Validation Loss: 0.157505
Validation loss decreased (0.168211 --> 0.157505).  Saving model ...
Epoch: 7 	Training Loss: 0.685872 	Validation Loss: 0.142594
Validation loss decreased (0.157505 --> 0.142594).  Saving model ...
Epoch: 8 	Training Loss: 0.648654 	Validation Loss: 0.139363
Validation loss decreased (0.142594 --> 0.139363).  Saving model ...
Epoch: 9 	Training Loss: 0.614077 	Validation Loss: 0.130352
Validation loss decreased (0.139363 --> 0.130352).  Saving model ...
Epoch: 10 	Training Loss: 0.586080 	Validation Loss: 0.126678
Validation loss decreased (0.130352 --> 0.126678).  Saving model ...
Epoch: 11 	Training Loss: 0.566874 	Validation Loss: 0.121385
Validation loss decreased (0.126678 --> 0.121385).  Saving model ...
Epoch: 12 	Training Loss: 0.547153 	Validation Loss: 0.116512
Validation loss decreased (0.121385 --> 0.116512).  Saving model ...
Epoch: 13 	Training Loss: 0.527625 	Validation Loss: 0.116153
Validation loss decreased (0.116512 --> 0.116153).  Saving model ...
Epoch: 14 	Training Loss: 0.506387 	Validation Loss: 0.111785
Validation loss decreased (0.116153 --> 0.111785).  Saving model ...
Epoch: 15 	Training Loss: 0.494682 	Validation Loss: 0.111937
Epoch: 16 	Training Loss: 0.473606 	Validation Loss: 0.118284
Epoch: 17 	Training Loss: 0.461169 	Validation Loss: 0.108360
Validation loss decreased (0.111785 --> 0.108360).  Saving model ...
Epoch: 18 	Training Loss: 0.449083 	Validation Loss: 0.111150
Epoch: 19 	Training Loss: 0.440199 	Validation Loss: 0.100113
Validation loss decreased (0.108360 --> 0.100113).  Saving model ...
Test Loss: 0.519914

Test Accuracy of airplane: 81% (191/234)
Test Accuracy of automobile: 90% (223/246)
Test Accuracy of  bird: 72% (205/281)
Test Accuracy of   cat: 58% (147/253)
Test Accuracy of  deer: 88% (200/227)
Test Accuracy of   dog: 72% (182/250)
Test Accuracy of  frog: 89% (223/248)
Test Accuracy of horse: 80% (202/250)
Test Accuracy of  ship: 93% (241/258)
Test Accuracy of truck: 89% (238/265)

Test Accuracy (Overall): 81% (2052/2512)
Epoch: 0 	Training Loss: 1.533591 	Validation Loss: 0.325513
Validation loss decreased (inf --> 0.325513).  Saving model ...
Epoch: 1 	Training Loss: 1.307069 	Validation Loss: 0.288695
Validation loss decreased (0.325513 --> 0.288695).  Saving model ...
Epoch: 2 	Training Loss: 1.202115 	Validation Loss: 0.255394
Validation loss decreased (0.288695 --> 0.255394).  Saving model ...
Epoch: 3 	Training Loss: 1.123219 	Validation Loss: 0.263683
Epoch: 4 	Training Loss: 1.048905 	Validation Loss: 0.247806
Validation loss decreased (0.255394 --> 0.247806).  Saving model ...
Epoch: 5 	Training Loss: 0.992735 	Validation Loss: 0.211737
Validation loss decreased (0.247806 --> 0.211737).  Saving model ...
Epoch: 6 	Training Loss: 0.936571 	Validation Loss: 0.192350
Validation loss decreased (0.211737 --> 0.192350).  Saving model ...
Epoch: 7 	Training Loss: 0.901362 	Validation Loss: 0.197885
Epoch: 8 	Training Loss: 0.866558 	Validation Loss: 0.178219
Validation loss decreased (0.192350 --> 0.178219).  Saving model ...
Epoch: 9 	Training Loss: 0.830001 	Validation Loss: 0.171675
Validation loss decreased (0.178219 --> 0.171675).  Saving model ...
Epoch: 10 	Training Loss: 0.800931 	Validation Loss: 0.156774
Validation loss decreased (0.171675 --> 0.156774).  Saving model ...
Epoch: 11 	Training Loss: 0.776996 	Validation Loss: 0.158537
Epoch: 12 	Training Loss: 0.751584 	Validation Loss: 0.145657
Validation loss decreased (0.156774 --> 0.145657).  Saving model ...
Epoch: 13 	Training Loss: 0.725347 	Validation Loss: 0.141746
Validation loss decreased (0.145657 --> 0.141746).  Saving model ...
Epoch: 14 	Training Loss: 0.708208 	Validation Loss: 0.135141
Validation loss decreased (0.141746 --> 0.135141).  Saving model ...
Epoch: 15 	Training Loss: 0.681356 	Validation Loss: 0.135477
Epoch: 16 	Training Loss: 0.670183 	Validation Loss: 0.130522
Validation loss decreased (0.135141 --> 0.130522).  Saving model ...
Epoch: 17 	Training Loss: 0.655280 	Validation Loss: 0.134891
Epoch: 18 	Training Loss: 0.639663 	Validation Loss: 0.126141
Validation loss decreased (0.130522 --> 0.126141).  Saving model ...
Epoch: 19 	Training Loss: 0.620123 	Validation Loss: 0.122993
Validation loss decreased (0.126141 --> 0.122993).  Saving model ...
Test Loss: 0.620802

Test Accuracy of airplane: 84% (198/234)
Test Accuracy of automobile: 90% (222/246)
Test Accuracy of  bird: 70% (197/281)
Test Accuracy of   cat: 56% (142/253)
Test Accuracy of  deer: 70% (160/227)
Test Accuracy of   dog: 64% (162/250)
Test Accuracy of  frog: 86% (214/248)
Test Accuracy of horse: 86% (217/250)
Test Accuracy of  ship: 93% (242/258)
Test Accuracy of truck: 85% (226/265)

Test Accuracy (Overall): 78% (1980/2512)
Epoch: 0 	Training Loss: 1.471636 	Validation Loss: 0.302608
Validation loss decreased (inf --> 0.302608).  Saving model ...
Epoch: 1 	Training Loss: 1.217245 	Validation Loss: 0.257722
Validation loss decreased (0.302608 --> 0.257722).  Saving model ...
Epoch: 2 	Training Loss: 1.084955 	Validation Loss: 0.221327
Validation loss decreased (0.257722 --> 0.221327).  Saving model ...
Epoch: 3 	Training Loss: 0.996568 	Validation Loss: 0.214218
Validation loss decreased (0.221327 --> 0.214218).  Saving model ...
Epoch: 4 	Training Loss: 0.927487 	Validation Loss: 0.206418
Validation loss decreased (0.214218 --> 0.206418).  Saving model ...
Epoch: 5 	Training Loss: 0.872789 	Validation Loss: 0.178085
Validation loss decreased (0.206418 --> 0.178085).  Saving model ...
Epoch: 6 	Training Loss: 0.824280 	Validation Loss: 0.178091
Epoch: 7 	Training Loss: 0.793214 	Validation Loss: 0.166974
Validation loss decreased (0.178085 --> 0.166974).  Saving model ...
Epoch: 8 	Training Loss: 0.756369 	Validation Loss: 0.175046
Epoch: 9 	Training Loss: 0.729361 	Validation Loss: 0.155157
Validation loss decreased (0.166974 --> 0.155157).  Saving model ...
Epoch: 10 	Training Loss: 0.704520 	Validation Loss: 0.154692
Validation loss decreased (0.155157 --> 0.154692).  Saving model ...
Epoch: 11 	Training Loss: 0.676822 	Validation Loss: 0.135687
Validation loss decreased (0.154692 --> 0.135687).  Saving model ...
Epoch: 12 	Training Loss: 0.653867 	Validation Loss: 0.132033
Validation loss decreased (0.135687 --> 0.132033).  Saving model ...
Epoch: 13 	Training Loss: 0.628592 	Validation Loss: 0.136144
Epoch: 14 	Training Loss: 0.608861 	Validation Loss: 0.127885
Validation loss decreased (0.132033 --> 0.127885).  Saving model ...
Epoch: 15 	Training Loss: 0.590698 	Validation Loss: 0.126436
Validation loss decreased (0.127885 --> 0.126436).  Saving model ...
Epoch: 16 	Training Loss: 0.576405 	Validation Loss: 0.123902
Validation loss decreased (0.126436 --> 0.123902).  Saving model ...
Epoch: 17 	Training Loss: 0.558955 	Validation Loss: 0.132854
Epoch: 18 	Training Loss: 0.548987 	Validation Loss: 0.114821
Validation loss decreased (0.123902 --> 0.114821).  Saving model ...
Epoch: 19 	Training Loss: 0.539933 	Validation Loss: 0.119485
Test Loss: 0.610986

Test Accuracy of airplane: 82% (192/234)
Test Accuracy of automobile: 96% (237/246)
Test Accuracy of  bird: 82% (233/281)
Test Accuracy of   cat: 52% (133/253)
Test Accuracy of  deer: 85% (193/227)
Test Accuracy of   dog: 67% (168/250)
Test Accuracy of  frog: 81% (201/248)
Test Accuracy of horse: 77% (193/250)
Test Accuracy of  ship: 92% (238/258)
Test Accuracy of truck: 79% (210/265)

Test Accuracy (Overall): 79% (1998/2512)
Epoch: 0 	Training Loss: 1.603225 	Validation Loss: 0.330814
Validation loss decreased (inf --> 0.330814).  Saving model ...
Epoch: 1 	Training Loss: 1.370869 	Validation Loss: 0.299273
Validation loss decreased (0.330814 --> 0.299273).  Saving model ...
Epoch: 2 	Training Loss: 1.272903 	Validation Loss: 0.274974
Validation loss decreased (0.299273 --> 0.274974).  Saving model ...
Epoch: 3 	Training Loss: 1.184393 	Validation Loss: 0.250430
Validation loss decreased (0.274974 --> 0.250430).  Saving model ...
Epoch: 4 	Training Loss: 1.115379 	Validation Loss: 0.230378
Validation loss decreased (0.250430 --> 0.230378).  Saving model ...
Epoch: 5 	Training Loss: 1.044004 	Validation Loss: 0.212039
Validation loss decreased (0.230378 --> 0.212039).  Saving model ...
Epoch: 6 	Training Loss: 0.984501 	Validation Loss: 0.194326
Validation loss decreased (0.212039 --> 0.194326).  Saving model ...
Epoch: 7 	Training Loss: 0.933324 	Validation Loss: 0.189016
Validation loss decreased (0.194326 --> 0.189016).  Saving model ...
Epoch: 8 	Training Loss: 0.897297 	Validation Loss: 0.181179
Validation loss decreased (0.189016 --> 0.181179).  Saving model ...
Epoch: 9 	Training Loss: 0.864843 	Validation Loss: 0.175780
Validation loss decreased (0.181179 --> 0.175780).  Saving model ...
Epoch: 10 	Training Loss: 0.828602 	Validation Loss: 0.162767
Validation loss decreased (0.175780 --> 0.162767).  Saving model ...
Epoch: 11 	Training Loss: 0.799159 	Validation Loss: 0.167877
Epoch: 12 	Training Loss: 0.773478 	Validation Loss: 0.162314
Validation loss decreased (0.162767 --> 0.162314).  Saving model ...
Epoch: 13 	Training Loss: 0.754483 	Validation Loss: 0.160821
Validation loss decreased (0.162314 --> 0.160821).  Saving model ...
Epoch: 14 	Training Loss: 0.725174 	Validation Loss: 0.148829
Validation loss decreased (0.160821 --> 0.148829).  Saving model ...
Epoch: 15 	Training Loss: 0.710341 	Validation Loss: 0.138201
Validation loss decreased (0.148829 --> 0.138201).  Saving model ...
Epoch: 16 	Training Loss: 0.686221 	Validation Loss: 0.133132
Validation loss decreased (0.138201 --> 0.133132).  Saving model ...
Epoch: 17 	Training Loss: 0.674866 	Validation Loss: 0.137671
Epoch: 18 	Training Loss: 0.656791 	Validation Loss: 0.133278
Epoch: 19 	Training Loss: 0.638632 	Validation Loss: 0.129649
Validation loss decreased (0.133132 --> 0.129649).  Saving model ...
Test Loss: 0.667875

Test Accuracy of airplane: 77% (182/234)
Test Accuracy of automobile: 89% (219/246)
Test Accuracy of  bird: 73% (207/281)
Test Accuracy of   cat: 49% (124/253)
Test Accuracy of  deer: 76% (174/227)
Test Accuracy of   dog: 60% (150/250)
Test Accuracy of  frog: 89% (221/248)
Test Accuracy of horse: 77% (193/250)
Test Accuracy of  ship: 88% (228/258)
Test Accuracy of truck: 81% (216/265)

Test Accuracy (Overall): 76% (1914/2512)
Epoch: 0 	Training Loss: 1.493115 	Validation Loss: 0.329228
Validation loss decreased (inf --> 0.329228).  Saving model ...
Epoch: 1 	Training Loss: 1.290054 	Validation Loss: 0.283605
Validation loss decreased (0.329228 --> 0.283605).  Saving model ...
Epoch: 2 	Training Loss: 1.188192 	Validation Loss: 0.262419
Validation loss decreased (0.283605 --> 0.262419).  Saving model ...
Epoch: 3 	Training Loss: 1.097009 	Validation Loss: 0.243782
Validation loss decreased (0.262419 --> 0.243782).  Saving model ...
Epoch: 4 	Training Loss: 1.018199 	Validation Loss: 0.212312
Validation loss decreased (0.243782 --> 0.212312).  Saving model ...
Epoch: 5 	Training Loss: 0.958863 	Validation Loss: 0.203383
Validation loss decreased (0.212312 --> 0.203383).  Saving model ...
Epoch: 6 	Training Loss: 0.901719 	Validation Loss: 0.191043
Validation loss decreased (0.203383 --> 0.191043).  Saving model ...
Epoch: 7 	Training Loss: 0.866063 	Validation Loss: 0.180290
Validation loss decreased (0.191043 --> 0.180290).  Saving model ...
Epoch: 8 	Training Loss: 0.833883 	Validation Loss: 0.173950
Validation loss decreased (0.180290 --> 0.173950).  Saving model ...
Epoch: 9 	Training Loss: 0.800938 	Validation Loss: 0.162614
Validation loss decreased (0.173950 --> 0.162614).  Saving model ...
Epoch: 10 	Training Loss: 0.773227 	Validation Loss: 0.158619
Validation loss decreased (0.162614 --> 0.158619).  Saving model ...
Epoch: 11 	Training Loss: 0.751541 	Validation Loss: 0.166160
Epoch: 12 	Training Loss: 0.727885 	Validation Loss: 0.146471
Validation loss decreased (0.158619 --> 0.146471).  Saving model ...
Epoch: 13 	Training Loss: 0.718304 	Validation Loss: 0.145036
Validation loss decreased (0.146471 --> 0.145036).  Saving model ...
Epoch: 14 	Training Loss: 0.691688 	Validation Loss: 0.144265
Validation loss decreased (0.145036 --> 0.144265).  Saving model ...
Epoch: 15 	Training Loss: 0.676487 	Validation Loss: 0.144324
Epoch: 16 	Training Loss: 0.656977 	Validation Loss: 0.138332
Validation loss decreased (0.144265 --> 0.138332).  Saving model ...
Epoch: 17 	Training Loss: 0.643969 	Validation Loss: 0.137135
Validation loss decreased (0.138332 --> 0.137135).  Saving model ...
Epoch: 18 	Training Loss: 0.631740 	Validation Loss: 0.130266
Validation loss decreased (0.137135 --> 0.130266).  Saving model ...
Epoch: 19 	Training Loss: 0.614349 	Validation Loss: 0.126198
Validation loss decreased (0.130266 --> 0.126198).  Saving model ...
Test Loss: 0.641570

Test Accuracy of airplane: 81% (190/234)
Test Accuracy of automobile: 92% (227/246)
Test Accuracy of  bird: 57% (162/281)
Test Accuracy of   cat: 52% (133/253)
Test Accuracy of  deer: 85% (193/227)
Test Accuracy of   dog: 75% (188/250)
Test Accuracy of  frog: 81% (202/248)
Test Accuracy of horse: 86% (216/250)
Test Accuracy of  ship: 88% (229/258)
Test Accuracy of truck: 82% (219/265)

Test Accuracy (Overall): 77% (1959/2512)
Epoch: 0 	Training Loss: 1.547284 	Validation Loss: 0.341452
Validation loss decreased (inf --> 0.341452).  Saving model ...
Epoch: 1 	Training Loss: 1.336855 	Validation Loss: 0.314287
Validation loss decreased (0.341452 --> 0.314287).  Saving model ...
Epoch: 2 	Training Loss: 1.235774 	Validation Loss: 0.284748
Validation loss decreased (0.314287 --> 0.284748).  Saving model ...
Epoch: 3 	Training Loss: 1.152033 	Validation Loss: 0.248619
Validation loss decreased (0.284748 --> 0.248619).  Saving model ...
Epoch: 4 	Training Loss: 1.075987 	Validation Loss: 0.230828
Validation loss decreased (0.248619 --> 0.230828).  Saving model ...
Epoch: 5 	Training Loss: 1.008395 	Validation Loss: 0.207224
Validation loss decreased (0.230828 --> 0.207224).  Saving model ...
Epoch: 6 	Training Loss: 0.954550 	Validation Loss: 0.199015
Validation loss decreased (0.207224 --> 0.199015).  Saving model ...
Epoch: 7 	Training Loss: 0.907069 	Validation Loss: 0.183652
Validation loss decreased (0.199015 --> 0.183652).  Saving model ...
Epoch: 8 	Training Loss: 0.865777 	Validation Loss: 0.177322
Validation loss decreased (0.183652 --> 0.177322).  Saving model ...
Epoch: 9 	Training Loss: 0.827164 	Validation Loss: 0.171470
Validation loss decreased (0.177322 --> 0.171470).  Saving model ...
Epoch: 10 	Training Loss: 0.794888 	Validation Loss: 0.160160
Validation loss decreased (0.171470 --> 0.160160).  Saving model ...
Epoch: 11 	Training Loss: 0.766901 	Validation Loss: 0.145516
Validation loss decreased (0.160160 --> 0.145516).  Saving model ...
Epoch: 12 	Training Loss: 0.742097 	Validation Loss: 0.148897
Epoch: 13 	Training Loss: 0.716618 	Validation Loss: 0.141177
Validation loss decreased (0.145516 --> 0.141177).  Saving model ...
Epoch: 14 	Training Loss: 0.690321 	Validation Loss: 0.131576
Validation loss decreased (0.141177 --> 0.131576).  Saving model ...
Epoch: 15 	Training Loss: 0.676873 	Validation Loss: 0.140300
Epoch: 16 	Training Loss: 0.656445 	Validation Loss: 0.122473
Validation loss decreased (0.131576 --> 0.122473).  Saving model ...
Epoch: 17 	Training Loss: 0.636709 	Validation Loss: 0.124851
Epoch: 18 	Training Loss: 0.622784 	Validation Loss: 0.118725
Validation loss decreased (0.122473 --> 0.118725).  Saving model ...
Epoch: 19 	Training Loss: 0.605362 	Validation Loss: 0.117014
Validation loss decreased (0.118725 --> 0.117014).  Saving model ...
Test Loss: 0.600911

Test Accuracy of airplane: 81% (191/234)
Test Accuracy of automobile: 88% (218/246)
Test Accuracy of  bird: 72% (204/281)
Test Accuracy of   cat: 47% (119/253)
Test Accuracy of  deer: 81% (185/227)
Test Accuracy of   dog: 78% (195/250)
Test Accuracy of  frog: 81% (202/248)
Test Accuracy of horse: 84% (211/250)
Test Accuracy of  ship: 87% (225/258)
Test Accuracy of truck: 88% (235/265)

Test Accuracy (Overall): 79% (1985/2512)
Epoch: 0 	Training Loss: 1.438369 	Validation Loss: 0.308256
Validation loss decreased (inf --> 0.308256).  Saving model ...
Epoch: 1 	Training Loss: 1.214118 	Validation Loss: 0.261416
Validation loss decreased (0.308256 --> 0.261416).  Saving model ...
Epoch: 2 	Training Loss: 1.098347 	Validation Loss: 0.243405
Validation loss decreased (0.261416 --> 0.243405).  Saving model ...
Epoch: 3 	Training Loss: 1.007712 	Validation Loss: 0.211457
Validation loss decreased (0.243405 --> 0.211457).  Saving model ...
Epoch: 4 	Training Loss: 0.941402 	Validation Loss: 0.197577
Validation loss decreased (0.211457 --> 0.197577).  Saving model ...
Epoch: 5 	Training Loss: 0.883809 	Validation Loss: 0.184070
Validation loss decreased (0.197577 --> 0.184070).  Saving model ...
Epoch: 6 	Training Loss: 0.839301 	Validation Loss: 0.171575
Validation loss decreased (0.184070 --> 0.171575).  Saving model ...
Epoch: 7 	Training Loss: 0.803120 	Validation Loss: 0.169845
Validation loss decreased (0.171575 --> 0.169845).  Saving model ...
Epoch: 8 	Training Loss: 0.775794 	Validation Loss: 0.158397
Validation loss decreased (0.169845 --> 0.158397).  Saving model ...
Epoch: 9 	Training Loss: 0.740480 	Validation Loss: 0.153821
Validation loss decreased (0.158397 --> 0.153821).  Saving model ...
Epoch: 10 	Training Loss: 0.718996 	Validation Loss: 0.152743
Validation loss decreased (0.153821 --> 0.152743).  Saving model ...
Epoch: 11 	Training Loss: 0.694373 	Validation Loss: 0.147791
Validation loss decreased (0.152743 --> 0.147791).  Saving model ...
Epoch: 12 	Training Loss: 0.673491 	Validation Loss: 0.144554
Validation loss decreased (0.147791 --> 0.144554).  Saving model ...
Epoch: 13 	Training Loss: 0.651608 	Validation Loss: 0.128782
Validation loss decreased (0.144554 --> 0.128782).  Saving model ...
Epoch: 14 	Training Loss: 0.633536 	Validation Loss: 0.135674
Epoch: 15 	Training Loss: 0.614126 	Validation Loss: 0.127645
Validation loss decreased (0.128782 --> 0.127645).  Saving model ...
Epoch: 16 	Training Loss: 0.600002 	Validation Loss: 0.132585
Epoch: 17 	Training Loss: 0.580056 	Validation Loss: 0.123288
Validation loss decreased (0.127645 --> 0.123288).  Saving model ...
Epoch: 18 	Training Loss: 0.574045 	Validation Loss: 0.118570
Validation loss decreased (0.123288 --> 0.118570).  Saving model ...
Epoch: 19 	Training Loss: 0.560804 	Validation Loss: 0.120720
Test Loss: 0.615458

Test Accuracy of airplane: 73% (172/234)
Test Accuracy of automobile: 96% (237/246)
Test Accuracy of  bird: 62% (176/281)
Test Accuracy of   cat: 53% (135/253)
Test Accuracy of  deer: 77% (177/227)
Test Accuracy of   dog: 78% (196/250)
Test Accuracy of  frog: 78% (195/248)
Test Accuracy of horse: 89% (223/250)
Test Accuracy of  ship: 88% (229/258)
Test Accuracy of truck: 85% (226/265)

Test Accuracy (Overall): 78% (1966/2512)
Epoch: 0 	Training Loss: 1.528498 	Validation Loss: 0.318421
Validation loss decreased (inf --> 0.318421).  Saving model ...
Epoch: 1 	Training Loss: 1.302552 	Validation Loss: 0.277457
Validation loss decreased (0.318421 --> 0.277457).  Saving model ...
Epoch: 2 	Training Loss: 1.193612 	Validation Loss: 0.272743
Validation loss decreased (0.277457 --> 0.272743).  Saving model ...
Epoch: 3 	Training Loss: 1.107691 	Validation Loss: 0.237422
Validation loss decreased (0.272743 --> 0.237422).  Saving model ...
Epoch: 4 	Training Loss: 1.035118 	Validation Loss: 0.225941
Validation loss decreased (0.237422 --> 0.225941).  Saving model ...
Epoch: 5 	Training Loss: 0.973650 	Validation Loss: 0.208284
Validation loss decreased (0.225941 --> 0.208284).  Saving model ...
Epoch: 6 	Training Loss: 0.924612 	Validation Loss: 0.222699
Epoch: 7 	Training Loss: 0.887841 	Validation Loss: 0.193817
Validation loss decreased (0.208284 --> 0.193817).  Saving model ...
Epoch: 8 	Training Loss: 0.855033 	Validation Loss: 0.169844
Validation loss decreased (0.193817 --> 0.169844).  Saving model ...
Epoch: 9 	Training Loss: 0.830803 	Validation Loss: 0.169210
Validation loss decreased (0.169844 --> 0.169210).  Saving model ...
Epoch: 10 	Training Loss: 0.800464 	Validation Loss: 0.164505
Validation loss decreased (0.169210 --> 0.164505).  Saving model ...
Epoch: 11 	Training Loss: 0.776865 	Validation Loss: 0.169448
Epoch: 12 	Training Loss: 0.753435 	Validation Loss: 0.156470
Validation loss decreased (0.164505 --> 0.156470).  Saving model ...
Epoch: 13 	Training Loss: 0.740143 	Validation Loss: 0.147366
Validation loss decreased (0.156470 --> 0.147366).  Saving model ...
Epoch: 14 	Training Loss: 0.719639 	Validation Loss: 0.144366
Validation loss decreased (0.147366 --> 0.144366).  Saving model ...
Epoch: 15 	Training Loss: 0.706493 	Validation Loss: 0.141337
Validation loss decreased (0.144366 --> 0.141337).  Saving model ...
Epoch: 16 	Training Loss: 0.679482 	Validation Loss: 0.140087
Validation loss decreased (0.141337 --> 0.140087).  Saving model ...
Epoch: 17 	Training Loss: 0.667227 	Validation Loss: 0.144455
Epoch: 18 	Training Loss: 0.653585 	Validation Loss: 0.128817
Validation loss decreased (0.140087 --> 0.128817).  Saving model ...
Epoch: 19 	Training Loss: 0.644663 	Validation Loss: 0.133078
Test Loss: 0.667896

Test Accuracy of airplane: 78% (183/234)
Test Accuracy of automobile: 93% (229/246)
Test Accuracy of  bird: 63% (178/281)
Test Accuracy of   cat: 60% (153/253)
Test Accuracy of  deer: 83% (189/227)
Test Accuracy of   dog: 55% (139/250)
Test Accuracy of  frog: 86% (214/248)
Test Accuracy of horse: 78% (195/250)
Test Accuracy of  ship: 92% (238/258)
Test Accuracy of truck: 72% (191/265)

Test Accuracy (Overall): 75% (1909/2512)
Epoch: 0 	Training Loss: 1.504981 	Validation Loss: 0.315634
Validation loss decreased (inf --> 0.315634).  Saving model ...
Epoch: 1 	Training Loss: 1.271137 	Validation Loss: 0.288697
Validation loss decreased (0.315634 --> 0.288697).  Saving model ...
Epoch: 2 	Training Loss: 1.157233 	Validation Loss: 0.273935
Validation loss decreased (0.288697 --> 0.273935).  Saving model ...
Epoch: 3 	Training Loss: 1.074363 	Validation Loss: 0.242252
Validation loss decreased (0.273935 --> 0.242252).  Saving model ...
Epoch: 4 	Training Loss: 1.006675 	Validation Loss: 0.213161
Validation loss decreased (0.242252 --> 0.213161).  Saving model ...
Epoch: 5 	Training Loss: 0.946143 	Validation Loss: 0.221460
Epoch: 6 	Training Loss: 0.905442 	Validation Loss: 0.182558
Validation loss decreased (0.213161 --> 0.182558).  Saving model ...
Epoch: 7 	Training Loss: 0.860513 	Validation Loss: 0.175532
Validation loss decreased (0.182558 --> 0.175532).  Saving model ...
Epoch: 8 	Training Loss: 0.832749 	Validation Loss: 0.183900
Epoch: 9 	Training Loss: 0.802664 	Validation Loss: 0.166399
Validation loss decreased (0.175532 --> 0.166399).  Saving model ...
Epoch: 10 	Training Loss: 0.778833 	Validation Loss: 0.159278
Validation loss decreased (0.166399 --> 0.159278).  Saving model ...
Epoch: 11 	Training Loss: 0.751834 	Validation Loss: 0.160050
Epoch: 12 	Training Loss: 0.738670 	Validation Loss: 0.159845
Epoch: 13 	Training Loss: 0.721012 	Validation Loss: 0.147716
Validation loss decreased (0.159278 --> 0.147716).  Saving model ...
Epoch: 14 	Training Loss: 0.707647 	Validation Loss: 0.147647
Validation loss decreased (0.147716 --> 0.147647).  Saving model ...
Epoch: 15 	Training Loss: 0.686056 	Validation Loss: 0.144207
Validation loss decreased (0.147647 --> 0.144207).  Saving model ...
Epoch: 16 	Training Loss: 0.678640 	Validation Loss: 0.134638
Validation loss decreased (0.144207 --> 0.134638).  Saving model ...
Epoch: 17 	Training Loss: 0.661962 	Validation Loss: 0.136664
Epoch: 18 	Training Loss: 0.648659 	Validation Loss: 0.134732
Epoch: 19 	Training Loss: 0.640945 	Validation Loss: 0.126801
Validation loss decreased (0.134638 --> 0.126801).  Saving model ...
Test Loss: 0.652970

Test Accuracy of airplane: 80% (189/234)
Test Accuracy of automobile: 92% (227/246)
Test Accuracy of  bird: 67% (189/281)
Test Accuracy of   cat: 40% (102/253)
Test Accuracy of  deer: 69% (157/227)
Test Accuracy of   dog: 72% (182/250)
Test Accuracy of  frog: 78% (194/248)
Test Accuracy of horse: 88% (221/250)
Test Accuracy of  ship: 90% (233/258)
Test Accuracy of truck: 80% (214/265)

Test Accuracy (Overall): 75% (1908/2512)
Epoch: 0 	Training Loss: 1.463779 	Validation Loss: 0.303369
Validation loss decreased (inf --> 0.303369).  Saving model ...
Epoch: 1 	Training Loss: 1.245921 	Validation Loss: 0.270355
Validation loss decreased (0.303369 --> 0.270355).  Saving model ...
Epoch: 2 	Training Loss: 1.134080 	Validation Loss: 0.253919
Validation loss decreased (0.270355 --> 0.253919).  Saving model ...
Epoch: 3 	Training Loss: 1.028480 	Validation Loss: 0.216847
Validation loss decreased (0.253919 --> 0.216847).  Saving model ...
Epoch: 4 	Training Loss: 0.952297 	Validation Loss: 0.197752
Validation loss decreased (0.216847 --> 0.197752).  Saving model ...
Epoch: 5 	Training Loss: 0.886880 	Validation Loss: 0.185011
Validation loss decreased (0.197752 --> 0.185011).  Saving model ...
Epoch: 6 	Training Loss: 0.840191 	Validation Loss: 0.176322
Validation loss decreased (0.185011 --> 0.176322).  Saving model ...
Epoch: 7 	Training Loss: 0.793896 	Validation Loss: 0.157146
Validation loss decreased (0.176322 --> 0.157146).  Saving model ...
Epoch: 8 	Training Loss: 0.758396 	Validation Loss: 0.163262
Epoch: 9 	Training Loss: 0.736901 	Validation Loss: 0.147072
Validation loss decreased (0.157146 --> 0.147072).  Saving model ...
Epoch: 10 	Training Loss: 0.702803 	Validation Loss: 0.135737
Validation loss decreased (0.147072 --> 0.135737).  Saving model ...
Epoch: 11 	Training Loss: 0.677895 	Validation Loss: 0.136426
Epoch: 12 	Training Loss: 0.657932 	Validation Loss: 0.133559
Validation loss decreased (0.135737 --> 0.133559).  Saving model ...
Epoch: 13 	Training Loss: 0.637466 	Validation Loss: 0.132497
Validation loss decreased (0.133559 --> 0.132497).  Saving model ...
Epoch: 14 	Training Loss: 0.617860 	Validation Loss: 0.134535
Epoch: 15 	Training Loss: 0.606366 	Validation Loss: 0.139062
Epoch: 16 	Training Loss: 0.593465 	Validation Loss: 0.123966
Validation loss decreased (0.132497 --> 0.123966).  Saving model ...
Epoch: 17 	Training Loss: 0.575839 	Validation Loss: 0.117251
Validation loss decreased (0.123966 --> 0.117251).  Saving model ...
Epoch: 18 	Training Loss: 0.564032 	Validation Loss: 0.120337
Epoch: 19 	Training Loss: 0.557069 	Validation Loss: 0.111139
Validation loss decreased (0.117251 --> 0.111139).  Saving model ...
Test Loss: 0.573757

Test Accuracy of airplane: 89% (209/234)
Test Accuracy of automobile: 91% (224/246)
Test Accuracy of  bird: 66% (188/281)
Test Accuracy of   cat: 72% (184/253)
Test Accuracy of  deer: 85% (195/227)
Test Accuracy of   dog: 62% (156/250)
Test Accuracy of  frog: 77% (192/248)
Test Accuracy of horse: 86% (216/250)
Test Accuracy of  ship: 87% (225/258)
Test Accuracy of truck: 83% (221/265)

Test Accuracy (Overall): 80% (2010/2512)
Epoch: 0 	Training Loss: 1.481150 	Validation Loss: 0.313748
Validation loss decreased (inf --> 0.313748).  Saving model ...
Epoch: 1 	Training Loss: 1.262906 	Validation Loss: 0.274789
Validation loss decreased (0.313748 --> 0.274789).  Saving model ...
Epoch: 2 	Training Loss: 1.148493 	Validation Loss: 0.253071
Validation loss decreased (0.274789 --> 0.253071).  Saving model ...
Epoch: 3 	Training Loss: 1.051640 	Validation Loss: 0.218928
Validation loss decreased (0.253071 --> 0.218928).  Saving model ...
Epoch: 4 	Training Loss: 0.974996 	Validation Loss: 0.200447
Validation loss decreased (0.218928 --> 0.200447).  Saving model ...
Epoch: 5 	Training Loss: 0.909687 	Validation Loss: 0.182083
Validation loss decreased (0.200447 --> 0.182083).  Saving model ...
Epoch: 6 	Training Loss: 0.861241 	Validation Loss: 0.175211
Validation loss decreased (0.182083 --> 0.175211).  Saving model ...
Epoch: 7 	Training Loss: 0.819834 	Validation Loss: 0.162908
Validation loss decreased (0.175211 --> 0.162908).  Saving model ...
Epoch: 8 	Training Loss: 0.782530 	Validation Loss: 0.159662
Validation loss decreased (0.162908 --> 0.159662).  Saving model ...
Epoch: 9 	Training Loss: 0.749105 	Validation Loss: 0.146458
Validation loss decreased (0.159662 --> 0.146458).  Saving model ...
Epoch: 10 	Training Loss: 0.721860 	Validation Loss: 0.150007
Epoch: 11 	Training Loss: 0.693938 	Validation Loss: 0.138327
Validation loss decreased (0.146458 --> 0.138327).  Saving model ...
Epoch: 12 	Training Loss: 0.670209 	Validation Loss: 0.134617
Validation loss decreased (0.138327 --> 0.134617).  Saving model ...
Epoch: 13 	Training Loss: 0.653951 	Validation Loss: 0.137125
Epoch: 14 	Training Loss: 0.629212 	Validation Loss: 0.126407
Validation loss decreased (0.134617 --> 0.126407).  Saving model ...
Epoch: 15 	Training Loss: 0.613650 	Validation Loss: 0.126185
Validation loss decreased (0.126407 --> 0.126185).  Saving model ...
Epoch: 16 	Training Loss: 0.598819 	Validation Loss: 0.121819
Validation loss decreased (0.126185 --> 0.121819).  Saving model ...
Epoch: 17 	Training Loss: 0.585910 	Validation Loss: 0.120854
Validation loss decreased (0.121819 --> 0.120854).  Saving model ...
Epoch: 18 	Training Loss: 0.566634 	Validation Loss: 0.124774
Epoch: 19 	Training Loss: 0.556148 	Validation Loss: 0.112995
Validation loss decreased (0.120854 --> 0.112995).  Saving model ...
Test Loss: 0.587868

Test Accuracy of airplane: 85% (200/234)
Test Accuracy of automobile: 88% (218/246)
Test Accuracy of  bird: 74% (209/281)
Test Accuracy of   cat: 54% (138/253)
Test Accuracy of  deer: 79% (180/227)
Test Accuracy of   dog: 68% (170/250)
Test Accuracy of  frog: 88% (219/248)
Test Accuracy of horse: 80% (201/250)
Test Accuracy of  ship: 93% (240/258)
Test Accuracy of truck: 87% (231/265)

Test Accuracy (Overall): 79% (2006/2512)
Epoch: 0 	Training Loss: 1.478790 	Validation Loss: 0.313675
Validation loss decreased (inf --> 0.313675).  Saving model ...
Epoch: 1 	Training Loss: 1.220722 	Validation Loss: 0.261870
Validation loss decreased (0.313675 --> 0.261870).  Saving model ...
Epoch: 2 	Training Loss: 1.099194 	Validation Loss: 0.234159
Validation loss decreased (0.261870 --> 0.234159).  Saving model ...
Epoch: 3 	Training Loss: 1.001121 	Validation Loss: 0.212084
Validation loss decreased (0.234159 --> 0.212084).  Saving model ...
Epoch: 4 	Training Loss: 0.919431 	Validation Loss: 0.211683
Validation loss decreased (0.212084 --> 0.211683).  Saving model ...
Epoch: 5 	Training Loss: 0.856506 	Validation Loss: 0.184154
Validation loss decreased (0.211683 --> 0.184154).  Saving model ...
Epoch: 6 	Training Loss: 0.811114 	Validation Loss: 0.168424
Validation loss decreased (0.184154 --> 0.168424).  Saving model ...
Epoch: 7 	Training Loss: 0.762067 	Validation Loss: 0.165545
Validation loss decreased (0.168424 --> 0.165545).  Saving model ...
Epoch: 8 	Training Loss: 0.727147 	Validation Loss: 0.151803
Validation loss decreased (0.165545 --> 0.151803).  Saving model ...
Epoch: 9 	Training Loss: 0.695421 	Validation Loss: 0.141543
Validation loss decreased (0.151803 --> 0.141543).  Saving model ...
Epoch: 10 	Training Loss: 0.659285 	Validation Loss: 0.137119
Validation loss decreased (0.141543 --> 0.137119).  Saving model ...
Epoch: 11 	Training Loss: 0.633653 	Validation Loss: 0.141385
Epoch: 12 	Training Loss: 0.607758 	Validation Loss: 0.124466
Validation loss decreased (0.137119 --> 0.124466).  Saving model ...
Epoch: 13 	Training Loss: 0.588211 	Validation Loss: 0.123643
Validation loss decreased (0.124466 --> 0.123643).  Saving model ...
Epoch: 14 	Training Loss: 0.563078 	Validation Loss: 0.123091
Validation loss decreased (0.123643 --> 0.123091).  Saving model ...
Epoch: 15 	Training Loss: 0.546855 	Validation Loss: 0.110605
Validation loss decreased (0.123091 --> 0.110605).  Saving model ...
Epoch: 16 	Training Loss: 0.524759 	Validation Loss: 0.113586
Epoch: 17 	Training Loss: 0.505428 	Validation Loss: 0.105260
Validation loss decreased (0.110605 --> 0.105260).  Saving model ...
Epoch: 18 	Training Loss: 0.497314 	Validation Loss: 0.113588
Epoch: 19 	Training Loss: 0.479922 	Validation Loss: 0.104868
Validation loss decreased (0.105260 --> 0.104868).  Saving model ...
Test Loss: 0.546331

Test Accuracy of airplane: 89% (209/234)
Test Accuracy of automobile: 94% (232/246)
Test Accuracy of  bird: 62% (175/281)
Test Accuracy of   cat: 60% (153/253)
Test Accuracy of  deer: 81% (185/227)
Test Accuracy of   dog: 78% (197/250)
Test Accuracy of  frog: 83% (206/248)
Test Accuracy of horse: 87% (218/250)
Test Accuracy of  ship: 88% (229/258)
Test Accuracy of truck: 87% (232/265)

Test Accuracy (Overall): 81% (2036/2512)
Epoch: 0 	Training Loss: 1.462525 	Validation Loss: 0.318205
Validation loss decreased (inf --> 0.318205).  Saving model ...
Epoch: 1 	Training Loss: 1.233454 	Validation Loss: 0.290021
Validation loss decreased (0.318205 --> 0.290021).  Saving model ...
Epoch: 2 	Training Loss: 1.121263 	Validation Loss: 0.239338
Validation loss decreased (0.290021 --> 0.239338).  Saving model ...
Epoch: 3 	Training Loss: 1.026423 	Validation Loss: 0.230061
Validation loss decreased (0.239338 --> 0.230061).  Saving model ...
Epoch: 4 	Training Loss: 0.951305 	Validation Loss: 0.232810
Epoch: 5 	Training Loss: 0.902152 	Validation Loss: 0.178721
Validation loss decreased (0.230061 --> 0.178721).  Saving model ...
Epoch: 6 	Training Loss: 0.851367 	Validation Loss: 0.168841
Validation loss decreased (0.178721 --> 0.168841).  Saving model ...
Epoch: 7 	Training Loss: 0.811660 	Validation Loss: 0.165844
Validation loss decreased (0.168841 --> 0.165844).  Saving model ...
Epoch: 8 	Training Loss: 0.778238 	Validation Loss: 0.152310
Validation loss decreased (0.165844 --> 0.152310).  Saving model ...
Epoch: 9 	Training Loss: 0.748045 	Validation Loss: 0.156455
Epoch: 10 	Training Loss: 0.724427 	Validation Loss: 0.143802
Validation loss decreased (0.152310 --> 0.143802).  Saving model ...
Epoch: 11 	Training Loss: 0.693744 	Validation Loss: 0.143237
Validation loss decreased (0.143802 --> 0.143237).  Saving model ...
Epoch: 12 	Training Loss: 0.675628 	Validation Loss: 0.131360
Validation loss decreased (0.143237 --> 0.131360).  Saving model ...
Epoch: 13 	Training Loss: 0.651558 	Validation Loss: 0.131730
Epoch: 14 	Training Loss: 0.629794 	Validation Loss: 0.124731
Validation loss decreased (0.131360 --> 0.124731).  Saving model ...
Epoch: 15 	Training Loss: 0.615925 	Validation Loss: 0.122962
Validation loss decreased (0.124731 --> 0.122962).  Saving model ...
Epoch: 16 	Training Loss: 0.601228 	Validation Loss: 0.118526
Validation loss decreased (0.122962 --> 0.118526).  Saving model ...
Epoch: 17 	Training Loss: 0.584060 	Validation Loss: 0.127769
Epoch: 18 	Training Loss: 0.578747 	Validation Loss: 0.123571
Epoch: 19 	Training Loss: 0.556000 	Validation Loss: 0.112018
Validation loss decreased (0.118526 --> 0.112018).  Saving model ...
Test Loss: 0.576144

Test Accuracy of airplane: 89% (210/234)
Test Accuracy of automobile: 95% (236/246)
Test Accuracy of  bird: 69% (195/281)
Test Accuracy of   cat: 52% (132/253)
Test Accuracy of  deer: 78% (179/227)
Test Accuracy of   dog: 75% (189/250)
Test Accuracy of  frog: 84% (210/248)
Test Accuracy of horse: 86% (215/250)
Test Accuracy of  ship: 87% (225/258)
Test Accuracy of truck: 80% (212/265)

Test Accuracy (Overall): 79% (2003/2512)
Generation Number # 0


Epoch: 0 	Training Loss: 1.494445 	Validation Loss: 0.338919
Validation loss decreased (inf --> 0.338919).  Saving model ...
Epoch: 1 	Training Loss: 1.248403 	Validation Loss: 0.274756
Validation loss decreased (0.338919 --> 0.274756).  Saving model ...
Epoch: 2 	Training Loss: 1.110442 	Validation Loss: 0.241350
Validation loss decreased (0.274756 --> 0.241350).  Saving model ...
Epoch: 3 	Training Loss: 1.002527 	Validation Loss: 0.203893
Validation loss decreased (0.241350 --> 0.203893).  Saving model ...
Epoch: 4 	Training Loss: 0.904369 	Validation Loss: 0.187653
Validation loss decreased (0.203893 --> 0.187653).  Saving model ...
Epoch: 5 	Training Loss: 0.830513 	Validation Loss: 0.184320
Validation loss decreased (0.187653 --> 0.184320).  Saving model ...
Epoch: 6 	Training Loss: 0.766963 	Validation Loss: 0.163733
Validation loss decreased (0.184320 --> 0.163733).  Saving model ...
Epoch: 7 	Training Loss: 0.717731 	Validation Loss: 0.153679
Validation loss decreased (0.163733 --> 0.153679).  Saving model ...
Epoch: 8 	Training Loss: 0.673922 	Validation Loss: 0.144269
Validation loss decreased (0.153679 --> 0.144269).  Saving model ...
Epoch: 9 	Training Loss: 0.639969 	Validation Loss: 0.129418
Validation loss decreased (0.144269 --> 0.129418).  Saving model ...
Epoch: 10 	Training Loss: 0.601312 	Validation Loss: 0.131287
Epoch: 11 	Training Loss: 0.578906 	Validation Loss: 0.123772
Validation loss decreased (0.129418 --> 0.123772).  Saving model ...
Epoch: 12 	Training Loss: 0.548638 	Validation Loss: 0.121870
Validation loss decreased (0.123772 --> 0.121870).  Saving model ...
Epoch: 13 	Training Loss: 0.530752 	Validation Loss: 0.118052
Validation loss decreased (0.121870 --> 0.118052).  Saving model ...
Epoch: 14 	Training Loss: 0.506970 	Validation Loss: 0.118582
Epoch: 15 	Training Loss: 0.495154 	Validation Loss: 0.118399
Epoch: 16 	Training Loss: 0.474026 	Validation Loss: 0.109497
Validation loss decreased (0.118052 --> 0.109497).  Saving model ...
Epoch: 17 	Training Loss: 0.458400 	Validation Loss: 0.107509
Validation loss decreased (0.109497 --> 0.107509).  Saving model ...
Epoch: 18 	Training Loss: 0.447078 	Validation Loss: 0.102612
Validation loss decreased (0.107509 --> 0.102612).  Saving model ...
Epoch: 19 	Training Loss: 0.436802 	Validation Loss: 0.103736
Test Loss: 0.543792

Test Accuracy of airplane: 85% (201/234)
Test Accuracy of automobile: 91% (226/246)
Test Accuracy of  bird: 68% (192/281)
Test Accuracy of   cat: 65% (165/253)
Test Accuracy of  deer: 88% (202/227)
Test Accuracy of   dog: 72% (182/250)
Test Accuracy of  frog: 87% (218/248)
Test Accuracy of horse: 77% (193/250)
Test Accuracy of  ship: 92% (238/258)
Test Accuracy of truck: 87% (233/265)

Test Accuracy (Overall): 81% (2050/2512)
Epoch: 0 	Training Loss: 1.506178 	Validation Loss: 0.320891
Validation loss decreased (inf --> 0.320891).  Saving model ...
Epoch: 1 	Training Loss: 1.276307 	Validation Loss: 0.285853
Validation loss decreased (0.320891 --> 0.285853).  Saving model ...
Epoch: 2 	Training Loss: 1.157014 	Validation Loss: 0.246843
Validation loss decreased (0.285853 --> 0.246843).  Saving model ...
Epoch: 3 	Training Loss: 1.051648 	Validation Loss: 0.219777
Validation loss decreased (0.246843 --> 0.219777).  Saving model ...
Epoch: 4 	Training Loss: 0.963658 	Validation Loss: 0.199707
Validation loss decreased (0.219777 --> 0.199707).  Saving model ...
Epoch: 5 	Training Loss: 0.903165 	Validation Loss: 0.184224
Validation loss decreased (0.199707 --> 0.184224).  Saving model ...
Epoch: 6 	Training Loss: 0.846122 	Validation Loss: 0.172273
Validation loss decreased (0.184224 --> 0.172273).  Saving model ...
Epoch: 7 	Training Loss: 0.802869 	Validation Loss: 0.166832
Validation loss decreased (0.172273 --> 0.166832).  Saving model ...
Epoch: 8 	Training Loss: 0.774681 	Validation Loss: 0.155764
Validation loss decreased (0.166832 --> 0.155764).  Saving model ...
Epoch: 9 	Training Loss: 0.736952 	Validation Loss: 0.144627
Validation loss decreased (0.155764 --> 0.144627).  Saving model ...
Epoch: 10 	Training Loss: 0.711252 	Validation Loss: 0.137393
Validation loss decreased (0.144627 --> 0.137393).  Saving model ...
Epoch: 11 	Training Loss: 0.683416 	Validation Loss: 0.137081
Validation loss decreased (0.137393 --> 0.137081).  Saving model ...
Epoch: 12 	Training Loss: 0.654761 	Validation Loss: 0.130840
Validation loss decreased (0.137081 --> 0.130840).  Saving model ...
Epoch: 13 	Training Loss: 0.637899 	Validation Loss: 0.128108
Validation loss decreased (0.130840 --> 0.128108).  Saving model ...
Epoch: 14 	Training Loss: 0.612777 	Validation Loss: 0.122228
Validation loss decreased (0.128108 --> 0.122228).  Saving model ...
Epoch: 15 	Training Loss: 0.597652 	Validation Loss: 0.120192
Validation loss decreased (0.122228 --> 0.120192).  Saving model ...
Epoch: 16 	Training Loss: 0.580848 	Validation Loss: 0.117129
Validation loss decreased (0.120192 --> 0.117129).  Saving model ...
Epoch: 17 	Training Loss: 0.566935 	Validation Loss: 0.113787
Validation loss decreased (0.117129 --> 0.113787).  Saving model ...
Epoch: 18 	Training Loss: 0.551230 	Validation Loss: 0.113676
Validation loss decreased (0.113787 --> 0.113676).  Saving model ...
Epoch: 19 	Training Loss: 0.537047 	Validation Loss: 0.113491
Validation loss decreased (0.113676 --> 0.113491).  Saving model ...
Test Loss: 0.582540

Test Accuracy of airplane: 78% (184/234)
Test Accuracy of automobile: 92% (227/246)
Test Accuracy of  bird: 73% (206/281)
Test Accuracy of   cat: 65% (166/253)
Test Accuracy of  deer: 89% (204/227)
Test Accuracy of   dog: 62% (156/250)
Test Accuracy of  frog: 88% (219/248)
Test Accuracy of horse: 80% (202/250)
Test Accuracy of  ship: 93% (240/258)
Test Accuracy of truck: 80% (212/265)

Test Accuracy (Overall): 80% (2016/2512)
Traceback (most recent call last):
  File "main.py", line 18, in <module>
    ga.evolve()
  File "/home2020/home/uha/mjali/NAS-FRAMEWORK/GA/ga.py", line 83, in evolve
    fitn_off = self.offsprings_fitness[min_list_par]
IndexError: list index out of range
